#
# There is insufficient memory for the Java Runtime Environment to continue.
# Native memory allocation (malloc) failed to allocate 1094496 bytes. Error detail: Chunk::new
# Possible reasons:
#   The system is out of physical RAM or swap space
#   This process is running with CompressedOops enabled, and the Java Heap may be blocking the growth of the native heap
# Possible solutions:
#   Reduce memory load on the system
#   Increase physical memory or swap space
#   Check if swap backing store is full
#   Decrease Java heap size (-Xmx/-Xms)
#   Decrease number of Java threads
#   Decrease Java thread stack sizes (-Xss)
#   Set larger code cache with -XX:ReservedCodeCacheSize=
#   JVM is running with Unscaled Compressed Oops mode in which the Java heap is
#     placed in the first 4GB address space. The Java Heap base address is the
#     maximum limit for the native heap growth. Please use -XX:HeapBaseMinAddress
#     to set the Java Heap base and to place the Java Heap above 4GB virtual address.
# This output file may be truncated or incomplete.
#
#  Out of Memory Error (arena.cpp:191), pid=15580, tid=9768
#
# JRE version: OpenJDK Runtime Environment Temurin-17.0.13+11 (17.0.13+11) (build 17.0.13+11)
# Java VM: OpenJDK 64-Bit Server VM Temurin-17.0.13+11 (17.0.13+11, mixed mode, tiered, compressed oops, compressed class ptrs, parallel gc, windows-amd64)
# No core dump will be written. Minidumps are not enabled by default on client versions of Windows
#

---------------  S U M M A R Y ------------

Command Line: --add-modules=ALL-SYSTEM --add-opens=java.base/java.util=ALL-UNNAMED --add-opens=java.base/java.lang=ALL-UNNAMED --add-opens=java.base/sun.nio.fs=ALL-UNNAMED -Declipse.application=org.eclipse.jdt.ls.core.id1 -Dosgi.bundles.defaultStartLevel=4 -Declipse.product=org.eclipse.jdt.ls.core.product -Djava.import.generatesMetadataFilesAtProjectRoot=false -DDetectVMInstallationsJob.disabled=true -Dfile.encoding=utf8 -XX:+UseParallelGC -XX:GCTimeRatio=4 -XX:AdaptiveSizePolicyWeight=90 -Dsun.zip.disableMemoryMapping=true -Xmx1G -Xms100m -Xlog:disable -javaagent:c:\Users\ruyag\.cursor\extensions\redhat.java-1.38.0-win32-x64\lombok\lombok-1.18.34.jar c:\Users\ruyag\.cursor\extensions\redhat.java-1.38.0-win32-x64\server\plugins\org.eclipse.equinox.launcher_1.6.900.v20240613-2009.jar -configuration c:\Users\ruyag\AppData\Roaming\Cursor\User\globalStorage\redhat.java\1.38.0\config_ss_win -data c:\Users\ruyag\AppData\Roaming\Cursor\User\workspaceStorage\d58415511495a9c8c749dde9ace04084\redhat.java\ss_ws --pipe=\\.\pipe\lsp-e0d66d55c087fcfc01ae0f7647b28a90-sock

Host: AMD Ryzen 7 5700U with Radeon Graphics         , 16 cores, 5G,  Windows 11 , 64 bit Build 22621 (10.0.22621.4391)
Time: Thu Jan  9 00:02:03 2025 Türkiye Standart Saati elapsed time: 284.310456 seconds (0d 0h 4m 44s)

---------------  T H R E A D  ---------------

Current thread (0x000001cb2f83e5d0):  JavaThread "C2 CompilerThread0" daemon [_thread_in_native, id=9768, stack(0x0000004adbb00000,0x0000004adbc00000)]


Current CompileTask:
C2: 284310 6930   !   4       org.eclipse.jdt.internal.compiler.classfmt.ClassFileReader::<init> (2119 bytes)

Stack: [0x0000004adbb00000,0x0000004adbc00000]
Native frames: (J=compiled Java code, j=interpreted, Vv=VM code, C=native code)
V  [jvm.dll+0x682a19]
V  [jvm.dll+0x839538]
V  [jvm.dll+0x83afe3]
V  [jvm.dll+0x83b653]
V  [jvm.dll+0x24704f]
V  [jvm.dll+0xace34]
V  [jvm.dll+0xad4cc]
V  [jvm.dll+0x2ac84f]
V  [jvm.dll+0x588a79]
V  [jvm.dll+0x220ea2]
V  [jvm.dll+0x22129f]
V  [jvm.dll+0x21a2b0]
V  [jvm.dll+0x21738b]
V  [jvm.dll+0x1a3070]
V  [jvm.dll+0x22788c]
V  [jvm.dll+0x2259eb]
V  [jvm.dll+0x7eec98]
V  [jvm.dll+0x7e8ffc]
V  [jvm.dll+0x6818f7]
C  [ucrtbase.dll+0x29333]
C  [KERNEL32.DLL+0x1259d]
C  [ntdll.dll+0x5af38]


---------------  P R O C E S S  ---------------

Threads class SMR info:
_java_thread_list=0x000001cb38957ec0, length=82, elements={
0x000001cb1b9acc50, 0x000001cb2f833030, 0x000001cb2f834650, 0x000001cb34986c10,
0x000001cb349b2170, 0x000001cb349b3790, 0x000001cb349b7b10, 0x000001cb2f83e5d0,
0x000001cb349d9800, 0x000001cb2f83c330, 0x000001cb1ba11c90, 0x000001cb36a92ac0,
0x000001cb376460b0, 0x000001cb373c3f40, 0x000001cb376c1870, 0x000001cb3767a810,
0x000001cb3789cdc0, 0x000001cb3789c8b0, 0x000001cb3789d2d0, 0x000001cb37f63440,
0x000001cb37f61af0, 0x000001cb37f601a0, 0x000001cb37f5de30, 0x000001cb37f63950,
0x000001cb37f64370, 0x000001cb37f5d920, 0x000001cb37f64d90, 0x000001cb37f62a20,
0x000001cb37f63e60, 0x000001cb37f652a0, 0x000001cb37f610d0, 0x000001cb37f62f30,
0x000001cb37f5f780, 0x000001cb37f5e340, 0x000001cb37f5e850, 0x000001cb37f62000,
0x000001cb37f62510, 0x000001cb37f64880, 0x000001cb37f60bc0, 0x000001cb37f5ed60,
0x000001cb3806e6b0, 0x000001cb3806faf0, 0x000001cb38072880, 0x000001cb3806f0d0,
0x000001cb38070a20, 0x000001cb38070f30, 0x000001cb38071440, 0x000001cb380732a0,
0x000001cb380737b0, 0x000001cb38073cc0, 0x000001cb380741d0, 0x000001cb3806d780,
0x000001cb3806f5e0, 0x000001cb3806cd60, 0x000001cb380746e0, 0x000001cb3806d270,
0x000001cb3806dc90, 0x000001cb3806e1a0, 0x000001cb3806ebc0, 0x000001cb3789d7e0,
0x000001cb37f5fc90, 0x000001cb37c834a0, 0x000001cb37c7e3a0, 0x000001cb37c83ec0,
0x000001cb37c7e8b0, 0x000001cb37c839b0, 0x000001cb37c7edc0, 0x000001cb37c84df0,
0x000001cb37c82a80, 0x000001cb37c7f2d0, 0x000001cb37c85300, 0x000001cb37c7f7e0,
0x000001cb37c848e0, 0x000001cb37c7fcf0, 0x000001cb37c80710, 0x000001cb37c82570,
0x000001cb37c80c20, 0x000001cb37c7de90, 0x000001cb37c85810, 0x000001cb37c80200,
0x000001cb37c81130, 0x000001cb37c843d0
}

Java Threads: ( => current thread )
  0x000001cb1b9acc50 JavaThread "main" [_thread_blocked, id=14528, stack(0x0000004adb200000,0x0000004adb300000)]
  0x000001cb2f833030 JavaThread "Reference Handler" daemon [_thread_blocked, id=1540, stack(0x0000004adb500000,0x0000004adb600000)]
  0x000001cb2f834650 JavaThread "Finalizer" daemon [_thread_blocked, id=19644, stack(0x0000004adb600000,0x0000004adb700000)]
  0x000001cb34986c10 JavaThread "Signal Dispatcher" daemon [_thread_blocked, id=10424, stack(0x0000004adb700000,0x0000004adb800000)]
  0x000001cb349b2170 JavaThread "Attach Listener" daemon [_thread_blocked, id=22188, stack(0x0000004adb800000,0x0000004adb900000)]
  0x000001cb349b3790 JavaThread "Service Thread" daemon [_thread_blocked, id=22324, stack(0x0000004adb900000,0x0000004adba00000)]
  0x000001cb349b7b10 JavaThread "Monitor Deflation Thread" daemon [_thread_blocked, id=12704, stack(0x0000004adba00000,0x0000004adbb00000)]
=>0x000001cb2f83e5d0 JavaThread "C2 CompilerThread0" daemon [_thread_in_native, id=9768, stack(0x0000004adbb00000,0x0000004adbc00000)]
  0x000001cb349d9800 JavaThread "C1 CompilerThread0" daemon [_thread_blocked, id=4828, stack(0x0000004adbc00000,0x0000004adbd00000)]
  0x000001cb2f83c330 JavaThread "Sweeper thread" daemon [_thread_blocked, id=2128, stack(0x0000004adbd00000,0x0000004adbe00000)]
  0x000001cb1ba11c90 JavaThread "Common-Cleaner" daemon [_thread_blocked, id=21568, stack(0x0000004adbe00000,0x0000004adbf00000)]
  0x000001cb36a92ac0 JavaThread "Notification Thread" daemon [_thread_blocked, id=2776, stack(0x0000004adc000000,0x0000004adc100000)]
  0x000001cb376460b0 JavaThread "Active Thread: Equinox Container: ccfb4d89-9de0-43c8-99ac-f8facb384f74" [_thread_blocked, id=20136, stack(0x0000004adc700000,0x0000004adc800000)]
  0x000001cb373c3f40 JavaThread "Framework Event Dispatcher: Equinox Container: ccfb4d89-9de0-43c8-99ac-f8facb384f74" daemon [_thread_blocked, id=6308, stack(0x0000004adc800000,0x0000004adc900000)]
  0x000001cb376c1870 JavaThread "Start Level: Equinox Container: ccfb4d89-9de0-43c8-99ac-f8facb384f74" daemon [_thread_blocked, id=7304, stack(0x0000004adc900000,0x0000004adca00000)]
  0x000001cb3767a810 JavaThread "SCR Component Actor" daemon [_thread_blocked, id=9444, stack(0x0000004adca00000,0x0000004adcb00000)]
  0x000001cb3789cdc0 JavaThread "Worker-JM" [_thread_blocked, id=18528, stack(0x0000004adce00000,0x0000004adcf00000)]
  0x000001cb3789c8b0 JavaThread "JNA Cleaner" daemon [_thread_blocked, id=16392, stack(0x0000004add200000,0x0000004add300000)]
  0x000001cb3789d2d0 JavaThread "Worker-0" [_thread_blocked, id=3388, stack(0x0000004add300000,0x0000004add400000)]
  0x000001cb37f63440 JavaThread "Thread-2" daemon [_thread_in_native, id=3640, stack(0x0000004add700000,0x0000004add800000)]
  0x000001cb37f61af0 JavaThread "Thread-3" daemon [_thread_in_native, id=13860, stack(0x0000004add800000,0x0000004add900000)]
  0x000001cb37f601a0 JavaThread "Thread-4" daemon [_thread_in_native, id=19612, stack(0x0000004add900000,0x0000004adda00000)]
  0x000001cb37f5de30 JavaThread "Thread-5" daemon [_thread_in_native, id=6068, stack(0x0000004adda00000,0x0000004addb00000)]
  0x000001cb37f63950 JavaThread "Thread-6" daemon [_thread_in_native, id=16408, stack(0x0000004addb00000,0x0000004addc00000)]
  0x000001cb37f64370 JavaThread "Thread-7" daemon [_thread_in_native, id=12124, stack(0x0000004addc00000,0x0000004addd00000)]
  0x000001cb37f5d920 JavaThread "Thread-8" daemon [_thread_in_native, id=20596, stack(0x0000004addd00000,0x0000004adde00000)]
  0x000001cb37f64d90 JavaThread "Thread-9" daemon [_thread_in_native, id=10704, stack(0x0000004adde00000,0x0000004addf00000)]
  0x000001cb37f62a20 JavaThread "Thread-10" daemon [_thread_in_native, id=21448, stack(0x0000004addf00000,0x0000004ade000000)]
  0x000001cb37f63e60 JavaThread "Thread-11" daemon [_thread_in_native, id=8912, stack(0x0000004ade000000,0x0000004ade100000)]
  0x000001cb37f652a0 JavaThread "Thread-12" daemon [_thread_in_native, id=6232, stack(0x0000004ade100000,0x0000004ade200000)]
  0x000001cb37f610d0 JavaThread "Thread-13" daemon [_thread_in_native, id=19132, stack(0x0000004ade200000,0x0000004ade300000)]
  0x000001cb37f62f30 JavaThread "Thread-14" daemon [_thread_in_native, id=12220, stack(0x0000004ade300000,0x0000004ade400000)]
  0x000001cb37f5f780 JavaThread "Thread-15" daemon [_thread_in_native, id=18984, stack(0x0000004ade400000,0x0000004ade500000)]
  0x000001cb37f5e340 JavaThread "Thread-16" daemon [_thread_in_native, id=21872, stack(0x0000004ade500000,0x0000004ade600000)]
  0x000001cb37f5e850 JavaThread "Thread-17" daemon [_thread_in_native, id=1032, stack(0x0000004ade600000,0x0000004ade700000)]
  0x000001cb37f62000 JavaThread "Thread-18" daemon [_thread_in_native, id=21968, stack(0x0000004ade700000,0x0000004ade800000)]
  0x000001cb37f62510 JavaThread "pool-2-thread-1" [_thread_blocked, id=10444, stack(0x0000004ade800000,0x0000004ade900000)]
  0x000001cb37f64880 JavaThread "WorkspaceEventsHandler" [_thread_blocked, id=16236, stack(0x0000004ade900000,0x0000004adea00000)]
  0x000001cb37f60bc0 JavaThread "pool-1-thread-1" [_thread_blocked, id=13104, stack(0x0000004adea00000,0x0000004adeb00000)]
  0x000001cb37f5ed60 JavaThread "Worker-2" [_thread_blocked, id=22136, stack(0x0000004adeb00000,0x0000004adec00000)]
  0x000001cb3806e6b0 JavaThread "LocalFile Deleter" daemon [_thread_blocked, id=17488, stack(0x0000004adee00000,0x0000004adef00000)]
  0x000001cb3806faf0 JavaThread "LocalFile Deleter" daemon [_thread_blocked, id=19264, stack(0x0000004adf000000,0x0000004adf100000)]
  0x000001cb38072880 JavaThread "LocalFile Deleter" daemon [_thread_blocked, id=7064, stack(0x0000004adf100000,0x0000004adf200000)]
  0x000001cb3806f0d0 JavaThread "LocalFile Deleter" daemon [_thread_blocked, id=14560, stack(0x0000004adf200000,0x0000004adf300000)]
  0x000001cb38070a20 JavaThread "LocalFile Deleter" daemon [_thread_blocked, id=17072, stack(0x0000004adf300000,0x0000004adf400000)]
  0x000001cb38070f30 JavaThread "LocalFile Deleter" daemon [_thread_blocked, id=20676, stack(0x0000004adf400000,0x0000004adf500000)]
  0x000001cb38071440 JavaThread "LocalFile Deleter" daemon [_thread_blocked, id=18388, stack(0x0000004adf500000,0x0000004adf600000)]
  0x000001cb380732a0 JavaThread "LocalFile Deleter" daemon [_thread_blocked, id=20144, stack(0x0000004adf800000,0x0000004adf900000)]
  0x000001cb380737b0 JavaThread "LocalFile Deleter" daemon [_thread_blocked, id=2216, stack(0x0000004adf900000,0x0000004adfa00000)]
  0x000001cb38073cc0 JavaThread "LocalFile Deleter" daemon [_thread_blocked, id=4744, stack(0x0000004adfa00000,0x0000004adfb00000)]
  0x000001cb380741d0 JavaThread "LocalFile Deleter" daemon [_thread_blocked, id=7360, stack(0x0000004adfb00000,0x0000004adfc00000)]
  0x000001cb3806d780 JavaThread "LocalFile Deleter" daemon [_thread_blocked, id=20952, stack(0x0000004adfc00000,0x0000004adfd00000)]
  0x000001cb3806f5e0 JavaThread "Compiler Source File Reader" daemon [_thread_blocked, id=2748, stack(0x0000004adfd00000,0x0000004adfe00000)]
  0x000001cb3806cd60 JavaThread "Compiler Source File Reader" daemon [_thread_blocked, id=16564, stack(0x0000004adfe00000,0x0000004adff00000)]
  0x000001cb380746e0 JavaThread "Compiler Source File Reader" daemon [_thread_blocked, id=20888, stack(0x0000004adff00000,0x0000004ae0000000)]
  0x000001cb3806d270 JavaThread "Compiler Source File Reader" daemon [_thread_blocked, id=1984, stack(0x0000004ae0000000,0x0000004ae0100000)]
  0x000001cb3806dc90 JavaThread "Compiler Source File Reader" daemon [_thread_blocked, id=18696, stack(0x0000004ae0100000,0x0000004ae0200000)]
  0x000001cb3806e1a0 JavaThread "Compiler Source File Reader" daemon [_thread_blocked, id=21896, stack(0x0000004ae0200000,0x0000004ae0300000)]
  0x000001cb3806ebc0 JavaThread "Compiler Source File Reader" daemon [_thread_blocked, id=15720, stack(0x0000004ae0300000,0x0000004ae0400000)]
  0x000001cb3789d7e0 JavaThread "Compiler Source File Reader" daemon [_thread_blocked, id=17580, stack(0x0000004ae0400000,0x0000004ae0500000)]
  0x000001cb37f5fc90 JavaThread "Compiler Source File Reader" daemon [_thread_blocked, id=19124, stack(0x0000004ae0500000,0x0000004ae0600000)]
  0x000001cb37c834a0 JavaThread "Compiler Source File Reader" daemon [_thread_blocked, id=17912, stack(0x0000004ae0600000,0x0000004ae0700000)]
  0x000001cb37c7e3a0 JavaThread "Compiler Source File Reader" daemon [_thread_blocked, id=17880, stack(0x0000004ae0700000,0x0000004ae0800000)]
  0x000001cb37c83ec0 JavaThread "Compiler Source File Reader" daemon [_thread_blocked, id=4916, stack(0x0000004ae0800000,0x0000004ae0900000)]
  0x000001cb37c7e8b0 JavaThread "Compiler Source File Reader" daemon [_thread_blocked, id=15788, stack(0x0000004ae0900000,0x0000004ae0a00000)]
  0x000001cb37c839b0 JavaThread "Compiler Source File Reader" daemon [_thread_blocked, id=14020, stack(0x0000004ae0a00000,0x0000004ae0b00000)]
  0x000001cb37c7edc0 JavaThread "Compiler Class File Writer" daemon [_thread_blocked, id=6996, stack(0x0000004ae0c00000,0x0000004ae0d00000)]
  0x000001cb37c84df0 JavaThread "Compiler Class File Writer" daemon [_thread_blocked, id=13172, stack(0x0000004ae0d00000,0x0000004ae0e00000)]
  0x000001cb37c82a80 JavaThread "Compiler Class File Writer" daemon [_thread_blocked, id=16976, stack(0x0000004ae0e00000,0x0000004ae0f00000)]
  0x000001cb37c7f2d0 JavaThread "Compiler Class File Writer" daemon [_thread_blocked, id=18408, stack(0x0000004ae0f00000,0x0000004ae1000000)]
  0x000001cb37c85300 JavaThread "Compiler Class File Writer" daemon [_thread_blocked, id=17168, stack(0x0000004ae1000000,0x0000004ae1100000)]
  0x000001cb37c7f7e0 JavaThread "Compiler Class File Writer" daemon [_thread_blocked, id=10156, stack(0x0000004ae1100000,0x0000004ae1200000)]
  0x000001cb37c848e0 JavaThread "Compiler Class File Writer" daemon [_thread_blocked, id=12628, stack(0x0000004ae1200000,0x0000004ae1300000)]
  0x000001cb37c7fcf0 JavaThread "Compiler Class File Writer" daemon [_thread_blocked, id=9652, stack(0x0000004ae1300000,0x0000004ae1400000)]
  0x000001cb37c80710 JavaThread "Compiler Class File Writer" daemon [_thread_blocked, id=7104, stack(0x0000004ae1400000,0x0000004ae1500000)]
  0x000001cb37c82570 JavaThread "Compiler Class File Writer" daemon [_thread_blocked, id=5620, stack(0x0000004ae1500000,0x0000004ae1600000)]
  0x000001cb37c80c20 JavaThread "Compiler Class File Writer" daemon [_thread_blocked, id=12192, stack(0x0000004ae1600000,0x0000004ae1700000)]
  0x000001cb37c7de90 JavaThread "Compiler Class File Writer" daemon [_thread_blocked, id=12388, stack(0x0000004ae1700000,0x0000004ae1800000)]
  0x000001cb37c85810 JavaThread "Compiler Class File Writer" daemon [_thread_blocked, id=21424, stack(0x0000004ae1800000,0x0000004ae1900000)]
  0x000001cb37c80200 JavaThread "Compiler Class File Writer" daemon [_thread_blocked, id=12116, stack(0x0000004ae1900000,0x0000004ae1a00000)]
  0x000001cb37c81130 JavaThread "Worker-3" [_thread_blocked, id=12244, stack(0x0000004adaf00000,0x0000004adb000000)]
  0x000001cb37c843d0 JavaThread "Compiler Processing Task" daemon [_thread_blocked, id=8568, stack(0x0000004adb000000,0x0000004adb100000)]

Other Threads:
  0x000001cb1ba5ec90 VMThread "VM Thread" [stack: 0x0000004adb400000,0x0000004adb500000] [id=2448]
  0x000001cb34c34760 WatcherThread [stack: 0x0000004adc100000,0x0000004adc200000] [id=14512]
  0x000001cb1b9c2030 GCTaskThread "GC Thread#0" [stack: 0x0000004adb300000,0x0000004adb400000] [id=21088]
  0x000001cb374e2010 GCTaskThread "GC Thread#1" [stack: 0x0000004adc200000,0x0000004adc300000] [id=19852]
  0x000001cb36f5cd20 GCTaskThread "GC Thread#2" [stack: 0x0000004adc300000,0x0000004adc400000] [id=17692]
  0x000001cb373a0080 GCTaskThread "GC Thread#3" [stack: 0x0000004adc400000,0x0000004adc500000] [id=7596]
  0x000001cb373a0340 GCTaskThread "GC Thread#4" [stack: 0x0000004adc500000,0x0000004adc600000] [id=22016]
  0x000001cb373a0600 GCTaskThread "GC Thread#5" [stack: 0x0000004adc600000,0x0000004adc700000] [id=21008]
  0x000001cb376635f0 GCTaskThread "GC Thread#6" [stack: 0x0000004adcb00000,0x0000004adcc00000] [id=5284]
  0x000001cb376638b0 GCTaskThread "GC Thread#7" [stack: 0x0000004adcc00000,0x0000004adcd00000] [id=7224]
  0x000001cb37647f50 GCTaskThread "GC Thread#8" [stack: 0x0000004adcf00000,0x0000004add000000] [id=11592]
  0x000001cb3771ce20 GCTaskThread "GC Thread#9" [stack: 0x0000004add000000,0x0000004add100000] [id=14612]
  0x000001cb3790ccb0 GCTaskThread "GC Thread#10" [stack: 0x0000004add100000,0x0000004add200000] [id=15460]
  0x000001cb3790c730 GCTaskThread "GC Thread#11" [stack: 0x0000004add500000,0x0000004add600000] [id=3560]
  0x000001cb3790bc30 GCTaskThread "GC Thread#12" [stack: 0x0000004add600000,0x0000004add700000] [id=15124]

Threads with active compile tasks:
C2 CompilerThread0   284360 6930   !   4       org.eclipse.jdt.internal.compiler.classfmt.ClassFileReader::<init> (2119 bytes)

VM state: not at safepoint (normal execution)

VM Mutex/Monitor currently owned by a thread: None

Heap address: 0x00000000c0000000, size: 1024 MB, Compressed Oops mode: 32-bit

CDS archive(s) not mapped
Compressed class space mapped at: 0x0000000100000000-0x0000000140000000, reserved size: 1073741824
Narrow klass base: 0x0000000000000000, Narrow klass shift: 3, Narrow klass range: 0x140000000

GC Precious Log:
 CPUs: 16 total, 16 available
 Memory: 6005M
 Large Page Support: Disabled
 NUMA Support: Disabled
 Compressed Oops: Enabled (32-bit)
 Alignments: Space 512K, Generation 512K, Heap 2M
 Heap Min Capacity: 100M
 Heap Initial Capacity: 100M
 Heap Max Capacity: 1G
 Pre-touch: Disabled
 Parallel Workers: 13

Heap:
 PSYoungGen      total 20992K, used 14203K [0x00000000eab00000, 0x00000000ec380000, 0x0000000100000000)
  eden space 17920K, 62% used [0x00000000eab00000,0x00000000eb5e6f68,0x00000000ebc80000)
  from space 3072K, 98% used [0x00000000ebc80000,0x00000000ebf78060,0x00000000ebf80000)
  to   space 3584K, 0% used [0x00000000ec000000,0x00000000ec000000,0x00000000ec380000)
 ParOldGen       total 68608K, used 34029K [0x00000000c0000000, 0x00000000c4300000, 0x00000000eab00000)
  object space 68608K, 49% used [0x00000000c0000000,0x00000000c213b7f0,0x00000000c4300000)
 Metaspace       used 51211K, committed 51968K, reserved 1114112K
  class space    used 5033K, committed 5376K, reserved 1048576K

Card table byte_map: [0x000001cb1b340000,0x000001cb1b550000] _byte_map_base: 0x000001cb1ad40000

Marking Bits: (ParMarkBitMap*) 0x00007ffadd0c6940
 Begin Bits: [0x000001cb2d640000, 0x000001cb2e640000)
 End Bits:   [0x000001cb2e640000, 0x000001cb2f640000)

Polling page: 0x000001cb19910000

Metaspace:

Usage:
  Non-class:     45.10 MB used.
      Class:      4.92 MB used.
       Both:     50.01 MB used.

Virtual space:
  Non-class space:       64.00 MB reserved,      45.50 MB ( 71%) committed,  1 nodes.
      Class space:        1.00 GB reserved,       5.25 MB ( <1%) committed,  1 nodes.
             Both:        1.06 GB reserved,      50.75 MB (  5%) committed. 

Chunk freelists:
   Non-Class:  2.19 MB
       Class:  10.75 MB
        Both:  12.94 MB

MaxMetaspaceSize: unlimited
CompressedClassSpaceSize: 1.00 GB
Initial GC threshold: 21.00 MB
Current GC threshold: 58.38 MB
CDS: off
MetaspaceReclaimPolicy: balanced
 - commit_granule_bytes: 65536.
 - commit_granule_words: 8192.
 - virtual_space_node_default_size: 8388608.
 - enlarge_chunks_in_place: 1.
 - new_chunks_are_fully_committed: 0.
 - uncommit_free_chunks: 1.
 - use_allocation_guard: 0.
 - handle_deallocations: 1.


Internal statistics:

num_allocs_failed_limit: 6.
num_arena_births: 574.
num_arena_deaths: 14.
num_vsnodes_births: 2.
num_vsnodes_deaths: 0.
num_space_committed: 812.
num_space_uncommitted: 0.
num_chunks_returned_to_freelist: 20.
num_chunks_taken_from_freelist: 2429.
num_chunk_merges: 7.
num_chunk_splits: 1520.
num_chunks_enlarged: 952.
num_inconsistent_stats: 0.

CodeHeap 'non-profiled nmethods': size=119168Kb used=3396Kb max_used=3396Kb free=115771Kb
 bounds [0x000001cb261e0000, 0x000001cb26540000, 0x000001cb2d640000]
CodeHeap 'profiled nmethods': size=119104Kb used=13688Kb max_used=13688Kb free=105416Kb
 bounds [0x000001cb1e640000, 0x000001cb1f3b0000, 0x000001cb25a90000]
CodeHeap 'non-nmethods': size=7488Kb used=1353Kb max_used=1951Kb free=6134Kb
 bounds [0x000001cb25a90000, 0x000001cb25d00000, 0x000001cb261e0000]
 total_blobs=6810 nmethods=6113 adapters=609
 compilation: enabled
              stopped_count=0, restarted_count=0
 full_count=0

Compilation events (20 events):
Event: 284.164 Thread 0x000001cb349d9800 6934       3       org.eclipse.jdt.internal.compiler.classfmt.AnnotationInfo::<init> (32 bytes)
Event: 284.164 Thread 0x000001cb349d9800 nmethod 6934 0x000001cb1f398c90 code [0x000001cb1f398e60, 0x000001cb1f3991b8]
Event: 284.164 Thread 0x000001cb349d9800 6935       3       org.eclipse.jdt.internal.compiler.classfmt.AnnotationInfo::<init> (18 bytes)
Event: 284.164 Thread 0x000001cb349d9800 nmethod 6935 0x000001cb1f399310 code [0x000001cb1f3994c0, 0x000001cb1f3996d8]
Event: 284.164 Thread 0x000001cb349d9800 6937       3       java.util.LinkedHashMap$LinkedValues::size (8 bytes)
Event: 284.165 Thread 0x000001cb349d9800 nmethod 6937 0x000001cb1f399810 code [0x000001cb1f3999a0, 0x000001cb1f399ab8]
Event: 284.166 Thread 0x000001cb349d9800 6940       3       org.eclipse.jdt.internal.compiler.ast.SingleNameReference::checkFieldAccess (315 bytes)
Event: 284.171 Thread 0x000001cb349d9800 nmethod 6940 0x000001cb1f399b90 code [0x000001cb1f399f60, 0x000001cb1f39c198]
Event: 284.175 Thread 0x000001cb349d9800 6942       3       java.util.concurrent.locks.AbstractQueuedSynchronizer$Node::<init> (5 bytes)
Event: 284.175 Thread 0x000001cb349d9800 nmethod 6942 0x000001cb1f39ca90 code [0x000001cb1f39cc20, 0x000001cb1f39cd78]
Event: 284.179 Thread 0x000001cb349d9800 6943   !   3       org.eclipse.core.internal.jobs.JobListeners::waitAndSendEvents (445 bytes)
Event: 284.188 Thread 0x000001cb349d9800 nmethod 6943 0x000001cb1f39ce10 code [0x000001cb1f39d3c0, 0x000001cb1f39fd98]
Event: 284.188 Thread 0x000001cb349d9800 6945       3       lombok.bytecode.ClassFileMetaData::readValue (27 bytes)
Event: 284.188 Thread 0x000001cb349d9800 nmethod 6945 0x000001cb1f3a1490 code [0x000001cb1f3a1620, 0x000001cb1f3a1798]
Event: 284.197 Thread 0x000001cb2f83e5d0 nmethod 6910 0x000001cb26529d90 code [0x000001cb2652a180, 0x000001cb2652e080]
Event: 284.197 Thread 0x000001cb2f83e5d0 6923       4       java.util.ArrayList::toArray (57 bytes)
Event: 284.201 Thread 0x000001cb2f83e5d0 nmethod 6923 0x000001cb26530910 code [0x000001cb26530aa0, 0x000001cb26530f58]
Event: 284.201 Thread 0x000001cb2f83e5d0 6930   !   4       org.eclipse.jdt.internal.compiler.classfmt.ClassFileReader::<init> (2119 bytes)
Event: 284.247 Thread 0x000001cb349d9800 6946       3       org.eclipse.core.internal.resources.Resource::getLocalManager (8 bytes)
Event: 284.247 Thread 0x000001cb349d9800 nmethod 6946 0x000001cb1f3a1890 code [0x000001cb1f3a1a20, 0x000001cb1f3a1b58]

GC Heap History (20 events):
Event: 6.842 GC heap before
{Heap before GC invocations=16 (full 2):
 PSYoungGen      total 23552K, used 23186K [0x00000000eab00000, 0x00000000ec680000, 0x0000000100000000)
  eden space 22016K, 99% used [0x00000000eab00000,0x00000000ec075e68,0x00000000ec080000)
  from space 1536K, 78% used [0x00000000ec080000,0x00000000ec1aed28,0x00000000ec200000)
  to   space 2560K, 0% used [0x00000000ec400000,0x00000000ec400000,0x00000000ec680000)
 ParOldGen       total 68608K, used 19622K [0x00000000c0000000, 0x00000000c4300000, 0x00000000eab00000)
  object space 68608K, 28% used [0x00000000c0000000,0x00000000c1329950,0x00000000c4300000)
 Metaspace       used 42066K, committed 42880K, reserved 1114112K
  class space    used 4300K, committed 4672K, reserved 1048576K
}
Event: 6.843 GC heap after
{Heap after GC invocations=16 (full 2):
 PSYoungGen      total 23040K, used 620K [0x00000000eab00000, 0x00000000ec500000, 0x0000000100000000)
  eden space 22016K, 0% used [0x00000000eab00000,0x00000000eab00000,0x00000000ec080000)
  from space 1024K, 60% used [0x00000000ec400000,0x00000000ec49b010,0x00000000ec500000)
  to   space 1536K, 0% used [0x00000000ec200000,0x00000000ec200000,0x00000000ec380000)
 ParOldGen       total 68608K, used 20529K [0x00000000c0000000, 0x00000000c4300000, 0x00000000eab00000)
  object space 68608K, 29% used [0x00000000c0000000,0x00000000c140c7e0,0x00000000c4300000)
 Metaspace       used 42066K, committed 42880K, reserved 1114112K
  class space    used 4300K, committed 4672K, reserved 1048576K
}
Event: 7.059 GC heap before
{Heap before GC invocations=17 (full 2):
 PSYoungGen      total 23040K, used 22636K [0x00000000eab00000, 0x00000000ec500000, 0x0000000100000000)
  eden space 22016K, 100% used [0x00000000eab00000,0x00000000ec080000,0x00000000ec080000)
  from space 1024K, 60% used [0x00000000ec400000,0x00000000ec49b010,0x00000000ec500000)
  to   space 1536K, 0% used [0x00000000ec200000,0x00000000ec200000,0x00000000ec380000)
 ParOldGen       total 68608K, used 20529K [0x00000000c0000000, 0x00000000c4300000, 0x00000000eab00000)
  object space 68608K, 29% used [0x00000000c0000000,0x00000000c140c7e0,0x00000000c4300000)
 Metaspace       used 43635K, committed 44480K, reserved 1114112K
  class space    used 4402K, committed 4800K, reserved 1048576K
}
Event: 7.060 GC heap after
{Heap after GC invocations=17 (full 2):
 PSYoungGen      total 23552K, used 1505K [0x00000000eab00000, 0x00000000ec580000, 0x0000000100000000)
  eden space 22016K, 0% used [0x00000000eab00000,0x00000000eab00000,0x00000000ec080000)
  from space 1536K, 98% used [0x00000000ec200000,0x00000000ec378698,0x00000000ec380000)
  to   space 2048K, 0% used [0x00000000ec380000,0x00000000ec380000,0x00000000ec580000)
 ParOldGen       total 68608K, used 20998K [0x00000000c0000000, 0x00000000c4300000, 0x00000000eab00000)
  object space 68608K, 30% used [0x00000000c0000000,0x00000000c1481a70,0x00000000c4300000)
 Metaspace       used 43635K, committed 44480K, reserved 1114112K
  class space    used 4402K, committed 4800K, reserved 1048576K
}
Event: 7.142 GC heap before
{Heap before GC invocations=18 (full 2):
 PSYoungGen      total 23552K, used 23521K [0x00000000eab00000, 0x00000000ec580000, 0x0000000100000000)
  eden space 22016K, 100% used [0x00000000eab00000,0x00000000ec080000,0x00000000ec080000)
  from space 1536K, 98% used [0x00000000ec200000,0x00000000ec378698,0x00000000ec380000)
  to   space 2048K, 0% used [0x00000000ec380000,0x00000000ec380000,0x00000000ec580000)
 ParOldGen       total 68608K, used 20998K [0x00000000c0000000, 0x00000000c4300000, 0x00000000eab00000)
  object space 68608K, 30% used [0x00000000c0000000,0x00000000c1481a70,0x00000000c4300000)
 Metaspace       used 44243K, committed 45056K, reserved 1114112K
  class space    used 4458K, committed 4800K, reserved 1048576K
}
Event: 7.143 GC heap after
{Heap after GC invocations=18 (full 2):
 PSYoungGen      total 22528K, used 384K [0x00000000eab00000, 0x00000000ec400000, 0x0000000100000000)
  eden space 22016K, 0% used [0x00000000eab00000,0x00000000eab00000,0x00000000ec080000)
  from space 512K, 75% used [0x00000000ec380000,0x00000000ec3e0000,0x00000000ec400000)
  to   space 1024K, 0% used [0x00000000ec200000,0x00000000ec200000,0x00000000ec300000)
 ParOldGen       total 68608K, used 21341K [0x00000000c0000000, 0x00000000c4300000, 0x00000000eab00000)
  object space 68608K, 31% used [0x00000000c0000000,0x00000000c14d77c0,0x00000000c4300000)
 Metaspace       used 44243K, committed 45056K, reserved 1114112K
  class space    used 4458K, committed 4800K, reserved 1048576K
}
Event: 7.804 GC heap before
{Heap before GC invocations=19 (full 2):
 PSYoungGen      total 22528K, used 22400K [0x00000000eab00000, 0x00000000ec400000, 0x0000000100000000)
  eden space 22016K, 100% used [0x00000000eab00000,0x00000000ec080000,0x00000000ec080000)
  from space 512K, 75% used [0x00000000ec380000,0x00000000ec3e0000,0x00000000ec400000)
  to   space 1024K, 0% used [0x00000000ec200000,0x00000000ec200000,0x00000000ec300000)
 ParOldGen       total 68608K, used 21341K [0x00000000c0000000, 0x00000000c4300000, 0x00000000eab00000)
  object space 68608K, 31% used [0x00000000c0000000,0x00000000c14d77c0,0x00000000c4300000)
 Metaspace       used 45626K, committed 46400K, reserved 1114112K
  class space    used 4563K, committed 4928K, reserved 1048576K
}
Event: 7.806 GC heap after
{Heap after GC invocations=19 (full 2):
 PSYoungGen      total 23040K, used 1024K [0x00000000eab00000, 0x00000000ec580000, 0x0000000100000000)
  eden space 22016K, 0% used [0x00000000eab00000,0x00000000eab00000,0x00000000ec080000)
  from space 1024K, 100% used [0x00000000ec200000,0x00000000ec300000,0x00000000ec300000)
  to   space 2560K, 0% used [0x00000000ec300000,0x00000000ec300000,0x00000000ec580000)
 ParOldGen       total 68608K, used 22490K [0x00000000c0000000, 0x00000000c4300000, 0x00000000eab00000)
  object space 68608K, 32% used [0x00000000c0000000,0x00000000c15f68b0,0x00000000c4300000)
 Metaspace       used 45626K, committed 46400K, reserved 1114112K
  class space    used 4563K, committed 4928K, reserved 1048576K
}
Event: 7.834 GC heap before
{Heap before GC invocations=20 (full 2):
 PSYoungGen      total 23040K, used 23040K [0x00000000eab00000, 0x00000000ec580000, 0x0000000100000000)
  eden space 22016K, 100% used [0x00000000eab00000,0x00000000ec080000,0x00000000ec080000)
  from space 1024K, 100% used [0x00000000ec200000,0x00000000ec300000,0x00000000ec300000)
  to   space 2560K, 0% used [0x00000000ec300000,0x00000000ec300000,0x00000000ec580000)
 ParOldGen       total 68608K, used 22490K [0x00000000c0000000, 0x00000000c4300000, 0x00000000eab00000)
  object space 68608K, 32% used [0x00000000c0000000,0x00000000c15f68b0,0x00000000c4300000)
 Metaspace       used 45626K, committed 46400K, reserved 1114112K
  class space    used 4563K, committed 4928K, reserved 1048576K
}
Event: 7.837 GC heap after
{Heap after GC invocations=20 (full 2):
 PSYoungGen      total 23040K, used 2532K [0x00000000eab00000, 0x00000000ec880000, 0x0000000100000000)
  eden space 20480K, 0% used [0x00000000eab00000,0x00000000eab00000,0x00000000ebf00000)
  from space 2560K, 98% used [0x00000000ec300000,0x00000000ec579000,0x00000000ec580000)
  to   space 4096K, 0% used [0x00000000ebf00000,0x00000000ebf00000,0x00000000ec300000)
 ParOldGen       total 68608K, used 23663K [0x00000000c0000000, 0x00000000c4300000, 0x00000000eab00000)
  object space 68608K, 34% used [0x00000000c0000000,0x00000000c171bd88,0x00000000c4300000)
 Metaspace       used 45626K, committed 46400K, reserved 1114112K
  class space    used 4563K, committed 4928K, reserved 1048576K
}
Event: 7.869 GC heap before
{Heap before GC invocations=21 (full 2):
 PSYoungGen      total 23040K, used 23012K [0x00000000eab00000, 0x00000000ec880000, 0x0000000100000000)
  eden space 20480K, 100% used [0x00000000eab00000,0x00000000ebf00000,0x00000000ebf00000)
  from space 2560K, 98% used [0x00000000ec300000,0x00000000ec579000,0x00000000ec580000)
  to   space 4096K, 0% used [0x00000000ebf00000,0x00000000ebf00000,0x00000000ec300000)
 ParOldGen       total 68608K, used 23663K [0x00000000c0000000, 0x00000000c4300000, 0x00000000eab00000)
  object space 68608K, 34% used [0x00000000c0000000,0x00000000c171bd88,0x00000000c4300000)
 Metaspace       used 45712K, committed 46528K, reserved 1114112K
  class space    used 4567K, committed 4928K, reserved 1048576K
}
Event: 7.873 GC heap after
{Heap after GC invocations=21 (full 2):
 PSYoungGen      total 23552K, used 2560K [0x00000000eab00000, 0x00000000ec500000, 0x0000000100000000)
  eden space 20480K, 0% used [0x00000000eab00000,0x00000000eab00000,0x00000000ebf00000)
  from space 3072K, 83% used [0x00000000ebf00000,0x00000000ec180010,0x00000000ec200000)
  to   space 3072K, 0% used [0x00000000ec200000,0x00000000ec200000,0x00000000ec500000)
 ParOldGen       total 68608K, used 26211K [0x00000000c0000000, 0x00000000c4300000, 0x00000000eab00000)
  object space 68608K, 38% used [0x00000000c0000000,0x00000000c1998d88,0x00000000c4300000)
 Metaspace       used 45712K, committed 46528K, reserved 1114112K
  class space    used 4567K, committed 4928K, reserved 1048576K
}
Event: 8.105 GC heap before
{Heap before GC invocations=22 (full 2):
 PSYoungGen      total 23552K, used 23040K [0x00000000eab00000, 0x00000000ec500000, 0x0000000100000000)
  eden space 20480K, 100% used [0x00000000eab00000,0x00000000ebf00000,0x00000000ebf00000)
  from space 3072K, 83% used [0x00000000ebf00000,0x00000000ec180010,0x00000000ec200000)
  to   space 3072K, 0% used [0x00000000ec200000,0x00000000ec200000,0x00000000ec500000)
 ParOldGen       total 68608K, used 26211K [0x00000000c0000000, 0x00000000c4300000, 0x00000000eab00000)
  object space 68608K, 38% used [0x00000000c0000000,0x00000000c1998d88,0x00000000c4300000)
 Metaspace       used 47381K, committed 48192K, reserved 1114112K
  class space    used 4747K, committed 5120K, reserved 1048576K
}
Event: 8.108 GC heap after
{Heap after GC invocations=22 (full 2):
 PSYoungGen      total 23040K, used 2189K [0x00000000eab00000, 0x00000000ec480000, 0x0000000100000000)
  eden space 20480K, 0% used [0x00000000eab00000,0x00000000eab00000,0x00000000ebf00000)
  from space 2560K, 85% used [0x00000000ec200000,0x00000000ec423530,0x00000000ec480000)
  to   space 2560K, 0% used [0x00000000ebf80000,0x00000000ebf80000,0x00000000ec200000)
 ParOldGen       total 68608K, used 28587K [0x00000000c0000000, 0x00000000c4300000, 0x00000000eab00000)
  object space 68608K, 41% used [0x00000000c0000000,0x00000000c1bead98,0x00000000c4300000)
 Metaspace       used 47381K, committed 48192K, reserved 1114112K
  class space    used 4747K, committed 5120K, reserved 1048576K
}
Event: 40.573 GC heap before
{Heap before GC invocations=23 (full 2):
 PSYoungGen      total 23040K, used 22669K [0x00000000eab00000, 0x00000000ec480000, 0x0000000100000000)
  eden space 20480K, 100% used [0x00000000eab00000,0x00000000ebf00000,0x00000000ebf00000)
  from space 2560K, 85% used [0x00000000ec200000,0x00000000ec423530,0x00000000ec480000)
  to   space 2560K, 0% used [0x00000000ebf80000,0x00000000ebf80000,0x00000000ec200000)
 ParOldGen       total 68608K, used 28587K [0x00000000c0000000, 0x00000000c4300000, 0x00000000eab00000)
  object space 68608K, 41% used [0x00000000c0000000,0x00000000c1bead98,0x00000000c4300000)
 Metaspace       used 48997K, committed 49856K, reserved 1114112K
  class space    used 4865K, committed 5248K, reserved 1048576K
}
Event: 40.665 GC heap after
{Heap after GC invocations=23 (full 2):
 PSYoungGen      total 22016K, used 1441K [0x00000000eab00000, 0x00000000ec300000, 0x0000000100000000)
  eden space 20480K, 0% used [0x00000000eab00000,0x00000000eab00000,0x00000000ebf00000)
  from space 1536K, 93% used [0x00000000ebf80000,0x00000000ec0e8638,0x00000000ec100000)
  to   space 2048K, 0% used [0x00000000ec100000,0x00000000ec100000,0x00000000ec300000)
 ParOldGen       total 68608K, used 30479K [0x00000000c0000000, 0x00000000c4300000, 0x00000000eab00000)
  object space 68608K, 44% used [0x00000000c0000000,0x00000000c1dc3e78,0x00000000c4300000)
 Metaspace       used 48997K, committed 49856K, reserved 1114112K
  class space    used 4865K, committed 5248K, reserved 1048576K
}
Event: 42.084 GC heap before
{Heap before GC invocations=24 (full 2):
 PSYoungGen      total 22016K, used 21921K [0x00000000eab00000, 0x00000000ec300000, 0x0000000100000000)
  eden space 20480K, 100% used [0x00000000eab00000,0x00000000ebf00000,0x00000000ebf00000)
  from space 1536K, 93% used [0x00000000ebf80000,0x00000000ec0e8638,0x00000000ec100000)
  to   space 2048K, 0% used [0x00000000ec100000,0x00000000ec100000,0x00000000ec300000)
 ParOldGen       total 68608K, used 30479K [0x00000000c0000000, 0x00000000c4300000, 0x00000000eab00000)
  object space 68608K, 44% used [0x00000000c0000000,0x00000000c1dc3e78,0x00000000c4300000)
 Metaspace       used 50335K, committed 51072K, reserved 1114112K
  class space    used 4998K, committed 5312K, reserved 1048576K
}
Event: 42.091 GC heap after
{Heap after GC invocations=24 (full 2):
 PSYoungGen      total 19968K, used 2034K [0x00000000eab00000, 0x00000000ec800000, 0x0000000100000000)
  eden space 17920K, 0% used [0x00000000eab00000,0x00000000eab00000,0x00000000ebc80000)
  from space 2048K, 99% used [0x00000000ec100000,0x00000000ec2fc920,0x00000000ec300000)
  to   space 4608K, 0% used [0x00000000ebc80000,0x00000000ebc80000,0x00000000ec100000)
 ParOldGen       total 68608K, used 32394K [0x00000000c0000000, 0x00000000c4300000, 0x00000000eab00000)
  object space 68608K, 47% used [0x00000000c0000000,0x00000000c1fa2ae8,0x00000000c4300000)
 Metaspace       used 50335K, committed 51072K, reserved 1114112K
  class space    used 4998K, committed 5312K, reserved 1048576K
}
Event: 222.885 GC heap before
{Heap before GC invocations=25 (full 2):
 PSYoungGen      total 19968K, used 19942K [0x00000000eab00000, 0x00000000ec800000, 0x0000000100000000)
  eden space 17920K, 99% used [0x00000000eab00000,0x00000000ebc7cef8,0x00000000ebc80000)
  from space 2048K, 99% used [0x00000000ec100000,0x00000000ec2fc920,0x00000000ec300000)
  to   space 4608K, 0% used [0x00000000ebc80000,0x00000000ebc80000,0x00000000ec100000)
 ParOldGen       total 68608K, used 32394K [0x00000000c0000000, 0x00000000c4300000, 0x00000000eab00000)
  object space 68608K, 47% used [0x00000000c0000000,0x00000000c1fa2ae8,0x00000000c4300000)
 Metaspace       used 50754K, committed 51584K, reserved 1114112K
  class space    used 5013K, committed 5376K, reserved 1048576K
}
Event: 222.956 GC heap after
{Heap after GC invocations=25 (full 2):
 PSYoungGen      total 20992K, used 3040K [0x00000000eab00000, 0x00000000ec380000, 0x0000000100000000)
  eden space 17920K, 0% used [0x00000000eab00000,0x00000000eab00000,0x00000000ebc80000)
  from space 3072K, 98% used [0x00000000ebc80000,0x00000000ebf78060,0x00000000ebf80000)
  to   space 3584K, 0% used [0x00000000ec000000,0x00000000ec000000,0x00000000ec380000)
 ParOldGen       total 68608K, used 34029K [0x00000000c0000000, 0x00000000c4300000, 0x00000000eab00000)
  object space 68608K, 49% used [0x00000000c0000000,0x00000000c213b7f0,0x00000000c4300000)
 Metaspace       used 50754K, committed 51584K, reserved 1114112K
  class space    used 5013K, committed 5376K, reserved 1048576K
}

Dll operation events (10 events):
Event: 0.014 Loaded shared library c:\Users\ruyag\.cursor\extensions\redhat.java-1.38.0-win32-x64\jre\17.0.13-win32-x86_64\bin\java.dll
Event: 0.155 Loaded shared library c:\Users\ruyag\.cursor\extensions\redhat.java-1.38.0-win32-x64\jre\17.0.13-win32-x86_64\bin\zip.dll
Event: 0.159 Loaded shared library C:\Users\ruyag\.cursor\extensions\redhat.java-1.38.0-win32-x64\jre\17.0.13-win32-x86_64\bin\instrument.dll
Event: 0.167 Loaded shared library C:\Users\ruyag\.cursor\extensions\redhat.java-1.38.0-win32-x64\jre\17.0.13-win32-x86_64\bin\net.dll
Event: 0.169 Loaded shared library C:\Users\ruyag\.cursor\extensions\redhat.java-1.38.0-win32-x64\jre\17.0.13-win32-x86_64\bin\nio.dll
Event: 0.174 Loaded shared library C:\Users\ruyag\.cursor\extensions\redhat.java-1.38.0-win32-x64\jre\17.0.13-win32-x86_64\bin\zip.dll
Event: 0.186 Loaded shared library C:\Users\ruyag\.cursor\extensions\redhat.java-1.38.0-win32-x64\jre\17.0.13-win32-x86_64\bin\jimage.dll
Event: 0.230 Loaded shared library c:\Users\ruyag\.cursor\extensions\redhat.java-1.38.0-win32-x64\jre\17.0.13-win32-x86_64\bin\verify.dll
Event: 1.044 Loaded shared library C:\Users\ruyag\AppData\Roaming\Cursor\User\globalStorage\redhat.java\1.38.0\config_ss_win\org.eclipse.equinox.launcher\org.eclipse.equinox.launcher.win32.win32.x86_64_1.2.1100.v20240722-2106\eclipse_11904.dll
Event: 4.174 Loaded shared library C:\Users\ruyag\AppData\Local\Temp\jna-108886332\jna8923591927241559667.dll

Deoptimization events (20 events):
Event: 283.920 Thread 0x000001cb37c81130 Uncommon trap: trap_request=0xffffff45 fr.pc=0x000001cb2645f454 relative=0x0000000000000134
Event: 283.920 Thread 0x000001cb37f5ed60 Uncommon trap: trap_request=0xffffff45 fr.pc=0x000001cb2645f454 relative=0x0000000000000134
Event: 283.920 Thread 0x000001cb37c81130 Uncommon trap: reason=unstable_if action=reinterpret pc=0x000001cb2645f454 method=org.eclipse.jdt.internal.compiler.parser.ScannerHelper.toLowerCase(C)C @ 28 c2
Event: 283.920 Thread 0x000001cb37f5ed60 Uncommon trap: reason=unstable_if action=reinterpret pc=0x000001cb2645f454 method=org.eclipse.jdt.internal.compiler.parser.ScannerHelper.toLowerCase(C)C @ 28 c2
Event: 283.920 Thread 0x000001cb37f5ed60 DEOPT PACKING pc=0x000001cb2645f454 sp=0x0000004adebfdb60
Event: 283.920 Thread 0x000001cb37c81130 DEOPT PACKING pc=0x000001cb2645f454 sp=0x0000004adaffe7c0
Event: 283.920 Thread 0x000001cb37f5ed60 DEOPT UNPACKING pc=0x000001cb25ae66a3 sp=0x0000004adebfdb00 mode 2
Event: 283.920 Thread 0x000001cb37c81130 DEOPT UNPACKING pc=0x000001cb25ae66a3 sp=0x0000004adaffe760 mode 2
Event: 283.927 Thread 0x000001cb37f5ed60 DEOPT PACKING pc=0x000001cb1f302c0c sp=0x0000004adebfe070
Event: 283.928 Thread 0x000001cb37f5ed60 DEOPT UNPACKING pc=0x000001cb25ae6e43 sp=0x0000004adebfd5d0 mode 0
Event: 283.929 Thread 0x000001cb37c81130 DEOPT PACKING pc=0x000001cb1f30309c sp=0x0000004adaffecd0
Event: 283.929 Thread 0x000001cb37c81130 DEOPT UNPACKING pc=0x000001cb25ae6e43 sp=0x0000004adaffe230 mode 0
Event: 284.096 Thread 0x000001cb37c843d0 DEOPT PACKING pc=0x000001cb1ee6e736 sp=0x0000004adb0fe660
Event: 284.096 Thread 0x000001cb37c843d0 DEOPT UNPACKING pc=0x000001cb25ae6e43 sp=0x0000004adb0fdae8 mode 0
Event: 284.137 Thread 0x000001cb37c843d0 DEOPT PACKING pc=0x000001cb1f0402dd sp=0x0000004adb0fd0c0
Event: 284.138 Thread 0x000001cb37c843d0 DEOPT UNPACKING pc=0x000001cb25ae6e43 sp=0x0000004adb0fc648 mode 0
Event: 284.178 Thread 0x000001cb37f5ed60 Uncommon trap: trap_request=0xffffffde fr.pc=0x000001cb26216fac relative=0x00000000000004ec
Event: 284.178 Thread 0x000001cb37f5ed60 Uncommon trap: reason=class_check action=maybe_recompile pc=0x000001cb26216fac method=org.eclipse.core.internal.resources.MarkerManager.basicRemoveMarkers(Lorg/eclipse/core/internal/resources/ResourceInfo;Lorg/eclipse/core/internal/watson/IPathRequestor;L
Event: 284.178 Thread 0x000001cb37f5ed60 DEOPT PACKING pc=0x000001cb26216fac sp=0x0000004adebfdf60
Event: 284.178 Thread 0x000001cb37f5ed60 DEOPT UNPACKING pc=0x000001cb25ae66a3 sp=0x0000004adebfdf10 mode 2

Classes loaded (20 events):
Event: 41.671 Loading class java/util/concurrent/locks/ReentrantReadWriteLock$Sync$HoldCounter
Event: 41.672 Loading class java/util/concurrent/locks/ReentrantReadWriteLock$Sync$HoldCounter done
Event: 41.815 Loading class java/nio/file/Files$2
Event: 41.816 Loading class java/nio/file/Files$2 done
Event: 41.854 Loading class java/util/concurrent/ArrayBlockingQueue
Event: 41.856 Loading class java/util/concurrent/ArrayBlockingQueue done
Event: 41.866 Loading class java/util/function/ToIntFunction
Event: 41.867 Loading class java/util/function/ToIntFunction done
Event: 41.867 Loading class java/util/stream/ReferencePipeline$4
Event: 41.871 Loading class java/util/stream/ReferencePipeline$4 done
Event: 41.872 Loading class java/util/stream/Nodes$IntFixedNodeBuilder
Event: 41.873 Loading class java/util/stream/Node$Builder$OfInt
Event: 41.875 Loading class java/util/stream/Node$Builder$OfInt done
Event: 41.875 Loading class java/util/stream/Nodes$IntArrayNode
Event: 41.876 Loading class java/util/stream/Nodes$IntArrayNode done
Event: 41.876 Loading class java/util/stream/Nodes$IntFixedNodeBuilder done
Event: 41.876 Loading class java/util/stream/ReferencePipeline$4$1
Event: 41.877 Loading class java/util/stream/ReferencePipeline$4$1 done
Event: 41.977 Loading class java/util/concurrent/ConcurrentHashMap$KeySpliterator
Event: 41.977 Loading class java/util/concurrent/ConcurrentHashMap$KeySpliterator done

Classes unloaded (7 events):
Event: 1.782 Thread 0x000001cb1ba5ec90 Unloading class 0x000000010021a000 'java/lang/invoke/LambdaForm$MH+0x000000010021a000'
Event: 1.782 Thread 0x000001cb1ba5ec90 Unloading class 0x0000000100219c00 'java/lang/invoke/LambdaForm$MH+0x0000000100219c00'
Event: 1.782 Thread 0x000001cb1ba5ec90 Unloading class 0x0000000100219800 'java/lang/invoke/LambdaForm$MH+0x0000000100219800'
Event: 1.782 Thread 0x000001cb1ba5ec90 Unloading class 0x0000000100219400 'java/lang/invoke/LambdaForm$MH+0x0000000100219400'
Event: 1.782 Thread 0x000001cb1ba5ec90 Unloading class 0x0000000100219000 'java/lang/invoke/LambdaForm$BMH+0x0000000100219000'
Event: 1.782 Thread 0x000001cb1ba5ec90 Unloading class 0x0000000100218c00 'java/lang/invoke/LambdaForm$DMH+0x0000000100218c00'
Event: 1.782 Thread 0x000001cb1ba5ec90 Unloading class 0x0000000100216000 'java/lang/invoke/LambdaForm$DMH+0x0000000100216000'

Classes redefined (0 events):
No events

Internal exceptions (20 events):
Event: 8.066 Thread 0x000001cb38070000 Exception <a 'java/lang/NoSuchMethodError'{0x00000000ebd61158}: 'int java.lang.invoke.DirectMethodHandle$Holder.invokeStatic(java.lang.Object, int, java.lang.Object)'> (0x00000000ebd61158) 
thrown [s\src\hotspot\share\interpreter\linkResolver.cpp, line 759]
Event: 8.307 Thread 0x000001cb3789c3a0 Exception <a 'java/lang/NoSuchMethodError'{0x00000000eae0e5a0}: 'int java.lang.invoke.DirectMethodHandle$Holder.invokeSpecialIFC(java.lang.Object, java.lang.Object, java.lang.Object)'> (0x00000000eae0e5a0) 
thrown [s\src\hotspot\share\interpreter\linkResolver.cpp, line 759]
Event: 8.479 Thread 0x000001cb3789c3a0 Exception <a 'java/io/FileNotFoundException'{0x00000000eb53fe40}> (0x00000000eb53fe40) 
thrown [s\src\hotspot\share\prims\jni.cpp, line 516]
Event: 8.479 Thread 0x000001cb3789c3a0 Exception <a 'java/io/FileNotFoundException'{0x00000000eb541540}> (0x00000000eb541540) 
thrown [s\src\hotspot\share\prims\jni.cpp, line 516]
Event: 8.480 Thread 0x000001cb3789c3a0 Exception <a 'java/io/FileNotFoundException'{0x00000000eb542808}> (0x00000000eb542808) 
thrown [s\src\hotspot\share\prims\jni.cpp, line 516]
Event: 40.923 Thread 0x000001cb37f64880 Exception <a 'java/io/FileNotFoundException'{0x00000000eacc7d30}> (0x00000000eacc7d30) 
thrown [s\src\hotspot\share\prims\jni.cpp, line 516]
Event: 40.931 Thread 0x000001cb37f64880 Exception <a 'java/io/FileNotFoundException'{0x00000000eacc9410}> (0x00000000eacc9410) 
thrown [s\src\hotspot\share\prims\jni.cpp, line 516]
Event: 40.932 Thread 0x000001cb37f64880 Exception <a 'java/io/FileNotFoundException'{0x00000000eacca6c0}> (0x00000000eacca6c0) 
thrown [s\src\hotspot\share\prims\jni.cpp, line 516]
Event: 41.259 Thread 0x000001cb3789c3a0 Exception <a 'java/lang/NoSuchMethodError'{0x00000000eaeb4128}: 'java.lang.Object java.lang.invoke.DirectMethodHandle$Holder.invokeVirtual(java.lang.Object, java.lang.Object, java.lang.Object)'> (0x00000000eaeb4128) 
thrown [s\src\hotspot\share\interpreter\linkResolver.cpp, line 759]
Event: 41.488 Thread 0x000001cb3789c3a0 Exception <a 'sun/nio/fs/WindowsException'{0x00000000eb05ff30}> (0x00000000eb05ff30) 
thrown [s\src\hotspot\share\prims\jni.cpp, line 516]
Event: 41.518 Thread 0x000001cb38070510 Exception <a 'sun/nio/fs/WindowsException'{0x00000000eb0926b0}> (0x00000000eb0926b0) 
thrown [s\src\hotspot\share\prims\jni.cpp, line 516]
Event: 41.524 Thread 0x000001cb38070510 Exception <a 'sun/nio/fs/WindowsException'{0x00000000eb098a90}> (0x00000000eb098a90) 
thrown [s\src\hotspot\share\prims\jni.cpp, line 516]
Event: 41.528 Thread 0x000001cb38072370 Exception <a 'sun/nio/fs/WindowsException'{0x00000000eb0b54c0}> (0x00000000eb0b54c0) 
thrown [s\src\hotspot\share\prims\jni.cpp, line 516]
Event: 41.528 Thread 0x000001cb3806e6b0 Exception <a 'sun/nio/fs/WindowsException'{0x00000000eb0a3fb0}> (0x00000000eb0a3fb0) 
thrown [s\src\hotspot\share\prims\jni.cpp, line 516]
Event: 41.531 Thread 0x000001cb38072880 Exception <a 'sun/nio/fs/WindowsException'{0x00000000eb0d7b90}> (0x00000000eb0d7b90) 
thrown [s\src\hotspot\share\prims\jni.cpp, line 516]
Event: 41.531 Thread 0x000001cb3806f0d0 Exception <a 'sun/nio/fs/WindowsException'{0x00000000eb0e9430}> (0x00000000eb0e9430) 
thrown [s\src\hotspot\share\prims\jni.cpp, line 516]
Event: 41.987 Thread 0x000001cb3789c3a0 Exception <a 'java/lang/NoSuchMethodError'{0x00000000ebb057f8}: 'java.lang.Object java.lang.invoke.DirectMethodHandle$Holder.newInvokeSpecial(java.lang.Object, java.lang.Object, int, int, java.lang.Object)'> (0x00000000ebb057f8) 
thrown [s\src\hotspot\share\interpreter\linkResolver.cpp, line 759]
Event: 42.020 Thread 0x000001cb37c843d0 Implicit null exception at 0x000001cb26452bf5 to 0x000001cb26452f14
Event: 42.239 Thread 0x000001cb3789c3a0 Exception <a 'sun/nio/fs/WindowsException'{0x00000000eb420870}> (0x00000000eb420870) 
thrown [s\src\hotspot\share\prims\jni.cpp, line 516]
Event: 42.240 Thread 0x000001cb3789c3a0 Exception <a 'sun/nio/fs/WindowsException'{0x00000000eb420ea8}> (0x00000000eb420ea8) 
thrown [s\src\hotspot\share\prims\jni.cpp, line 516]

VM Operations (20 events):
Event: 221.430 Executing VM operation: HandshakeAllThreads
Event: 221.444 Executing VM operation: HandshakeAllThreads done
Event: 222.144 Executing VM operation: HandshakeAllThreads
Event: 222.144 Executing VM operation: HandshakeAllThreads done
Event: 222.144 Executing VM operation: Cleanup
Event: 222.144 Executing VM operation: Cleanup done
Event: 222.884 Executing VM operation: ParallelGCFailedAllocation
Event: 222.956 Executing VM operation: ParallelGCFailedAllocation done
Event: 223.970 Executing VM operation: Cleanup
Event: 223.970 Executing VM operation: Cleanup done
Event: 240.402 Executing VM operation: HandshakeAllThreads
Event: 240.409 Executing VM operation: HandshakeAllThreads done
Event: 282.765 Executing VM operation: Cleanup
Event: 282.769 Executing VM operation: Cleanup done
Event: 283.737 Executing VM operation: HandshakeAllThreads
Event: 283.750 Executing VM operation: HandshakeAllThreads done
Event: 283.888 Executing VM operation: HandshakeAllThreads
Event: 283.889 Executing VM operation: HandshakeAllThreads done
Event: 283.889 Executing VM operation: Cleanup
Event: 283.889 Executing VM operation: Cleanup done

Memory protections (0 events):
No events

Nmethod flushes (20 events):
Event: 41.642 Thread 0x000001cb2f83c330 flushing  nmethod 0x000001cb1f0a4090
Event: 41.642 Thread 0x000001cb2f83c330 flushing  nmethod 0x000001cb1f0a5190
Event: 41.642 Thread 0x000001cb2f83c330 flushing  nmethod 0x000001cb1f0a6c10
Event: 41.642 Thread 0x000001cb2f83c330 flushing  nmethod 0x000001cb1f0aac90
Event: 41.642 Thread 0x000001cb2f83c330 flushing  nmethod 0x000001cb1f0c3c90
Event: 41.642 Thread 0x000001cb2f83c330 flushing  nmethod 0x000001cb1f0c7110
Event: 41.642 Thread 0x000001cb2f83c330 flushing  nmethod 0x000001cb1f101e10
Event: 41.642 Thread 0x000001cb2f83c330 flushing  nmethod 0x000001cb1f110090
Event: 41.643 Thread 0x000001cb2f83c330 flushing  nmethod 0x000001cb1f110410
Event: 41.643 Thread 0x000001cb2f83c330 flushing  nmethod 0x000001cb1f110790
Event: 41.643 Thread 0x000001cb2f83c330 flushing osr nmethod 0x000001cb1f112890
Event: 41.643 Thread 0x000001cb2f83c330 flushing  nmethod 0x000001cb1f11bb90
Event: 41.643 Thread 0x000001cb2f83c330 flushing  nmethod 0x000001cb1f12c390
Event: 41.643 Thread 0x000001cb2f83c330 flushing  nmethod 0x000001cb1f132110
Event: 41.643 Thread 0x000001cb2f83c330 flushing  nmethod 0x000001cb1f156810
Event: 41.643 Thread 0x000001cb2f83c330 flushing  nmethod 0x000001cb1f159d90
Event: 41.643 Thread 0x000001cb2f83c330 flushing  nmethod 0x000001cb1f163110
Event: 41.643 Thread 0x000001cb2f83c330 flushing  nmethod 0x000001cb1f172c90
Event: 41.644 Thread 0x000001cb2f83c330 flushing  nmethod 0x000001cb1f1de290
Event: 41.644 Thread 0x000001cb2f83c330 flushing  nmethod 0x000001cb1f240c90

Events (20 events):
Event: 42.120 Thread 0x000001cb3789c3a0 Thread added: 0x000001cb37c7f7e0
Event: 42.131 Thread 0x000001cb3789c3a0 Thread added: 0x000001cb37c848e0
Event: 42.131 Thread 0x000001cb3789c3a0 Thread added: 0x000001cb37c7fcf0
Event: 42.137 Thread 0x000001cb3789c3a0 Thread added: 0x000001cb37c80710
Event: 42.137 Thread 0x000001cb3789c3a0 Thread added: 0x000001cb37c82570
Event: 42.146 Thread 0x000001cb3789c3a0 Thread added: 0x000001cb37c80c20
Event: 42.147 Thread 0x000001cb3789c3a0 Thread added: 0x000001cb37c7de90
Event: 42.154 Thread 0x000001cb3789c3a0 Thread added: 0x000001cb37c85810
Event: 42.155 Thread 0x000001cb3789c3a0 Thread added: 0x000001cb37c80200
Event: 68.162 Thread 0x000001cb38070000 Thread exited: 0x000001cb38070000
Event: 101.603 Thread 0x000001cb38070510 Thread exited: 0x000001cb38070510
Event: 102.270 Thread 0x000001cb37c843d0 Thread exited: 0x000001cb37c843d0
Event: 102.272 Thread 0x000001cb3789c3a0 Thread exited: 0x000001cb3789c3a0
Event: 161.597 Thread 0x000001cb38072370 Thread exited: 0x000001cb38072370
Event: 221.609 Thread 0x000001cb38071e60 Thread exited: 0x000001cb38071e60
Event: 221.649 Thread 0x000001cb3789d2d0 Thread added: 0x000001cb37c81130
Event: 221.863 Thread 0x000001cb37f5ed60 Thread added: 0x000001cb37c81b50
Event: 281.680 Thread 0x000001cb38072d90 Thread exited: 0x000001cb38072d90
Event: 282.622 Thread 0x000001cb37c81b50 Thread exited: 0x000001cb37c81b50
Event: 284.086 Thread 0x000001cb37f5ed60 Thread added: 0x000001cb37c843d0


Dynamic libraries:
0x00007ff7faa50000 - 0x00007ff7faa5e000 	c:\Users\ruyag\.cursor\extensions\redhat.java-1.38.0-win32-x64\jre\17.0.13-win32-x86_64\bin\java.exe
0x00007ffb3f290000 - 0x00007ffb3f4a7000 	C:\WINDOWS\SYSTEM32\ntdll.dll
0x00007ffb3d8f0000 - 0x00007ffb3d9b4000 	C:\WINDOWS\System32\KERNEL32.DLL
0x00007ffb3c720000 - 0x00007ffb3cada000 	C:\WINDOWS\System32\KERNELBASE.dll
0x00007ffb3c560000 - 0x00007ffb3c671000 	C:\WINDOWS\System32\ucrtbase.dll
0x00007ffb2c2c0000 - 0x00007ffb2c2de000 	c:\Users\ruyag\.cursor\extensions\redhat.java-1.38.0-win32-x64\jre\17.0.13-win32-x86_64\bin\VCRUNTIME140.dll
0x00007ffb2c2a0000 - 0x00007ffb2c2b7000 	c:\Users\ruyag\.cursor\extensions\redhat.java-1.38.0-win32-x64\jre\17.0.13-win32-x86_64\bin\jli.dll
0x00007ffb3cf90000 - 0x00007ffb3d13e000 	C:\WINDOWS\System32\USER32.dll
0x00007ffb3cee0000 - 0x00007ffb3cf06000 	C:\WINDOWS\System32\win32u.dll
0x00007ffb20630000 - 0x00007ffb208c2000 	C:\WINDOWS\WinSxS\amd64_microsoft.windows.common-controls_6595b64144ccf1df_6.0.22621.4541_none_2710d1c57384c085\COMCTL32.dll
0x00007ffb3eb50000 - 0x00007ffb3eb79000 	C:\WINDOWS\System32\GDI32.dll
0x00007ffb3e620000 - 0x00007ffb3e6c7000 	C:\WINDOWS\System32\msvcrt.dll
0x00007ffb3cdc0000 - 0x00007ffb3cedb000 	C:\WINDOWS\System32\gdi32full.dll
0x00007ffb3c680000 - 0x00007ffb3c71a000 	C:\WINDOWS\System32\msvcp_win.dll
0x00007ffb3e2a0000 - 0x00007ffb3e2d1000 	C:\WINDOWS\System32\IMM32.DLL
0x00007ffb31c40000 - 0x00007ffb31c4c000 	c:\Users\ruyag\.cursor\extensions\redhat.java-1.38.0-win32-x64\jre\17.0.13-win32-x86_64\bin\vcruntime140_1.dll
0x00007ffb13840000 - 0x00007ffb138cd000 	c:\Users\ruyag\.cursor\extensions\redhat.java-1.38.0-win32-x64\jre\17.0.13-win32-x86_64\bin\msvcp140.dll
0x00007ffadc520000 - 0x00007ffadd18b000 	c:\Users\ruyag\.cursor\extensions\redhat.java-1.38.0-win32-x64\jre\17.0.13-win32-x86_64\bin\server\jvm.dll
0x00007ffb3d2c0000 - 0x00007ffb3d372000 	C:\WINDOWS\System32\ADVAPI32.dll
0x00007ffb3ed40000 - 0x00007ffb3ede7000 	C:\WINDOWS\System32\sechost.dll
0x00007ffb3cba0000 - 0x00007ffb3cbc8000 	C:\WINDOWS\System32\bcrypt.dll
0x00007ffb3f130000 - 0x00007ffb3f244000 	C:\WINDOWS\System32\RPCRT4.dll
0x00007ffb3d140000 - 0x00007ffb3d1b1000 	C:\WINDOWS\System32\WS2_32.dll
0x00007ffb3c430000 - 0x00007ffb3c47d000 	C:\WINDOWS\SYSTEM32\POWRPROF.dll
0x00007ffb39eb0000 - 0x00007ffb39ee4000 	C:\WINDOWS\SYSTEM32\WINMM.dll
0x00007ffb34b10000 - 0x00007ffb34b1a000 	C:\WINDOWS\SYSTEM32\VERSION.dll
0x00007ffb3c410000 - 0x00007ffb3c423000 	C:\WINDOWS\SYSTEM32\UMPDC.dll
0x00007ffb3b5a0000 - 0x00007ffb3b5b8000 	C:\WINDOWS\SYSTEM32\kernel.appcore.dll
0x00007ffb31bf0000 - 0x00007ffb31bfa000 	c:\Users\ruyag\.cursor\extensions\redhat.java-1.38.0-win32-x64\jre\17.0.13-win32-x86_64\bin\jimage.dll
0x00007ffb39c30000 - 0x00007ffb39e62000 	C:\WINDOWS\SYSTEM32\DBGHELP.DLL
0x00007ffb3d380000 - 0x00007ffb3d70f000 	C:\WINDOWS\System32\combase.dll
0x00007ffb3d810000 - 0x00007ffb3d8e7000 	C:\WINDOWS\System32\OLEAUT32.dll
0x00007ffb39e70000 - 0x00007ffb39ea2000 	C:\WINDOWS\SYSTEM32\dbgcore.DLL
0x00007ffb3cf10000 - 0x00007ffb3cf8b000 	C:\WINDOWS\System32\bcryptPrimitives.dll
0x00007ffb31b40000 - 0x00007ffb31b4e000 	c:\Users\ruyag\.cursor\extensions\redhat.java-1.38.0-win32-x64\jre\17.0.13-win32-x86_64\bin\instrument.dll
0x00007ffb2c270000 - 0x00007ffb2c295000 	c:\Users\ruyag\.cursor\extensions\redhat.java-1.38.0-win32-x64\jre\17.0.13-win32-x86_64\bin\java.dll
0x00007ffb2c250000 - 0x00007ffb2c268000 	c:\Users\ruyag\.cursor\extensions\redhat.java-1.38.0-win32-x64\jre\17.0.13-win32-x86_64\bin\zip.dll
0x00007ffb3d9c0000 - 0x00007ffb3e238000 	C:\WINDOWS\System32\SHELL32.dll
0x00007ffb3a4a0000 - 0x00007ffb3ada8000 	C:\WINDOWS\SYSTEM32\windows.storage.dll
0x00007ffb3a360000 - 0x00007ffb3a49f000 	C:\WINDOWS\SYSTEM32\wintypes.dll
0x00007ffb3d710000 - 0x00007ffb3d80a000 	C:\WINDOWS\System32\SHCORE.dll
0x00007ffb3ee20000 - 0x00007ffb3ee7e000 	C:\WINDOWS\System32\shlwapi.dll
0x00007ffb3c490000 - 0x00007ffb3c4bb000 	C:\WINDOWS\SYSTEM32\profapi.dll
0x00007ffb261c0000 - 0x00007ffb261d9000 	C:\Users\ruyag\.cursor\extensions\redhat.java-1.38.0-win32-x64\jre\17.0.13-win32-x86_64\bin\net.dll
0x00007ffb37b90000 - 0x00007ffb37cc6000 	C:\WINDOWS\SYSTEM32\WINHTTP.dll
0x00007ffb3ba20000 - 0x00007ffb3ba89000 	C:\WINDOWS\system32\mswsock.dll
0x00007ffb1d790000 - 0x00007ffb1d7a6000 	C:\Users\ruyag\.cursor\extensions\redhat.java-1.38.0-win32-x64\jre\17.0.13-win32-x86_64\bin\nio.dll
0x00007ffb261b0000 - 0x00007ffb261c0000 	c:\Users\ruyag\.cursor\extensions\redhat.java-1.38.0-win32-x64\jre\17.0.13-win32-x86_64\bin\verify.dll
0x00007ffb14e00000 - 0x00007ffb14e45000 	C:\Users\ruyag\AppData\Roaming\Cursor\User\globalStorage\redhat.java\1.38.0\config_ss_win\org.eclipse.equinox.launcher\org.eclipse.equinox.launcher.win32.win32.x86_64_1.2.1100.v20240722-2106\eclipse_11904.dll
0x00007ffb3ef80000 - 0x00007ffb3f125000 	C:\WINDOWS\System32\ole32.dll
0x00007ffb3bc80000 - 0x00007ffb3bc9b000 	C:\WINDOWS\SYSTEM32\CRYPTSP.dll
0x00007ffb3b500000 - 0x00007ffb3b535000 	C:\WINDOWS\system32\rsaenh.dll
0x00007ffb3bb10000 - 0x00007ffb3bb38000 	C:\WINDOWS\SYSTEM32\USERENV.dll
0x00007ffb3bc70000 - 0x00007ffb3bc7c000 	C:\WINDOWS\SYSTEM32\CRYPTBASE.dll
0x00007ffb3b050000 - 0x00007ffb3b07d000 	C:\WINDOWS\SYSTEM32\IPHLPAPI.DLL
0x00007ffb3e2e0000 - 0x00007ffb3e2e9000 	C:\WINDOWS\System32\NSI.dll
0x00007ffb379d0000 - 0x00007ffb379e9000 	C:\WINDOWS\SYSTEM32\dhcpcsvc6.DLL
0x00007ffb378f0000 - 0x00007ffb3790f000 	C:\WINDOWS\SYSTEM32\dhcpcsvc.DLL
0x00007ffb3b0d0000 - 0x00007ffb3b1d2000 	C:\WINDOWS\SYSTEM32\DNSAPI.dll
0x00007ffb135b0000 - 0x00007ffb135f9000 	C:\Users\ruyag\AppData\Local\Temp\jna-108886332\jna8923591927241559667.dll
0x00007ffb3edf0000 - 0x00007ffb3edf8000 	C:\WINDOWS\System32\PSAPI.DLL

dbghelp: loaded successfully - version: 4.0.5 - missing functions: none
symbol engine: initialized successfully - sym options: 0x614 - pdb path: .;c:\Users\ruyag\.cursor\extensions\redhat.java-1.38.0-win32-x64\jre\17.0.13-win32-x86_64\bin;C:\WINDOWS\SYSTEM32;C:\WINDOWS\WinSxS\amd64_microsoft.windows.common-controls_6595b64144ccf1df_6.0.22621.4541_none_2710d1c57384c085;c:\Users\ruyag\.cursor\extensions\redhat.java-1.38.0-win32-x64\jre\17.0.13-win32-x86_64\bin\server;C:\Users\ruyag\AppData\Roaming\Cursor\User\globalStorage\redhat.java\1.38.0\config_ss_win\org.eclipse.equinox.launcher\org.eclipse.equinox.launcher.win32.win32.x86_64_1.2.1100.v20240722-2106;C:\Users\ruyag\AppData\Local\Temp\jna-108886332

VM Arguments:
jvm_args: --add-modules=ALL-SYSTEM --add-opens=java.base/java.util=ALL-UNNAMED --add-opens=java.base/java.lang=ALL-UNNAMED --add-opens=java.base/sun.nio.fs=ALL-UNNAMED -Declipse.application=org.eclipse.jdt.ls.core.id1 -Dosgi.bundles.defaultStartLevel=4 -Declipse.product=org.eclipse.jdt.ls.core.product -Djava.import.generatesMetadataFilesAtProjectRoot=false -DDetectVMInstallationsJob.disabled=true -Dfile.encoding=utf8 -XX:+UseParallelGC -XX:GCTimeRatio=4 -XX:AdaptiveSizePolicyWeight=90 -Dsun.zip.disableMemoryMapping=true -Xmx1G -Xms100m -Xlog:disable -javaagent:c:\Users\ruyag\.cursor\extensions\redhat.java-1.38.0-win32-x64\lombok\lombok-1.18.34.jar 
java_command: c:\Users\ruyag\.cursor\extensions\redhat.java-1.38.0-win32-x64\server\plugins\org.eclipse.equinox.launcher_1.6.900.v20240613-2009.jar -configuration c:\Users\ruyag\AppData\Roaming\Cursor\User\globalStorage\redhat.java\1.38.0\config_ss_win -data c:\Users\ruyag\AppData\Roaming\Cursor\User\workspaceStorage\d58415511495a9c8c749dde9ace04084\redhat.java\ss_ws --pipe=\\.\pipe\lsp-e0d66d55c087fcfc01ae0f7647b28a90-sock
java_class_path (initial): c:\Users\ruyag\.cursor\extensions\redhat.java-1.38.0-win32-x64\server\plugins\org.eclipse.equinox.launcher_1.6.900.v20240613-2009.jar
Launcher Type: SUN_STANDARD

[Global flags]
    uintx AdaptiveSizePolicyWeight                 = 90                                        {product} {command line}
     intx CICompilerCount                          = 12                                        {product} {ergonomic}
    uintx GCTimeRatio                              = 4                                         {product} {command line}
   size_t InitialHeapSize                          = 104857600                                 {product} {command line}
   size_t MaxHeapSize                              = 1073741824                                {product} {command line}
   size_t MaxNewSize                               = 357564416                                 {product} {ergonomic}
   size_t MinHeapDeltaBytes                        = 524288                                    {product} {ergonomic}
   size_t MinHeapSize                              = 104857600                                 {product} {command line}
   size_t NewSize                                  = 34603008                                  {product} {ergonomic}
    uintx NonNMethodCodeHeapSize                   = 7602480                                {pd product} {ergonomic}
    uintx NonProfiledCodeHeapSize                  = 122027880                              {pd product} {ergonomic}
   size_t OldSize                                  = 70254592                                  {product} {ergonomic}
    uintx ProfiledCodeHeapSize                     = 122027880                              {pd product} {ergonomic}
    uintx ReservedCodeCacheSize                    = 251658240                              {pd product} {ergonomic}
     bool SegmentedCodeCache                       = true                                      {product} {ergonomic}
   size_t SoftMaxHeapSize                          = 1073741824                             {manageable} {ergonomic}
     bool UseCompressedClassPointers               = true                           {product lp64_product} {ergonomic}
     bool UseCompressedOops                        = true                           {product lp64_product} {ergonomic}
     bool UseLargePagesIndividualAllocation        = false                                  {pd product} {ergonomic}
     bool UseParallelGC                            = true                                      {product} {command line}

Logging:
Log output configuration:
 #0: stdout all=off uptime,level,tags
 #1: stderr all=off uptime,level,tags

Environment Variables:
PATH=C:\Program Files\Common Files\Oracle\Java\javapath;C:\Windows\system32;C:\Windows;C:\Windows\System32\Wbem;C:\Windows\System32\WindowsPowerShell\v1.0\;C:\Windows\System32\OpenSSH\;C:\Program Files\Java\jdk-17\bin;C:\WINDOWS\system32;C:\WINDOWS;C:\WINDOWS\System32\Wbem;C:\WINDOWS\System32\WindowsPowerShell\v1.0\;C:\WINDOWS\System32\OpenSSH\;C:\Program Files\dotnet\;C:\Program Files (x86)\Microsoft SQL Server\160\Tools\Binn\;C:\Program Files\Microsoft SQL Server\160\Tools\Binn\;C:\Program Files\Microsoft SQL Server\Client SDK\ODBC\170\Tools\Binn\;C:\Program Files\Microsoft SQL Server\160\DTS\Binn\;C:\Program Files (x86)\Microsoft SQL Server\160\DTS\Binn\;C:\Program Files\Azure Data Studio\bin;C:\flutter\bin;C:\src\flutter\bin;C:\Program Files\Git\cmd;C:\Program Files\nodejs\;C:\ProgramData\chocolatey\bin;C:\Kullanýcýlar\ruyag\AppData\Local\Programs\Python\Python3X;C:\Kullanýcýlar\ruyag\AppData\Local\Programs\Python\Python3X\scripts;C:\Users\ruyag\AppData\Local\Programs\Python\Python313\Scripts\;C:\Users\ruyag\AppData\Local\Programs\Python\Python313\;C:\Users\ruyag\AppData\Local\Programs\Python\Python312\Scripts\;C:\Users\ruyag\AppData\Local\Programs\Python\Python312\;C:\Users\ruyag\AppData\Local\Microsoft\WindowsApps;C:\Users\ruyag\AppData\Local\Programs\Microsoft VS Code\bin;C:\Users\ruyag\.dotnet\tools;C:\Program Files\Azure Data Studio\bin;C:\Users\ruyag\AppData\Roaming\npm
USERNAME=ruyag
OS=Windows_NT
PROCESSOR_IDENTIFIER=AMD64 Family 23 Model 104 Stepping 1, AuthenticAMD
TMP=C:\Users\ruyag\AppData\Local\Temp
TEMP=C:\Users\ruyag\AppData\Local\Temp



Periodic native trim disabled


---------------  S Y S T E M  ---------------

OS:
 Windows 11 , 64 bit Build 22621 (10.0.22621.4391)
OS uptime: 2 days 1:32 hours

CPU: total 16 (initial active 16) (16 cores per cpu, 2 threads per core) family 23 model 104 stepping 1 microcode 0x0, cx8, cmov, fxsr, ht, mmx, 3dnowpref, sse, sse2, sse3, ssse3, sse4a, sse4.1, sse4.2, popcnt, lzcnt, tsc, tscinvbit, avx, avx2, aes, clmul, bmi1, bmi2, adx, sha, fma, vzeroupper, clflush, clflushopt
Processor Information for all 16 processors :
  Max Mhz: 1801, Current Mhz: 1801, Mhz Limit: 1801

Memory: 4k page, system-wide physical 6005M (13M free)
TotalPageFile size 24437M (AvailPageFile size 0M)
current process WorkingSet (physical memory assigned to process): 90M, peak: 180M
current process commit charge ("private bytes"): 298M, peak: 322M

vm_info: OpenJDK 64-Bit Server VM (17.0.13+11) for windows-amd64 JRE (17.0.13+11), built on Oct 16 2024 00:10:08 by "admin" with MS VC++ 17.7 (VS2022)

END.
