#
# There is insufficient memory for the Java Runtime Environment to continue.
# Native memory allocation (malloc) failed to allocate 65552 bytes. Error detail: Chunk::new
# Possible reasons:
#   The system is out of physical RAM or swap space
#   This process is running with CompressedOops enabled, and the Java Heap may be blocking the growth of the native heap
# Possible solutions:
#   Reduce memory load on the system
#   Increase physical memory or swap space
#   Check if swap backing store is full
#   Decrease Java heap size (-Xmx/-Xms)
#   Decrease number of Java threads
#   Decrease Java thread stack sizes (-Xss)
#   Set larger code cache with -XX:ReservedCodeCacheSize=
#   JVM is running with Unscaled Compressed Oops mode in which the Java heap is
#     placed in the first 4GB address space. The Java Heap base address is the
#     maximum limit for the native heap growth. Please use -XX:HeapBaseMinAddress
#     to set the Java Heap base and to place the Java Heap above 4GB virtual address.
# This output file may be truncated or incomplete.
#
#  Out of Memory Error (arena.cpp:191), pid=10124, tid=13860
#
# JRE version: OpenJDK Runtime Environment Temurin-17.0.13+11 (17.0.13+11) (build 17.0.13+11)
# Java VM: OpenJDK 64-Bit Server VM Temurin-17.0.13+11 (17.0.13+11, mixed mode, tiered, compressed oops, compressed class ptrs, parallel gc, windows-amd64)
# No core dump will be written. Minidumps are not enabled by default on client versions of Windows
#

---------------  S U M M A R Y ------------

Command Line: --add-modules=ALL-SYSTEM --add-opens=java.base/java.util=ALL-UNNAMED --add-opens=java.base/java.lang=ALL-UNNAMED --add-opens=java.base/sun.nio.fs=ALL-UNNAMED -Declipse.application=org.eclipse.jdt.ls.core.id1 -Dosgi.bundles.defaultStartLevel=4 -Declipse.product=org.eclipse.jdt.ls.core.product -Djava.import.generatesMetadataFilesAtProjectRoot=false -DDetectVMInstallationsJob.disabled=true -Dfile.encoding=utf8 -XX:+UseParallelGC -XX:GCTimeRatio=4 -XX:AdaptiveSizePolicyWeight=90 -Dsun.zip.disableMemoryMapping=true -Xmx1G -Xms100m -Xlog:disable -javaagent:c:\Users\ruyag\.cursor\extensions\redhat.java-1.38.0-win32-x64\lombok\lombok-1.18.34.jar c:\Users\ruyag\.cursor\extensions\redhat.java-1.38.0-win32-x64\server\plugins\org.eclipse.equinox.launcher_1.6.900.v20240613-2009.jar -configuration c:\Users\ruyag\AppData\Roaming\Cursor\User\globalStorage\redhat.java\1.38.0\config_ss_win -data c:\Users\ruyag\AppData\Roaming\Cursor\User\workspaceStorage\d58415511495a9c8c749dde9ace04084\redhat.java\ss_ws --pipe=\\.\pipe\lsp-c5ebb84a335ae18b8ea1ebda76f90011-sock

Host: AMD Ryzen 7 5700U with Radeon Graphics         , 16 cores, 5G,  Windows 11 , 64 bit Build 22621 (10.0.22621.4391)
Time: Wed Jan  8 23:38:12 2025 Türkiye Standart Saati elapsed time: 180.974034 seconds (0d 0h 3m 0s)

---------------  T H R E A D  ---------------

Current thread (0x000001bcad40e650):  JavaThread "C2 CompilerThread0" daemon [_thread_in_native, id=13860, stack(0x0000007567e00000,0x0000007567f00000)]


Current CompileTask:
C2: 180974 6751       4       java.lang.invoke.MethodType::makeImpl (109 bytes)

Stack: [0x0000007567e00000,0x0000007567f00000]
Native frames: (J=compiled Java code, j=interpreted, Vv=VM code, C=native code)
V  [jvm.dll+0x682a19]
V  [jvm.dll+0x839538]
V  [jvm.dll+0x83afe3]
V  [jvm.dll+0x83b653]
V  [jvm.dll+0x24704f]
V  [jvm.dll+0xace34]
V  [jvm.dll+0xad4cc]
V  [jvm.dll+0xacf44]
V  [jvm.dll+0x66043c]
V  [jvm.dll+0x6a68aa]
V  [jvm.dll+0x6a68ff]
V  [jvm.dll+0x6a5ebd]
V  [jvm.dll+0x218fe9]
V  [jvm.dll+0x21738b]
V  [jvm.dll+0x1a3070]
V  [jvm.dll+0x22788c]
V  [jvm.dll+0x2259eb]
V  [jvm.dll+0x7eec98]
V  [jvm.dll+0x7e8ffc]
V  [jvm.dll+0x6818f7]
C  [ucrtbase.dll+0x29333]
C  [KERNEL32.DLL+0x1259d]
C  [ntdll.dll+0x5af38]


---------------  P R O C E S S  ---------------

Threads class SMR info:
_java_thread_list=0x000001bcb8149000, length=43, elements={
0x000001bc9957f3f0, 0x000001bcad3ff020, 0x000001bcad400550, 0x000001bcb2548bd0,
0x000001bcad408760, 0x000001bcad409c90, 0x000001bcb25739b0, 0x000001bcad40e650,
0x000001bcb259acc0, 0x000001bcb25a3da0, 0x000001bcb2573ec0, 0x000001bcb25734a0,
0x000001bcb2575300, 0x000001bcb2575810, 0x000001bcb2572060, 0x000001bcb523a160,
0x000001bcb5235060, 0x000001bcb5237df0, 0x000001bcb523a670, 0x000001bcb52373d0,
0x000001bcb523b5a0, 0x000001bcb5238300, 0x000001bcb523ab80, 0x000001bcb523b090,
0x000001bcb523bab0, 0x000001bcb52364a0, 0x000001bcb5236ec0, 0x000001bcb52378e0,
0x000001bcb5238810, 0x000001bcb5235a80, 0x000001bcb5239230, 0x000001bcb523bfc0,
0x000001bcb52369b0, 0x000001bcb523c4d0, 0x000001bcb5239c50, 0x000001bcb5235f90,
0x000001bcb53d18e0, 0x000001bcb53d3230, 0x000001bcb53d1df0, 0x000001bcb53d55a0,
0x000001bcb53d5ab0, 0x000001bcb53d2300, 0x000001bcb53d2d20
}

Java Threads: ( => current thread )
  0x000001bc9957f3f0 JavaThread "main" [_thread_blocked, id=7556, stack(0x0000007567500000,0x0000007567600000)]
  0x000001bcad3ff020 JavaThread "Reference Handler" daemon [_thread_blocked, id=17072, stack(0x0000007567800000,0x0000007567900000)]
  0x000001bcad400550 JavaThread "Finalizer" daemon [_thread_blocked, id=19936, stack(0x0000007567900000,0x0000007567a00000)]
  0x000001bcb2548bd0 JavaThread "Signal Dispatcher" daemon [_thread_blocked, id=18576, stack(0x0000007567a00000,0x0000007567b00000)]
  0x000001bcad408760 JavaThread "Attach Listener" daemon [_thread_blocked, id=7264, stack(0x0000007567b00000,0x0000007567c00000)]
  0x000001bcad409c90 JavaThread "Service Thread" daemon [_thread_blocked, id=12192, stack(0x0000007567c00000,0x0000007567d00000)]
  0x000001bcb25739b0 JavaThread "Monitor Deflation Thread" daemon [_thread_blocked, id=15872, stack(0x0000007567d00000,0x0000007567e00000)]
=>0x000001bcad40e650 JavaThread "C2 CompilerThread0" daemon [_thread_in_native, id=13860, stack(0x0000007567e00000,0x0000007567f00000)]
  0x000001bcb259acc0 JavaThread "C1 CompilerThread0" daemon [_thread_blocked, id=336, stack(0x0000007567f00000,0x0000007568000000)]
  0x000001bcb25a3da0 JavaThread "Sweeper thread" daemon [_thread_blocked, id=15944, stack(0x0000007568000000,0x0000007568100000)]
  0x000001bcb2573ec0 JavaThread "Common-Cleaner" daemon [_thread_blocked, id=6060, stack(0x0000007568100000,0x0000007568200000)]
  0x000001bcb25734a0 JavaThread "Notification Thread" daemon [_thread_blocked, id=13092, stack(0x0000007568200000,0x0000007568300000)]
  0x000001bcb2575300 JavaThread "Active Thread: Equinox Container: 72f41df4-7186-4a50-b5d6-4fcbd7bc98c1" [_thread_blocked, id=7492, stack(0x0000007568900000,0x0000007568a00000)]
  0x000001bcb2575810 JavaThread "Framework Event Dispatcher: Equinox Container: 72f41df4-7186-4a50-b5d6-4fcbd7bc98c1" daemon [_thread_blocked, id=5460, stack(0x0000007568a00000,0x0000007568b00000)]
  0x000001bcb2572060 JavaThread "Start Level: Equinox Container: 72f41df4-7186-4a50-b5d6-4fcbd7bc98c1" daemon [_thread_blocked, id=9076, stack(0x0000007568b00000,0x0000007568c00000)]
  0x000001bcb523a160 JavaThread "JNA Cleaner" daemon [_thread_blocked, id=15188, stack(0x0000007569500000,0x0000007569600000)]
  0x000001bcb5235060 JavaThread "Thread-2" daemon [_thread_in_native, id=14476, stack(0x0000007569a00000,0x0000007569b00000)]
  0x000001bcb5237df0 JavaThread "Thread-3" daemon [_thread_in_native, id=17668, stack(0x0000007569b00000,0x0000007569c00000)]
  0x000001bcb523a670 JavaThread "Thread-4" daemon [_thread_in_native, id=10780, stack(0x0000007569c00000,0x0000007569d00000)]
  0x000001bcb52373d0 JavaThread "Thread-5" daemon [_thread_in_native, id=17112, stack(0x0000007569d00000,0x0000007569e00000)]
  0x000001bcb523b5a0 JavaThread "Thread-6" daemon [_thread_in_native, id=20040, stack(0x0000007569e00000,0x0000007569f00000)]
  0x000001bcb5238300 JavaThread "Thread-7" daemon [_thread_in_native, id=20204, stack(0x0000007569f00000,0x000000756a000000)]
  0x000001bcb523ab80 JavaThread "Thread-8" daemon [_thread_in_native, id=16872, stack(0x000000756a000000,0x000000756a100000)]
  0x000001bcb523b090 JavaThread "Thread-9" daemon [_thread_in_native, id=20504, stack(0x000000756a100000,0x000000756a200000)]
  0x000001bcb523bab0 JavaThread "Thread-10" daemon [_thread_in_native, id=5264, stack(0x000000756a200000,0x000000756a300000)]
  0x000001bcb52364a0 JavaThread "Thread-11" daemon [_thread_in_native, id=9816, stack(0x000000756a300000,0x000000756a400000)]
  0x000001bcb5236ec0 JavaThread "Thread-12" daemon [_thread_in_native, id=9252, stack(0x000000756a400000,0x000000756a500000)]
  0x000001bcb52378e0 JavaThread "Thread-13" daemon [_thread_in_native, id=1608, stack(0x000000756a500000,0x000000756a600000)]
  0x000001bcb5238810 JavaThread "Thread-14" daemon [_thread_in_native, id=10212, stack(0x000000756a600000,0x000000756a700000)]
  0x000001bcb5235a80 JavaThread "Thread-15" daemon [_thread_in_native, id=13044, stack(0x000000756a700000,0x000000756a800000)]
  0x000001bcb5239230 JavaThread "Thread-16" daemon [_thread_in_native, id=1840, stack(0x000000756a800000,0x000000756a900000)]
  0x000001bcb523bfc0 JavaThread "Thread-17" daemon [_thread_in_native, id=19128, stack(0x000000756a900000,0x000000756aa00000)]
  0x000001bcb52369b0 JavaThread "Thread-18" daemon [_thread_in_native, id=20376, stack(0x000000756aa00000,0x000000756ab00000)]
  0x000001bcb523c4d0 JavaThread "pool-2-thread-1" [_thread_blocked, id=4588, stack(0x000000756ab00000,0x000000756ac00000)]
  0x000001bcb5239c50 JavaThread "WorkspaceEventsHandler" [_thread_blocked, id=21944, stack(0x000000756ad00000,0x000000756ae00000)]
  0x000001bcb5235f90 JavaThread "pool-1-thread-1" [_thread_blocked, id=16772, stack(0x000000756ae00000,0x000000756af00000)]
  0x000001bcb53d18e0 JavaThread "ForkJoinPool.commonPool-worker-3" daemon [_thread_blocked, id=18140, stack(0x000000756b100000,0x000000756b200000)]
  0x000001bcb53d3230 JavaThread "ForkJoinPool.commonPool-worker-4" daemon [_thread_blocked, id=18980, stack(0x000000756b200000,0x000000756b300000)]
  0x000001bcb53d1df0 JavaThread "ForkJoinPool.commonPool-worker-5" daemon [_thread_blocked, id=15196, stack(0x000000756b300000,0x000000756b400000)]
  0x000001bcb53d55a0 JavaThread "ForkJoinPool.commonPool-worker-6" daemon [_thread_blocked, id=12052, stack(0x000000756b400000,0x000000756b500000)]
  0x000001bcb53d5ab0 JavaThread "ForkJoinPool.commonPool-worker-7" daemon [_thread_blocked, id=19772, stack(0x000000756b500000,0x000000756b600000)]
  0x000001bcb53d2300 JavaThread "pool-3-thread-1" [_thread_blocked, id=6300, stack(0x0000007567300000,0x0000007567400000)]
  0x000001bcb53d2d20 JavaThread "Framework stop - Equinox Container: 72f41df4-7186-4a50-b5d6-4fcbd7bc98c1" [_thread_in_native, id=6984, stack(0x0000007567400000,0x0000007567500000)]

Other Threads:
  0x000001bc99609450 VMThread "VM Thread" [stack: 0x0000007567700000,0x0000007567800000] [id=13592]
  0x000001bcb46240e0 WatcherThread [stack: 0x0000007568300000,0x0000007568400000] [id=17936]
  0x000001bc99594fc0 GCTaskThread "GC Thread#0" [stack: 0x0000007567600000,0x0000007567700000] [id=14140]
  0x000001bcb5091010 GCTaskThread "GC Thread#1" [stack: 0x0000007568400000,0x0000007568500000] [id=1252]
  0x000001bcb4b06100 GCTaskThread "GC Thread#2" [stack: 0x0000007568500000,0x0000007568600000] [id=20812]
  0x000001bcb4f50080 GCTaskThread "GC Thread#3" [stack: 0x0000007568600000,0x0000007568700000] [id=19168]
  0x000001bcb4f50340 GCTaskThread "GC Thread#4" [stack: 0x0000007568700000,0x0000007568800000] [id=15688]
  0x000001bcb46022c0 GCTaskThread "GC Thread#5" [stack: 0x0000007568800000,0x0000007568900000] [id=21728]
  0x000001bcb5108ca0 GCTaskThread "GC Thread#6" [stack: 0x0000007568d00000,0x0000007568e00000] [id=12896]
  0x000001bcb5108f60 GCTaskThread "GC Thread#7" [stack: 0x0000007568e00000,0x0000007568f00000] [id=8820]
  0x000001bcb4a1bb60 GCTaskThread "GC Thread#8" [stack: 0x0000007569200000,0x0000007569300000] [id=9536]
  0x000001bcb4d06a80 GCTaskThread "GC Thread#9" [stack: 0x0000007569300000,0x0000007569400000] [id=17556]
  0x000001bcb523e590 GCTaskThread "GC Thread#10" [stack: 0x0000007569400000,0x0000007569500000] [id=15096]
  0x000001bcb5430ac0 GCTaskThread "GC Thread#11" [stack: 0x0000007569800000,0x0000007569900000] [id=1552]
  0x000001bcb53bd780 GCTaskThread "GC Thread#12" [stack: 0x0000007569900000,0x0000007569a00000] [id=10296]

Threads with active compile tasks:
C2 CompilerThread0   181238 6751       4       java.lang.invoke.MethodType::makeImpl (109 bytes)

VM state: not at safepoint (normal execution)

VM Mutex/Monitor currently owned by a thread: None

Heap address: 0x00000000c0000000, size: 1024 MB, Compressed Oops mode: 32-bit

CDS archive(s) not mapped
Compressed class space mapped at: 0x0000000100000000-0x0000000140000000, reserved size: 1073741824
Narrow klass base: 0x0000000000000000, Narrow klass shift: 3, Narrow klass range: 0x140000000

GC Precious Log:
 CPUs: 16 total, 16 available
 Memory: 6005M
 Large Page Support: Disabled
 NUMA Support: Disabled
 Compressed Oops: Enabled (32-bit)
 Alignments: Space 512K, Generation 512K, Heap 2M
 Heap Min Capacity: 100M
 Heap Initial Capacity: 100M
 Heap Max Capacity: 1G
 Pre-touch: Disabled
 Parallel Workers: 13

Heap:
 PSYoungGen      total 23040K, used 4565K [0x00000000eab00000, 0x00000000ec400000, 0x0000000100000000)
  eden space 22016K, 16% used [0x00000000eab00000,0x00000000eae9f130,0x00000000ec080000)
  from space 1024K, 83% used [0x00000000ec100000,0x00000000ec1d64b0,0x00000000ec200000)
  to   space 1536K, 0% used [0x00000000ec280000,0x00000000ec280000,0x00000000ec400000)
 ParOldGen       total 68608K, used 33871K [0x00000000c0000000, 0x00000000c4300000, 0x00000000eab00000)
  object space 68608K, 49% used [0x00000000c0000000,0x00000000c2113f70,0x00000000c4300000)
 Metaspace       used 52103K, committed 53312K, reserved 1114112K
  class space    used 5314K, committed 5824K, reserved 1048576K

Card table byte_map: [0x000001bc98f30000,0x000001bc99140000] _byte_map_base: 0x000001bc98930000

Marking Bits: (ParMarkBitMap*) 0x00007ffa97be6940
 Begin Bits: [0x000001bcab210000, 0x000001bcac210000)
 End Bits:   [0x000001bcac210000, 0x000001bcad210000)

Polling page: 0x000001bc97570000

Metaspace:

Usage:
  Non-class:     45.69 MB used.
      Class:      5.19 MB used.
       Both:     50.88 MB used.

Virtual space:
  Non-class space:       64.00 MB reserved,      46.38 MB ( 72%) committed,  1 nodes.
      Class space:        1.00 GB reserved,       5.69 MB ( <1%) committed,  1 nodes.
             Both:        1.06 GB reserved,      52.06 MB (  5%) committed. 

Chunk freelists:
   Non-Class:  736.00 KB
       Class:  10.16 MB
        Both:  10.88 MB

MaxMetaspaceSize: unlimited
CompressedClassSpaceSize: 1.00 GB
Initial GC threshold: 21.00 MB
Current GC threshold: 58.38 MB
CDS: off
MetaspaceReclaimPolicy: balanced
 - commit_granule_bytes: 65536.
 - commit_granule_words: 8192.
 - virtual_space_node_default_size: 8388608.
 - enlarge_chunks_in_place: 1.
 - new_chunks_are_fully_committed: 0.
 - uncommit_free_chunks: 1.
 - use_allocation_guard: 0.
 - handle_deallocations: 1.


Internal statistics:

num_allocs_failed_limit: 6.
num_arena_births: 956.
num_arena_deaths: 14.
num_vsnodes_births: 2.
num_vsnodes_deaths: 0.
num_space_committed: 833.
num_space_uncommitted: 0.
num_chunks_returned_to_freelist: 20.
num_chunks_taken_from_freelist: 3065.
num_chunk_merges: 8.
num_chunk_splits: 1813.
num_chunks_enlarged: 895.
num_inconsistent_stats: 0.

CodeHeap 'non-profiled nmethods': size=119168Kb used=3009Kb max_used=3009Kb free=116158Kb
 bounds [0x000001bca3db0000, 0x000001bca40b0000, 0x000001bcab210000]
CodeHeap 'profiled nmethods': size=119104Kb used=12032Kb max_used=12939Kb free=107071Kb
 bounds [0x000001bc9c210000, 0x000001bc9cec0000, 0x000001bca3660000]
CodeHeap 'non-nmethods': size=7488Kb used=1355Kb max_used=1980Kb free=6132Kb
 bounds [0x000001bca3660000, 0x000001bca38d0000, 0x000001bca3db0000]
 total_blobs=6659 nmethods=5955 adapters=614
 compilation: enabled
              stopped_count=0, restarted_count=0
 full_count=0

Compilation events (20 events):
Event: 180.917 Thread 0x000001bcb259acc0 6747       3       org.eclipse.osgi.framework.eventmgr.CopyOnWriteIdentityMap::empty (4 bytes)
Event: 180.917 Thread 0x000001bcad40e650 6750       4       org.eclipse.osgi.framework.eventmgr.CopyOnWriteIdentityMap$Snapshot$EntryIterator::next (5 bytes)
Event: 180.918 Thread 0x000001bcb259acc0 nmethod 6747 0x000001bc9c225110 code [0x000001bc9c2252a0, 0x000001bc9c225398]
Event: 180.918 Thread 0x000001bcb259acc0 6749       3       org.eclipse.core.internal.runtime.Log::isLoggable (32 bytes)
Event: 180.918 Thread 0x000001bcb259acc0 nmethod 6749 0x000001bc9c9c4610 code [0x000001bc9c9c47e0, 0x000001bc9c9c4b68]
Event: 180.918 Thread 0x000001bcb259acc0 6748       3       org.eclipse.osgi.framework.eventmgr.CopyOnWriteIdentityMap::<init> (12 bytes)
Event: 180.918 Thread 0x000001bcb259acc0 nmethod 6748 0x000001bc9cceb890 code [0x000001bc9cceba40, 0x000001bc9ccebc38]
Event: 180.919 Thread 0x000001bcad40e650 nmethod 6750 0x000001bca409f690 code [0x000001bca409f820, 0x000001bca409f938]
Event: 180.922 Thread 0x000001bcad40e650 6751       4       java.lang.invoke.MethodType::makeImpl (109 bytes)
Event: 180.923 Thread 0x000001bcb259acc0 6752       1       org.eclipse.osgi.internal.serviceregistry.ServiceUse::getLock (5 bytes)
Event: 180.924 Thread 0x000001bcb259acc0 nmethod 6752 0x000001bca409fa90 code [0x000001bca409fc20, 0x000001bca409fcf8]
Event: 180.924 Thread 0x000001bcb259acc0 6753       3       org.eclipse.osgi.internal.log.ExtendedLogReaderServiceFactory::incrementNestedCount (17 bytes)
Event: 180.926 Thread 0x000001bcb259acc0 nmethod 6753 0x000001bc9c9f4990 code [0x000001bc9c9f4b60, 0x000001bc9c9f5038]
Event: 180.926 Thread 0x000001bcb259acc0 6754       3       org.eclipse.osgi.internal.log.ExtendedLogReaderServiceFactory::decrementNestedCount (21 bytes)
Event: 180.926 Thread 0x000001bcb259acc0 nmethod 6754 0x000001bc9c9f4090 code [0x000001bc9c9f4260, 0x000001bc9c9f47b8]
Event: 180.943 Thread 0x000001bcb259acc0 6756       3       org.eclipse.osgi.framework.eventmgr.ListenerQueue::<init> (38 bytes)
Event: 180.944 Thread 0x000001bcb259acc0 nmethod 6756 0x000001bc9c9c3e90 code [0x000001bc9c9c4060, 0x000001bc9c9c4488]
Event: 180.944 Thread 0x000001bcb259acc0 6757       3       org.eclipse.osgi.storage.BundleInfo$Generation::getDomain (6 bytes)
Event: 180.947 Thread 0x000001bcb259acc0 nmethod 6757 0x000001bc9c9f3b90 code [0x000001bc9c9f3d20, 0x000001bc9c9f3e68]
Event: 180.948 Thread 0x000001bcb259acc0 6758   !   3       org.eclipse.osgi.storage.BundleInfo$Generation::getDomain (90 bytes)

GC Heap History (20 events):
Event: 11.809 GC heap before
{Heap before GC invocations=16 (full 2):
 PSYoungGen      total 25088K, used 24751K [0x00000000eab00000, 0x00000000ec780000, 0x0000000100000000)
  eden space 22016K, 100% used [0x00000000eab00000,0x00000000ec080000,0x00000000ec080000)
  from space 3072K, 89% used [0x00000000ec080000,0x00000000ec32bfd0,0x00000000ec380000)
  to   space 3584K, 0% used [0x00000000ec400000,0x00000000ec400000,0x00000000ec780000)
 ParOldGen       total 68608K, used 19422K [0x00000000c0000000, 0x00000000c4300000, 0x00000000eab00000)
  object space 68608K, 28% used [0x00000000c0000000,0x00000000c12f7908,0x00000000c4300000)
 Metaspace       used 42719K, committed 43712K, reserved 1114112K
  class space    used 4368K, committed 4800K, reserved 1048576K
}
Event: 11.812 GC heap after
{Heap after GC invocations=16 (full 2):
 PSYoungGen      total 24064K, used 2034K [0x00000000eab00000, 0x00000000ec600000, 0x0000000100000000)
  eden space 22016K, 0% used [0x00000000eab00000,0x00000000eab00000,0x00000000ec080000)
  from space 2048K, 99% used [0x00000000ec400000,0x00000000ec5fc8d8,0x00000000ec600000)
  to   space 2560K, 0% used [0x00000000ec100000,0x00000000ec100000,0x00000000ec380000)
 ParOldGen       total 68608K, used 21698K [0x00000000c0000000, 0x00000000c4300000, 0x00000000eab00000)
  object space 68608K, 31% used [0x00000000c0000000,0x00000000c1530948,0x00000000c4300000)
 Metaspace       used 42719K, committed 43712K, reserved 1114112K
  class space    used 4368K, committed 4800K, reserved 1048576K
}
Event: 11.885 GC heap before
{Heap before GC invocations=17 (full 2):
 PSYoungGen      total 24064K, used 24050K [0x00000000eab00000, 0x00000000ec600000, 0x0000000100000000)
  eden space 22016K, 100% used [0x00000000eab00000,0x00000000ec080000,0x00000000ec080000)
  from space 2048K, 99% used [0x00000000ec400000,0x00000000ec5fc8d8,0x00000000ec600000)
  to   space 2560K, 0% used [0x00000000ec100000,0x00000000ec100000,0x00000000ec380000)
 ParOldGen       total 68608K, used 21698K [0x00000000c0000000, 0x00000000c4300000, 0x00000000eab00000)
  object space 68608K, 31% used [0x00000000c0000000,0x00000000c1530948,0x00000000c4300000)
 Metaspace       used 42752K, committed 43712K, reserved 1114112K
  class space    used 4368K, committed 4800K, reserved 1048576K
}
Event: 11.886 GC heap after
{Heap after GC invocations=17 (full 2):
 PSYoungGen      total 23552K, used 1029K [0x00000000eab00000, 0x00000000ec480000, 0x0000000100000000)
  eden space 22016K, 0% used [0x00000000eab00000,0x00000000eab00000,0x00000000ec080000)
  from space 1536K, 66% used [0x00000000ec100000,0x00000000ec201430,0x00000000ec280000)
  to   space 1536K, 0% used [0x00000000ec300000,0x00000000ec300000,0x00000000ec480000)
 ParOldGen       total 68608K, used 23122K [0x00000000c0000000, 0x00000000c4300000, 0x00000000eab00000)
  object space 68608K, 33% used [0x00000000c0000000,0x00000000c1694930,0x00000000c4300000)
 Metaspace       used 42752K, committed 43712K, reserved 1114112K
  class space    used 4368K, committed 4800K, reserved 1048576K
}
Event: 12.029 GC heap before
{Heap before GC invocations=18 (full 2):
 PSYoungGen      total 23552K, used 23045K [0x00000000eab00000, 0x00000000ec480000, 0x0000000100000000)
  eden space 22016K, 100% used [0x00000000eab00000,0x00000000ec080000,0x00000000ec080000)
  from space 1536K, 66% used [0x00000000ec100000,0x00000000ec201430,0x00000000ec280000)
  to   space 1536K, 0% used [0x00000000ec300000,0x00000000ec300000,0x00000000ec480000)
 ParOldGen       total 68608K, used 23122K [0x00000000c0000000, 0x00000000c4300000, 0x00000000eab00000)
  object space 68608K, 33% used [0x00000000c0000000,0x00000000c1694930,0x00000000c4300000)
 Metaspace       used 43936K, committed 44928K, reserved 1114112K
  class space    used 4513K, committed 4928K, reserved 1048576K
}
Event: 12.030 GC heap after
{Heap after GC invocations=18 (full 2):
 PSYoungGen      total 22528K, used 480K [0x00000000eab00000, 0x00000000ec380000, 0x0000000100000000)
  eden space 22016K, 0% used [0x00000000eab00000,0x00000000eab00000,0x00000000ec080000)
  from space 512K, 93% used [0x00000000ec300000,0x00000000ec378000,0x00000000ec380000)
  to   space 1024K, 0% used [0x00000000ec180000,0x00000000ec180000,0x00000000ec280000)
 ParOldGen       total 68608K, used 23154K [0x00000000c0000000, 0x00000000c4300000, 0x00000000eab00000)
  object space 68608K, 33% used [0x00000000c0000000,0x00000000c169c930,0x00000000c4300000)
 Metaspace       used 43936K, committed 44928K, reserved 1114112K
  class space    used 4513K, committed 4928K, reserved 1048576K
}
Event: 12.497 GC heap before
{Heap before GC invocations=19 (full 2):
 PSYoungGen      total 22528K, used 22496K [0x00000000eab00000, 0x00000000ec380000, 0x0000000100000000)
  eden space 22016K, 100% used [0x00000000eab00000,0x00000000ec080000,0x00000000ec080000)
  from space 512K, 93% used [0x00000000ec300000,0x00000000ec378000,0x00000000ec380000)
  to   space 1024K, 0% used [0x00000000ec180000,0x00000000ec180000,0x00000000ec280000)
 ParOldGen       total 68608K, used 23154K [0x00000000c0000000, 0x00000000c4300000, 0x00000000eab00000)
  object space 68608K, 33% used [0x00000000c0000000,0x00000000c169c930,0x00000000c4300000)
 Metaspace       used 45299K, committed 46272K, reserved 1114112K
  class space    used 4626K, committed 5056K, reserved 1048576K
}
Event: 12.498 GC heap after
{Heap after GC invocations=19 (full 2):
 PSYoungGen      total 23040K, used 768K [0x00000000eab00000, 0x00000000ec380000, 0x0000000100000000)
  eden space 22016K, 0% used [0x00000000eab00000,0x00000000eab00000,0x00000000ec080000)
  from space 1024K, 75% used [0x00000000ec180000,0x00000000ec240000,0x00000000ec280000)
  to   space 1024K, 0% used [0x00000000ec280000,0x00000000ec280000,0x00000000ec380000)
 ParOldGen       total 68608K, used 23314K [0x00000000c0000000, 0x00000000c4300000, 0x00000000eab00000)
  object space 68608K, 33% used [0x00000000c0000000,0x00000000c16c4930,0x00000000c4300000)
 Metaspace       used 45299K, committed 46272K, reserved 1114112K
  class space    used 4626K, committed 5056K, reserved 1048576K
}
Event: 13.113 GC heap before
{Heap before GC invocations=20 (full 2):
 PSYoungGen      total 23040K, used 22784K [0x00000000eab00000, 0x00000000ec380000, 0x0000000100000000)
  eden space 22016K, 100% used [0x00000000eab00000,0x00000000ec080000,0x00000000ec080000)
  from space 1024K, 75% used [0x00000000ec180000,0x00000000ec240000,0x00000000ec280000)
  to   space 1024K, 0% used [0x00000000ec280000,0x00000000ec280000,0x00000000ec380000)
 ParOldGen       total 68608K, used 23314K [0x00000000c0000000, 0x00000000c4300000, 0x00000000eab00000)
  object space 68608K, 33% used [0x00000000c0000000,0x00000000c16c4930,0x00000000c4300000)
 Metaspace       used 47162K, committed 48192K, reserved 1114112K
  class space    used 4805K, committed 5312K, reserved 1048576K
}
Event: 13.115 GC heap after
{Heap after GC invocations=20 (full 2):
 PSYoungGen      total 23040K, used 960K [0x00000000eab00000, 0x00000000ec380000, 0x0000000100000000)
  eden space 22016K, 0% used [0x00000000eab00000,0x00000000eab00000,0x00000000ec080000)
  from space 1024K, 93% used [0x00000000ec280000,0x00000000ec370020,0x00000000ec380000)
  to   space 1024K, 0% used [0x00000000ec180000,0x00000000ec180000,0x00000000ec280000)
 ParOldGen       total 68608K, used 23706K [0x00000000c0000000, 0x00000000c4300000, 0x00000000eab00000)
  object space 68608K, 34% used [0x00000000c0000000,0x00000000c1726930,0x00000000c4300000)
 Metaspace       used 47162K, committed 48192K, reserved 1114112K
  class space    used 4805K, committed 5312K, reserved 1048576K
}
Event: 13.183 GC heap before
{Heap before GC invocations=21 (full 2):
 PSYoungGen      total 23040K, used 22976K [0x00000000eab00000, 0x00000000ec380000, 0x0000000100000000)
  eden space 22016K, 100% used [0x00000000eab00000,0x00000000ec080000,0x00000000ec080000)
  from space 1024K, 93% used [0x00000000ec280000,0x00000000ec370020,0x00000000ec380000)
  to   space 1024K, 0% used [0x00000000ec180000,0x00000000ec180000,0x00000000ec280000)
 ParOldGen       total 68608K, used 23706K [0x00000000c0000000, 0x00000000c4300000, 0x00000000eab00000)
  object space 68608K, 34% used [0x00000000c0000000,0x00000000c1726930,0x00000000c4300000)
 Metaspace       used 47274K, committed 48320K, reserved 1114112K
  class space    used 4814K, committed 5312K, reserved 1048576K
}
Event: 13.186 GC heap after
{Heap after GC invocations=21 (full 2):
 PSYoungGen      total 23040K, used 1024K [0x00000000eab00000, 0x00000000ec880000, 0x0000000100000000)
  eden space 22016K, 0% used [0x00000000eab00000,0x00000000eab00000,0x00000000ec080000)
  from space 1024K, 100% used [0x00000000ec180000,0x00000000ec280000,0x00000000ec280000)
  to   space 4096K, 0% used [0x00000000ec480000,0x00000000ec480000,0x00000000ec880000)
 ParOldGen       total 68608K, used 25882K [0x00000000c0000000, 0x00000000c4300000, 0x00000000eab00000)
  object space 68608K, 37% used [0x00000000c0000000,0x00000000c19468e0,0x00000000c4300000)
 Metaspace       used 47274K, committed 48320K, reserved 1114112K
  class space    used 4814K, committed 5312K, reserved 1048576K
}
Event: 13.232 GC heap before
{Heap before GC invocations=22 (full 2):
 PSYoungGen      total 23040K, used 23040K [0x00000000eab00000, 0x00000000ec880000, 0x0000000100000000)
  eden space 22016K, 100% used [0x00000000eab00000,0x00000000ec080000,0x00000000ec080000)
  from space 1024K, 100% used [0x00000000ec180000,0x00000000ec280000,0x00000000ec280000)
  to   space 4096K, 0% used [0x00000000ec480000,0x00000000ec480000,0x00000000ec880000)
 ParOldGen       total 68608K, used 25882K [0x00000000c0000000, 0x00000000c4300000, 0x00000000eab00000)
  object space 68608K, 37% used [0x00000000c0000000,0x00000000c19468e0,0x00000000c4300000)
 Metaspace       used 47281K, committed 48320K, reserved 1114112K
  class space    used 4814K, committed 5312K, reserved 1048576K
}
Event: 13.235 GC heap after
{Heap after GC invocations=22 (full 2):
 PSYoungGen      total 25600K, used 3140K [0x00000000eab00000, 0x00000000ec800000, 0x0000000100000000)
  eden space 22016K, 0% used [0x00000000eab00000,0x00000000eab00000,0x00000000ec080000)
  from space 3584K, 87% used [0x00000000ec480000,0x00000000ec791010,0x00000000ec800000)
  to   space 3584K, 0% used [0x00000000ec100000,0x00000000ec100000,0x00000000ec480000)
 ParOldGen       total 68608K, used 26966K [0x00000000c0000000, 0x00000000c4300000, 0x00000000eab00000)
  object space 68608K, 39% used [0x00000000c0000000,0x00000000c1a55a00,0x00000000c4300000)
 Metaspace       used 47281K, committed 48320K, reserved 1114112K
  class space    used 4814K, committed 5312K, reserved 1048576K
}
Event: 13.286 GC heap before
{Heap before GC invocations=23 (full 2):
 PSYoungGen      total 25600K, used 25156K [0x00000000eab00000, 0x00000000ec800000, 0x0000000100000000)
  eden space 22016K, 100% used [0x00000000eab00000,0x00000000ec080000,0x00000000ec080000)
  from space 3584K, 87% used [0x00000000ec480000,0x00000000ec791010,0x00000000ec800000)
  to   space 3584K, 0% used [0x00000000ec100000,0x00000000ec100000,0x00000000ec480000)
 ParOldGen       total 68608K, used 26966K [0x00000000c0000000, 0x00000000c4300000, 0x00000000eab00000)
  object space 68608K, 39% used [0x00000000c0000000,0x00000000c1a55a00,0x00000000c4300000)
 Metaspace       used 47354K, committed 48384K, reserved 1114112K
  class space    used 4819K, committed 5312K, reserved 1048576K
}
Event: 13.290 GC heap after
{Heap after GC invocations=23 (full 2):
 PSYoungGen      total 24576K, used 2456K [0x00000000eab00000, 0x00000000ec680000, 0x0000000100000000)
  eden space 22016K, 0% used [0x00000000eab00000,0x00000000eab00000,0x00000000ec080000)
  from space 2560K, 95% used [0x00000000ec100000,0x00000000ec366200,0x00000000ec380000)
  to   space 3072K, 0% used [0x00000000ec380000,0x00000000ec380000,0x00000000ec680000)
 ParOldGen       total 68608K, used 29834K [0x00000000c0000000, 0x00000000c4300000, 0x00000000eab00000)
  object space 68608K, 43% used [0x00000000c0000000,0x00000000c1d22a10,0x00000000c4300000)
 Metaspace       used 47354K, committed 48384K, reserved 1114112K
  class space    used 4819K, committed 5312K, reserved 1048576K
}
Event: 13.695 GC heap before
{Heap before GC invocations=24 (full 2):
 PSYoungGen      total 24576K, used 24472K [0x00000000eab00000, 0x00000000ec680000, 0x0000000100000000)
  eden space 22016K, 100% used [0x00000000eab00000,0x00000000ec080000,0x00000000ec080000)
  from space 2560K, 95% used [0x00000000ec100000,0x00000000ec366200,0x00000000ec380000)
  to   space 3072K, 0% used [0x00000000ec380000,0x00000000ec380000,0x00000000ec680000)
 ParOldGen       total 68608K, used 29834K [0x00000000c0000000, 0x00000000c4300000, 0x00000000eab00000)
  object space 68608K, 43% used [0x00000000c0000000,0x00000000c1d22a10,0x00000000c4300000)
 Metaspace       used 50003K, committed 51072K, reserved 1114112K
  class space    used 5116K, committed 5632K, reserved 1048576K
}
Event: 13.698 GC heap after
{Heap after GC invocations=24 (full 2):
 PSYoungGen      total 24576K, used 2131K [0x00000000eab00000, 0x00000000ec600000, 0x0000000100000000)
  eden space 22016K, 0% used [0x00000000eab00000,0x00000000eab00000,0x00000000ec080000)
  from space 2560K, 83% used [0x00000000ec380000,0x00000000ec594e78,0x00000000ec600000)
  to   space 2560K, 0% used [0x00000000ec100000,0x00000000ec100000,0x00000000ec380000)
 ParOldGen       total 68608K, used 32139K [0x00000000c0000000, 0x00000000c4300000, 0x00000000eab00000)
  object space 68608K, 46% used [0x00000000c0000000,0x00000000c1f62c10,0x00000000c4300000)
 Metaspace       used 50003K, committed 51072K, reserved 1114112K
  class space    used 5116K, committed 5632K, reserved 1048576K
}
Event: 161.841 GC heap before
{Heap before GC invocations=25 (full 2):
 PSYoungGen      total 24576K, used 24147K [0x00000000eab00000, 0x00000000ec600000, 0x0000000100000000)
  eden space 22016K, 100% used [0x00000000eab00000,0x00000000ec080000,0x00000000ec080000)
  from space 2560K, 83% used [0x00000000ec380000,0x00000000ec594e78,0x00000000ec600000)
  to   space 2560K, 0% used [0x00000000ec100000,0x00000000ec100000,0x00000000ec380000)
 ParOldGen       total 68608K, used 32139K [0x00000000c0000000, 0x00000000c4300000, 0x00000000eab00000)
  object space 68608K, 46% used [0x00000000c0000000,0x00000000c1f62c10,0x00000000c4300000)
 Metaspace       used 51681K, committed 52800K, reserved 1114112K
  class space    used 5261K, committed 5760K, reserved 1048576K
}
Event: 162.041 GC heap after
{Heap after GC invocations=25 (full 2):
 PSYoungGen      total 23040K, used 857K [0x00000000eab00000, 0x00000000ec400000, 0x0000000100000000)
  eden space 22016K, 0% used [0x00000000eab00000,0x00000000eab00000,0x00000000ec080000)
  from space 1024K, 83% used [0x00000000ec100000,0x00000000ec1d64b0,0x00000000ec200000)
  to   space 1536K, 0% used [0x00000000ec280000,0x00000000ec280000,0x00000000ec400000)
 ParOldGen       total 68608K, used 33871K [0x00000000c0000000, 0x00000000c4300000, 0x00000000eab00000)
  object space 68608K, 49% used [0x00000000c0000000,0x00000000c2113f70,0x00000000c4300000)
 Metaspace       used 51681K, committed 52800K, reserved 1114112K
  class space    used 5261K, committed 5760K, reserved 1048576K
}

Dll operation events (10 events):
Event: 0.042 Loaded shared library c:\Users\ruyag\.cursor\extensions\redhat.java-1.38.0-win32-x64\jre\17.0.13-win32-x86_64\bin\java.dll
Event: 0.179 Loaded shared library c:\Users\ruyag\.cursor\extensions\redhat.java-1.38.0-win32-x64\jre\17.0.13-win32-x86_64\bin\zip.dll
Event: 0.184 Loaded shared library C:\Users\ruyag\.cursor\extensions\redhat.java-1.38.0-win32-x64\jre\17.0.13-win32-x86_64\bin\instrument.dll
Event: 0.194 Loaded shared library C:\Users\ruyag\.cursor\extensions\redhat.java-1.38.0-win32-x64\jre\17.0.13-win32-x86_64\bin\net.dll
Event: 0.196 Loaded shared library C:\Users\ruyag\.cursor\extensions\redhat.java-1.38.0-win32-x64\jre\17.0.13-win32-x86_64\bin\nio.dll
Event: 0.201 Loaded shared library C:\Users\ruyag\.cursor\extensions\redhat.java-1.38.0-win32-x64\jre\17.0.13-win32-x86_64\bin\zip.dll
Event: 0.218 Loaded shared library C:\Users\ruyag\.cursor\extensions\redhat.java-1.38.0-win32-x64\jre\17.0.13-win32-x86_64\bin\jimage.dll
Event: 0.278 Loaded shared library c:\Users\ruyag\.cursor\extensions\redhat.java-1.38.0-win32-x64\jre\17.0.13-win32-x86_64\bin\verify.dll
Event: 6.815 Loaded shared library C:\Users\ruyag\AppData\Roaming\Cursor\User\globalStorage\redhat.java\1.38.0\config_ss_win\org.eclipse.equinox.launcher\org.eclipse.equinox.launcher.win32.win32.x86_64_1.2.1100.v20240722-2106\eclipse_11904.dll
Event: 7.888 Loaded shared library C:\Users\ruyag\AppData\Local\Temp\jna-108886332\jna17479534109668498507.dll

Deoptimization events (20 events):
Event: 180.695 Thread 0x000001bcb53d2d20 Uncommon trap: trap_request=0xffffffde fr.pc=0x000001bca4095000 relative=0x0000000000000da0
Event: 180.695 Thread 0x000001bcb53d2d20 Uncommon trap: reason=class_check action=maybe_recompile pc=0x000001bca4095000 method=java.io.DataOutputStream.write([BII)V @ 7 c2
Event: 180.695 Thread 0x000001bcb53d2d20 DEOPT PACKING pc=0x000001bca4095000 sp=0x00000075674fe020
Event: 180.695 Thread 0x000001bcb53d2d20 DEOPT UNPACKING pc=0x000001bca36b66a3 sp=0x00000075674fdf70 mode 2
Event: 180.695 Thread 0x000001bcb53d2d20 Uncommon trap: trap_request=0xffffffde fr.pc=0x000001bca4097dfc relative=0x000000000000023c
Event: 180.695 Thread 0x000001bcb53d2d20 Uncommon trap: reason=class_check action=maybe_recompile pc=0x000001bca4097dfc method=java.io.DataOutputStream.writeByte(I)V @ 5 c2
Event: 180.695 Thread 0x000001bcb53d2d20 DEOPT PACKING pc=0x000001bca4097dfc sp=0x00000075674fe0c0
Event: 180.696 Thread 0x000001bcb53d2d20 DEOPT UNPACKING pc=0x000001bca36b66a3 sp=0x00000075674fe088 mode 2
Event: 180.696 Thread 0x000001bcb53d2d20 Uncommon trap: trap_request=0xffffffde fr.pc=0x000001bca4093a54 relative=0x0000000000000394
Event: 180.696 Thread 0x000001bcb53d2d20 Uncommon trap: reason=class_check action=maybe_recompile pc=0x000001bca4093a54 method=java.io.DataOutputStream.writeInt(I)V @ 53 c2
Event: 180.696 Thread 0x000001bcb53d2d20 DEOPT PACKING pc=0x000001bca4093a54 sp=0x00000075674fe0a0
Event: 180.696 Thread 0x000001bcb53d2d20 DEOPT UNPACKING pc=0x000001bca36b66a3 sp=0x00000075674fe078 mode 2
Event: 180.696 Thread 0x000001bcb53d2d20 Uncommon trap: trap_request=0xffffffde fr.pc=0x000001bca4096420 relative=0x00000000000004e0
Event: 180.696 Thread 0x000001bcb53d2d20 Uncommon trap: reason=class_check action=maybe_recompile pc=0x000001bca4096420 method=java.io.DataOutputStream.write([BII)V @ 7 c2
Event: 180.696 Thread 0x000001bcb53d2d20 DEOPT PACKING pc=0x000001bca4096420 sp=0x00000075674fdf70
Event: 180.696 Thread 0x000001bcb53d2d20 DEOPT UNPACKING pc=0x000001bca36b66a3 sp=0x00000075674fdf58 mode 2
Event: 180.699 Thread 0x000001bcb53d2d20 Uncommon trap: trap_request=0xffffffde fr.pc=0x000001bca4097dfc relative=0x000000000000023c
Event: 180.699 Thread 0x000001bcb53d2d20 Uncommon trap: reason=class_check action=maybe_recompile pc=0x000001bca4097dfc method=java.io.DataOutputStream.writeByte(I)V @ 5 c2
Event: 180.699 Thread 0x000001bcb53d2d20 DEOPT PACKING pc=0x000001bca4097dfc sp=0x00000075674fe0c0
Event: 180.699 Thread 0x000001bcb53d2d20 DEOPT UNPACKING pc=0x000001bca36b66a3 sp=0x00000075674fe088 mode 2

Classes loaded (20 events):
Event: 166.350 Loading class java/util/concurrent/ForkJoinTask$AdaptedCallable
Event: 166.751 Loading class java/util/concurrent/ForkJoinTask$AdaptedCallable done
Event: 167.080 Loading class java/util/stream/Nodes$CollectorTask$OfRef
Event: 167.261 Loading class java/util/stream/Nodes$CollectorTask
Event: 167.278 Loading class java/util/stream/AbstractTask
Event: 167.287 Loading class java/util/concurrent/CountedCompleter
Event: 167.303 Loading class java/util/concurrent/CountedCompleter done
Event: 167.303 Loading class java/util/stream/AbstractTask done
Event: 167.303 Loading class java/util/stream/Nodes$CollectorTask done
Event: 167.303 Loading class java/util/stream/Nodes$CollectorTask$OfRef done
Event: 167.306 Loading class java/util/function/LongFunction
Event: 167.366 Loading class java/util/function/LongFunction done
Event: 167.374 Loading class java/util/stream/Nodes$ConcNode
Event: 167.426 Loading class java/util/stream/Nodes$AbstractConcNode
Event: 167.431 Loading class java/util/stream/Nodes$AbstractConcNode done
Event: 167.433 Loading class java/util/stream/Nodes$ConcNode done
Event: 179.659 Loading class java/util/Hashtable$KeySet
Event: 179.664 Loading class java/util/Hashtable$KeySet done
Event: 180.865 Loading class javax/security/auth/login/Configuration
Event: 180.897 Loading class javax/security/auth/login/Configuration done

Classes unloaded (7 events):
Event: 7.633 Thread 0x000001bc99609450 Unloading class 0x000000010021a400 'java/lang/invoke/LambdaForm$MH+0x000000010021a400'
Event: 7.633 Thread 0x000001bc99609450 Unloading class 0x000000010021a000 'java/lang/invoke/LambdaForm$MH+0x000000010021a000'
Event: 7.633 Thread 0x000001bc99609450 Unloading class 0x0000000100219c00 'java/lang/invoke/LambdaForm$MH+0x0000000100219c00'
Event: 7.633 Thread 0x000001bc99609450 Unloading class 0x0000000100219800 'java/lang/invoke/LambdaForm$MH+0x0000000100219800'
Event: 7.633 Thread 0x000001bc99609450 Unloading class 0x0000000100219400 'java/lang/invoke/LambdaForm$BMH+0x0000000100219400'
Event: 7.633 Thread 0x000001bc99609450 Unloading class 0x0000000100219000 'java/lang/invoke/LambdaForm$DMH+0x0000000100219000'
Event: 7.633 Thread 0x000001bc99609450 Unloading class 0x0000000100214400 'java/lang/invoke/LambdaForm$DMH+0x0000000100214400'

Classes redefined (0 events):
No events

Internal exceptions (20 events):
Event: 13.619 Thread 0x000001bcb53d4b80 Exception <a 'java/lang/NoSuchMethodError'{0x00000000eba2b310}: 'int java.lang.invoke.DirectMethodHandle$Holder.invokeStatic(java.lang.Object, int, java.lang.Object)'> (0x00000000eba2b310) 
thrown [s\src\hotspot\share\interpreter\linkResolver.cpp, line 759]
Event: 13.761 Thread 0x000001bcb5235570 Exception <a 'java/io/FileNotFoundException'{0x00000000eaff7ce8}> (0x00000000eaff7ce8) 
thrown [s\src\hotspot\share\prims\jni.cpp, line 516]
Event: 13.762 Thread 0x000001bcb5235570 Exception <a 'java/io/FileNotFoundException'{0x00000000eaff93e8}> (0x00000000eaff93e8) 
thrown [s\src\hotspot\share\prims\jni.cpp, line 516]
Event: 13.762 Thread 0x000001bcb5235570 Exception <a 'java/io/FileNotFoundException'{0x00000000eaffa6b0}> (0x00000000eaffa6b0) 
thrown [s\src\hotspot\share\prims\jni.cpp, line 516]
Event: 27.822 Thread 0x000001bcb53d4b80 Exception <a 'java/lang/NoSuchMethodError'{0x00000000eba2d020}: 'java.lang.Object java.lang.invoke.DirectMethodHandle$Holder.invokeStatic(java.lang.Object, int, java.lang.Object)'> (0x00000000eba2d020) 
thrown [s\src\hotspot\share\interpreter\linkResolver.cpp, line 759]
Event: 161.591 Thread 0x000001bcb53d55a0 Exception <a 'java/lang/ArrayIndexOutOfBoundsException'{0x00000000ec01b080}> (0x00000000ec01b080) 
thrown [s\src\hotspot\share\runtime\sharedRuntime.cpp, line 631]
Event: 164.612 Thread 0x000001bcb523c9e0 Implicit null exception at 0x000001bca3df1551 to 0x000001bca3df17e0
Event: 165.024 Thread 0x000001bcb523c9e0 Implicit null exception at 0x000001bca4066cc7 to 0x000001bca406799c
Event: 172.849 Thread 0x000001bcb523c9e0 Exception <a 'java/io/FileNotFoundException'{0x00000000eabd8448}> (0x00000000eabd8448) 
thrown [s\src\hotspot\share\prims\jni.cpp, line 516]
Event: 177.847 Thread 0x000001bcb523c9e0 Exception <a 'java/lang/NoSuchMethodError'{0x00000000eac4d040}: 'java.lang.Object java.lang.invoke.DirectMethodHandle$Holder.newInvokeSpecial(java.lang.Object, java.lang.Object, java.lang.Object, java.lang.Object, java.lang.Object, java.lang.Object, java.lang.Object, java.lang.Object, java.lang.Object, java.lang.Object)'> (0x00000000eac4d040) 
thrown [s\src\hotspot\share\interpreter\linkResolver.cpp, line 759]
Event: 177.877 Thread 0x000001bcb523c9e0 Exception <a 'java/lang/NoSuchMethodError'{0x00000000eac51be8}: 'java.lang.Object java.lang.invoke.DirectMethodHandle$Holder.invokeSpecial(java.lang.Object, java.lang.Object, java.lang.Object, java.lang.Object, java.lang.Object, java.lang.Object, java.lang.Object, java.lang.Object, java.lang.Object, java.lang.Object, java.lang.Object)'> (0x00000000eac51be8) 
thrown [s\src\hotspot\share\interpreter\linkResolver.cpp, line 759]
Event: 177.882 Thread 0x000001bcb523c9e0 Exception <a 'java/lang/NoSuchMethodError'{0x00000000eac56670}: 'java.lang.Object java.lang.invoke.Invokers$Holder.linkToTargetMethod(java.lang.Object, java.lang.Object, java.lang.Object, java.lang.Object, java.lang.Object, java.lang.Object, java.lang.Object, java.lang.Object, java.lang.Object, java.lang.Object)'> (0x00000000eac56670) 
thrown [s\src\hotspot\share\interpreter\linkResolver.cpp, line 759]
Event: 178.443 Thread 0x000001bcb523c9e0 Exception <a 'sun/nio/fs/WindowsException'{0x00000000eacd74c0}> (0x00000000eacd74c0) 
thrown [s\src\hotspot\share\prims\jni.cpp, line 516]
Event: 179.384 Thread 0x000001bcb53d2d20 Exception <a 'sun/nio/fs/WindowsException'{0x00000000ead78718}> (0x00000000ead78718) 
thrown [s\src\hotspot\share\prims\jni.cpp, line 516]
Event: 179.384 Thread 0x000001bcb53d2d20 Exception <a 'sun/nio/fs/WindowsException'{0x00000000ead78f98}> (0x00000000ead78f98) 
thrown [s\src\hotspot\share\prims\jni.cpp, line 516]
Event: 179.389 Thread 0x000001bcb53d2d20 Exception <a 'sun/nio/fs/WindowsException'{0x00000000ead79bb0}> (0x00000000ead79bb0) 
thrown [s\src\hotspot\share\prims\jni.cpp, line 516]
Event: 179.391 Thread 0x000001bcb53d2d20 Exception <a 'sun/nio/fs/WindowsException'{0x00000000ead7a1e8}> (0x00000000ead7a1e8) 
thrown [s\src\hotspot\share\prims\jni.cpp, line 516]
Event: 179.779 Thread 0x000001bcb53d2d20 Exception <a 'java/io/FileNotFoundException'{0x00000000eadbad80}> (0x00000000eadbad80) 
thrown [s\src\hotspot\share\prims\jni.cpp, line 516]
Event: 179.782 Thread 0x000001bcb53d2d20 Exception <a 'java/io/FileNotFoundException'{0x00000000eadbc2d8}> (0x00000000eadbc2d8) 
thrown [s\src\hotspot\share\prims\jni.cpp, line 516]
Event: 180.061 Thread 0x000001bcb53d2d20 Implicit null exception at 0x000001bca3f28199 to 0x000001bca3f28880

VM Operations (20 events):
Event: 167.241 Executing VM operation: Cleanup
Event: 167.273 Executing VM operation: Cleanup done
Event: 168.363 Executing VM operation: Cleanup
Event: 168.407 Executing VM operation: Cleanup done
Event: 173.606 Executing VM operation: Cleanup
Event: 173.715 Executing VM operation: Cleanup done
Event: 174.812 Executing VM operation: Cleanup
Event: 175.068 Executing VM operation: Cleanup done
Event: 176.983 Executing VM operation: HandshakeAllThreads
Event: 177.016 Executing VM operation: HandshakeAllThreads done
Event: 178.019 Executing VM operation: Cleanup
Event: 178.035 Executing VM operation: Cleanup done
Event: 179.046 Executing VM operation: Cleanup
Event: 179.047 Executing VM operation: Cleanup done
Event: 180.059 Executing VM operation: Cleanup
Event: 180.075 Executing VM operation: Cleanup done
Event: 180.372 Executing VM operation: HandshakeAllThreads
Event: 180.387 Executing VM operation: HandshakeAllThreads done
Event: 180.489 Executing VM operation: HandshakeAllThreads
Event: 180.489 Executing VM operation: HandshakeAllThreads done

Memory protections (0 events):
No events

Nmethod flushes (20 events):
Event: 15.405 Thread 0x000001bcb25a3da0 flushing  nmethod 0x000001bc9cd69b10
Event: 15.405 Thread 0x000001bcb25a3da0 flushing  nmethod 0x000001bc9cd6be10
Event: 15.405 Thread 0x000001bcb25a3da0 flushing  nmethod 0x000001bc9cd79390
Event: 15.405 Thread 0x000001bcb25a3da0 flushing  nmethod 0x000001bc9cd79810
Event: 15.405 Thread 0x000001bcb25a3da0 flushing  nmethod 0x000001bc9cd92310
Event: 15.405 Thread 0x000001bcb25a3da0 flushing  nmethod 0x000001bc9cd92690
Event: 15.405 Thread 0x000001bcb25a3da0 flushing  nmethod 0x000001bc9cd9d190
Event: 15.405 Thread 0x000001bcb25a3da0 flushing  nmethod 0x000001bc9cd9e310
Event: 15.405 Thread 0x000001bcb25a3da0 flushing  nmethod 0x000001bc9cda1310
Event: 15.405 Thread 0x000001bcb25a3da0 flushing  nmethod 0x000001bc9cda3390
Event: 15.405 Thread 0x000001bcb25a3da0 flushing  nmethod 0x000001bc9cda3e90
Event: 15.405 Thread 0x000001bcb25a3da0 flushing  nmethod 0x000001bc9cdacb10
Event: 15.405 Thread 0x000001bcb25a3da0 flushing  nmethod 0x000001bc9cdaed10
Event: 15.405 Thread 0x000001bcb25a3da0 flushing  nmethod 0x000001bc9cdb0710
Event: 15.405 Thread 0x000001bcb25a3da0 flushing  nmethod 0x000001bc9cdd3210
Event: 15.405 Thread 0x000001bcb25a3da0 flushing  nmethod 0x000001bc9cdddc90
Event: 15.405 Thread 0x000001bcb25a3da0 flushing  nmethod 0x000001bc9cdfdd90
Event: 15.405 Thread 0x000001bcb25a3da0 flushing  nmethod 0x000001bc9ce20090
Event: 15.405 Thread 0x000001bcb25a3da0 flushing  nmethod 0x000001bc9ce20510
Event: 15.405 Thread 0x000001bcb25a3da0 flushing  nmethod 0x000001bc9ce49790

Events (20 events):
Event: 10.475 Thread 0x000001bcb5235f90 Thread added: 0x000001bcb53d18e0
Event: 10.477 Thread 0x000001bcb5235f90 Thread added: 0x000001bcb53d3230
Event: 10.480 Thread 0x000001bcb5235f90 Thread added: 0x000001bcb53d1df0
Event: 10.483 Thread 0x000001bcb5235f90 Thread added: 0x000001bcb53d55a0
Event: 10.486 Thread 0x000001bcb5235f90 Thread added: 0x000001bcb53d5ab0
Event: 13.000 Thread 0x000001bcb25743d0 Thread exited: 0x000001bcb25743d0
Event: 14.990 Thread 0x000001bcb27d7920 Thread exited: 0x000001bcb27d7920
Event: 15.700 Thread 0x000001bcb259acc0 Thread added: 0x000001bcb4603a30
Event: 22.864 Thread 0x000001bcb4603a30 Thread exited: 0x000001bcb4603a30
Event: 73.877 Thread 0x000001bcb5235570 Thread exited: 0x000001bcb5235570
Event: 88.027 Thread 0x000001bcb53d4b80 Thread exited: 0x000001bcb53d4b80
Event: 138.621 Thread 0x000001bcb5238d20 Thread added: 0x000001bcb53d5090
Event: 148.468 Thread 0x000001bcb53cf570 Thread exited: 0x000001bcb53cf570
Event: 161.732 Thread 0x000001bcb5235f90 Thread added: 0x000001bcb53d2300
Event: 166.963 Thread 0x000001bcb523c9e0 Thread added: 0x000001bcb53d13d0
Event: 167.895 Thread 0x000001bcb53d13d0 Thread exited: 0x000001bcb53d13d0
Event: 177.976 Thread 0x000001bcb523c9e0 Thread added: 0x000001bcb53d4b80
Event: 178.284 Thread 0x000001bcb53d4b80 Thread exited: 0x000001bcb53d4b80
Event: 178.896 Thread 0x000001bc9957f3f0 Thread added: 0x000001bcb53d2d20
Event: 180.305 Thread 0x000001bcb53d2d20 Thread added: 0x000001bcb53d69e0


Dynamic libraries:
0x00007ff7448c0000 - 0x00007ff7448ce000 	c:\Users\ruyag\.cursor\extensions\redhat.java-1.38.0-win32-x64\jre\17.0.13-win32-x86_64\bin\java.exe
0x00007ffb3f290000 - 0x00007ffb3f4a7000 	C:\WINDOWS\SYSTEM32\ntdll.dll
0x00007ffb3d8f0000 - 0x00007ffb3d9b4000 	C:\WINDOWS\System32\KERNEL32.DLL
0x00007ffb3c720000 - 0x00007ffb3cada000 	C:\WINDOWS\System32\KERNELBASE.dll
0x00007ffb3c560000 - 0x00007ffb3c671000 	C:\WINDOWS\System32\ucrtbase.dll
0x00007ffb1b8c0000 - 0x00007ffb1b8de000 	c:\Users\ruyag\.cursor\extensions\redhat.java-1.38.0-win32-x64\jre\17.0.13-win32-x86_64\bin\VCRUNTIME140.dll
0x00007ffb1b250000 - 0x00007ffb1b267000 	c:\Users\ruyag\.cursor\extensions\redhat.java-1.38.0-win32-x64\jre\17.0.13-win32-x86_64\bin\jli.dll
0x00007ffb3cf90000 - 0x00007ffb3d13e000 	C:\WINDOWS\System32\USER32.dll
0x00007ffb3cee0000 - 0x00007ffb3cf06000 	C:\WINDOWS\System32\win32u.dll
0x00007ffb20630000 - 0x00007ffb208c2000 	C:\WINDOWS\WinSxS\amd64_microsoft.windows.common-controls_6595b64144ccf1df_6.0.22621.4541_none_2710d1c57384c085\COMCTL32.dll
0x00007ffb3eb50000 - 0x00007ffb3eb79000 	C:\WINDOWS\System32\GDI32.dll
0x00007ffb3e620000 - 0x00007ffb3e6c7000 	C:\WINDOWS\System32\msvcrt.dll
0x00007ffb3cdc0000 - 0x00007ffb3cedb000 	C:\WINDOWS\System32\gdi32full.dll
0x00007ffb3c680000 - 0x00007ffb3c71a000 	C:\WINDOWS\System32\msvcp_win.dll
0x00007ffb3e2a0000 - 0x00007ffb3e2d1000 	C:\WINDOWS\System32\IMM32.DLL
0x00007ffb24d60000 - 0x00007ffb24d6c000 	c:\Users\ruyag\.cursor\extensions\redhat.java-1.38.0-win32-x64\jre\17.0.13-win32-x86_64\bin\vcruntime140_1.dll
0x00007ffadc680000 - 0x00007ffadc70d000 	c:\Users\ruyag\.cursor\extensions\redhat.java-1.38.0-win32-x64\jre\17.0.13-win32-x86_64\bin\msvcp140.dll
0x00007ffa97040000 - 0x00007ffa97cab000 	c:\Users\ruyag\.cursor\extensions\redhat.java-1.38.0-win32-x64\jre\17.0.13-win32-x86_64\bin\server\jvm.dll
0x00007ffb3d2c0000 - 0x00007ffb3d372000 	C:\WINDOWS\System32\ADVAPI32.dll
0x00007ffb3ed40000 - 0x00007ffb3ede7000 	C:\WINDOWS\System32\sechost.dll
0x00007ffb3cba0000 - 0x00007ffb3cbc8000 	C:\WINDOWS\System32\bcrypt.dll
0x00007ffb3f130000 - 0x00007ffb3f244000 	C:\WINDOWS\System32\RPCRT4.dll
0x00007ffb3d140000 - 0x00007ffb3d1b1000 	C:\WINDOWS\System32\WS2_32.dll
0x00007ffb3c430000 - 0x00007ffb3c47d000 	C:\WINDOWS\SYSTEM32\POWRPROF.dll
0x00007ffb34b10000 - 0x00007ffb34b1a000 	C:\WINDOWS\SYSTEM32\VERSION.dll
0x00007ffb39eb0000 - 0x00007ffb39ee4000 	C:\WINDOWS\SYSTEM32\WINMM.dll
0x00007ffb3c410000 - 0x00007ffb3c423000 	C:\WINDOWS\SYSTEM32\UMPDC.dll
0x00007ffb3b5a0000 - 0x00007ffb3b5b8000 	C:\WINDOWS\SYSTEM32\kernel.appcore.dll
0x00007ffb1d4a0000 - 0x00007ffb1d4aa000 	c:\Users\ruyag\.cursor\extensions\redhat.java-1.38.0-win32-x64\jre\17.0.13-win32-x86_64\bin\jimage.dll
0x00007ffb39c30000 - 0x00007ffb39e62000 	C:\WINDOWS\SYSTEM32\DBGHELP.DLL
0x00007ffb3d380000 - 0x00007ffb3d70f000 	C:\WINDOWS\System32\combase.dll
0x00007ffb3d810000 - 0x00007ffb3d8e7000 	C:\WINDOWS\System32\OLEAUT32.dll
0x00007ffb39e70000 - 0x00007ffb39ea2000 	C:\WINDOWS\SYSTEM32\dbgcore.DLL
0x00007ffb3cf10000 - 0x00007ffb3cf8b000 	C:\WINDOWS\System32\bcryptPrimitives.dll
0x00007ffb1c0d0000 - 0x00007ffb1c0de000 	c:\Users\ruyag\.cursor\extensions\redhat.java-1.38.0-win32-x64\jre\17.0.13-win32-x86_64\bin\instrument.dll
0x00007ffafd490000 - 0x00007ffafd4b5000 	c:\Users\ruyag\.cursor\extensions\redhat.java-1.38.0-win32-x64\jre\17.0.13-win32-x86_64\bin\java.dll
0x00007ffb18a90000 - 0x00007ffb18aa8000 	c:\Users\ruyag\.cursor\extensions\redhat.java-1.38.0-win32-x64\jre\17.0.13-win32-x86_64\bin\zip.dll
0x00007ffb3d9c0000 - 0x00007ffb3e238000 	C:\WINDOWS\System32\SHELL32.dll
0x00007ffb3a4a0000 - 0x00007ffb3ada8000 	C:\WINDOWS\SYSTEM32\windows.storage.dll
0x00007ffb3a360000 - 0x00007ffb3a49f000 	C:\WINDOWS\SYSTEM32\wintypes.dll
0x00007ffb3d710000 - 0x00007ffb3d80a000 	C:\WINDOWS\System32\SHCORE.dll
0x00007ffb3ee20000 - 0x00007ffb3ee7e000 	C:\WINDOWS\System32\shlwapi.dll
0x00007ffb3c490000 - 0x00007ffb3c4bb000 	C:\WINDOWS\SYSTEM32\profapi.dll
0x00007ffb19c40000 - 0x00007ffb19c59000 	C:\Users\ruyag\.cursor\extensions\redhat.java-1.38.0-win32-x64\jre\17.0.13-win32-x86_64\bin\net.dll
0x00007ffb37b90000 - 0x00007ffb37cc6000 	C:\WINDOWS\SYSTEM32\WINHTTP.dll
0x00007ffb3ba20000 - 0x00007ffb3ba89000 	C:\WINDOWS\system32\mswsock.dll
0x00007ffb13c00000 - 0x00007ffb13c16000 	C:\Users\ruyag\.cursor\extensions\redhat.java-1.38.0-win32-x64\jre\17.0.13-win32-x86_64\bin\nio.dll
0x00007ffb17510000 - 0x00007ffb17520000 	c:\Users\ruyag\.cursor\extensions\redhat.java-1.38.0-win32-x64\jre\17.0.13-win32-x86_64\bin\verify.dll
0x00007ffadc470000 - 0x00007ffadc4b5000 	C:\Users\ruyag\AppData\Roaming\Cursor\User\globalStorage\redhat.java\1.38.0\config_ss_win\org.eclipse.equinox.launcher\org.eclipse.equinox.launcher.win32.win32.x86_64_1.2.1100.v20240722-2106\eclipse_11904.dll
0x00007ffb3ef80000 - 0x00007ffb3f125000 	C:\WINDOWS\System32\ole32.dll
0x00007ffb3bc80000 - 0x00007ffb3bc9b000 	C:\WINDOWS\SYSTEM32\CRYPTSP.dll
0x00007ffb3b500000 - 0x00007ffb3b535000 	C:\WINDOWS\system32\rsaenh.dll
0x00007ffb3bb10000 - 0x00007ffb3bb38000 	C:\WINDOWS\SYSTEM32\USERENV.dll
0x00007ffb3bc70000 - 0x00007ffb3bc7c000 	C:\WINDOWS\SYSTEM32\CRYPTBASE.dll
0x00007ffb3b050000 - 0x00007ffb3b07d000 	C:\WINDOWS\SYSTEM32\IPHLPAPI.DLL
0x00007ffb3e2e0000 - 0x00007ffb3e2e9000 	C:\WINDOWS\System32\NSI.dll
0x00007ffb379d0000 - 0x00007ffb379e9000 	C:\WINDOWS\SYSTEM32\dhcpcsvc6.DLL
0x00007ffb378f0000 - 0x00007ffb3790f000 	C:\WINDOWS\SYSTEM32\dhcpcsvc.DLL
0x00007ffb3b0d0000 - 0x00007ffb3b1d2000 	C:\WINDOWS\SYSTEM32\DNSAPI.dll
0x00007ffadc3d0000 - 0x00007ffadc419000 	C:\Users\ruyag\AppData\Local\Temp\jna-108886332\jna17479534109668498507.dll
0x00007ffb3edf0000 - 0x00007ffb3edf8000 	C:\WINDOWS\System32\PSAPI.DLL
0x00007ffb3b6b0000 - 0x00007ffb3b6e4000 	C:\WINDOWS\SYSTEM32\ntmarta.dll

dbghelp: loaded successfully - version: 4.0.5 - missing functions: none
symbol engine: initialized successfully - sym options: 0x614 - pdb path: .;c:\Users\ruyag\.cursor\extensions\redhat.java-1.38.0-win32-x64\jre\17.0.13-win32-x86_64\bin;C:\WINDOWS\SYSTEM32;C:\WINDOWS\WinSxS\amd64_microsoft.windows.common-controls_6595b64144ccf1df_6.0.22621.4541_none_2710d1c57384c085;c:\Users\ruyag\.cursor\extensions\redhat.java-1.38.0-win32-x64\jre\17.0.13-win32-x86_64\bin\server;C:\Users\ruyag\AppData\Roaming\Cursor\User\globalStorage\redhat.java\1.38.0\config_ss_win\org.eclipse.equinox.launcher\org.eclipse.equinox.launcher.win32.win32.x86_64_1.2.1100.v20240722-2106;C:\Users\ruyag\AppData\Local\Temp\jna-108886332

VM Arguments:
jvm_args: --add-modules=ALL-SYSTEM --add-opens=java.base/java.util=ALL-UNNAMED --add-opens=java.base/java.lang=ALL-UNNAMED --add-opens=java.base/sun.nio.fs=ALL-UNNAMED -Declipse.application=org.eclipse.jdt.ls.core.id1 -Dosgi.bundles.defaultStartLevel=4 -Declipse.product=org.eclipse.jdt.ls.core.product -Djava.import.generatesMetadataFilesAtProjectRoot=false -DDetectVMInstallationsJob.disabled=true -Dfile.encoding=utf8 -XX:+UseParallelGC -XX:GCTimeRatio=4 -XX:AdaptiveSizePolicyWeight=90 -Dsun.zip.disableMemoryMapping=true -Xmx1G -Xms100m -Xlog:disable -javaagent:c:\Users\ruyag\.cursor\extensions\redhat.java-1.38.0-win32-x64\lombok\lombok-1.18.34.jar 
java_command: c:\Users\ruyag\.cursor\extensions\redhat.java-1.38.0-win32-x64\server\plugins\org.eclipse.equinox.launcher_1.6.900.v20240613-2009.jar -configuration c:\Users\ruyag\AppData\Roaming\Cursor\User\globalStorage\redhat.java\1.38.0\config_ss_win -data c:\Users\ruyag\AppData\Roaming\Cursor\User\workspaceStorage\d58415511495a9c8c749dde9ace04084\redhat.java\ss_ws --pipe=\\.\pipe\lsp-c5ebb84a335ae18b8ea1ebda76f90011-sock
java_class_path (initial): c:\Users\ruyag\.cursor\extensions\redhat.java-1.38.0-win32-x64\server\plugins\org.eclipse.equinox.launcher_1.6.900.v20240613-2009.jar
Launcher Type: SUN_STANDARD

[Global flags]
    uintx AdaptiveSizePolicyWeight                 = 90                                        {product} {command line}
     intx CICompilerCount                          = 12                                        {product} {ergonomic}
    uintx GCTimeRatio                              = 4                                         {product} {command line}
   size_t InitialHeapSize                          = 104857600                                 {product} {command line}
   size_t MaxHeapSize                              = 1073741824                                {product} {command line}
   size_t MaxNewSize                               = 357564416                                 {product} {ergonomic}
   size_t MinHeapDeltaBytes                        = 524288                                    {product} {ergonomic}
   size_t MinHeapSize                              = 104857600                                 {product} {command line}
   size_t NewSize                                  = 34603008                                  {product} {ergonomic}
    uintx NonNMethodCodeHeapSize                   = 7602480                                {pd product} {ergonomic}
    uintx NonProfiledCodeHeapSize                  = 122027880                              {pd product} {ergonomic}
   size_t OldSize                                  = 70254592                                  {product} {ergonomic}
    uintx ProfiledCodeHeapSize                     = 122027880                              {pd product} {ergonomic}
    uintx ReservedCodeCacheSize                    = 251658240                              {pd product} {ergonomic}
     bool SegmentedCodeCache                       = true                                      {product} {ergonomic}
   size_t SoftMaxHeapSize                          = 1073741824                             {manageable} {ergonomic}
     bool UseCompressedClassPointers               = true                           {product lp64_product} {ergonomic}
     bool UseCompressedOops                        = true                           {product lp64_product} {ergonomic}
     bool UseLargePagesIndividualAllocation        = false                                  {pd product} {ergonomic}
     bool UseParallelGC                            = true                                      {product} {command line}

Logging:
Log output configuration:
 #0: stdout all=off uptime,level,tags
 #1: stderr all=off uptime,level,tags

Environment Variables:
PATH=C:\Program Files\Common Files\Oracle\Java\javapath;C:\Windows\system32;C:\Windows;C:\Windows\System32\Wbem;C:\Windows\System32\WindowsPowerShell\v1.0\;C:\Windows\System32\OpenSSH\;C:\Program Files\Java\jdk-17\bin;C:\WINDOWS\system32;C:\WINDOWS;C:\WINDOWS\System32\Wbem;C:\WINDOWS\System32\WindowsPowerShell\v1.0\;C:\WINDOWS\System32\OpenSSH\;C:\Program Files\dotnet\;C:\Program Files (x86)\Microsoft SQL Server\160\Tools\Binn\;C:\Program Files\Microsoft SQL Server\160\Tools\Binn\;C:\Program Files\Microsoft SQL Server\Client SDK\ODBC\170\Tools\Binn\;C:\Program Files\Microsoft SQL Server\160\DTS\Binn\;C:\Program Files (x86)\Microsoft SQL Server\160\DTS\Binn\;C:\Program Files\Azure Data Studio\bin;C:\flutter\bin;C:\src\flutter\bin;C:\Program Files\Git\cmd;C:\Program Files\nodejs\;C:\ProgramData\chocolatey\bin;C:\Kullanýcýlar\ruyag\AppData\Local\Programs\Python\Python3X;C:\Kullanýcýlar\ruyag\AppData\Local\Programs\Python\Python3X\scripts;C:\Users\ruyag\AppData\Local\Programs\Python\Python313\Scripts\;C:\Users\ruyag\AppData\Local\Programs\Python\Python313\;C:\Users\ruyag\AppData\Local\Programs\Python\Python312\Scripts\;C:\Users\ruyag\AppData\Local\Programs\Python\Python312\;C:\Users\ruyag\AppData\Local\Microsoft\WindowsApps;C:\Users\ruyag\AppData\Local\Programs\Microsoft VS Code\bin;C:\Users\ruyag\.dotnet\tools;C:\Program Files\Azure Data Studio\bin;C:\Users\ruyag\AppData\Roaming\npm
USERNAME=ruyag
OS=Windows_NT
PROCESSOR_IDENTIFIER=AMD64 Family 23 Model 104 Stepping 1, AuthenticAMD
TMP=C:\Users\ruyag\AppData\Local\Temp
TEMP=C:\Users\ruyag\AppData\Local\Temp



Periodic native trim disabled


---------------  S Y S T E M  ---------------

OS:
 Windows 11 , 64 bit Build 22621 (10.0.22621.4391)
OS uptime: 2 days 1:08 hours

CPU: total 16 (initial active 16) (16 cores per cpu, 2 threads per core) family 23 model 104 stepping 1 microcode 0x0, cx8, cmov, fxsr, ht, mmx, 3dnowpref, sse, sse2, sse3, ssse3, sse4a, sse4.1, sse4.2, popcnt, lzcnt, tsc, tscinvbit, avx, avx2, aes, clmul, bmi1, bmi2, adx, sha, fma, vzeroupper, clflush, clflushopt
Processor Information for all 16 processors :
  Max Mhz: 1801, Current Mhz: 1801, Mhz Limit: 1801

Memory: 4k page, system-wide physical 6005M (0M free)
TotalPageFile size 24437M (AvailPageFile size 2M)
current process WorkingSet (physical memory assigned to process): 50M, peak: 224M
current process commit charge ("private bytes"): 283M, peak: 323M

vm_info: OpenJDK 64-Bit Server VM (17.0.13+11) for windows-amd64 JRE (17.0.13+11), built on Oct 16 2024 00:10:08 by "admin" with MS VC++ 17.7 (VS2022)

END.
