#
# There is insufficient memory for the Java Runtime Environment to continue.
# Native memory allocation (malloc) failed to allocate 726096 bytes. Error detail: Chunk::new
# Possible reasons:
#   The system is out of physical RAM or swap space
#   This process is running with CompressedOops enabled, and the Java Heap may be blocking the growth of the native heap
# Possible solutions:
#   Reduce memory load on the system
#   Increase physical memory or swap space
#   Check if swap backing store is full
#   Decrease Java heap size (-Xmx/-Xms)
#   Decrease number of Java threads
#   Decrease Java thread stack sizes (-Xss)
#   Set larger code cache with -XX:ReservedCodeCacheSize=
#   JVM is running with Unscaled Compressed Oops mode in which the Java heap is
#     placed in the first 4GB address space. The Java Heap base address is the
#     maximum limit for the native heap growth. Please use -XX:HeapBaseMinAddress
#     to set the Java Heap base and to place the Java Heap above 4GB virtual address.
# This output file may be truncated or incomplete.
#
#  Out of Memory Error (arena.cpp:191), pid=11460, tid=19948
#
# JRE version: OpenJDK Runtime Environment Temurin-17.0.13+11 (17.0.13+11) (build 17.0.13+11)
# Java VM: OpenJDK 64-Bit Server VM Temurin-17.0.13+11 (17.0.13+11, mixed mode, tiered, compressed oops, compressed class ptrs, parallel gc, windows-amd64)
# No core dump will be written. Minidumps are not enabled by default on client versions of Windows
#

---------------  S U M M A R Y ------------

Command Line: --add-modules=ALL-SYSTEM --add-opens=java.base/java.util=ALL-UNNAMED --add-opens=java.base/java.lang=ALL-UNNAMED --add-opens=java.base/sun.nio.fs=ALL-UNNAMED -Declipse.application=org.eclipse.jdt.ls.core.id1 -Dosgi.bundles.defaultStartLevel=4 -Declipse.product=org.eclipse.jdt.ls.core.product -Djava.import.generatesMetadataFilesAtProjectRoot=false -DDetectVMInstallationsJob.disabled=true -Dfile.encoding=utf8 -XX:+UseParallelGC -XX:GCTimeRatio=4 -XX:AdaptiveSizePolicyWeight=90 -Dsun.zip.disableMemoryMapping=true -Xmx1G -Xms100m -Xlog:disable -javaagent:c:\Users\ruyag\.cursor\extensions\redhat.java-1.38.0-win32-x64\lombok\lombok-1.18.34.jar c:\Users\ruyag\.cursor\extensions\redhat.java-1.38.0-win32-x64\server\plugins\org.eclipse.equinox.launcher_1.6.900.v20240613-2009.jar -configuration c:\Users\ruyag\AppData\Roaming\Cursor\User\globalStorage\redhat.java\1.38.0\config_ss_win -data c:\Users\ruyag\AppData\Roaming\Cursor\User\workspaceStorage\d58415511495a9c8c749dde9ace04084\redhat.java\ss_ws --pipe=\\.\pipe\lsp-6da1571532f8b52ac6a1d28374239825-sock

Host: AMD Ryzen 7 5700U with Radeon Graphics         , 16 cores, 5G,  Windows 11 , 64 bit Build 22621 (10.0.22621.4391)
Time: Wed Jan  8 23:57:17 2025 Türkiye Standart Saati elapsed time: 539.297732 seconds (0d 0h 8m 59s)

---------------  T H R E A D  ---------------

Current thread (0x000002d851bd9800):  JavaThread "C2 CompilerThread0" daemon [_thread_in_native, id=19948, stack(0x000000d9a0900000,0x000000d9a0a00000)]


Current CompileTask:
C2: 539297 6836       4       org.eclipse.core.runtime.Path::append (147 bytes)

Stack: [0x000000d9a0900000,0x000000d9a0a00000]
Native frames: (J=compiled Java code, j=interpreted, Vv=VM code, C=native code)
V  [jvm.dll+0x682a19]
V  [jvm.dll+0x839538]
V  [jvm.dll+0x83afe3]
V  [jvm.dll+0x83b653]
V  [jvm.dll+0x24704f]
V  [jvm.dll+0xace34]
V  [jvm.dll+0xad4cc]
V  [jvm.dll+0x36592f]
V  [jvm.dll+0x32fbd8]
V  [jvm.dll+0x32f05a]
V  [jvm.dll+0x21804f]
V  [jvm.dll+0x21748f]
V  [jvm.dll+0x1a3070]
V  [jvm.dll+0x22788c]
V  [jvm.dll+0x2259eb]
V  [jvm.dll+0x7eec98]
V  [jvm.dll+0x7e8ffc]
V  [jvm.dll+0x6818f7]
C  [ucrtbase.dll+0x29333]
C  [KERNEL32.DLL+0x1259d]
C  [ntdll.dll+0x5af38]


---------------  P R O C E S S  ---------------

Threads class SMR info:
_java_thread_list=0x000002d8571d4e70, length=44, elements={
0x000002d838b20c80, 0x000002d851baa420, 0x000002d84c999b30, 0x000002d851bc8920,
0x000002d851bc95b0, 0x000002d851bd0b30, 0x000002d851bd2570, 0x000002d851bd9800,
0x000002d851bdd6c0, 0x000002d851be6bb0, 0x000002d838b88380, 0x000002d853c85530,
0x000002d854475f80, 0x000002d8545d38e0, 0x000002d8545d3dc0, 0x000002d8547f4140,
0x000002d8546a3910, 0x000002d8546a4840, 0x000002d854f9a2e0, 0x000002d854f9d580,
0x000002d854f9ad00, 0x000002d854f9da90, 0x000002d854f9bc30, 0x000002d854f9dfa0,
0x000002d854f9b720, 0x000002d854f9e4b0, 0x000002d854f9b210, 0x000002d854f9c140,
0x000002d854f9e9c0, 0x000002d854f9eed0, 0x000002d854f9c650, 0x000002d854f9f3e0,
0x000002d854f9cb60, 0x000002d854f9d070, 0x000002d854f9a7f0, 0x000002d854f9f8f0,
0x000002d854fa0310, 0x000002d854fa0820, 0x000002d854fa0d30, 0x000002d854f998c0,
0x000002d854fa1240, 0x000002d8546a5260, 0x000002d8546a4d50, 0x000002d8546a3e20
}

Java Threads: ( => current thread )
  0x000002d838b20c80 JavaThread "main" [_thread_blocked, id=16672, stack(0x000000d9a0000000,0x000000d9a0100000)]
  0x000002d851baa420 JavaThread "Reference Handler" daemon [_thread_blocked, id=15776, stack(0x000000d9a0300000,0x000000d9a0400000)]
  0x000002d84c999b30 JavaThread "Finalizer" daemon [_thread_blocked, id=3252, stack(0x000000d9a0400000,0x000000d9a0500000)]
  0x000002d851bc8920 JavaThread "Signal Dispatcher" daemon [_thread_blocked, id=1380, stack(0x000000d9a0500000,0x000000d9a0600000)]
  0x000002d851bc95b0 JavaThread "Attach Listener" daemon [_thread_blocked, id=8000, stack(0x000000d9a0600000,0x000000d9a0700000)]
  0x000002d851bd0b30 JavaThread "Service Thread" daemon [_thread_blocked, id=21532, stack(0x000000d9a0700000,0x000000d9a0800000)]
  0x000002d851bd2570 JavaThread "Monitor Deflation Thread" daemon [_thread_blocked, id=8212, stack(0x000000d9a0800000,0x000000d9a0900000)]
=>0x000002d851bd9800 JavaThread "C2 CompilerThread0" daemon [_thread_in_native, id=19948, stack(0x000000d9a0900000,0x000000d9a0a00000)]
  0x000002d851bdd6c0 JavaThread "C1 CompilerThread0" daemon [_thread_in_vm, id=18588, stack(0x000000d9a0a00000,0x000000d9a0b00000)]
  0x000002d851be6bb0 JavaThread "Sweeper thread" daemon [_thread_blocked, id=20368, stack(0x000000d9a0b00000,0x000000d9a0c00000)]
  0x000002d838b88380 JavaThread "Common-Cleaner" daemon [_thread_blocked, id=13916, stack(0x000000d9a0c00000,0x000000d9a0d00000)]
  0x000002d853c85530 JavaThread "Notification Thread" daemon [_thread_blocked, id=19412, stack(0x000000d9a1200000,0x000000d9a1300000)]
  0x000002d854475f80 JavaThread "Active Thread: Equinox Container: c24ba168-da4c-4b5e-9740-481cab46cd08" [_thread_blocked, id=21932, stack(0x000000d9a1900000,0x000000d9a1a00000)]
  0x000002d8545d38e0 JavaThread "Framework Event Dispatcher: Equinox Container: c24ba168-da4c-4b5e-9740-481cab46cd08" daemon [_thread_blocked, id=18880, stack(0x000000d9a1a00000,0x000000d9a1b00000)]
  0x000002d8545d3dc0 JavaThread "Start Level: Equinox Container: c24ba168-da4c-4b5e-9740-481cab46cd08" daemon [_thread_blocked, id=8568, stack(0x000000d9a1b00000,0x000000d9a1c00000)]
  0x000002d8547f4140 JavaThread "SCR Component Actor" daemon [_thread_blocked, id=12748, stack(0x000000d9a1c00000,0x000000d9a1d00000)]
  0x000002d8546a3910 JavaThread "Worker-JM" [_thread_blocked, id=3592, stack(0x000000d9a2000000,0x000000d9a2100000)]
  0x000002d8546a4840 JavaThread "JNA Cleaner" daemon [_thread_blocked, id=4072, stack(0x000000d9a0f00000,0x000000d9a1000000)]
  0x000002d854f9a2e0 JavaThread "Thread-2" daemon [_thread_in_native, id=20052, stack(0x000000d9a2800000,0x000000d9a2900000)]
  0x000002d854f9d580 JavaThread "Thread-3" daemon [_thread_in_native, id=16904, stack(0x000000d9a2900000,0x000000d9a2a00000)]
  0x000002d854f9ad00 JavaThread "Thread-4" daemon [_thread_in_native, id=17032, stack(0x000000d9a2a00000,0x000000d9a2b00000)]
  0x000002d854f9da90 JavaThread "Thread-5" daemon [_thread_in_native, id=11772, stack(0x000000d9a2b00000,0x000000d9a2c00000)]
  0x000002d854f9bc30 JavaThread "Thread-6" daemon [_thread_in_native, id=3328, stack(0x000000d9a2c00000,0x000000d9a2d00000)]
  0x000002d854f9dfa0 JavaThread "Thread-7" daemon [_thread_in_native, id=5972, stack(0x000000d9a2d00000,0x000000d9a2e00000)]
  0x000002d854f9b720 JavaThread "Thread-8" daemon [_thread_in_native, id=22144, stack(0x000000d9a2e00000,0x000000d9a2f00000)]
  0x000002d854f9e4b0 JavaThread "Thread-9" daemon [_thread_in_native, id=9184, stack(0x000000d9a2f00000,0x000000d9a3000000)]
  0x000002d854f9b210 JavaThread "Thread-10" daemon [_thread_in_native, id=2952, stack(0x000000d9a3000000,0x000000d9a3100000)]
  0x000002d854f9c140 JavaThread "Thread-11" daemon [_thread_in_native, id=14820, stack(0x000000d9a3100000,0x000000d9a3200000)]
  0x000002d854f9e9c0 JavaThread "Thread-12" daemon [_thread_in_native, id=19200, stack(0x000000d9a3200000,0x000000d9a3300000)]
  0x000002d854f9eed0 JavaThread "Thread-13" daemon [_thread_in_native, id=11548, stack(0x000000d9a3300000,0x000000d9a3400000)]
  0x000002d854f9c650 JavaThread "Thread-14" daemon [_thread_in_native, id=2656, stack(0x000000d9a3400000,0x000000d9a3500000)]
  0x000002d854f9f3e0 JavaThread "Thread-15" daemon [_thread_in_native, id=20764, stack(0x000000d9a3500000,0x000000d9a3600000)]
  0x000002d854f9cb60 JavaThread "Thread-16" daemon [_thread_in_native, id=7160, stack(0x000000d9a3600000,0x000000d9a3700000)]
  0x000002d854f9d070 JavaThread "Thread-17" daemon [_thread_in_native, id=8908, stack(0x000000d9a3700000,0x000000d9a3800000)]
  0x000002d854f9a7f0 JavaThread "Thread-18" daemon [_thread_in_native, id=15380, stack(0x000000d9a3800000,0x000000d9a3900000)]
  0x000002d854f9f8f0 JavaThread "pool-2-thread-1" [_thread_blocked, id=15628, stack(0x000000d9a3900000,0x000000d9a3a00000)]
  0x000002d854fa0310 JavaThread "WorkspaceEventsHandler" [_thread_blocked, id=1496, stack(0x000000d9a3a00000,0x000000d9a3b00000)]
  0x000002d854fa0820 JavaThread "pool-1-thread-1" [_thread_blocked, id=8344, stack(0x000000d9a3b00000,0x000000d9a3c00000)]
  0x000002d854fa0d30 JavaThread "Worker-3: Building" [_thread_in_Java, id=1264, stack(0x000000d99fe00000,0x000000d99ff00000)]
  0x000002d854f998c0 JavaThread "Compiler Source File Reader" daemon [_thread_blocked, id=14664, stack(0x000000d99ff00000,0x000000d9a0000000)]
  0x000002d854fa1240 JavaThread "Worker-5: Validate documents" [_thread_in_Java, id=10884, stack(0x000000d9a0d00000,0x000000d9a0e00000)]
  0x000002d8546a5260 JavaThread "Compiler Source File Reader" daemon [_thread_blocked, id=20628, stack(0x000000d9a0e00000,0x000000d9a0f00000)]
  0x000002d8546a4d50 JavaThread "Worker-6" [_thread_blocked, id=20084, stack(0x000000d99fd00000,0x000000d99fe00000)]
  0x000002d8546a3e20 JavaThread "Compiler Source File Reader" daemon [_thread_blocked, id=9428, stack(0x000000d9a1000000,0x000000d9a1100000)]

Other Threads:
  0x000002d838bcebc0 VMThread "VM Thread" [stack: 0x000000d9a0200000,0x000000d9a0300000] [id=2896]
  0x000002d853c85a10 WatcherThread [stack: 0x000000d9a1300000,0x000000d9a1400000] [id=17828]
  0x000002d838b36fb0 GCTaskThread "GC Thread#0" [stack: 0x000000d9a0100000,0x000000d9a0200000] [id=3924]
  0x000002d854355050 GCTaskThread "GC Thread#1" [stack: 0x000000d9a1400000,0x000000d9a1500000] [id=9220]
  0x000002d854356430 GCTaskThread "GC Thread#2" [stack: 0x000000d9a1500000,0x000000d9a1600000] [id=6852]
  0x000002d8543566f0 GCTaskThread "GC Thread#3" [stack: 0x000000d9a1600000,0x000000d9a1700000] [id=20504]
  0x000002d8543569b0 GCTaskThread "GC Thread#4" [stack: 0x000000d9a1700000,0x000000d9a1800000] [id=22344]
  0x000002d85423afc0 GCTaskThread "GC Thread#5" [stack: 0x000000d9a1800000,0x000000d9a1900000] [id=3604]
  0x000002d854a28c20 GCTaskThread "GC Thread#6" [stack: 0x000000d9a1d00000,0x000000d9a1e00000] [id=12244]
  0x000002d85419c100 GCTaskThread "GC Thread#7" [stack: 0x000000d9a1e00000,0x000000d9a1f00000] [id=2336]
  0x000002d85481a660 GCTaskThread "GC Thread#8" [stack: 0x000000d9a2100000,0x000000d9a2200000] [id=18036]
  0x000002d85481a920 GCTaskThread "GC Thread#9" [stack: 0x000000d9a2200000,0x000000d9a2300000] [id=9804]
  0x000002d854a71ad0 GCTaskThread "GC Thread#10" [stack: 0x000000d9a2300000,0x000000d9a2400000] [id=2536]
  0x000002d8549a8100 GCTaskThread "GC Thread#11" [stack: 0x000000d9a2600000,0x000000d9a2700000] [id=17932]
  0x000002d8549a87d0 GCTaskThread "GC Thread#12" [stack: 0x000000d9a2700000,0x000000d9a2800000] [id=10612]

Threads with active compile tasks:
C2 CompilerThread0   539377 6836       4       org.eclipse.core.runtime.Path::append (147 bytes)
C1 CompilerThread0   539377 6854       3       org.eclipse.jdt.internal.compiler.SourceElementNotifier::hasDeprecatedAnnotation (52 bytes)

VM state: not at safepoint (normal execution)

VM Mutex/Monitor currently owned by a thread:  ([mutex/lock_event])
[0x000002d838b1d200] Compile_lock - owner thread: 0x000002d851bdd6c0
[0x000002d838b1d710] MethodCompileQueue_lock - owner thread: 0x000002d851bdd6c0

Heap address: 0x00000000c0000000, size: 1024 MB, Compressed Oops mode: 32-bit

CDS archive(s) not mapped
Compressed class space mapped at: 0x0000000100000000-0x0000000140000000, reserved size: 1073741824
Narrow klass base: 0x0000000000000000, Narrow klass shift: 3, Narrow klass range: 0x140000000

GC Precious Log:
 CPUs: 16 total, 16 available
 Memory: 6005M
 Large Page Support: Disabled
 NUMA Support: Disabled
 Compressed Oops: Enabled (32-bit)
 Alignments: Space 512K, Generation 512K, Heap 2M
 Heap Min Capacity: 100M
 Heap Initial Capacity: 100M
 Heap Max Capacity: 1G
 Pre-touch: Disabled
 Parallel Workers: 13

Heap:
 PSYoungGen      total 21504K, used 2394K [0x00000000eab00000, 0x00000000ec200000, 0x0000000100000000)
  eden space 20480K, 7% used [0x00000000eab00000,0x00000000eac7e9e0,0x00000000ebf00000)
  from space 1024K, 84% used [0x00000000ebf00000,0x00000000ebfd8060,0x00000000ec000000)
  to   space 1536K, 0% used [0x00000000ec080000,0x00000000ec080000,0x00000000ec200000)
 ParOldGen       total 68608K, used 33316K [0x00000000c0000000, 0x00000000c4300000, 0x00000000eab00000)
  object space 68608K, 48% used [0x00000000c0000000,0x00000000c2089148,0x00000000c4300000)
 Metaspace       used 51064K, committed 51968K, reserved 1114112K
  class space    used 5057K, committed 5440K, reserved 1048576K

Card table byte_map: [0x000002d8384e0000,0x000002d8386f0000] _byte_map_base: 0x000002d837ee0000

Marking Bits: (ParMarkBitMap*) 0x00007ffade8a6940
 Begin Bits: [0x000002d84a7b0000, 0x000002d84b7b0000)
 End Bits:   [0x000002d84b7b0000, 0x000002d84c7b0000)

Polling page: 0x000002d8382d0000

Metaspace:

Usage:
  Non-class:     44.93 MB used.
      Class:      4.94 MB used.
       Both:     49.87 MB used.

Virtual space:
  Non-class space:       64.00 MB reserved,      45.44 MB ( 71%) committed,  1 nodes.
      Class space:        1.00 GB reserved,       5.31 MB ( <1%) committed,  1 nodes.
             Both:        1.06 GB reserved,      50.75 MB (  5%) committed. 

Chunk freelists:
   Non-Class:  2.60 MB
       Class:  10.69 MB
        Both:  13.28 MB

MaxMetaspaceSize: unlimited
CompressedClassSpaceSize: 1.00 GB
Initial GC threshold: 21.00 MB
Current GC threshold: 59.38 MB
CDS: off
MetaspaceReclaimPolicy: balanced
 - commit_granule_bytes: 65536.
 - commit_granule_words: 8192.
 - virtual_space_node_default_size: 8388608.
 - enlarge_chunks_in_place: 1.
 - new_chunks_are_fully_committed: 0.
 - uncommit_free_chunks: 1.
 - use_allocation_guard: 0.
 - handle_deallocations: 1.


Internal statistics:

num_allocs_failed_limit: 14.
num_arena_births: 714.
num_arena_deaths: 14.
num_vsnodes_births: 2.
num_vsnodes_deaths: 0.
num_space_committed: 812.
num_space_uncommitted: 0.
num_chunks_returned_to_freelist: 28.
num_chunks_taken_from_freelist: 2635.
num_chunk_merges: 12.
num_chunk_splits: 1630.
num_chunks_enlarged: 900.
num_inconsistent_stats: 0.

CodeHeap 'non-profiled nmethods': size=119168Kb used=3723Kb max_used=3723Kb free=115444Kb
 bounds [0x000002d843350000, 0x000002d843710000, 0x000002d84a7b0000]
CodeHeap 'profiled nmethods': size=119104Kb used=13462Kb max_used=13462Kb free=105641Kb
 bounds [0x000002d83b7b0000, 0x000002d83c4e0000, 0x000002d842c00000]
CodeHeap 'non-nmethods': size=7488Kb used=1349Kb max_used=3083Kb free=6138Kb
 bounds [0x000002d842c00000, 0x000002d842f10000, 0x000002d843350000]
 total_blobs=6697 nmethods=6004 adapters=607
 compilation: enabled
              stopped_count=0, restarted_count=0
 full_count=0

Compilation events (20 events):
Event: 539.154 Thread 0x000002d851bdd6c0 nmethod 6833 0x000002d83c4d1010 code [0x000002d83c4d11e0, 0x000002d83c4d1488]
Event: 539.154 Thread 0x000002d851bdd6c0 6834       3       org.eclipse.jface.text.TreeLineTracker::rebalanceAfterInsertionRight (37 bytes)
Event: 539.154 Thread 0x000002d851bdd6c0 nmethod 6834 0x000002d83c4d1610 code [0x000002d83c4d17e0, 0x000002d83c4d1a78]
Event: 539.187 Thread 0x000002d851bd9800 6836       4       org.eclipse.core.runtime.Path::append (147 bytes)
Event: 539.188 Thread 0x000002d851bdd6c0 6837       1       org.eclipse.core.resources.ProjectScope::getName (3 bytes)
Event: 539.188 Thread 0x000002d851bdd6c0 nmethod 6837 0x000002d8434bca10 code [0x000002d8434bcba0, 0x000002d8434bcc78]
Event: 539.189 Thread 0x000002d851bdd6c0 6838       3       org.eclipse.core.internal.events.ResourceDelta::getAffectedChildren (8 bytes)
Event: 539.189 Thread 0x000002d851bdd6c0 nmethod 6838 0x000002d83c4d1b90 code [0x000002d83c4d1d40, 0x000002d83c4d1ea8]
Event: 539.207 Thread 0x000002d851bdd6c0 6839       3       org.eclipse.jdt.internal.core.JavaProject::getPatchedModules (192 bytes)
Event: 539.249 Thread 0x000002d851bdd6c0 nmethod 6839 0x000002d83c4d1f90 code [0x000002d83c4d2320, 0x000002d83c4d3aa8]
Event: 539.250 Thread 0x000002d851bdd6c0 6842       3       org.eclipse.jdt.internal.core.builder.ClasspathJrt::addRequired (90 bytes)
Event: 539.256 Thread 0x000002d851bdd6c0 nmethod 6842 0x000002d83c4d4710 code [0x000002d83c4d4920, 0x000002d83c4d50d8]
Event: 539.256 Thread 0x000002d851bdd6c0 6843       3       org.eclipse.jdt.internal.core.ModuleUpdater::getUpdates (14 bytes)
Event: 539.262 Thread 0x000002d851bdd6c0 nmethod 6843 0x000002d83c4d5410 code [0x000002d83c4d55c0, 0x000002d83c4d5868]
Event: 539.262 Thread 0x000002d851bdd6c0 6841       3       org.eclipse.jdt.internal.core.builder.ClasspathJrt$$Lambda$395/0x0000000100549000::apply (12 bytes)
Event: 539.263 Thread 0x000002d851bdd6c0 nmethod 6841 0x000002d83c4d5990 code [0x000002d83c4d5b40, 0x000002d83c4d5de8]
Event: 539.264 Thread 0x000002d851bdd6c0 6840       3       org.eclipse.core.internal.jobs.InternalJob::internalGetState (9 bytes)
Event: 539.264 Thread 0x000002d851bdd6c0 nmethod 6840 0x000002d83c4d5f10 code [0x000002d83c4d60a0, 0x000002d83c4d61b8]
Event: 539.264 Thread 0x000002d851bdd6c0 6844       3       java.util.Hashtable$Enumerator::<init> (51 bytes)
Event: 539.275 Thread 0x000002d851bdd6c0 nmethod 6844 0x000002d83c4d6290 code [0x000002d83c4d6420, 0x000002d83c4d65d8]

GC Heap History (20 events):
Event: 4.982 GC heap before
{Heap before GC invocations=18 (full 2):
 PSYoungGen      total 24064K, used 23785K [0x00000000eab00000, 0x00000000ec580000, 0x0000000100000000)
  eden space 22016K, 100% used [0x00000000eab00000,0x00000000ec080000,0x00000000ec080000)
  from space 2048K, 86% used [0x00000000ec180000,0x00000000ec33a498,0x00000000ec380000)
  to   space 2048K, 0% used [0x00000000ec380000,0x00000000ec380000,0x00000000ec580000)
 ParOldGen       total 68608K, used 19975K [0x00000000c0000000, 0x00000000c4300000, 0x00000000eab00000)
  object space 68608K, 29% used [0x00000000c0000000,0x00000000c1381ed8,0x00000000c4300000)
 Metaspace       used 42583K, committed 43456K, reserved 1114112K
  class space    used 4345K, committed 4736K, reserved 1048576K
}
Event: 4.984 GC heap after
{Heap after GC invocations=18 (full 2):
 PSYoungGen      total 22528K, used 512K [0x00000000eab00000, 0x00000000ec400000, 0x0000000100000000)
  eden space 22016K, 0% used [0x00000000eab00000,0x00000000eab00000,0x00000000ec080000)
  from space 512K, 100% used [0x00000000ec380000,0x00000000ec400000,0x00000000ec400000)
  to   space 1536K, 0% used [0x00000000ec100000,0x00000000ec100000,0x00000000ec280000)
 ParOldGen       total 68608K, used 21559K [0x00000000c0000000, 0x00000000c4300000, 0x00000000eab00000)
  object space 68608K, 31% used [0x00000000c0000000,0x00000000c150dc18,0x00000000c4300000)
 Metaspace       used 42583K, committed 43456K, reserved 1114112K
  class space    used 4345K, committed 4736K, reserved 1048576K
}
Event: 5.119 GC heap before
{Heap before GC invocations=19 (full 2):
 PSYoungGen      total 22528K, used 22381K [0x00000000eab00000, 0x00000000ec400000, 0x0000000100000000)
  eden space 22016K, 99% used [0x00000000eab00000,0x00000000ec05b4d0,0x00000000ec080000)
  from space 512K, 100% used [0x00000000ec380000,0x00000000ec400000,0x00000000ec400000)
  to   space 1536K, 0% used [0x00000000ec100000,0x00000000ec100000,0x00000000ec280000)
 ParOldGen       total 68608K, used 21559K [0x00000000c0000000, 0x00000000c4300000, 0x00000000eab00000)
  object space 68608K, 31% used [0x00000000c0000000,0x00000000c150dc18,0x00000000c4300000)
 Metaspace       used 44117K, committed 45120K, reserved 1114112K
  class space    used 4484K, committed 4928K, reserved 1048576K
}
Event: 5.121 GC heap after
{Heap after GC invocations=19 (full 2):
 PSYoungGen      total 23552K, used 1519K [0x00000000eab00000, 0x00000000ec580000, 0x0000000100000000)
  eden space 22016K, 0% used [0x00000000eab00000,0x00000000eab00000,0x00000000ec080000)
  from space 1536K, 98% used [0x00000000ec100000,0x00000000ec27be40,0x00000000ec280000)
  to   space 2560K, 0% used [0x00000000ec300000,0x00000000ec300000,0x00000000ec580000)
 ParOldGen       total 68608K, used 21863K [0x00000000c0000000, 0x00000000c4300000, 0x00000000eab00000)
  object space 68608K, 31% used [0x00000000c0000000,0x00000000c1559c18,0x00000000c4300000)
 Metaspace       used 44117K, committed 45120K, reserved 1114112K
  class space    used 4484K, committed 4928K, reserved 1048576K
}
Event: 5.163 GC heap before
{Heap before GC invocations=20 (full 2):
 PSYoungGen      total 23552K, used 23531K [0x00000000eab00000, 0x00000000ec580000, 0x0000000100000000)
  eden space 22016K, 99% used [0x00000000eab00000,0x00000000ec07f120,0x00000000ec080000)
  from space 1536K, 98% used [0x00000000ec100000,0x00000000ec27be40,0x00000000ec280000)
  to   space 2560K, 0% used [0x00000000ec300000,0x00000000ec300000,0x00000000ec580000)
 ParOldGen       total 68608K, used 21863K [0x00000000c0000000, 0x00000000c4300000, 0x00000000eab00000)
  object space 68608K, 31% used [0x00000000c0000000,0x00000000c1559c18,0x00000000c4300000)
 Metaspace       used 44267K, committed 45248K, reserved 1114112K
  class space    used 4488K, committed 4928K, reserved 1048576K
}
Event: 5.164 GC heap after
{Heap after GC invocations=20 (full 2):
 PSYoungGen      total 22528K, used 497K [0x00000000eab00000, 0x00000000ec380000, 0x0000000100000000)
  eden space 22016K, 0% used [0x00000000eab00000,0x00000000eab00000,0x00000000ec080000)
  from space 512K, 97% used [0x00000000ec300000,0x00000000ec37c508,0x00000000ec380000)
  to   space 1024K, 0% used [0x00000000ec180000,0x00000000ec180000,0x00000000ec280000)
 ParOldGen       total 68608K, used 22957K [0x00000000c0000000, 0x00000000c4300000, 0x00000000eab00000)
  object space 68608K, 33% used [0x00000000c0000000,0x00000000c166b638,0x00000000c4300000)
 Metaspace       used 44267K, committed 45248K, reserved 1114112K
  class space    used 4488K, committed 4928K, reserved 1048576K
}
Event: 5.723 GC heap before
{Heap before GC invocations=21 (full 2):
 PSYoungGen      total 22528K, used 22513K [0x00000000eab00000, 0x00000000ec380000, 0x0000000100000000)
  eden space 22016K, 100% used [0x00000000eab00000,0x00000000ec080000,0x00000000ec080000)
  from space 512K, 97% used [0x00000000ec300000,0x00000000ec37c508,0x00000000ec380000)
  to   space 1024K, 0% used [0x00000000ec180000,0x00000000ec180000,0x00000000ec280000)
 ParOldGen       total 68608K, used 22957K [0x00000000c0000000, 0x00000000c4300000, 0x00000000eab00000)
  object space 68608K, 33% used [0x00000000c0000000,0x00000000c166b638,0x00000000c4300000)
 Metaspace       used 46495K, committed 47488K, reserved 1114112K
  class space    used 4672K, committed 5120K, reserved 1048576K
}
Event: 5.724 GC heap after
{Heap after GC invocations=21 (full 2):
 PSYoungGen      total 23040K, used 992K [0x00000000eab00000, 0x00000000ec380000, 0x0000000100000000)
  eden space 22016K, 0% used [0x00000000eab00000,0x00000000eab00000,0x00000000ec080000)
  from space 1024K, 96% used [0x00000000ec180000,0x00000000ec278020,0x00000000ec280000)
  to   space 1024K, 0% used [0x00000000ec280000,0x00000000ec280000,0x00000000ec380000)
 ParOldGen       total 68608K, used 23021K [0x00000000c0000000, 0x00000000c4300000, 0x00000000eab00000)
  object space 68608K, 33% used [0x00000000c0000000,0x00000000c167b638,0x00000000c4300000)
 Metaspace       used 46495K, committed 47488K, reserved 1114112K
  class space    used 4672K, committed 5120K, reserved 1048576K
}
Event: 5.758 GC heap before
{Heap before GC invocations=22 (full 2):
 PSYoungGen      total 23040K, used 23008K [0x00000000eab00000, 0x00000000ec380000, 0x0000000100000000)
  eden space 22016K, 99% used [0x00000000eab00000,0x00000000ec07fff0,0x00000000ec080000)
  from space 1024K, 96% used [0x00000000ec180000,0x00000000ec278020,0x00000000ec280000)
  to   space 1024K, 0% used [0x00000000ec280000,0x00000000ec280000,0x00000000ec380000)
 ParOldGen       total 68608K, used 23021K [0x00000000c0000000, 0x00000000c4300000, 0x00000000eab00000)
  object space 68608K, 33% used [0x00000000c0000000,0x00000000c167b638,0x00000000c4300000)
 Metaspace       used 46543K, committed 47488K, reserved 1114112K
  class space    used 4678K, committed 5120K, reserved 1048576K
}
Event: 5.760 GC heap after
{Heap after GC invocations=22 (full 2):
 PSYoungGen      total 21504K, used 992K [0x00000000eab00000, 0x00000000ec780000, 0x0000000100000000)
  eden space 20480K, 0% used [0x00000000eab00000,0x00000000eab00000,0x00000000ebf00000)
  from space 1024K, 96% used [0x00000000ec280000,0x00000000ec378020,0x00000000ec380000)
  to   space 3584K, 0% used [0x00000000ebf00000,0x00000000ebf00000,0x00000000ec280000)
 ParOldGen       total 68608K, used 25092K [0x00000000c0000000, 0x00000000c4300000, 0x00000000eab00000)
  object space 68608K, 36% used [0x00000000c0000000,0x00000000c18810b8,0x00000000c4300000)
 Metaspace       used 46543K, committed 47488K, reserved 1114112K
  class space    used 4678K, committed 5120K, reserved 1048576K
}
Event: 5.784 GC heap before
{Heap before GC invocations=23 (full 2):
 PSYoungGen      total 21504K, used 21472K [0x00000000eab00000, 0x00000000ec780000, 0x0000000100000000)
  eden space 20480K, 100% used [0x00000000eab00000,0x00000000ebf00000,0x00000000ebf00000)
  from space 1024K, 96% used [0x00000000ec280000,0x00000000ec378020,0x00000000ec380000)
  to   space 3584K, 0% used [0x00000000ebf00000,0x00000000ebf00000,0x00000000ec280000)
 ParOldGen       total 68608K, used 25092K [0x00000000c0000000, 0x00000000c4300000, 0x00000000eab00000)
  object space 68608K, 36% used [0x00000000c0000000,0x00000000c18810b8,0x00000000c4300000)
 Metaspace       used 46544K, committed 47488K, reserved 1114112K
  class space    used 4678K, committed 5120K, reserved 1048576K
}
Event: 5.786 GC heap after
{Heap after GC invocations=23 (full 2):
 PSYoungGen      total 23552K, used 2692K [0x00000000eab00000, 0x00000000ec500000, 0x0000000100000000)
  eden space 20480K, 0% used [0x00000000eab00000,0x00000000eab00000,0x00000000ebf00000)
  from space 3072K, 87% used [0x00000000ebf00000,0x00000000ec1a1000,0x00000000ec200000)
  to   space 3072K, 0% used [0x00000000ec200000,0x00000000ec200000,0x00000000ec500000)
 ParOldGen       total 68608K, used 26107K [0x00000000c0000000, 0x00000000c4300000, 0x00000000eab00000)
  object space 68608K, 38% used [0x00000000c0000000,0x00000000c197ed88,0x00000000c4300000)
 Metaspace       used 46544K, committed 47488K, reserved 1114112K
  class space    used 4678K, committed 5120K, reserved 1048576K
}
Event: 5.816 GC heap before
{Heap before GC invocations=24 (full 2):
 PSYoungGen      total 23552K, used 23172K [0x00000000eab00000, 0x00000000ec500000, 0x0000000100000000)
  eden space 20480K, 100% used [0x00000000eab00000,0x00000000ebf00000,0x00000000ebf00000)
  from space 3072K, 87% used [0x00000000ebf00000,0x00000000ec1a1000,0x00000000ec200000)
  to   space 3072K, 0% used [0x00000000ec200000,0x00000000ec200000,0x00000000ec500000)
 ParOldGen       total 68608K, used 26107K [0x00000000c0000000, 0x00000000c4300000, 0x00000000eab00000)
  object space 68608K, 38% used [0x00000000c0000000,0x00000000c197ed88,0x00000000c4300000)
 Metaspace       used 46618K, committed 47552K, reserved 1114112K
  class space    used 4683K, committed 5120K, reserved 1048576K
}
Event: 5.819 GC heap after
{Heap after GC invocations=24 (full 2):
 PSYoungGen      total 23552K, used 2560K [0x00000000eab00000, 0x00000000ec500000, 0x0000000100000000)
  eden space 20480K, 0% used [0x00000000eab00000,0x00000000eab00000,0x00000000ebf00000)
  from space 3072K, 83% used [0x00000000ec200000,0x00000000ec480010,0x00000000ec500000)
  to   space 3072K, 0% used [0x00000000ebf00000,0x00000000ebf00000,0x00000000ec200000)
 ParOldGen       total 68608K, used 28591K [0x00000000c0000000, 0x00000000c4300000, 0x00000000eab00000)
  object space 68608K, 41% used [0x00000000c0000000,0x00000000c1bebd88,0x00000000c4300000)
 Metaspace       used 46618K, committed 47552K, reserved 1114112K
  class space    used 4683K, committed 5120K, reserved 1048576K
}
Event: 145.075 GC heap before
{Heap before GC invocations=25 (full 2):
 PSYoungGen      total 23552K, used 23040K [0x00000000eab00000, 0x00000000ec500000, 0x0000000100000000)
  eden space 20480K, 100% used [0x00000000eab00000,0x00000000ebf00000,0x00000000ebf00000)
  from space 3072K, 83% used [0x00000000ec200000,0x00000000ec480010,0x00000000ec500000)
  to   space 3072K, 0% used [0x00000000ebf00000,0x00000000ebf00000,0x00000000ec200000)
 ParOldGen       total 68608K, used 28591K [0x00000000c0000000, 0x00000000c4300000, 0x00000000eab00000)
  object space 68608K, 41% used [0x00000000c0000000,0x00000000c1bebd88,0x00000000c4300000)
 Metaspace       used 48798K, committed 49728K, reserved 1114112K
  class space    used 4903K, committed 5376K, reserved 1048576K
}
Event: 145.155 GC heap after
{Heap after GC invocations=25 (full 2):
 PSYoungGen      total 22528K, used 1982K [0x00000000eab00000, 0x00000000ec400000, 0x0000000100000000)
  eden space 20480K, 0% used [0x00000000eab00000,0x00000000eab00000,0x00000000ebf00000)
  from space 2048K, 96% used [0x00000000ebf00000,0x00000000ec0efac0,0x00000000ec100000)
  to   space 2560K, 0% used [0x00000000ec180000,0x00000000ec180000,0x00000000ec400000)
 ParOldGen       total 68608K, used 30959K [0x00000000c0000000, 0x00000000c4300000, 0x00000000eab00000)
  object space 68608K, 45% used [0x00000000c0000000,0x00000000c1e3bd98,0x00000000c4300000)
 Metaspace       used 48798K, committed 49728K, reserved 1114112K
  class space    used 4903K, committed 5376K, reserved 1048576K
}
Event: 160.970 GC heap before
{Heap before GC invocations=26 (full 2):
 PSYoungGen      total 22528K, used 22462K [0x00000000eab00000, 0x00000000ec400000, 0x0000000100000000)
  eden space 20480K, 100% used [0x00000000eab00000,0x00000000ebf00000,0x00000000ebf00000)
  from space 2048K, 96% used [0x00000000ebf00000,0x00000000ec0efac0,0x00000000ec100000)
  to   space 2560K, 0% used [0x00000000ec180000,0x00000000ec180000,0x00000000ec400000)
 ParOldGen       total 68608K, used 30959K [0x00000000c0000000, 0x00000000c4300000, 0x00000000eab00000)
  object space 68608K, 45% used [0x00000000c0000000,0x00000000c1e3bd98,0x00000000c4300000)
 Metaspace       used 49806K, committed 50816K, reserved 1114112K
  class space    used 4970K, committed 5440K, reserved 1048576K
}
Event: 160.974 GC heap after
{Heap after GC invocations=26 (full 2):
 PSYoungGen      total 22016K, used 1401K [0x00000000eab00000, 0x00000000ec300000, 0x0000000100000000)
  eden space 20480K, 0% used [0x00000000eab00000,0x00000000eab00000,0x00000000ebf00000)
  from space 1536K, 91% used [0x00000000ec180000,0x00000000ec2de720,0x00000000ec300000)
  to   space 2048K, 0% used [0x00000000ebf00000,0x00000000ebf00000,0x00000000ec100000)
 ParOldGen       total 68608K, used 32501K [0x00000000c0000000, 0x00000000c4300000, 0x00000000eab00000)
  object space 68608K, 47% used [0x00000000c0000000,0x00000000c1fbd4a8,0x00000000c4300000)
 Metaspace       used 49806K, committed 50816K, reserved 1114112K
  class space    used 4970K, committed 5440K, reserved 1048576K
}
Event: 538.245 GC heap before
{Heap before GC invocations=27 (full 2):
 PSYoungGen      total 22016K, used 21881K [0x00000000eab00000, 0x00000000ec300000, 0x0000000100000000)
  eden space 20480K, 100% used [0x00000000eab00000,0x00000000ebf00000,0x00000000ebf00000)
  from space 1536K, 91% used [0x00000000ec180000,0x00000000ec2de720,0x00000000ec300000)
  to   space 2048K, 0% used [0x00000000ebf00000,0x00000000ebf00000,0x00000000ec100000)
 ParOldGen       total 68608K, used 32501K [0x00000000c0000000, 0x00000000c4300000, 0x00000000eab00000)
  object space 68608K, 47% used [0x00000000c0000000,0x00000000c1fbd4a8,0x00000000c4300000)
 Metaspace       used 51042K, committed 51968K, reserved 1114112K
  class space    used 5057K, committed 5440K, reserved 1048576K
}
Event: 538.565 GC heap after
{Heap after GC invocations=27 (full 2):
 PSYoungGen      total 21504K, used 864K [0x00000000eab00000, 0x00000000ec200000, 0x0000000100000000)
  eden space 20480K, 0% used [0x00000000eab00000,0x00000000eab00000,0x00000000ebf00000)
  from space 1024K, 84% used [0x00000000ebf00000,0x00000000ebfd8060,0x00000000ec000000)
  to   space 1536K, 0% used [0x00000000ec080000,0x00000000ec080000,0x00000000ec200000)
 ParOldGen       total 68608K, used 33316K [0x00000000c0000000, 0x00000000c4300000, 0x00000000eab00000)
  object space 68608K, 48% used [0x00000000c0000000,0x00000000c2089148,0x00000000c4300000)
 Metaspace       used 51042K, committed 51968K, reserved 1114112K
  class space    used 5057K, committed 5440K, reserved 1048576K
}

Dll operation events (10 events):
Event: 0.016 Loaded shared library c:\Users\ruyag\.cursor\extensions\redhat.java-1.38.0-win32-x64\jre\17.0.13-win32-x86_64\bin\java.dll
Event: 0.164 Loaded shared library c:\Users\ruyag\.cursor\extensions\redhat.java-1.38.0-win32-x64\jre\17.0.13-win32-x86_64\bin\zip.dll
Event: 0.171 Loaded shared library C:\Users\ruyag\.cursor\extensions\redhat.java-1.38.0-win32-x64\jre\17.0.13-win32-x86_64\bin\instrument.dll
Event: 0.191 Loaded shared library C:\Users\ruyag\.cursor\extensions\redhat.java-1.38.0-win32-x64\jre\17.0.13-win32-x86_64\bin\net.dll
Event: 0.195 Loaded shared library C:\Users\ruyag\.cursor\extensions\redhat.java-1.38.0-win32-x64\jre\17.0.13-win32-x86_64\bin\nio.dll
Event: 0.207 Loaded shared library C:\Users\ruyag\.cursor\extensions\redhat.java-1.38.0-win32-x64\jre\17.0.13-win32-x86_64\bin\zip.dll
Event: 0.229 Loaded shared library C:\Users\ruyag\.cursor\extensions\redhat.java-1.38.0-win32-x64\jre\17.0.13-win32-x86_64\bin\jimage.dll
Event: 0.296 Loaded shared library c:\Users\ruyag\.cursor\extensions\redhat.java-1.38.0-win32-x64\jre\17.0.13-win32-x86_64\bin\verify.dll
Event: 1.335 Loaded shared library C:\Users\ruyag\AppData\Roaming\Cursor\User\globalStorage\redhat.java\1.38.0\config_ss_win\org.eclipse.equinox.launcher\org.eclipse.equinox.launcher.win32.win32.x86_64_1.2.1100.v20240722-2106\eclipse_11904.dll
Event: 2.783 Loaded shared library C:\Users\ruyag\AppData\Local\Temp\jna-108886332\jna15963497923469370737.dll

Deoptimization events (20 events):
Event: 303.285 Thread 0x000002d8546a5260 Uncommon trap: trap_request=0xffffffc6 fr.pc=0x000002d8434fb8a4 relative=0x0000000000000084
Event: 303.285 Thread 0x000002d8546a5260 Uncommon trap: reason=bimorphic_or_optimized_type_check action=maybe_recompile pc=0x000002d8434fb8a4 method=java.util.stream.Sink$ChainedReference.cancellationRequested()Z @ 4 c2
Event: 303.285 Thread 0x000002d8546a5260 DEOPT PACKING pc=0x000002d8434fb8a4 sp=0x000000d9a24fdad0
Event: 303.285 Thread 0x000002d8546a5260 DEOPT UNPACKING pc=0x000002d842c566a3 sp=0x000000d9a24fda00 mode 2
Event: 303.286 Thread 0x000002d8546a5260 Uncommon trap: trap_request=0xffffffc6 fr.pc=0x000002d8434fb8a4 relative=0x0000000000000084
Event: 303.286 Thread 0x000002d8546a5260 Uncommon trap: reason=bimorphic_or_optimized_type_check action=maybe_recompile pc=0x000002d8434fb8a4 method=java.util.stream.Sink$ChainedReference.cancellationRequested()Z @ 4 c2
Event: 303.286 Thread 0x000002d8546a5260 DEOPT PACKING pc=0x000002d8434fb8a4 sp=0x000000d9a24fdad0
Event: 303.286 Thread 0x000002d8546a5260 DEOPT UNPACKING pc=0x000002d842c566a3 sp=0x000000d9a24fda00 mode 2
Event: 303.334 Thread 0x000002d854fa0d30 Uncommon trap: trap_request=0xffffff45 fr.pc=0x000002d8433c14ec relative=0x000000000000066c
Event: 303.334 Thread 0x000002d854fa0d30 Uncommon trap: reason=unstable_if action=reinterpret pc=0x000002d8433c14ec method=java.util.HashMap.putVal(ILjava/lang/Object;Ljava/lang/Object;ZZ)Ljava/lang/Object; @ 236 c2
Event: 303.334 Thread 0x000002d854fa0d30 DEOPT PACKING pc=0x000002d8433c14ec sp=0x000000d99fefedc0
Event: 303.334 Thread 0x000002d854fa0d30 DEOPT UNPACKING pc=0x000002d842c566a3 sp=0x000000d99fefed38 mode 2
Event: 394.673 Thread 0x000002d854fa0d30 DEOPT PACKING pc=0x000002d83c1301c6 sp=0x000000d99fefe980
Event: 394.678 Thread 0x000002d854fa0d30 DEOPT UNPACKING pc=0x000002d842c56e43 sp=0x000000d99fefde98 mode 0
Event: 395.163 Thread 0x000002d8546a3e20 Uncommon trap: trap_request=0xffffffc6 fr.pc=0x000002d8433f6e2c relative=0x000000000000110c
Event: 395.163 Thread 0x000002d8546a3e20 Uncommon trap: reason=bimorphic_or_optimized_type_check action=maybe_recompile pc=0x000002d8433f6e2c method=org.eclipse.jdt.internal.compiler.parser.Parser.consumeToken(I)V @ 1838 c2
Event: 395.163 Thread 0x000002d8546a3e20 DEOPT PACKING pc=0x000002d8433f6e2c sp=0x000000d9a11feb70
Event: 395.164 Thread 0x000002d8546a3e20 DEOPT UNPACKING pc=0x000002d842c566a3 sp=0x000000d9a11feb48 mode 2
Event: 395.244 Thread 0x000002d8546a3e20 DEOPT PACKING pc=0x000002d83c439415 sp=0x000000d9a11fdcb0
Event: 395.245 Thread 0x000002d8546a3e20 DEOPT UNPACKING pc=0x000002d842c56e43 sp=0x000000d9a11fd238 mode 0

Classes loaded (20 events):
Event: 5.880 Loading class java/util/stream/ReduceOps$4
Event: 5.880 Loading class java/util/stream/ReduceOps$4 done
Event: 5.880 Loading class java/util/stream/ReduceOps$4ReducingSink
Event: 5.881 Loading class java/util/stream/ReduceOps$4ReducingSink done
Event: 5.959 Loading class java/util/function/BiPredicate
Event: 5.960 Loading class java/util/function/BiPredicate done
Event: 300.962 Loading class java/util/stream/DistinctOps
Event: 301.006 Loading class java/util/stream/DistinctOps done
Event: 301.006 Loading class java/util/stream/DistinctOps$1
Event: 301.095 Loading class java/util/stream/DistinctOps$1 done
Event: 301.451 Loading class java/util/stream/DistinctOps$1$2
Event: 301.482 Loading class java/util/stream/DistinctOps$1$2 done
Event: 302.568 Loading class java/util/zip/CheckedInputStream
Event: 302.570 Loading class java/util/zip/CheckedInputStream done
Event: 302.833 Loading class java/nio/file/Files$2
Event: 302.835 Loading class java/nio/file/Files$2 done
Event: 302.865 Loading class java/util/concurrent/ArrayBlockingQueue
Event: 302.868 Loading class java/util/concurrent/ArrayBlockingQueue done
Event: 302.891 Loading class java/util/AbstractList$RandomAccessSpliterator
Event: 302.896 Loading class java/util/AbstractList$RandomAccessSpliterator done

Classes unloaded (7 events):
Event: 2.029 Thread 0x000002d838bcebc0 Unloading class 0x000000010021e400 'java/lang/invoke/LambdaForm$MH+0x000000010021e400'
Event: 2.029 Thread 0x000002d838bcebc0 Unloading class 0x000000010021e000 'java/lang/invoke/LambdaForm$MH+0x000000010021e000'
Event: 2.029 Thread 0x000002d838bcebc0 Unloading class 0x000000010021dc00 'java/lang/invoke/LambdaForm$MH+0x000000010021dc00'
Event: 2.029 Thread 0x000002d838bcebc0 Unloading class 0x000000010021d800 'java/lang/invoke/LambdaForm$MH+0x000000010021d800'
Event: 2.029 Thread 0x000002d838bcebc0 Unloading class 0x000000010021d400 'java/lang/invoke/LambdaForm$BMH+0x000000010021d400'
Event: 2.029 Thread 0x000002d838bcebc0 Unloading class 0x000000010021d000 'java/lang/invoke/LambdaForm$DMH+0x000000010021d000'
Event: 2.029 Thread 0x000002d838bcebc0 Unloading class 0x0000000100218400 'java/lang/invoke/LambdaForm$DMH+0x0000000100218400'

Classes redefined (0 events):
No events

Internal exceptions (20 events):
Event: 4.713 Thread 0x000002d854fa0820 Exception <a 'java/lang/LinkageError'{0x00000000ec00b2d8}: loader lombok.launch.ShadowClassLoader @70c08384 attempted duplicate class definition for lombok.launch.PatchFixesHider$Transform. (lombok.launch.PatchFixesHider$Transform is in unnamed module of loader lombok.launch.ShadowClassLoader @70c08384, parent loader org.eclipse.osgi.internal.loader.EquinoxClassLoader @2372e132)> (0x00000000ec00b2d8) 
thrown [s\src\hotspot\share\classfile\systemDictionary.cpp, line 1723]
Event: 4.714 Thread 0x000002d854fa1240 Exception <a 'java/lang/LinkageError'{0x00000000ebff2110}: loader lombok.launch.ShadowClassLoader @70c08384 attempted duplicate class definition for lombok.launch.PatchFixesHider$Transform. (lombok.launch.PatchFixesHider$Transform is in unnamed module of loader lombok.launch.ShadowClassLoader @70c08384, parent loader org.eclipse.osgi.internal.loader.EquinoxClassLoader @2372e132)> (0x00000000ebff2110) 
thrown [s\src\hotspot\share\classfile\systemDictionary.cpp, line 1723]
Event: 5.080 Thread 0x000002d854f998c0 Exception <a 'java/lang/LinkageError'{0x00000000eb35b160}: loader lombok.launch.ShadowClassLoader @5a314636 attempted duplicate class definition for lombok.launch.PatchFixesHider$FieldInitializer. (lombok.launch.PatchFixesHider$FieldInitializer is in unnamed module of loader lombok.launch.ShadowClassLoader @5a314636, parent loader org.eclipse.osgi.internal.loader.EquinoxClassLoader @7945bd20)> (0x00000000eb35b160) 
thrown [s\src\hotspot\share\classfile\systemDictionary.cpp, line 1723]
Event: 5.082 Thread 0x000002d854fa0820 Exception <a 'java/lang/LinkageError'{0x00000000eb3972e8}: loader lombok.launch.ShadowClassLoader @5a314636 attempted duplicate class definition for lombok.launch.PatchFixesHider$FieldInitializer. (lombok.launch.PatchFixesHider$FieldInitializer is in unnamed module of loader lombok.launch.ShadowClassLoader @5a314636, parent loader org.eclipse.osgi.internal.loader.EquinoxClassLoader @7945bd20)> (0x00000000eb3972e8) 
thrown [s\src\hotspot\share\classfile\systemDictionary.cpp, line 1723]
Event: 5.698 Thread 0x000002d8546a4d50 Exception <a 'java/lang/NoSuchMethodError'{0x00000000ebe35220}: 'java.lang.Object java.lang.invoke.DirectMethodHandle$Holder.invokeSpecial(java.lang.Object, java.lang.Object, int, long)'> (0x00000000ebe35220) 
thrown [s\src\hotspot\share\interpreter\linkResolver.cpp, line 759]
Event: 5.709 Thread 0x000002d854f99dd0 Exception <a 'java/lang/ArrayIndexOutOfBoundsException'{0x00000000ebfa5428}> (0x00000000ebfa5428) 
thrown [s\src\hotspot\share\runtime\sharedRuntime.cpp, line 631]
Event: 5.830 Thread 0x000002d854f998c0 Exception <a 'java/lang/NoSuchMethodError'{0x00000000eaefd620}: 'int java.lang.invoke.DirectMethodHandle$Holder.invokeInterface(java.lang.Object, java.lang.Object)'> (0x00000000eaefd620) 
thrown [s\src\hotspot\share\interpreter\linkResolver.cpp, line 759]
Event: 5.831 Thread 0x000002d854f998c0 Exception <a 'java/lang/IncompatibleClassChangeError'{0x00000000eaf00bb0}: Found class java.lang.Object, but interface was expected> (0x00000000eaf00bb0) 
thrown [s\src\hotspot\share\interpreter\linkResolver.cpp, line 826]
Event: 5.858 Thread 0x000002d854f998c0 Exception <a 'java/lang/NoSuchMethodError'{0x00000000eb10dda8}: 'int java.lang.invoke.DirectMethodHandle$Holder.invokeStatic(java.lang.Object, java.lang.Object, java.lang.Object, int)'> (0x00000000eb10dda8) 
thrown [s\src\hotspot\share\interpreter\linkResolver.cpp, line 759]
Event: 5.912 Thread 0x000002d854f998c0 Exception <a 'java/io/FileNotFoundException'{0x00000000eb397748}> (0x00000000eb397748) 
thrown [s\src\hotspot\share\prims\jni.cpp, line 516]
Event: 5.913 Thread 0x000002d854f998c0 Exception <a 'java/io/FileNotFoundException'{0x00000000eb398f28}> (0x00000000eb398f28) 
thrown [s\src\hotspot\share\prims\jni.cpp, line 516]
Event: 5.971 Thread 0x000002d854f998c0 Exception <a 'java/lang/NoSuchMethodError'{0x00000000eb644e20}: 'int java.lang.invoke.DirectMethodHandle$Holder.invokeStatic(java.lang.Object, int, java.lang.Object)'> (0x00000000eb644e20) 
thrown [s\src\hotspot\share\interpreter\linkResolver.cpp, line 759]
Event: 6.345 Thread 0x000002d854fa0d30 Exception <a 'java/io/FileNotFoundException'{0x00000000ebbeacc8}> (0x00000000ebbeacc8) 
thrown [s\src\hotspot\share\prims\jni.cpp, line 516]
Event: 6.345 Thread 0x000002d854fa0d30 Exception <a 'java/io/FileNotFoundException'{0x00000000ebbec3c8}> (0x00000000ebbec3c8) 
thrown [s\src\hotspot\share\prims\jni.cpp, line 516]
Event: 6.346 Thread 0x000002d854fa0d30 Exception <a 'java/io/FileNotFoundException'{0x00000000ebbed8d8}> (0x00000000ebbed8d8) 
thrown [s\src\hotspot\share\prims\jni.cpp, line 516]
Event: 150.008 Thread 0x000002d8546a5260 Exception <a 'java/lang/NoSuchMethodError'{0x00000000eaf491f8}: 'int java.lang.invoke.DirectMethodHandle$Holder.invokeSpecialIFC(java.lang.Object, java.lang.Object, java.lang.Object)'> (0x00000000eaf491f8) 
thrown [s\src\hotspot\share\interpreter\linkResolver.cpp, line 759]
Event: 302.088 Thread 0x000002d854fa0310 Exception <a 'java/io/FileNotFoundException'{0x00000000eada9cc0}> (0x00000000eada9cc0) 
thrown [s\src\hotspot\share\prims\jni.cpp, line 516]
Event: 302.097 Thread 0x000002d854fa0310 Exception <a 'java/io/FileNotFoundException'{0x00000000eadab3a0}> (0x00000000eadab3a0) 
thrown [s\src\hotspot\share\prims\jni.cpp, line 516]
Event: 302.099 Thread 0x000002d854fa0310 Exception <a 'java/io/FileNotFoundException'{0x00000000eadac650}> (0x00000000eadac650) 
thrown [s\src\hotspot\share\prims\jni.cpp, line 516]
Event: 302.475 Thread 0x000002d8546a5260 Exception <a 'java/lang/NoSuchMethodError'{0x00000000eaf04080}: 'java.lang.Object java.lang.invoke.DirectMethodHandle$Holder.invokeVirtual(java.lang.Object, java.lang.Object, java.lang.Object)'> (0x00000000eaf04080) 
thrown [s\src\hotspot\share\interpreter\linkResolver.cpp, line 759]

VM Operations (20 events):
Event: 302.803 Executing VM operation: HandshakeAllThreads
Event: 302.806 Executing VM operation: HandshakeAllThreads done
Event: 302.902 Executing VM operation: ICBufferFull
Event: 302.903 Executing VM operation: ICBufferFull done
Event: 303.092 Executing VM operation: HandshakeAllThreads
Event: 303.092 Executing VM operation: HandshakeAllThreads done
Event: 303.283 Executing VM operation: HandshakeAllThreads
Event: 303.283 Executing VM operation: HandshakeAllThreads done
Event: 304.285 Executing VM operation: Cleanup
Event: 304.285 Executing VM operation: Cleanup done
Event: 361.036 Executing VM operation: HandshakeAllThreads
Event: 361.052 Executing VM operation: HandshakeAllThreads done
Event: 394.385 Executing VM operation: Cleanup
Event: 394.388 Executing VM operation: Cleanup done
Event: 396.389 Executing VM operation: Cleanup
Event: 396.389 Executing VM operation: Cleanup done
Event: 421.260 Executing VM operation: HandshakeAllThreads
Event: 421.276 Executing VM operation: HandshakeAllThreads done
Event: 538.212 Executing VM operation: ParallelGCFailedAllocation
Event: 538.565 Executing VM operation: ParallelGCFailedAllocation done

Memory protections (0 events):
No events

Nmethod flushes (20 events):
Event: 145.232 Thread 0x000002d851be6bb0 flushing  nmethod 0x000002d83c2c9790
Event: 145.232 Thread 0x000002d851be6bb0 flushing  nmethod 0x000002d83c2ca510
Event: 145.232 Thread 0x000002d851be6bb0 flushing  nmethod 0x000002d83c2d2110
Event: 145.232 Thread 0x000002d851be6bb0 flushing  nmethod 0x000002d83c2dd090
Event: 302.856 Thread 0x000002d851be6bb0 flushing  nmethod 0x000002d843643c10
Event: 302.863 Thread 0x000002d851be6bb0 flushing  nmethod 0x000002d83b894b90
Event: 302.878 Thread 0x000002d851be6bb0 flushing  nmethod 0x000002d83ba60710
Event: 302.888 Thread 0x000002d851be6bb0 flushing  nmethod 0x000002d83bbce110
Event: 302.891 Thread 0x000002d851be6bb0 flushing  nmethod 0x000002d83bbe8a10
Event: 302.913 Thread 0x000002d851be6bb0 flushing  nmethod 0x000002d83bdc5c90
Event: 302.913 Thread 0x000002d851be6bb0 flushing  nmethod 0x000002d83bdd4a90
Event: 302.926 Thread 0x000002d851be6bb0 flushing  nmethod 0x000002d83bfe6590
Event: 302.936 Thread 0x000002d851be6bb0 flushing  nmethod 0x000002d83c095b10
Event: 302.940 Thread 0x000002d851be6bb0 flushing  nmethod 0x000002d83c109710
Event: 302.940 Thread 0x000002d851be6bb0 flushing  nmethod 0x000002d83c118910
Event: 302.940 Thread 0x000002d851be6bb0 flushing  nmethod 0x000002d83c119290
Event: 302.946 Thread 0x000002d851be6bb0 flushing  nmethod 0x000002d83c1baf90
Event: 302.948 Thread 0x000002d851be6bb0 flushing  nmethod 0x000002d83c24a610
Event: 302.948 Thread 0x000002d851be6bb0 flushing  nmethod 0x000002d83c24b810
Event: 302.955 Thread 0x000002d851be6bb0 flushing  nmethod 0x000002d83c31b410

Events (20 events):
Event: 145.188 Thread 0x000002d851bdd6c0 Thread added: 0x000002d851d5d180
Event: 149.420 Thread 0x000002d851d5d180 Thread exited: 0x000002d851d5d180
Event: 149.444 Thread 0x000002d851bdd6c0 Thread added: 0x000002d851d5d180
Event: 155.459 Thread 0x000002d851d5d180 Thread exited: 0x000002d851d5d180
Event: 160.953 Thread 0x000002d851bdd6c0 Thread added: 0x000002d851d5d180
Event: 166.004 Thread 0x000002d851d5d180 Thread exited: 0x000002d851d5d180
Event: 220.703 Thread 0x000002d854fa1240 Thread exited: 0x000002d854fa1240
Event: 302.612 Thread 0x000002d8546a4d50 Thread added: 0x000002d854fa0d30
Event: 302.726 Thread 0x000002d8546a5260 Thread added: 0x000002d854f998c0
Event: 302.869 Thread 0x000002d8546a5260 Thread added: 0x000002d854fa1240
Event: 302.889 Thread 0x000002d854fa0d30 Thread added: 0x000002d854f99dd0
Event: 363.682 Thread 0x000002d854fa1240 Thread exited: 0x000002d854fa1240
Event: 364.608 Thread 0x000002d854f99dd0 Thread exited: 0x000002d854f99dd0
Event: 394.353 Thread 0x000002d8546a5260 Thread exited: 0x000002d8546a5260
Event: 394.699 Thread 0x000002d8546a4d50 Thread added: 0x000002d854fa1240
Event: 394.890 Thread 0x000002d8546a4d50 Thread added: 0x000002d8546a5260
Event: 395.155 Thread 0x000002d8546a4d50 Thread added: 0x000002d8546a3e20
Event: 455.446 Thread 0x000002d8546a3e20 Thread exited: 0x000002d8546a3e20
Event: 455.566 Thread 0x000002d8546a4d50 Thread exited: 0x000002d8546a4d50
Event: 539.218 Thread 0x000002d854fa1240 Thread added: 0x000002d8546a4d50


Dynamic libraries:
0x00007ff7faa50000 - 0x00007ff7faa5e000 	c:\Users\ruyag\.cursor\extensions\redhat.java-1.38.0-win32-x64\jre\17.0.13-win32-x86_64\bin\java.exe
0x00007ffb3f290000 - 0x00007ffb3f4a7000 	C:\WINDOWS\SYSTEM32\ntdll.dll
0x00007ffb3d8f0000 - 0x00007ffb3d9b4000 	C:\WINDOWS\System32\KERNEL32.DLL
0x00007ffb3c720000 - 0x00007ffb3cada000 	C:\WINDOWS\System32\KERNELBASE.dll
0x00007ffb3c560000 - 0x00007ffb3c671000 	C:\WINDOWS\System32\ucrtbase.dll
0x00007ffb1d790000 - 0x00007ffb1d7a7000 	c:\Users\ruyag\.cursor\extensions\redhat.java-1.38.0-win32-x64\jre\17.0.13-win32-x86_64\bin\jli.dll
0x00007ffb1d680000 - 0x00007ffb1d69e000 	c:\Users\ruyag\.cursor\extensions\redhat.java-1.38.0-win32-x64\jre\17.0.13-win32-x86_64\bin\VCRUNTIME140.dll
0x00007ffb3cf90000 - 0x00007ffb3d13e000 	C:\WINDOWS\System32\USER32.dll
0x00007ffb3cee0000 - 0x00007ffb3cf06000 	C:\WINDOWS\System32\win32u.dll
0x00007ffb3eb50000 - 0x00007ffb3eb79000 	C:\WINDOWS\System32\GDI32.dll
0x00007ffb20630000 - 0x00007ffb208c2000 	C:\WINDOWS\WinSxS\amd64_microsoft.windows.common-controls_6595b64144ccf1df_6.0.22621.4541_none_2710d1c57384c085\COMCTL32.dll
0x00007ffb3cdc0000 - 0x00007ffb3cedb000 	C:\WINDOWS\System32\gdi32full.dll
0x00007ffb3e620000 - 0x00007ffb3e6c7000 	C:\WINDOWS\System32\msvcrt.dll
0x00007ffb3c680000 - 0x00007ffb3c71a000 	C:\WINDOWS\System32\msvcp_win.dll
0x00007ffb3e2a0000 - 0x00007ffb3e2d1000 	C:\WINDOWS\System32\IMM32.DLL
0x00007ffb31bf0000 - 0x00007ffb31bfc000 	c:\Users\ruyag\.cursor\extensions\redhat.java-1.38.0-win32-x64\jre\17.0.13-win32-x86_64\bin\vcruntime140_1.dll
0x00007ffb0bf20000 - 0x00007ffb0bfad000 	c:\Users\ruyag\.cursor\extensions\redhat.java-1.38.0-win32-x64\jre\17.0.13-win32-x86_64\bin\msvcp140.dll
0x00007ffaddd00000 - 0x00007ffade96b000 	c:\Users\ruyag\.cursor\extensions\redhat.java-1.38.0-win32-x64\jre\17.0.13-win32-x86_64\bin\server\jvm.dll
0x00007ffb3d2c0000 - 0x00007ffb3d372000 	C:\WINDOWS\System32\ADVAPI32.dll
0x00007ffb3ed40000 - 0x00007ffb3ede7000 	C:\WINDOWS\System32\sechost.dll
0x00007ffb3cba0000 - 0x00007ffb3cbc8000 	C:\WINDOWS\System32\bcrypt.dll
0x00007ffb3f130000 - 0x00007ffb3f244000 	C:\WINDOWS\System32\RPCRT4.dll
0x00007ffb3d140000 - 0x00007ffb3d1b1000 	C:\WINDOWS\System32\WS2_32.dll
0x00007ffb3c430000 - 0x00007ffb3c47d000 	C:\WINDOWS\SYSTEM32\POWRPROF.dll
0x00007ffb39eb0000 - 0x00007ffb39ee4000 	C:\WINDOWS\SYSTEM32\WINMM.dll
0x00007ffb34b10000 - 0x00007ffb34b1a000 	C:\WINDOWS\SYSTEM32\VERSION.dll
0x00007ffb3c410000 - 0x00007ffb3c423000 	C:\WINDOWS\SYSTEM32\UMPDC.dll
0x00007ffb3b5a0000 - 0x00007ffb3b5b8000 	C:\WINDOWS\SYSTEM32\kernel.appcore.dll
0x00007ffb31b40000 - 0x00007ffb31b4a000 	c:\Users\ruyag\.cursor\extensions\redhat.java-1.38.0-win32-x64\jre\17.0.13-win32-x86_64\bin\jimage.dll
0x00007ffb39c30000 - 0x00007ffb39e62000 	C:\WINDOWS\SYSTEM32\DBGHELP.DLL
0x00007ffb3d380000 - 0x00007ffb3d70f000 	C:\WINDOWS\System32\combase.dll
0x00007ffb3d810000 - 0x00007ffb3d8e7000 	C:\WINDOWS\System32\OLEAUT32.dll
0x00007ffb39e70000 - 0x00007ffb39ea2000 	C:\WINDOWS\SYSTEM32\dbgcore.DLL
0x00007ffb3cf10000 - 0x00007ffb3cf8b000 	C:\WINDOWS\System32\bcryptPrimitives.dll
0x00007ffb261b0000 - 0x00007ffb261be000 	c:\Users\ruyag\.cursor\extensions\redhat.java-1.38.0-win32-x64\jre\17.0.13-win32-x86_64\bin\instrument.dll
0x00007ffb19620000 - 0x00007ffb19645000 	c:\Users\ruyag\.cursor\extensions\redhat.java-1.38.0-win32-x64\jre\17.0.13-win32-x86_64\bin\java.dll
0x00007ffb1b8c0000 - 0x00007ffb1b8d8000 	c:\Users\ruyag\.cursor\extensions\redhat.java-1.38.0-win32-x64\jre\17.0.13-win32-x86_64\bin\zip.dll
0x00007ffb3d9c0000 - 0x00007ffb3e238000 	C:\WINDOWS\System32\SHELL32.dll
0x00007ffb3a4a0000 - 0x00007ffb3ada8000 	C:\WINDOWS\SYSTEM32\windows.storage.dll
0x00007ffb3a360000 - 0x00007ffb3a49f000 	C:\WINDOWS\SYSTEM32\wintypes.dll
0x00007ffb3d710000 - 0x00007ffb3d80a000 	C:\WINDOWS\System32\SHCORE.dll
0x00007ffb3ee20000 - 0x00007ffb3ee7e000 	C:\WINDOWS\System32\shlwapi.dll
0x00007ffb3c490000 - 0x00007ffb3c4bb000 	C:\WINDOWS\SYSTEM32\profapi.dll
0x00007ffb1b250000 - 0x00007ffb1b269000 	C:\Users\ruyag\.cursor\extensions\redhat.java-1.38.0-win32-x64\jre\17.0.13-win32-x86_64\bin\net.dll
0x00007ffb37b90000 - 0x00007ffb37cc6000 	C:\WINDOWS\SYSTEM32\WINHTTP.dll
0x00007ffb3ba20000 - 0x00007ffb3ba89000 	C:\WINDOWS\system32\mswsock.dll
0x00007ffb19c40000 - 0x00007ffb19c56000 	C:\Users\ruyag\.cursor\extensions\redhat.java-1.38.0-win32-x64\jre\17.0.13-win32-x86_64\bin\nio.dll
0x00007ffb24d60000 - 0x00007ffb24d70000 	c:\Users\ruyag\.cursor\extensions\redhat.java-1.38.0-win32-x64\jre\17.0.13-win32-x86_64\bin\verify.dll
0x00007ffb0c2a0000 - 0x00007ffb0c2e5000 	C:\Users\ruyag\AppData\Roaming\Cursor\User\globalStorage\redhat.java\1.38.0\config_ss_win\org.eclipse.equinox.launcher\org.eclipse.equinox.launcher.win32.win32.x86_64_1.2.1100.v20240722-2106\eclipse_11904.dll
0x00007ffb3ef80000 - 0x00007ffb3f125000 	C:\WINDOWS\System32\ole32.dll
0x00007ffb3bc80000 - 0x00007ffb3bc9b000 	C:\WINDOWS\SYSTEM32\CRYPTSP.dll
0x00007ffb3b500000 - 0x00007ffb3b535000 	C:\WINDOWS\system32\rsaenh.dll
0x00007ffb3bb10000 - 0x00007ffb3bb38000 	C:\WINDOWS\SYSTEM32\USERENV.dll
0x00007ffb3bc70000 - 0x00007ffb3bc7c000 	C:\WINDOWS\SYSTEM32\CRYPTBASE.dll
0x00007ffb3b050000 - 0x00007ffb3b07d000 	C:\WINDOWS\SYSTEM32\IPHLPAPI.DLL
0x00007ffb3e2e0000 - 0x00007ffb3e2e9000 	C:\WINDOWS\System32\NSI.dll
0x00007ffb379d0000 - 0x00007ffb379e9000 	C:\WINDOWS\SYSTEM32\dhcpcsvc6.DLL
0x00007ffb378f0000 - 0x00007ffb3790f000 	C:\WINDOWS\SYSTEM32\dhcpcsvc.DLL
0x00007ffb3b0d0000 - 0x00007ffb3b1d2000 	C:\WINDOWS\SYSTEM32\DNSAPI.dll
0x00007ffb0c6a0000 - 0x00007ffb0c6e9000 	C:\Users\ruyag\AppData\Local\Temp\jna-108886332\jna15963497923469370737.dll
0x00007ffb3edf0000 - 0x00007ffb3edf8000 	C:\WINDOWS\System32\PSAPI.DLL

dbghelp: loaded successfully - version: 4.0.5 - missing functions: none
symbol engine: initialized successfully - sym options: 0x614 - pdb path: .;c:\Users\ruyag\.cursor\extensions\redhat.java-1.38.0-win32-x64\jre\17.0.13-win32-x86_64\bin;C:\WINDOWS\SYSTEM32;C:\WINDOWS\WinSxS\amd64_microsoft.windows.common-controls_6595b64144ccf1df_6.0.22621.4541_none_2710d1c57384c085;c:\Users\ruyag\.cursor\extensions\redhat.java-1.38.0-win32-x64\jre\17.0.13-win32-x86_64\bin\server;C:\Users\ruyag\AppData\Roaming\Cursor\User\globalStorage\redhat.java\1.38.0\config_ss_win\org.eclipse.equinox.launcher\org.eclipse.equinox.launcher.win32.win32.x86_64_1.2.1100.v20240722-2106;C:\Users\ruyag\AppData\Local\Temp\jna-108886332

VM Arguments:
jvm_args: --add-modules=ALL-SYSTEM --add-opens=java.base/java.util=ALL-UNNAMED --add-opens=java.base/java.lang=ALL-UNNAMED --add-opens=java.base/sun.nio.fs=ALL-UNNAMED -Declipse.application=org.eclipse.jdt.ls.core.id1 -Dosgi.bundles.defaultStartLevel=4 -Declipse.product=org.eclipse.jdt.ls.core.product -Djava.import.generatesMetadataFilesAtProjectRoot=false -DDetectVMInstallationsJob.disabled=true -Dfile.encoding=utf8 -XX:+UseParallelGC -XX:GCTimeRatio=4 -XX:AdaptiveSizePolicyWeight=90 -Dsun.zip.disableMemoryMapping=true -Xmx1G -Xms100m -Xlog:disable -javaagent:c:\Users\ruyag\.cursor\extensions\redhat.java-1.38.0-win32-x64\lombok\lombok-1.18.34.jar 
java_command: c:\Users\ruyag\.cursor\extensions\redhat.java-1.38.0-win32-x64\server\plugins\org.eclipse.equinox.launcher_1.6.900.v20240613-2009.jar -configuration c:\Users\ruyag\AppData\Roaming\Cursor\User\globalStorage\redhat.java\1.38.0\config_ss_win -data c:\Users\ruyag\AppData\Roaming\Cursor\User\workspaceStorage\d58415511495a9c8c749dde9ace04084\redhat.java\ss_ws --pipe=\\.\pipe\lsp-6da1571532f8b52ac6a1d28374239825-sock
java_class_path (initial): c:\Users\ruyag\.cursor\extensions\redhat.java-1.38.0-win32-x64\server\plugins\org.eclipse.equinox.launcher_1.6.900.v20240613-2009.jar
Launcher Type: SUN_STANDARD

[Global flags]
    uintx AdaptiveSizePolicyWeight                 = 90                                        {product} {command line}
     intx CICompilerCount                          = 12                                        {product} {ergonomic}
    uintx GCTimeRatio                              = 4                                         {product} {command line}
   size_t InitialHeapSize                          = 104857600                                 {product} {command line}
   size_t MaxHeapSize                              = 1073741824                                {product} {command line}
   size_t MaxNewSize                               = 357564416                                 {product} {ergonomic}
   size_t MinHeapDeltaBytes                        = 524288                                    {product} {ergonomic}
   size_t MinHeapSize                              = 104857600                                 {product} {command line}
   size_t NewSize                                  = 34603008                                  {product} {ergonomic}
    uintx NonNMethodCodeHeapSize                   = 7602480                                {pd product} {ergonomic}
    uintx NonProfiledCodeHeapSize                  = 122027880                              {pd product} {ergonomic}
   size_t OldSize                                  = 70254592                                  {product} {ergonomic}
    uintx ProfiledCodeHeapSize                     = 122027880                              {pd product} {ergonomic}
    uintx ReservedCodeCacheSize                    = 251658240                              {pd product} {ergonomic}
     bool SegmentedCodeCache                       = true                                      {product} {ergonomic}
   size_t SoftMaxHeapSize                          = 1073741824                             {manageable} {ergonomic}
     bool UseCompressedClassPointers               = true                           {product lp64_product} {ergonomic}
     bool UseCompressedOops                        = true                           {product lp64_product} {ergonomic}
     bool UseLargePagesIndividualAllocation        = false                                  {pd product} {ergonomic}
     bool UseParallelGC                            = true                                      {product} {command line}

Logging:
Log output configuration:
 #0: stdout all=off uptime,level,tags
 #1: stderr all=off uptime,level,tags

Environment Variables:
PATH=C:\Program Files\Common Files\Oracle\Java\javapath;C:\Windows\system32;C:\Windows;C:\Windows\System32\Wbem;C:\Windows\System32\WindowsPowerShell\v1.0\;C:\Windows\System32\OpenSSH\;C:\Program Files\Java\jdk-17\bin;C:\WINDOWS\system32;C:\WINDOWS;C:\WINDOWS\System32\Wbem;C:\WINDOWS\System32\WindowsPowerShell\v1.0\;C:\WINDOWS\System32\OpenSSH\;C:\Program Files\dotnet\;C:\Program Files (x86)\Microsoft SQL Server\160\Tools\Binn\;C:\Program Files\Microsoft SQL Server\160\Tools\Binn\;C:\Program Files\Microsoft SQL Server\Client SDK\ODBC\170\Tools\Binn\;C:\Program Files\Microsoft SQL Server\160\DTS\Binn\;C:\Program Files (x86)\Microsoft SQL Server\160\DTS\Binn\;C:\Program Files\Azure Data Studio\bin;C:\flutter\bin;C:\src\flutter\bin;C:\Program Files\Git\cmd;C:\Program Files\nodejs\;C:\ProgramData\chocolatey\bin;C:\Kullanýcýlar\ruyag\AppData\Local\Programs\Python\Python3X;C:\Kullanýcýlar\ruyag\AppData\Local\Programs\Python\Python3X\scripts;C:\Users\ruyag\AppData\Local\Programs\Python\Python313\Scripts\;C:\Users\ruyag\AppData\Local\Programs\Python\Python313\;C:\Users\ruyag\AppData\Local\Programs\Python\Python312\Scripts\;C:\Users\ruyag\AppData\Local\Programs\Python\Python312\;C:\Users\ruyag\AppData\Local\Microsoft\WindowsApps;C:\Users\ruyag\AppData\Local\Programs\Microsoft VS Code\bin;C:\Users\ruyag\.dotnet\tools;C:\Program Files\Azure Data Studio\bin;C:\Users\ruyag\AppData\Roaming\npm
USERNAME=ruyag
OS=Windows_NT
PROCESSOR_IDENTIFIER=AMD64 Family 23 Model 104 Stepping 1, AuthenticAMD
TMP=C:\Users\ruyag\AppData\Local\Temp
TEMP=C:\Users\ruyag\AppData\Local\Temp



Periodic native trim disabled


---------------  S Y S T E M  ---------------

OS:
 Windows 11 , 64 bit Build 22621 (10.0.22621.4391)
OS uptime: 2 days 1:27 hours

CPU: total 16 (initial active 16) (16 cores per cpu, 2 threads per core) family 23 model 104 stepping 1 microcode 0x0, cx8, cmov, fxsr, ht, mmx, 3dnowpref, sse, sse2, sse3, ssse3, sse4a, sse4.1, sse4.2, popcnt, lzcnt, tsc, tscinvbit, avx, avx2, aes, clmul, bmi1, bmi2, adx, sha, fma, vzeroupper, clflush, clflushopt
Processor Information for all 16 processors :
  Max Mhz: 1801, Current Mhz: 1801, Mhz Limit: 1801

Memory: 4k page, system-wide physical 6005M (55M free)
TotalPageFile size 24437M (AvailPageFile size 9M)
current process WorkingSet (physical memory assigned to process): 66M, peak: 213M
current process commit charge ("private bytes"): 287M, peak: 320M

vm_info: OpenJDK 64-Bit Server VM (17.0.13+11) for windows-amd64 JRE (17.0.13+11), built on Oct 16 2024 00:10:08 by "admin" with MS VC++ 17.7 (VS2022)

END.
