#
# There is insufficient memory for the Java Runtime Environment to continue.
# Native memory allocation (malloc) failed to allocate 2428992 bytes. Error detail: Chunk::new
# Possible reasons:
#   The system is out of physical RAM or swap space
#   This process is running with CompressedOops enabled, and the Java Heap may be blocking the growth of the native heap
# Possible solutions:
#   Reduce memory load on the system
#   Increase physical memory or swap space
#   Check if swap backing store is full
#   Decrease Java heap size (-Xmx/-Xms)
#   Decrease number of Java threads
#   Decrease Java thread stack sizes (-Xss)
#   Set larger code cache with -XX:ReservedCodeCacheSize=
#   JVM is running with Unscaled Compressed Oops mode in which the Java heap is
#     placed in the first 4GB address space. The Java Heap base address is the
#     maximum limit for the native heap growth. Please use -XX:HeapBaseMinAddress
#     to set the Java Heap base and to place the Java Heap above 4GB virtual address.
# This output file may be truncated or incomplete.
#
#  Out of Memory Error (arena.cpp:191), pid=6800, tid=20448
#
# JRE version: OpenJDK Runtime Environment Temurin-17.0.13+11 (17.0.13+11) (build 17.0.13+11)
# Java VM: OpenJDK 64-Bit Server VM Temurin-17.0.13+11 (17.0.13+11, mixed mode, tiered, compressed oops, compressed class ptrs, parallel gc, windows-amd64)
# No core dump will be written. Minidumps are not enabled by default on client versions of Windows
#

---------------  S U M M A R Y ------------

Command Line: --add-modules=ALL-SYSTEM --add-opens=java.base/java.util=ALL-UNNAMED --add-opens=java.base/java.lang=ALL-UNNAMED --add-opens=java.base/sun.nio.fs=ALL-UNNAMED -Declipse.application=org.eclipse.jdt.ls.core.id1 -Dosgi.bundles.defaultStartLevel=4 -Declipse.product=org.eclipse.jdt.ls.core.product -Djava.import.generatesMetadataFilesAtProjectRoot=false -DDetectVMInstallationsJob.disabled=true -Dfile.encoding=utf8 -XX:+UseParallelGC -XX:GCTimeRatio=4 -XX:AdaptiveSizePolicyWeight=90 -Dsun.zip.disableMemoryMapping=true -Xmx1G -Xms100m -Xlog:disable -javaagent:c:\Users\ruyag\.cursor\extensions\redhat.java-1.38.0-win32-x64\lombok\lombok-1.18.34.jar c:\Users\ruyag\.cursor\extensions\redhat.java-1.38.0-win32-x64\server\plugins\org.eclipse.equinox.launcher_1.6.900.v20240613-2009.jar -configuration c:\Users\ruyag\AppData\Roaming\Cursor\User\globalStorage\redhat.java\1.38.0\config_ss_win -data c:\Users\ruyag\AppData\Roaming\Cursor\User\workspaceStorage\d58415511495a9c8c749dde9ace04084\redhat.java\ss_ws --pipe=\\.\pipe\lsp-6692410fe02d02cf975ecd64ccc254f9-sock

Host: AMD Ryzen 7 5700U with Radeon Graphics         , 16 cores, 5G,  Windows 11 , 64 bit Build 22621 (10.0.22621.4391)
Time: Mon Jan  6 22:18:51 2025 Türkiye Standart Saati elapsed time: 2.078190 seconds (0d 0h 0m 2s)

---------------  T H R E A D  ---------------

Current thread (0x000002549421cb30):  JavaThread "C2 CompilerThread1" daemon [_thread_in_native, id=20448, stack(0x000000d93eb00000,0x000000d93ec00000)]


Current CompileTask:
C2:   2078 2046       4       org.apache.felix.resolver.ResolverImpl::mergeUses (495 bytes)

Stack: [0x000000d93eb00000,0x000000d93ec00000]
Native frames: (J=compiled Java code, j=interpreted, Vv=VM code, C=native code)
V  [jvm.dll+0x682a19]
V  [jvm.dll+0x839538]
V  [jvm.dll+0x83afe3]
V  [jvm.dll+0x83b653]
V  [jvm.dll+0x24704f]
V  [jvm.dll+0xace34]
V  [jvm.dll+0xad4cc]
V  [jvm.dll+0x36597e]
V  [jvm.dll+0x1ba793]
V  [jvm.dll+0x2181a7]
V  [jvm.dll+0x21748f]
V  [jvm.dll+0x1a3070]
V  [jvm.dll+0x22788c]
V  [jvm.dll+0x2259eb]
V  [jvm.dll+0x7eec98]
V  [jvm.dll+0x7e8ffc]
V  [jvm.dll+0x6818f7]
C  [ucrtbase.dll+0x29333]
C  [KERNEL32.DLL+0x1259d]
C  [ntdll.dll+0x5af38]


---------------  P R O C E S S  ---------------

Threads class SMR info:
_java_thread_list=0x00000254972ef2a0, length=38, elements={
0x00000254f6eb51d0, 0x000002549410b030, 0x000002549410d0e0, 0x00000254fbd2db90,
0x0000025494132460, 0x00000254941348f0, 0x0000025494138180, 0x000002549413dc90,
0x000002549413f200, 0x000002549413ff00, 0x00000254941efc10, 0x00000254f6f1a3e0,
0x000002549421cb30, 0x00000254943ef030, 0x00000254943ef550, 0x00000254963375f0,
0x000002549637ba80, 0x000002549637bf90, 0x000002549637c4a0, 0x000002549637c9b0,
0x000002549637d3d0, 0x000002549637d8e0, 0x000002549637b060, 0x000002549637cec0,
0x000002549637ddf0, 0x000002549637e300, 0x000002549637e810, 0x0000025496e57260,
0x0000025496e586a0, 0x0000025496e5a500, 0x0000025496e55e20, 0x0000025496e58190,
0x0000025496e56d50, 0x0000025496e58bb0, 0x0000025496e59ff0, 0x0000025496e56330,
0x0000025496e56840, 0x0000025496e5b940
}

Java Threads: ( => current thread )
  0x00000254f6eb51d0 JavaThread "main" [_thread_blocked, id=14716, stack(0x000000d93dd00000,0x000000d93de00000)]
  0x000002549410b030 JavaThread "Reference Handler" daemon [_thread_blocked, id=13256, stack(0x000000d93e000000,0x000000d93e100000)]
  0x000002549410d0e0 JavaThread "Finalizer" daemon [_thread_blocked, id=22680, stack(0x000000d93e100000,0x000000d93e200000)]
  0x00000254fbd2db90 JavaThread "Signal Dispatcher" daemon [_thread_blocked, id=7360, stack(0x000000d93e200000,0x000000d93e300000)]
  0x0000025494132460 JavaThread "Attach Listener" daemon [_thread_blocked, id=1992, stack(0x000000d93e300000,0x000000d93e400000)]
  0x00000254941348f0 JavaThread "Service Thread" daemon [_thread_blocked, id=15328, stack(0x000000d93e400000,0x000000d93e500000)]
  0x0000025494138180 JavaThread "Monitor Deflation Thread" daemon [_thread_blocked, id=22880, stack(0x000000d93e500000,0x000000d93e600000)]
  0x000002549413dc90 JavaThread "C2 CompilerThread0" daemon [_thread_blocked, id=19996, stack(0x000000d93e600000,0x000000d93e700000)]
  0x000002549413f200 JavaThread "C1 CompilerThread0" daemon [_thread_blocked, id=12456, stack(0x000000d93e700000,0x000000d93e800000)]
  0x000002549413ff00 JavaThread "Sweeper thread" daemon [_thread_blocked, id=2712, stack(0x000000d93e800000,0x000000d93e900000)]
  0x00000254941efc10 JavaThread "Common-Cleaner" daemon [_thread_blocked, id=23328, stack(0x000000d93e900000,0x000000d93ea00000)]
  0x00000254f6f1a3e0 JavaThread "C1 CompilerThread1" daemon [_thread_blocked, id=22904, stack(0x000000d93ea00000,0x000000d93eb00000)]
=>0x000002549421cb30 JavaThread "C2 CompilerThread1" daemon [_thread_in_native, id=20448, stack(0x000000d93eb00000,0x000000d93ec00000)]
  0x00000254943ef030 JavaThread "C1 CompilerThread2" daemon [_thread_in_native, id=8948, stack(0x000000d93ec00000,0x000000d93ed00000)]
  0x00000254943ef550 JavaThread "C1 CompilerThread3" daemon [_thread_blocked, id=18532, stack(0x000000d93ed00000,0x000000d93ee00000)]
  0x00000254963375f0 JavaThread "Notification Thread" daemon [_thread_blocked, id=4680, stack(0x000000d93ee00000,0x000000d93ef00000)]
  0x000002549637ba80 JavaThread "Equinox resolver thread - Equinox Container: 334a2c5e-61ea-483c-bde0-a8f2e6274fb1" daemon [_thread_blocked, id=10000, stack(0x000000d93f500000,0x000000d93f600000)]
  0x000002549637bf90 JavaThread "Equinox resolver thread - Equinox Container: 334a2c5e-61ea-483c-bde0-a8f2e6274fb1" daemon [_thread_blocked, id=18412, stack(0x000000d93f600000,0x000000d93f700000)]
  0x000002549637c4a0 JavaThread "Equinox resolver thread - Equinox Container: 334a2c5e-61ea-483c-bde0-a8f2e6274fb1" daemon [_thread_blocked, id=13764, stack(0x000000d93f700000,0x000000d93f800000)]
  0x000002549637c9b0 JavaThread "Equinox resolver thread - Equinox Container: 334a2c5e-61ea-483c-bde0-a8f2e6274fb1" daemon [_thread_blocked, id=8788, stack(0x000000d93f800000,0x000000d93f900000)]
  0x000002549637d3d0 JavaThread "Equinox resolver thread - Equinox Container: 334a2c5e-61ea-483c-bde0-a8f2e6274fb1" daemon [_thread_blocked, id=19124, stack(0x000000d93f900000,0x000000d93fa00000)]
  0x000002549637d8e0 JavaThread "Equinox resolver thread - Equinox Container: 334a2c5e-61ea-483c-bde0-a8f2e6274fb1" daemon [_thread_blocked, id=13680, stack(0x000000d93fa00000,0x000000d93fb00000)]
  0x000002549637b060 JavaThread "Active Thread: Equinox Container: 334a2c5e-61ea-483c-bde0-a8f2e6274fb1" [_thread_blocked, id=18964, stack(0x000000d93fb00000,0x000000d93fc00000)]
  0x000002549637cec0 JavaThread "Framework Event Dispatcher: Equinox Container: 334a2c5e-61ea-483c-bde0-a8f2e6274fb1" daemon [_thread_blocked, id=4936, stack(0x000000d93fc00000,0x000000d93fd00000)]
  0x000002549637ddf0 JavaThread "Start Level: Equinox Container: 334a2c5e-61ea-483c-bde0-a8f2e6274fb1" daemon [_thread_in_Java, id=14368, stack(0x000000d93fd00000,0x000000d93fe00000)]
  0x000002549637e300 JavaThread "Refresh Thread: Equinox Container: 334a2c5e-61ea-483c-bde0-a8f2e6274fb1" daemon [_thread_blocked, id=13084, stack(0x000000d940000000,0x000000d940100000)]
  0x000002549637e810 JavaThread "Equinox resolver thread - Equinox Container: 334a2c5e-61ea-483c-bde0-a8f2e6274fb1" daemon [_thread_blocked, id=1552, stack(0x000000d940100000,0x000000d940200000)]
  0x0000025496e57260 JavaThread "Equinox resolver thread - Equinox Container: 334a2c5e-61ea-483c-bde0-a8f2e6274fb1" daemon [_thread_blocked, id=2884, stack(0x000000d940200000,0x000000d940300000)]
  0x0000025496e586a0 JavaThread "Equinox resolver thread - Equinox Container: 334a2c5e-61ea-483c-bde0-a8f2e6274fb1" daemon [_thread_blocked, id=22072, stack(0x000000d940300000,0x000000d940400000)]
  0x0000025496e5a500 JavaThread "Equinox resolver thread - Equinox Container: 334a2c5e-61ea-483c-bde0-a8f2e6274fb1" daemon [_thread_blocked, id=13104, stack(0x000000d940400000,0x000000d940500000)]
  0x0000025496e55e20 JavaThread "Equinox resolver thread - Equinox Container: 334a2c5e-61ea-483c-bde0-a8f2e6274fb1" daemon [_thread_blocked, id=5848, stack(0x000000d940500000,0x000000d940600000)]
  0x0000025496e58190 JavaThread "Equinox resolver thread - Equinox Container: 334a2c5e-61ea-483c-bde0-a8f2e6274fb1" daemon [_thread_blocked, id=25144, stack(0x000000d940600000,0x000000d940700000)]
  0x0000025496e56d50 JavaThread "Equinox resolver thread - Equinox Container: 334a2c5e-61ea-483c-bde0-a8f2e6274fb1" daemon [_thread_blocked, id=18740, stack(0x000000d940700000,0x000000d940800000)]
  0x0000025496e58bb0 JavaThread "Equinox resolver thread - Equinox Container: 334a2c5e-61ea-483c-bde0-a8f2e6274fb1" daemon [_thread_blocked, id=12812, stack(0x000000d940800000,0x000000d940900000)]
  0x0000025496e59ff0 JavaThread "Equinox resolver thread - Equinox Container: 334a2c5e-61ea-483c-bde0-a8f2e6274fb1" daemon [_thread_blocked, id=1936, stack(0x000000d940900000,0x000000d940a00000)]
  0x0000025496e56330 JavaThread "Equinox resolver thread - Equinox Container: 334a2c5e-61ea-483c-bde0-a8f2e6274fb1" daemon [_thread_blocked, id=19516, stack(0x000000d940a00000,0x000000d940b00000)]
  0x0000025496e56840 JavaThread "SCR Component Actor" daemon [_thread_blocked, id=9808, stack(0x000000d940b00000,0x000000d940c00000)]
  0x0000025496e5b940 JavaThread "SCR Component Registry" daemon [_thread_blocked, id=2532, stack(0x000000d940c00000,0x000000d940d00000)]

Other Threads:
  0x00000254f6f4eb90 VMThread "VM Thread" [stack: 0x000000d93df00000,0x000000d93e000000] [id=18900]
  0x00000254962daa90 WatcherThread [stack: 0x000000d93ef00000,0x000000d93f000000] [id=9848]
  0x00000254f6ecc130 GCTaskThread "GC Thread#0" [stack: 0x000000d93de00000,0x000000d93df00000] [id=21444]
  0x0000025496363190 GCTaskThread "GC Thread#1" [stack: 0x000000d93f000000,0x000000d93f100000] [id=3456]
  0x00000254969a5e50 GCTaskThread "GC Thread#2" [stack: 0x000000d93f100000,0x000000d93f200000] [id=16032]
  0x00000254969a6110 GCTaskThread "GC Thread#3" [stack: 0x000000d93f200000,0x000000d93f300000] [id=20936]
  0x00000254969a3410 GCTaskThread "GC Thread#4" [stack: 0x000000d93f300000,0x000000d93f400000] [id=23692]
  0x00000254969a3ae0 GCTaskThread "GC Thread#5" [stack: 0x000000d93f400000,0x000000d93f500000] [id=24932]
  0x0000025496654dd0 GCTaskThread "GC Thread#6" [stack: 0x000000d93fe00000,0x000000d93ff00000] [id=8680]
  0x0000025496c0f2e0 GCTaskThread "GC Thread#7" [stack: 0x000000d93ff00000,0x000000d940000000] [id=13896]

Threads with active compile tasks:
C2 CompilerThread1     2092 2046       4       org.apache.felix.resolver.ResolverImpl::mergeUses (495 bytes)

VM state: not at safepoint (normal execution)

VM Mutex/Monitor currently owned by a thread: None

Heap address: 0x00000000c0000000, size: 1024 MB, Compressed Oops mode: 32-bit

CDS archive(s) not mapped
Compressed class space mapped at: 0x0000000100000000-0x0000000140000000, reserved size: 1073741824
Narrow klass base: 0x0000000000000000, Narrow klass shift: 3, Narrow klass range: 0x140000000

GC Precious Log:
 CPUs: 16 total, 16 available
 Memory: 6005M
 Large Page Support: Disabled
 NUMA Support: Disabled
 Compressed Oops: Enabled (32-bit)
 Alignments: Space 512K, Generation 512K, Heap 2M
 Heap Min Capacity: 100M
 Heap Initial Capacity: 100M
 Heap Max Capacity: 1G
 Pre-touch: Disabled
 Parallel Workers: 13

Heap:
 PSYoungGen      total 29696K, used 22732K [0x00000000eab00000, 0x00000000ecc00000, 0x0000000100000000)
  eden space 25600K, 72% used [0x00000000eab00000,0x00000000ebd35580,0x00000000ec400000)
  from space 4096K, 99% used [0x00000000ec400000,0x00000000ec7fdd08,0x00000000ec800000)
  to   space 4096K, 0% used [0x00000000ec800000,0x00000000ec800000,0x00000000ecc00000)
 ParOldGen       total 68608K, used 2964K [0x00000000c0000000, 0x00000000c4300000, 0x00000000eab00000)
  object space 68608K, 4% used [0x00000000c0000000,0x00000000c02e5000,0x00000000c4300000)
 Metaspace       used 18762K, committed 19136K, reserved 1114112K
  class space    used 1892K, committed 2048K, reserved 1048576K

Card table byte_map: [0x00000254f6830000,0x00000254f6a40000] _byte_map_base: 0x00000254f6230000

Marking Bits: (ParMarkBitMap*) 0x00007ff8f11f6940
 Begin Bits: [0x00000254f9b30000, 0x00000254fab30000)
 End Bits:   [0x00000254fab30000, 0x00000254fbb30000)

Polling page: 0x00000254f4e40000

Metaspace:

Usage:
  Non-class:     16.47 MB used.
      Class:      1.85 MB used.
       Both:     18.32 MB used.

Virtual space:
  Non-class space:       64.00 MB reserved,      16.69 MB ( 26%) committed,  1 nodes.
      Class space:        1.00 GB reserved,       2.00 MB ( <1%) committed,  1 nodes.
             Both:        1.06 GB reserved,      18.69 MB (  2%) committed. 

Chunk freelists:
   Non-Class:  14.48 MB
       Class:  13.87 MB
        Both:  28.35 MB

MaxMetaspaceSize: unlimited
CompressedClassSpaceSize: 1.00 GB
Initial GC threshold: 21.00 MB
Current GC threshold: 21.00 MB
CDS: off
MetaspaceReclaimPolicy: balanced
 - commit_granule_bytes: 65536.
 - commit_granule_words: 8192.
 - virtual_space_node_default_size: 8388608.
 - enlarge_chunks_in_place: 1.
 - new_chunks_are_fully_committed: 0.
 - uncommit_free_chunks: 1.
 - use_allocation_guard: 0.
 - handle_deallocations: 1.


Internal statistics:

num_allocs_failed_limit: 0.
num_arena_births: 142.
num_arena_deaths: 0.
num_vsnodes_births: 2.
num_vsnodes_deaths: 0.
num_space_committed: 299.
num_space_uncommitted: 0.
num_chunks_returned_to_freelist: 0.
num_chunks_taken_from_freelist: 481.
num_chunk_merges: 0.
num_chunk_splits: 323.
num_chunks_enlarged: 243.
num_inconsistent_stats: 0.

CodeHeap 'non-profiled nmethods': size=119168Kb used=1014Kb max_used=1014Kb free=118153Kb
 bounds [0x0000025487ba0000, 0x0000025487e10000, 0x000002548f000000]
CodeHeap 'profiled nmethods': size=119104Kb used=5913Kb max_used=5913Kb free=113190Kb
 bounds [0x0000025480000000, 0x00000254805d0000, 0x0000025487450000]
CodeHeap 'non-nmethods': size=7488Kb used=2869Kb max_used=2885Kb free=4618Kb
 bounds [0x0000025487450000, 0x0000025487730000, 0x0000025487ba0000]
 total_blobs=3311 nmethods=2833 adapters=389
 compilation: enabled
              stopped_count=0, restarted_count=0
 full_count=0

Compilation events (20 events):
Event: 2.063 Thread 0x00000254f6f1a3e0 nmethod 2789 0x00000254805ac410 code [0x00000254805ac5a0, 0x00000254805ac758]
Event: 2.063 Thread 0x00000254943ef030 nmethod 2791 0x00000254805ac810 code [0x00000254805ac9c0, 0x00000254805acc48]
Event: 2.063 Thread 0x00000254943ef030 2793       3       org.eclipse.osgi.internal.weaving.WeavingHookConfigurator::getRegistry (8 bytes)
Event: 2.063 Thread 0x00000254f6f1a3e0 2792   !   3       org.eclipse.osgi.internal.weaving.WeavingHookConfigurator::processClass (245 bytes)
Event: 2.063 Thread 0x00000254943ef550 nmethod 2788 0x00000254805acd90 code [0x00000254805acfe0, 0x00000254805adc78]
Event: 2.063 Thread 0x00000254943ef030 nmethod 2793 0x00000254805ae190 code [0x00000254805ae340, 0x00000254805ae598]
Event: 2.063 Thread 0x00000254943ef550 2794       3       org.eclipse.osgi.internal.weaving.WovenClassImpl::<init> (80 bytes)
Event: 2.063 Thread 0x00000254943ef030 2795       3       org.eclipse.osgi.internal.weaving.DynamicImportList::<init> (22 bytes)
Event: 2.064 Thread 0x00000254943ef030 nmethod 2795 0x00000254805ae710 code [0x00000254805ae8c0, 0x00000254805aebc8]
Event: 2.064 Thread 0x00000254943ef030 2796   !   3       org.eclipse.osgi.internal.weaving.WovenClassImpl::callHooks (410 bytes)
Event: 2.064 Thread 0x00000254943ef550 nmethod 2794 0x00000254805aed10 code [0x00000254805aef00, 0x00000254805af5a8]
Event: 2.064 Thread 0x00000254943ef550 2797   !   3       org.eclipse.osgi.internal.loader.ModuleClassLoader::defineClass (67 bytes)
Event: 2.064 Thread 0x000002549413f200 nmethod 2790 0x00000254805af890 code [0x00000254805afb20, 0x00000254805b0738]
Event: 2.064 Thread 0x00000254943ef550 nmethod 2797 0x00000254805b0d90 code [0x00000254805b0fa0, 0x00000254805b15d8]
Event: 2.065 Thread 0x00000254f6f1a3e0 nmethod 2792 0x00000254805b1990 code [0x00000254805b1d40, 0x00000254805b39d8]
Event: 2.065 Thread 0x00000254943ef030 nmethod 2796 0x00000254805b4810 code [0x00000254805b4be0, 0x00000254805b6778]
Event: 2.072 Thread 0x00000254943ef030 2799       3       java.lang.invoke.LambdaForm$BasicType::basicType (187 bytes)
Event: 2.073 Thread 0x00000254943ef030 nmethod 2799 0x00000254805b7210 code [0x00000254805b74a0, 0x00000254805b7f68]
Event: 2.074 Thread 0x00000254943ef030 2804       3       jdk.internal.org.objectweb.asm.MethodWriter::visitAbstractType (8 bytes)
Event: 2.074 Thread 0x00000254943ef030 nmethod 2804 0x00000254805b8210 code [0x00000254805b83a0, 0x00000254805b84d8]

GC Heap History (6 events):
Event: 0.718 GC heap before
{Heap before GC invocations=1 (full 0):
 PSYoungGen      total 29696K, used 25600K [0x00000000eab00000, 0x00000000ecc00000, 0x0000000100000000)
  eden space 25600K, 100% used [0x00000000eab00000,0x00000000ec400000,0x00000000ec400000)
  from space 4096K, 0% used [0x00000000ec800000,0x00000000ec800000,0x00000000ecc00000)
  to   space 4096K, 0% used [0x00000000ec400000,0x00000000ec400000,0x00000000ec800000)
 ParOldGen       total 68608K, used 0K [0x00000000c0000000, 0x00000000c4300000, 0x00000000eab00000)
  object space 68608K, 0% used [0x00000000c0000000,0x00000000c0000000,0x00000000c4300000)
 Metaspace       used 10629K, committed 10752K, reserved 1114112K
  class space    used 1064K, committed 1152K, reserved 1048576K
}
Event: 0.723 GC heap after
{Heap after GC invocations=1 (full 0):
 PSYoungGen      total 29696K, used 3166K [0x00000000eab00000, 0x00000000ecc00000, 0x0000000100000000)
  eden space 25600K, 0% used [0x00000000eab00000,0x00000000eab00000,0x00000000ec400000)
  from space 4096K, 77% used [0x00000000ec400000,0x00000000ec717970,0x00000000ec800000)
  to   space 4096K, 0% used [0x00000000ec800000,0x00000000ec800000,0x00000000ecc00000)
 ParOldGen       total 68608K, used 16K [0x00000000c0000000, 0x00000000c4300000, 0x00000000eab00000)
  object space 68608K, 0% used [0x00000000c0000000,0x00000000c0004000,0x00000000c4300000)
 Metaspace       used 10629K, committed 10752K, reserved 1114112K
  class space    used 1064K, committed 1152K, reserved 1048576K
}
Event: 1.171 GC heap before
{Heap before GC invocations=2 (full 0):
 PSYoungGen      total 29696K, used 28766K [0x00000000eab00000, 0x00000000ecc00000, 0x0000000100000000)
  eden space 25600K, 100% used [0x00000000eab00000,0x00000000ec400000,0x00000000ec400000)
  from space 4096K, 77% used [0x00000000ec400000,0x00000000ec717970,0x00000000ec800000)
  to   space 4096K, 0% used [0x00000000ec800000,0x00000000ec800000,0x00000000ecc00000)
 ParOldGen       total 68608K, used 16K [0x00000000c0000000, 0x00000000c4300000, 0x00000000eab00000)
  object space 68608K, 0% used [0x00000000c0000000,0x00000000c0004000,0x00000000c4300000)
 Metaspace       used 14288K, committed 14400K, reserved 1114112K
  class space    used 1430K, committed 1472K, reserved 1048576K
}
Event: 1.175 GC heap after
{Heap after GC invocations=2 (full 0):
 PSYoungGen      total 29696K, used 4066K [0x00000000eab00000, 0x00000000ecc00000, 0x0000000100000000)
  eden space 25600K, 0% used [0x00000000eab00000,0x00000000eab00000,0x00000000ec400000)
  from space 4096K, 99% used [0x00000000ec800000,0x00000000ecbf8910,0x00000000ecc00000)
  to   space 4096K, 0% used [0x00000000ec400000,0x00000000ec400000,0x00000000ec800000)
 ParOldGen       total 68608K, used 569K [0x00000000c0000000, 0x00000000c4300000, 0x00000000eab00000)
  object space 68608K, 0% used [0x00000000c0000000,0x00000000c008e590,0x00000000c4300000)
 Metaspace       used 14288K, committed 14400K, reserved 1114112K
  class space    used 1430K, committed 1472K, reserved 1048576K
}
Event: 1.508 GC heap before
{Heap before GC invocations=3 (full 0):
 PSYoungGen      total 29696K, used 29666K [0x00000000eab00000, 0x00000000ecc00000, 0x0000000100000000)
  eden space 25600K, 100% used [0x00000000eab00000,0x00000000ec400000,0x00000000ec400000)
  from space 4096K, 99% used [0x00000000ec800000,0x00000000ecbf8910,0x00000000ecc00000)
  to   space 4096K, 0% used [0x00000000ec400000,0x00000000ec400000,0x00000000ec800000)
 ParOldGen       total 68608K, used 569K [0x00000000c0000000, 0x00000000c4300000, 0x00000000eab00000)
  object space 68608K, 0% used [0x00000000c0000000,0x00000000c008e590,0x00000000c4300000)
 Metaspace       used 15573K, committed 15808K, reserved 1114112K
  class space    used 1550K, committed 1664K, reserved 1048576K
}
Event: 1.514 GC heap after
{Heap after GC invocations=3 (full 0):
 PSYoungGen      total 29696K, used 4087K [0x00000000eab00000, 0x00000000ecc00000, 0x0000000100000000)
  eden space 25600K, 0% used [0x00000000eab00000,0x00000000eab00000,0x00000000ec400000)
  from space 4096K, 99% used [0x00000000ec400000,0x00000000ec7fdd08,0x00000000ec800000)
  to   space 4096K, 0% used [0x00000000ec800000,0x00000000ec800000,0x00000000ecc00000)
 ParOldGen       total 68608K, used 2964K [0x00000000c0000000, 0x00000000c4300000, 0x00000000eab00000)
  object space 68608K, 4% used [0x00000000c0000000,0x00000000c02e5000,0x00000000c4300000)
 Metaspace       used 15573K, committed 15808K, reserved 1114112K
  class space    used 1550K, committed 1664K, reserved 1048576K
}

Dll operation events (9 events):
Event: 0.034 Loaded shared library c:\Users\ruyag\.cursor\extensions\redhat.java-1.38.0-win32-x64\jre\17.0.13-win32-x86_64\bin\java.dll
Event: 0.197 Loaded shared library c:\Users\ruyag\.cursor\extensions\redhat.java-1.38.0-win32-x64\jre\17.0.13-win32-x86_64\bin\zip.dll
Event: 0.200 Loaded shared library C:\Users\ruyag\.cursor\extensions\redhat.java-1.38.0-win32-x64\jre\17.0.13-win32-x86_64\bin\instrument.dll
Event: 0.211 Loaded shared library C:\Users\ruyag\.cursor\extensions\redhat.java-1.38.0-win32-x64\jre\17.0.13-win32-x86_64\bin\net.dll
Event: 0.218 Loaded shared library C:\Users\ruyag\.cursor\extensions\redhat.java-1.38.0-win32-x64\jre\17.0.13-win32-x86_64\bin\nio.dll
Event: 0.225 Loaded shared library C:\Users\ruyag\.cursor\extensions\redhat.java-1.38.0-win32-x64\jre\17.0.13-win32-x86_64\bin\zip.dll
Event: 0.239 Loaded shared library C:\Users\ruyag\.cursor\extensions\redhat.java-1.38.0-win32-x64\jre\17.0.13-win32-x86_64\bin\jimage.dll
Event: 0.298 Loaded shared library c:\Users\ruyag\.cursor\extensions\redhat.java-1.38.0-win32-x64\jre\17.0.13-win32-x86_64\bin\verify.dll
Event: 1.313 Loaded shared library C:\Users\ruyag\AppData\Roaming\Cursor\User\globalStorage\redhat.java\1.38.0\config_ss_win\org.eclipse.equinox.launcher\org.eclipse.equinox.launcher.win32.win32.x86_64_1.2.1100.v20240722-2106\eclipse_11904.dll

Deoptimization events (20 events):
Event: 1.720 Thread 0x000002549637ddf0 DEOPT PACKING pc=0x00000254804363f0 sp=0x000000d93fdf3110
Event: 1.720 Thread 0x000002549637ddf0 DEOPT UNPACKING pc=0x00000254874a6e43 sp=0x000000d93fdf2560 mode 0
Event: 1.891 Thread 0x000002549637ddf0 Uncommon trap: trap_request=0xffffff45 fr.pc=0x0000025487c8fcfc relative=0x000000000000033c
Event: 1.891 Thread 0x000002549637ddf0 Uncommon trap: reason=unstable_if action=reinterpret pc=0x0000025487c8fcfc method=com.sun.org.apache.xerces.internal.impl.XMLEntityScanner.scanLiteral(ILcom/sun/org/apache/xerces/internal/xni/XMLString;Z)I @ 189 c2
Event: 1.891 Thread 0x000002549637ddf0 DEOPT PACKING pc=0x0000025487c8fcfc sp=0x000000d93fdf82e0
Event: 1.891 Thread 0x000002549637ddf0 DEOPT UNPACKING pc=0x00000254874a66a3 sp=0x000000d93fdf8270 mode 2
Event: 1.896 Thread 0x000002549637ddf0 DEOPT PACKING pc=0x00000254805111f6 sp=0x000000d93fdf8100
Event: 1.896 Thread 0x000002549637ddf0 DEOPT UNPACKING pc=0x00000254874a6e43 sp=0x000000d93fdf75c0 mode 0
Event: 2.023 Thread 0x000002549637ddf0 Uncommon trap: trap_request=0xffffff45 fr.pc=0x0000025487bfbd80 relative=0x0000000000001e00
Event: 2.023 Thread 0x000002549637ddf0 Uncommon trap: reason=unstable_if action=reinterpret pc=0x0000025487bfbd80 method=java.util.jar.Manifest$FastInputStream.readLine([BII)I @ 106 c2
Event: 2.023 Thread 0x000002549637ddf0 DEOPT PACKING pc=0x0000025487bfbd80 sp=0x000000d93fdf7db0
Event: 2.023 Thread 0x000002549637ddf0 DEOPT UNPACKING pc=0x00000254874a66a3 sp=0x000000d93fdf7ca0 mode 2
Event: 2.023 Thread 0x000002549637ddf0 Uncommon trap: trap_request=0xffffff45 fr.pc=0x0000025487be9930 relative=0x0000000000000470
Event: 2.023 Thread 0x000002549637ddf0 Uncommon trap: reason=unstable_if action=reinterpret pc=0x0000025487be9930 method=java.util.jar.Manifest$FastInputStream.readLine([BII)I @ 106 c2
Event: 2.023 Thread 0x000002549637ddf0 DEOPT PACKING pc=0x0000025487be9930 sp=0x000000d93fdf7d20
Event: 2.023 Thread 0x000002549637ddf0 DEOPT UNPACKING pc=0x00000254874a66a3 sp=0x000000d93fdf7cb0 mode 2
Event: 2.023 Thread 0x000002549637ddf0 Uncommon trap: trap_request=0xffffff45 fr.pc=0x0000025487bf7c38 relative=0x0000000000000098
Event: 2.023 Thread 0x000002549637ddf0 Uncommon trap: reason=unstable_if action=reinterpret pc=0x0000025487bf7c38 method=java.util.jar.Manifest$FastInputStream.peek()B @ 23 c2
Event: 2.023 Thread 0x000002549637ddf0 DEOPT PACKING pc=0x0000025487bf7c38 sp=0x000000d93fdf7db0
Event: 2.023 Thread 0x000002549637ddf0 DEOPT UNPACKING pc=0x00000254874a66a3 sp=0x000000d93fdf7d48 mode 2

Classes loaded (20 events):
Event: 1.740 Loading class sun/util/PropertyResourceBundleCharset
Event: 1.740 Loading class sun/util/PropertyResourceBundleCharset done
Event: 1.740 Loading class sun/util/PropertyResourceBundleCharset$PropertiesFileDecoder
Event: 1.741 Loading class sun/util/PropertyResourceBundleCharset$PropertiesFileDecoder done
Event: 1.747 Loading class jdk/internal/reflect/UnsafeStaticObjectFieldAccessorImpl
Event: 1.747 Loading class jdk/internal/reflect/UnsafeStaticObjectFieldAccessorImpl done
Event: 1.748 Loading class java/lang/IllegalCallerException
Event: 1.748 Loading class java/lang/IllegalCallerException done
Event: 1.751 Loading class java/lang/StackWalker$Option
Event: 1.751 Loading class java/lang/StackWalker$Option done
Event: 1.752 Loading class org/xml/sax/SAXParseException
Event: 1.752 Loading class org/xml/sax/SAXParseException done
Event: 1.849 Loading class java/nio/file/StandardCopyOption
Event: 1.849 Loading class java/nio/file/StandardCopyOption done
Event: 1.867 Loading class sun/nio/fs/WindowsFileCopy
Event: 1.867 Loading class sun/nio/fs/WindowsFileCopy done
Event: 2.044 Loading class java/util/TreeMap$Values
Event: 2.044 Loading class java/util/TreeMap$Values done
Event: 2.045 Loading class java/util/TreeMap$ValueIterator
Event: 2.045 Loading class java/util/TreeMap$ValueIterator done

Classes unloaded (0 events):
No events

Classes redefined (0 events):
No events

Internal exceptions (20 events):
Event: 0.696 Thread 0x00000254f6eb51d0 Exception <a 'java/lang/ClassNotFoundException'{0x00000000ec339e00}: sun/net/www/protocol/c/Handler> (0x00000000ec339e00) 
thrown [s\src\hotspot\share\classfile\systemDictionary.cpp, line 256]
Event: 0.702 Thread 0x00000254f6eb51d0 Exception <a 'java/io/FileNotFoundException'{0x00000000ec35d440}> (0x00000000ec35d440) 
thrown [s\src\hotspot\share\prims\jni.cpp, line 516]
Event: 0.741 Thread 0x00000254f6eb51d0 Implicit null exception at 0x0000025487becabb to 0x0000025487bed3c0
Event: 0.741 Thread 0x00000254f6eb51d0 Implicit null exception at 0x0000025487bf74ec to 0x0000025487bf76c8
Event: 0.741 Thread 0x00000254f6eb51d0 Implicit null exception at 0x0000025487bef08e to 0x0000025487bef2d8
Event: 0.741 Thread 0x00000254f6eb51d0 Implicit null exception at 0x0000025487beb00f to 0x0000025487beb085
Event: 0.778 Thread 0x00000254f6eb51d0 Exception <a 'java/lang/NoSuchMethodError'{0x00000000eadfa290}: 'int java.lang.invoke.DirectMethodHandle$Holder.invokeStaticInit(java.lang.Object, java.lang.Object, java.lang.Object, java.lang.Object)'> (0x00000000eadfa290) 
thrown [s\src\hotspot\share\interpreter\linkResolver.cpp, line 759]
Event: 0.779 Thread 0x00000254f6eb51d0 Exception <a 'java/lang/NoSuchMethodError'{0x00000000eae049f8}: 'java.lang.Object java.lang.invoke.DirectMethodHandle$Holder.invokeInterface(java.lang.Object, java.lang.Object)'> (0x00000000eae049f8) 
thrown [s\src\hotspot\share\interpreter\linkResolver.cpp, line 759]
Event: 0.779 Thread 0x00000254f6eb51d0 Exception <a 'java/lang/IncompatibleClassChangeError'{0x00000000eae081f0}: Found class java.lang.Object, but interface was expected> (0x00000000eae081f0) 
thrown [s\src\hotspot\share\interpreter\linkResolver.cpp, line 826]
Event: 0.780 Thread 0x00000254f6eb51d0 Exception <a 'java/lang/NoSuchMethodError'{0x00000000eae0c6d0}: 'void java.lang.invoke.DirectMethodHandle$Holder.invokeStatic(java.lang.Object, java.lang.Object)'> (0x00000000eae0c6d0) 
thrown [s\src\hotspot\share\interpreter\linkResolver.cpp, line 759]
Event: 0.780 Thread 0x00000254f6eb51d0 Exception <a 'java/lang/NoSuchMethodError'{0x00000000eae0fed0}: 'void java.lang.invoke.DirectMethodHandle$Holder.invokeStaticInit(java.lang.Object, java.lang.Object)'> (0x00000000eae0fed0) 
thrown [s\src\hotspot\share\interpreter\linkResolver.cpp, line 759]
Event: 0.781 Thread 0x00000254f6eb51d0 Exception <a 'java/lang/NoSuchMethodError'{0x00000000eae173d0}: 'int java.lang.invoke.DirectMethodHandle$Holder.invokeStaticInit(java.lang.Object, java.lang.Object)'> (0x00000000eae173d0) 
thrown [s\src\hotspot\share\interpreter\linkResolver.cpp, line 759]
Event: 0.982 Thread 0x00000254f6eb51d0 Exception <a 'java/lang/NoSuchMethodError'{0x00000000eb94bbb8}: 'int java.lang.invoke.DirectMethodHandle$Holder.invokeSpecial(java.lang.Object, java.lang.Object, java.lang.Object)'> (0x00000000eb94bbb8) 
thrown [s\src\hotspot\share\interpreter\linkResolver.cpp, line 759]
Event: 1.063 Thread 0x00000254f6eb51d0 Exception <a 'java/lang/NoSuchMethodError'{0x00000000ebe853c8}: 'java.lang.Object java.lang.invoke.DirectMethodHandle$Holder.newInvokeSpecial(java.lang.Object, int, java.lang.Object)'> (0x00000000ebe853c8) 
thrown [s\src\hotspot\share\interpreter\linkResolver.cpp, line 759]
Event: 1.296 Thread 0x00000254f6eb51d0 Exception <a 'java/lang/UnsatisfiedLinkError'{0x00000000eb673b70}: 'void org.eclipse.equinox.launcher.JNIBridge._update_splash()'> (0x00000000eb673b70) 
thrown [s\src\hotspot\share\prims\nativeLookup.cpp, line 543]
Event: 1.308 Thread 0x000002549637e300 Exception <a 'java/lang/NoSuchMethodError'{0x00000000eb6cf490}: 'java.lang.Object java.lang.invoke.Invokers$Holder.invokeExact_MT(java.lang.Object, java.lang.Object, java.lang.Object, java.lang.Object, java.lang.Object, java.lang.Object)'> (0x00000000eb6cf490) 
thrown [s\src\hotspot\share\interpreter\linkResolver.cpp, line 759]
Event: 1.492 Thread 0x000002549637ddf0 Exception <a 'java/lang/NoSuchMethodError'{0x00000000ec3627f0}: 'java.lang.Object java.lang.invoke.DirectMethodHandle$Holder.invokeStaticInit(java.lang.Object)'> (0x00000000ec3627f0) 
thrown [s\src\hotspot\share\interpreter\linkResolver.cpp, line 759]
Event: 1.541 Thread 0x000002549637ddf0 Exception <a 'java/lang/NullPointerException'{0x00000000eaba6228}> (0x00000000eaba6228) 
thrown [s\src\hotspot\share\interpreter\linkResolver.cpp, line 1350]
Event: 1.541 Thread 0x000002549637ddf0 Exception <a 'java/lang/NullPointerException'{0x00000000eaba6500}> (0x00000000eaba6500) 
thrown [s\src\hotspot\share\interpreter\linkResolver.cpp, line 1350]
Event: 2.070 Thread 0x000002549637ddf0 Exception <a 'java/io/FileNotFoundException'{0x00000000ebc37630}> (0x00000000ebc37630) 
thrown [s\src\hotspot\share\prims\jni.cpp, line 516]

VM Operations (20 events):
Event: 0.954 Executing VM operation: HandshakeAllThreads
Event: 0.954 Executing VM operation: HandshakeAllThreads done
Event: 1.042 Executing VM operation: HandshakeAllThreads
Event: 1.042 Executing VM operation: HandshakeAllThreads done
Event: 1.043 Executing VM operation: HandshakeAllThreads
Event: 1.043 Executing VM operation: HandshakeAllThreads done
Event: 1.171 Executing VM operation: ParallelGCFailedAllocation
Event: 1.175 Executing VM operation: ParallelGCFailedAllocation done
Event: 1.301 Executing VM operation: HandshakeAllThreads
Event: 1.301 Executing VM operation: HandshakeAllThreads done
Event: 1.342 Executing VM operation: HandshakeAllThreads
Event: 1.342 Executing VM operation: HandshakeAllThreads done
Event: 1.344 Executing VM operation: HandshakeAllThreads
Event: 1.344 Executing VM operation: HandshakeAllThreads done
Event: 1.408 Executing VM operation: HandshakeAllThreads
Event: 1.409 Executing VM operation: HandshakeAllThreads done
Event: 1.417 Executing VM operation: ICBufferFull
Event: 1.417 Executing VM operation: ICBufferFull done
Event: 1.508 Executing VM operation: ParallelGCFailedAllocation
Event: 1.514 Executing VM operation: ParallelGCFailedAllocation done

Memory protections (0 events):
No events

Nmethod flushes (0 events):
No events

Events (20 events):
Event: 1.005 Thread 0x00000254f6eb51d0 Thread added: 0x000002549637c4a0
Event: 1.007 Thread 0x00000254f6eb51d0 Thread added: 0x000002549637c9b0
Event: 1.008 Thread 0x00000254f6eb51d0 Thread added: 0x000002549637d3d0
Event: 1.010 Thread 0x00000254f6eb51d0 Thread added: 0x000002549637d8e0
Event: 1.033 Thread 0x00000254f6eb51d0 Thread added: 0x000002549637b060
Event: 1.151 Thread 0x00000254f6eb51d0 Thread added: 0x000002549637cec0
Event: 1.153 Thread 0x00000254f6eb51d0 Thread added: 0x000002549637ddf0
Event: 1.296 Thread 0x00000254f6eb51d0 Thread added: 0x000002549637e300
Event: 1.348 Thread 0x000002549637e300 Thread added: 0x000002549637e810
Event: 1.348 Thread 0x000002549637e300 Thread added: 0x0000025496e57260
Event: 1.349 Thread 0x000002549637e300 Thread added: 0x0000025496e586a0
Event: 1.349 Thread 0x000002549637e300 Thread added: 0x0000025496e5a500
Event: 1.349 Thread 0x000002549637e300 Thread added: 0x0000025496e55e20
Event: 1.349 Thread 0x000002549637e300 Thread added: 0x0000025496e58190
Event: 1.349 Thread 0x0000025496e57260 Thread added: 0x0000025496e56d50
Event: 1.349 Thread 0x000002549637e810 Thread added: 0x0000025496e58bb0
Event: 1.349 Thread 0x000002549637e300 Thread added: 0x0000025496e59ff0
Event: 1.349 Thread 0x0000025496e55e20 Thread added: 0x0000025496e56330
Event: 1.478 Thread 0x000002549637ddf0 Thread added: 0x0000025496e56840
Event: 1.641 Thread 0x000002549637ddf0 Thread added: 0x0000025496e5b940


Dynamic libraries:
0x00007ff7e8940000 - 0x00007ff7e894e000 	c:\Users\ruyag\.cursor\extensions\redhat.java-1.38.0-win32-x64\jre\17.0.13-win32-x86_64\bin\java.exe
0x00007ff975b50000 - 0x00007ff975d67000 	C:\WINDOWS\SYSTEM32\ntdll.dll
0x00007ff974930000 - 0x00007ff9749f4000 	C:\WINDOWS\System32\KERNEL32.DLL
0x00007ff973490000 - 0x00007ff97384a000 	C:\WINDOWS\System32\KERNELBASE.dll
0x00007ff96c060000 - 0x00007ff96c0f7000 	C:\WINDOWS\SYSTEM32\apphelp.dll
0x00007ff973160000 - 0x00007ff973271000 	C:\WINDOWS\System32\ucrtbase.dll
0x00007ff94cc00000 - 0x00007ff94cc17000 	c:\Users\ruyag\.cursor\extensions\redhat.java-1.38.0-win32-x64\jre\17.0.13-win32-x86_64\bin\jli.dll
0x00007ff94a460000 - 0x00007ff94a47e000 	c:\Users\ruyag\.cursor\extensions\redhat.java-1.38.0-win32-x64\jre\17.0.13-win32-x86_64\bin\VCRUNTIME140.dll
0x00007ff974680000 - 0x00007ff97482e000 	C:\WINDOWS\System32\USER32.dll
0x00007ff973320000 - 0x00007ff973346000 	C:\WINDOWS\System32\win32u.dll
0x00007ff955e90000 - 0x00007ff956122000 	C:\WINDOWS\WinSxS\amd64_microsoft.windows.common-controls_6595b64144ccf1df_6.0.22621.4541_none_2710d1c57384c085\COMCTL32.dll
0x00007ff974200000 - 0x00007ff974229000 	C:\WINDOWS\System32\GDI32.dll
0x00007ff974d20000 - 0x00007ff974dc7000 	C:\WINDOWS\System32\msvcrt.dll
0x00007ff972fc0000 - 0x00007ff9730db000 	C:\WINDOWS\System32\gdi32full.dll
0x00007ff973280000 - 0x00007ff97331a000 	C:\WINDOWS\System32\msvcp_win.dll
0x00007ff975670000 - 0x00007ff9756a1000 	C:\WINDOWS\System32\IMM32.DLL
0x00007ff940b30000 - 0x00007ff940b3c000 	c:\Users\ruyag\.cursor\extensions\redhat.java-1.38.0-win32-x64\jre\17.0.13-win32-x86_64\bin\vcruntime140_1.dll
0x00007ff91cd80000 - 0x00007ff91ce0d000 	c:\Users\ruyag\.cursor\extensions\redhat.java-1.38.0-win32-x64\jre\17.0.13-win32-x86_64\bin\msvcp140.dll
0x00007ff8f0650000 - 0x00007ff8f12bb000 	c:\Users\ruyag\.cursor\extensions\redhat.java-1.38.0-win32-x64\jre\17.0.13-win32-x86_64\bin\server\jvm.dll
0x00007ff975950000 - 0x00007ff975a02000 	C:\WINDOWS\System32\ADVAPI32.dll
0x00007ff974240000 - 0x00007ff9742e7000 	C:\WINDOWS\System32\sechost.dll
0x00007ff972e20000 - 0x00007ff972e48000 	C:\WINDOWS\System32\bcrypt.dll
0x00007ff974560000 - 0x00007ff974674000 	C:\WINDOWS\System32\RPCRT4.dll
0x00007ff974180000 - 0x00007ff9741f1000 	C:\WINDOWS\System32\WS2_32.dll
0x00007ff972d00000 - 0x00007ff972d4d000 	C:\WINDOWS\SYSTEM32\POWRPROF.dll
0x00007ff9708e0000 - 0x00007ff970914000 	C:\WINDOWS\SYSTEM32\WINMM.dll
0x00007ff969d70000 - 0x00007ff969d7a000 	C:\WINDOWS\SYSTEM32\VERSION.dll
0x00007ff972cd0000 - 0x00007ff972ce3000 	C:\WINDOWS\SYSTEM32\UMPDC.dll
0x00007ff971e00000 - 0x00007ff971e18000 	C:\WINDOWS\SYSTEM32\kernel.appcore.dll
0x00007ff940550000 - 0x00007ff94055a000 	c:\Users\ruyag\.cursor\extensions\redhat.java-1.38.0-win32-x64\jre\17.0.13-win32-x86_64\bin\jimage.dll
0x00007ff9704f0000 - 0x00007ff970722000 	C:\WINDOWS\SYSTEM32\DBGHELP.DLL
0x00007ff9752e0000 - 0x00007ff97566f000 	C:\WINDOWS\System32\combase.dll
0x00007ff974850000 - 0x00007ff974927000 	C:\WINDOWS\System32\OLEAUT32.dll
0x00007ff9708a0000 - 0x00007ff9708d2000 	C:\WINDOWS\SYSTEM32\dbgcore.DLL
0x00007ff973350000 - 0x00007ff9733cb000 	C:\WINDOWS\System32\bcryptPrimitives.dll
0x00007ff940540000 - 0x00007ff94054e000 	c:\Users\ruyag\.cursor\extensions\redhat.java-1.38.0-win32-x64\jre\17.0.13-win32-x86_64\bin\instrument.dll
0x00007ff91f0d0000 - 0x00007ff91f0f5000 	c:\Users\ruyag\.cursor\extensions\redhat.java-1.38.0-win32-x64\jre\17.0.13-win32-x86_64\bin\java.dll
0x00007ff936240000 - 0x00007ff936258000 	c:\Users\ruyag\.cursor\extensions\redhat.java-1.38.0-win32-x64\jre\17.0.13-win32-x86_64\bin\zip.dll
0x00007ff973900000 - 0x00007ff974178000 	C:\WINDOWS\System32\SHELL32.dll
0x00007ff970d60000 - 0x00007ff971668000 	C:\WINDOWS\SYSTEM32\windows.storage.dll
0x00007ff970c20000 - 0x00007ff970d5f000 	C:\WINDOWS\SYSTEM32\wintypes.dll
0x00007ff9756b0000 - 0x00007ff9757aa000 	C:\WINDOWS\System32\SHCORE.dll
0x00007ff9758f0000 - 0x00007ff97594e000 	C:\WINDOWS\System32\shlwapi.dll
0x00007ff972d50000 - 0x00007ff972d7b000 	C:\WINDOWS\SYSTEM32\profapi.dll
0x00007ff91f000000 - 0x00007ff91f019000 	C:\Users\ruyag\.cursor\extensions\redhat.java-1.38.0-win32-x64\jre\17.0.13-win32-x86_64\bin\net.dll
0x00007ff96dc00000 - 0x00007ff96dd36000 	C:\WINDOWS\SYSTEM32\WINHTTP.dll
0x00007ff9722e0000 - 0x00007ff972349000 	C:\WINDOWS\system32\mswsock.dll
0x00007ff91efe0000 - 0x00007ff91eff6000 	C:\Users\ruyag\.cursor\extensions\redhat.java-1.38.0-win32-x64\jre\17.0.13-win32-x86_64\bin\nio.dll
0x00007ff93ff10000 - 0x00007ff93ff20000 	c:\Users\ruyag\.cursor\extensions\redhat.java-1.38.0-win32-x64\jre\17.0.13-win32-x86_64\bin\verify.dll
0x00007ff91ef20000 - 0x00007ff91ef65000 	C:\Users\ruyag\AppData\Roaming\Cursor\User\globalStorage\redhat.java\1.38.0\config_ss_win\org.eclipse.equinox.launcher\org.eclipse.equinox.launcher.win32.win32.x86_64_1.2.1100.v20240722-2106\eclipse_11904.dll
0x00007ff974a00000 - 0x00007ff974ba5000 	C:\WINDOWS\System32\ole32.dll

dbghelp: loaded successfully - version: 4.0.5 - missing functions: none
symbol engine: initialized successfully - sym options: 0x614 - pdb path: .;c:\Users\ruyag\.cursor\extensions\redhat.java-1.38.0-win32-x64\jre\17.0.13-win32-x86_64\bin;C:\WINDOWS\SYSTEM32;C:\WINDOWS\WinSxS\amd64_microsoft.windows.common-controls_6595b64144ccf1df_6.0.22621.4541_none_2710d1c57384c085;c:\Users\ruyag\.cursor\extensions\redhat.java-1.38.0-win32-x64\jre\17.0.13-win32-x86_64\bin\server;C:\Users\ruyag\AppData\Roaming\Cursor\User\globalStorage\redhat.java\1.38.0\config_ss_win\org.eclipse.equinox.launcher\org.eclipse.equinox.launcher.win32.win32.x86_64_1.2.1100.v20240722-2106

VM Arguments:
jvm_args: --add-modules=ALL-SYSTEM --add-opens=java.base/java.util=ALL-UNNAMED --add-opens=java.base/java.lang=ALL-UNNAMED --add-opens=java.base/sun.nio.fs=ALL-UNNAMED -Declipse.application=org.eclipse.jdt.ls.core.id1 -Dosgi.bundles.defaultStartLevel=4 -Declipse.product=org.eclipse.jdt.ls.core.product -Djava.import.generatesMetadataFilesAtProjectRoot=false -DDetectVMInstallationsJob.disabled=true -Dfile.encoding=utf8 -XX:+UseParallelGC -XX:GCTimeRatio=4 -XX:AdaptiveSizePolicyWeight=90 -Dsun.zip.disableMemoryMapping=true -Xmx1G -Xms100m -Xlog:disable -javaagent:c:\Users\ruyag\.cursor\extensions\redhat.java-1.38.0-win32-x64\lombok\lombok-1.18.34.jar 
java_command: c:\Users\ruyag\.cursor\extensions\redhat.java-1.38.0-win32-x64\server\plugins\org.eclipse.equinox.launcher_1.6.900.v20240613-2009.jar -configuration c:\Users\ruyag\AppData\Roaming\Cursor\User\globalStorage\redhat.java\1.38.0\config_ss_win -data c:\Users\ruyag\AppData\Roaming\Cursor\User\workspaceStorage\d58415511495a9c8c749dde9ace04084\redhat.java\ss_ws --pipe=\\.\pipe\lsp-6692410fe02d02cf975ecd64ccc254f9-sock
java_class_path (initial): c:\Users\ruyag\.cursor\extensions\redhat.java-1.38.0-win32-x64\server\plugins\org.eclipse.equinox.launcher_1.6.900.v20240613-2009.jar
Launcher Type: SUN_STANDARD

[Global flags]
    uintx AdaptiveSizePolicyWeight                 = 90                                        {product} {command line}
     intx CICompilerCount                          = 12                                        {product} {ergonomic}
    uintx GCTimeRatio                              = 4                                         {product} {command line}
   size_t InitialHeapSize                          = 104857600                                 {product} {command line}
   size_t MaxHeapSize                              = 1073741824                                {product} {command line}
   size_t MaxNewSize                               = 357564416                                 {product} {ergonomic}
   size_t MinHeapDeltaBytes                        = 524288                                    {product} {ergonomic}
   size_t MinHeapSize                              = 104857600                                 {product} {command line}
   size_t NewSize                                  = 34603008                                  {product} {ergonomic}
    uintx NonNMethodCodeHeapSize                   = 7602480                                {pd product} {ergonomic}
    uintx NonProfiledCodeHeapSize                  = 122027880                              {pd product} {ergonomic}
   size_t OldSize                                  = 70254592                                  {product} {ergonomic}
    uintx ProfiledCodeHeapSize                     = 122027880                              {pd product} {ergonomic}
    uintx ReservedCodeCacheSize                    = 251658240                              {pd product} {ergonomic}
     bool SegmentedCodeCache                       = true                                      {product} {ergonomic}
   size_t SoftMaxHeapSize                          = 1073741824                             {manageable} {ergonomic}
     bool UseCompressedClassPointers               = true                           {product lp64_product} {ergonomic}
     bool UseCompressedOops                        = true                           {product lp64_product} {ergonomic}
     bool UseLargePagesIndividualAllocation        = false                                  {pd product} {ergonomic}
     bool UseParallelGC                            = true                                      {product} {command line}

Logging:
Log output configuration:
 #0: stdout all=off uptime,level,tags
 #1: stderr all=off uptime,level,tags

Environment Variables:
PATH=C:\Program Files\Common Files\Oracle\Java\javapath;C:\Windows\system32;C:\Windows;C:\Windows\System32\Wbem;C:\Windows\System32\WindowsPowerShell\v1.0\;C:\Windows\System32\OpenSSH\;C:\Program Files\Java\jdk-17\bin;C:\WINDOWS\system32;C:\WINDOWS;C:\WINDOWS\System32\Wbem;C:\WINDOWS\System32\WindowsPowerShell\v1.0\;C:\WINDOWS\System32\OpenSSH\;C:\Program Files\dotnet\;C:\Program Files (x86)\Microsoft SQL Server\160\Tools\Binn\;C:\Program Files\Microsoft SQL Server\160\Tools\Binn\;C:\Program Files\Microsoft SQL Server\Client SDK\ODBC\170\Tools\Binn\;C:\Program Files\Microsoft SQL Server\160\DTS\Binn\;C:\Program Files (x86)\Microsoft SQL Server\160\DTS\Binn\;C:\Program Files\Azure Data Studio\bin;C:\flutter\bin;C:\src\flutter\bin;C:\Program Files\Git\cmd;C:\Program Files\nodejs\;C:\ProgramData\chocolatey\bin;C:\Kullanýcýlar\ruyag\AppData\Local\Programs\Python\Python3X;C:\Kullanýcýlar\ruyag\AppData\Local\Programs\Python\Python3X\scripts;C:\Users\ruyag\AppData\Local\Programs\Python\Python313\Scripts\;C:\Users\ruyag\AppData\Local\Programs\Python\Python313\;C:\Users\ruyag\AppData\Local\Programs\Python\Python312\Scripts\;C:\Users\ruyag\AppData\Local\Programs\Python\Python312\;C:\Users\ruyag\AppData\Local\Microsoft\WindowsApps;C:\Users\ruyag\AppData\Local\Programs\Microsoft VS Code\bin;C:\Users\ruyag\.dotnet\tools;C:\Program Files\Azure Data Studio\bin;C:\Users\ruyag\AppData\Roaming\npm
USERNAME=ruyag
OS=Windows_NT
PROCESSOR_IDENTIFIER=AMD64 Family 23 Model 104 Stepping 1, AuthenticAMD
TMP=C:\Users\ruyag\AppData\Local\Temp
TEMP=C:\Users\ruyag\AppData\Local\Temp



Periodic native trim disabled


---------------  S Y S T E M  ---------------

OS:
 Windows 11 , 64 bit Build 22621 (10.0.22621.4391)
OS uptime: 2 days 23:54 hours

CPU: total 16 (initial active 16) (16 cores per cpu, 2 threads per core) family 23 model 104 stepping 1 microcode 0x0, cx8, cmov, fxsr, ht, mmx, 3dnowpref, sse, sse2, sse3, ssse3, sse4a, sse4.1, sse4.2, popcnt, lzcnt, tsc, tscinvbit, avx, avx2, aes, clmul, bmi1, bmi2, adx, sha, fma, vzeroupper, clflush, clflushopt
Processor Information for all 16 processors :
  Max Mhz: 1801, Current Mhz: 1801, Mhz Limit: 1801

Memory: 4k page, system-wide physical 6005M (279M free)
TotalPageFile size 24437M (AvailPageFile size 22M)
current process WorkingSet (physical memory assigned to process): 130M, peak: 132M
current process commit charge ("private bytes"): 261M, peak: 263M

vm_info: OpenJDK 64-Bit Server VM (17.0.13+11) for windows-amd64 JRE (17.0.13+11), built on Oct 16 2024 00:10:08 by "admin" with MS VC++ 17.7 (VS2022)

END.
