#
# There is insufficient memory for the Java Runtime Environment to continue.
# Native memory allocation (malloc) failed to allocate 1372496 bytes for Chunk::new
# Possible reasons:
#   The system is out of physical RAM or swap space
#   The process is running with CompressedOops enabled, and the Java Heap may be blocking the growth of the native heap
# Possible solutions:
#   Reduce memory load on the system
#   Increase physical memory or swap space
#   Check if swap backing store is full
#   Decrease Java heap size (-Xmx/-Xms)
#   Decrease number of Java threads
#   Decrease Java thread stack sizes (-Xss)
#   Set larger code cache with -XX:ReservedCodeCacheSize=
#   JVM is running with Unscaled Compressed Oops mode in which the Java heap is
#     placed in the first 4GB address space. The Java Heap base address is the
#     maximum limit for the native heap growth. Please use -XX:HeapBaseMinAddress
#     to set the Java Heap base and to place the Java Heap above 4GB virtual address.
# This output file may be truncated or incomplete.
#
#  Out of Memory Error (arena.cpp:189), pid=5736, tid=9192
#
# JRE version: Java(TM) SE Runtime Environment (17.0.6+9) (build 17.0.6+9-LTS-190)
# Java VM: Java HotSpot(TM) 64-Bit Server VM (17.0.6+9-LTS-190, mixed mode, sharing, tiered, compressed oops, compressed class ptrs, g1 gc, windows-amd64)
# No core dump will be written. Minidumps are not enabled by default on client versions of Windows
#

---------------  S U M M A R Y ------------

Command Line: --add-opens=java.base/java.util=ALL-UNNAMED --add-opens=java.base/java.lang=ALL-UNNAMED --add-opens=java.base/java.lang.invoke=ALL-UNNAMED --add-opens=java.prefs/java.util.prefs=ALL-UNNAMED --add-opens=java.base/java.nio.charset=ALL-UNNAMED --add-opens=java.base/java.net=ALL-UNNAMED --add-opens=java.base/java.util.concurrent.atomic=ALL-UNNAMED -Xmx2048m -Dfile.encoding=UTF-8 -Duser.country=TR -Duser.language=tr -Duser.variant -javaagent:C:\Users\ruyag\.gradle\wrapper\dists\gradle-8.7-bin\bhs2wmbdwecv87pi65oeuq5iu\gradle-8.7\lib\agents\gradle-instrumentation-agent-8.7.jar org.gradle.launcher.daemon.bootstrap.GradleDaemon 8.7

Host: AMD Ryzen 7 5700U with Radeon Graphics         , 16 cores, 5G,  Windows 11 , 64 bit Build 22621 (10.0.22621.4391)
Time: Wed Jan  8 23:36:26 2025 Türkiye Standart Saati elapsed time: 42.267735 seconds (0d 0h 0m 42s)

---------------  T H R E A D  ---------------

Current thread (0x000001242b238250):  JavaThread "C2 CompilerThread1" daemon [_thread_in_native, id=9192, stack(0x000000098a300000,0x000000098a400000)]


Current CompileTask:
C2:  42268 12610       4       java.util.HashMap::putVal (300 bytes)

Stack: [0x000000098a300000,0x000000098a400000]
Native frames: (J=compiled Java code, j=interpreted, Vv=VM code, C=native code)
V  [jvm.dll+0x6734ea]
V  [jvm.dll+0x7d18f4]
V  [jvm.dll+0x7d309e]
V  [jvm.dll+0x7d3703]
V  [jvm.dll+0x2433c5]
V  [jvm.dll+0xaa46b]
V  [jvm.dll+0xaaa0c]
V  [jvm.dll+0x35eadf]
V  [jvm.dll+0x329401]
V  [jvm.dll+0x32889a]
V  [jvm.dll+0x215ddf]
V  [jvm.dll+0x215211]
V  [jvm.dll+0x1a1730]
V  [jvm.dll+0x224b6e]
V  [jvm.dll+0x222f15]
V  [jvm.dll+0x78753c]
V  [jvm.dll+0x781a7a]
V  [jvm.dll+0x672375]
C  [ucrtbase.dll+0x29333]
C  [KERNEL32.DLL+0x1259d]
C  [ntdll.dll+0x5af38]


---------------  P R O C E S S  ---------------

Threads class SMR info:
_java_thread_list=0x0000012431645d30, length=102, elements={
0x0000012409148f70, 0x0000012427ebd7c0, 0x0000012427ebedd0, 0x0000012427ed5330,
0x0000012427ed5ee0, 0x0000012427ed6a90, 0x0000012427ee2450, 0x0000012427ee3980,
0x0000012427ee5340, 0x0000012427eea430, 0x0000012427e641e0, 0x0000012428995080,
0x000001242a177000, 0x0000012429d88670, 0x0000012429c6eaa0, 0x000001242a3d0080,
0x000001242a3d2560, 0x000001242a420110, 0x000001242a4205e0, 0x000001242a42eef0,
0x000001242a42d210, 0x000001242a42ea20, 0x000001242a430bd0, 0x000001242a42d6e0,
0x000001242a42f890, 0x000001242a42dbb0, 0x000001242a42f3c0, 0x000001242a42e550,
0x000001242a42e080, 0x000001242a42fd60, 0x000001242a430230, 0x000001242a430700,
0x00000124289f5dd0, 0x00000124289f9790, 0x00000124289fafa0, 0x00000124289f92c0,
0x00000124289f8920, 0x00000124289fb940, 0x00000124289fa130, 0x00000124289fbe10,
0x00000124289fa600, 0x000001242b0fdf90, 0x00000124289f6c40, 0x00000124289fb470,
0x00000124289f7f80, 0x0000012428bd7220, 0x00000124289f62a0, 0x00000124289fc2e0,
0x000001242b239690, 0x00000124289f4f60, 0x00000124289f5430, 0x00000124289f8df0,
0x00000124289faad0, 0x00000124289f5900, 0x00000124289f75e0, 0x00000124289f7ab0,
0x00000124289f8450, 0x0000012429af9280, 0x0000012429afa0f0, 0x0000012429afe450,
0x0000012429affc60, 0x0000012429afaf60, 0x0000012429af8db0, 0x0000012429afa5c0,
0x0000012429afbdd0, 0x0000012429af9c20, 0x0000012429afd5e0, 0x0000012429afdf80,
0x0000012429afc770, 0x0000012429b00130, 0x0000012429af9750, 0x0000012429b00600,
0x0000012429afe920, 0x0000012429afdab0, 0x0000012429afc2a0, 0x0000012429afaa90,
0x0000012429afb430, 0x0000012429afb900, 0x0000012429afcc40, 0x0000012429afedf0,
0x0000012429aff2c0, 0x0000012431371490, 0x0000012431370620, 0x0000012431371e30,
0x0000012431374e50, 0x0000012431372300, 0x00000124313727d0, 0x0000012431372ca0,
0x0000012431377e70, 0x0000012431375cc0, 0x0000012431376b30, 0x0000012431373170,
0x00000124313779a0, 0x0000012431373640, 0x0000012431373b10, 0x0000012431377000,
0x0000012431376190, 0x0000012431376660, 0x0000012431370af0, 0x0000012431370fc0,
0x000001242b238250, 0x000001242b238760
}

Java Threads: ( => current thread )
  0x0000012409148f70 JavaThread "main" [_thread_blocked, id=20112, stack(0x0000000984c00000,0x0000000984d00000)]
  0x0000012427ebd7c0 JavaThread "Reference Handler" daemon [_thread_blocked, id=4944, stack(0x0000000985300000,0x0000000985400000)]
  0x0000012427ebedd0 JavaThread "Finalizer" daemon [_thread_blocked, id=13108, stack(0x0000000985400000,0x0000000985500000)]
  0x0000012427ed5330 JavaThread "Signal Dispatcher" daemon [_thread_blocked, id=14168, stack(0x0000000985500000,0x0000000985600000)]
  0x0000012427ed5ee0 JavaThread "Attach Listener" daemon [_thread_blocked, id=6012, stack(0x0000000985600000,0x0000000985700000)]
  0x0000012427ed6a90 JavaThread "Service Thread" daemon [_thread_blocked, id=17512, stack(0x0000000985700000,0x0000000985800000)]
  0x0000012427ee2450 JavaThread "Monitor Deflation Thread" daemon [_thread_blocked, id=21440, stack(0x0000000985800000,0x0000000985900000)]
  0x0000012427ee3980 JavaThread "C2 CompilerThread0" daemon [_thread_in_native, id=19144, stack(0x0000000985900000,0x0000000985a00000)]
  0x0000012427ee5340 JavaThread "C1 CompilerThread0" daemon [_thread_blocked, id=7128, stack(0x0000000985a00000,0x0000000985b00000)]
  0x0000012427eea430 JavaThread "Sweeper thread" daemon [_thread_blocked, id=15488, stack(0x0000000985b00000,0x0000000985c00000)]
  0x0000012427e641e0 JavaThread "Common-Cleaner" daemon [_thread_blocked, id=20120, stack(0x0000000985c00000,0x0000000985d00000)]
  0x0000012428995080 JavaThread "Notification Thread" daemon [_thread_blocked, id=11420, stack(0x0000000985d00000,0x0000000985e00000)]
  0x000001242a177000 JavaThread "Daemon health stats" [_thread_blocked, id=12244, stack(0x0000000986300000,0x0000000986400000)]
  0x0000012429d88670 JavaThread "Incoming local TCP Connector on port 51760" [_thread_in_native, id=21344, stack(0x0000000986400000,0x0000000986500000)]
  0x0000012429c6eaa0 JavaThread "Daemon periodic checks" [_thread_blocked, id=2504, stack(0x0000000986500000,0x0000000986600000)]
  0x000001242a3d0080 JavaThread "Daemon" [_thread_blocked, id=17968, stack(0x0000000986600000,0x0000000986700000)]
  0x000001242a3d2560 JavaThread "Handler for socket connection from /127.0.0.1:51760 to /127.0.0.1:51761" [_thread_in_native, id=4948, stack(0x0000000986700000,0x0000000986800000)]
  0x000001242a420110 JavaThread "Cancel handler" [_thread_blocked, id=20224, stack(0x0000000986800000,0x0000000986900000)]
  0x000001242a4205e0 JavaThread "Daemon worker" [_thread_in_Java, id=18308, stack(0x0000000986900000,0x0000000986a00000)]
  0x000001242a42eef0 JavaThread "Asynchronous log dispatcher for DefaultDaemonConnection: socket connection from /127.0.0.1:51760 to /127.0.0.1:51761" [_thread_blocked, id=12352, stack(0x0000000986a00000,0x0000000986b00000)]
  0x000001242a42d210 JavaThread "Stdin handler" [_thread_blocked, id=12096, stack(0x0000000986b00000,0x0000000986c00000)]
  0x000001242a42ea20 JavaThread "Daemon client event forwarder" [_thread_blocked, id=16920, stack(0x0000000986c00000,0x0000000986d00000)]
  0x000001242a430bd0 JavaThread "Cache worker for journal cache (C:\Users\ruyag\.gradle\caches\journal-1)" [_thread_blocked, id=18444, stack(0x0000000987500000,0x0000000987600000)]
  0x000001242a42d6e0 JavaThread "File lock request listener" [_thread_in_native, id=20172, stack(0x0000000987600000,0x0000000987700000)]
  0x000001242a42f890 JavaThread "File lock release action executor" [_thread_blocked, id=11684, stack(0x0000000987700000,0x0000000987800000)]
  0x000001242a42dbb0 JavaThread "Cache worker for file hash cache (C:\Users\ruyag\.gradle\caches\8.7\fileHashes)" [_thread_blocked, id=17268, stack(0x0000000987800000,0x0000000987900000)]
  0x000001242a42f3c0 JavaThread "Cache worker for file hash cache (C:\Users\ruyag\AndroidStudioProjects\ProjectApp\.gradle\8.7\fileHashes)" [_thread_blocked, id=15720, stack(0x0000000987900000,0x0000000987a00000)]
  0x000001242a42e550 JavaThread "File watcher server" daemon [_thread_in_native, id=7620, stack(0x0000000987c00000,0x0000000987d00000)]
  0x000001242a42e080 JavaThread "File watcher consumer" daemon [_thread_blocked, id=12852, stack(0x0000000987d00000,0x0000000987e00000)]
  0x000001242a42fd60 JavaThread "jar transforms" [_thread_blocked, id=7772, stack(0x0000000987e00000,0x0000000987f00000)]
  0x000001242a430230 JavaThread "jar transforms Thread 2" [_thread_blocked, id=1504, stack(0x0000000987f00000,0x0000000988000000)]
  0x000001242a430700 JavaThread "jar transforms Thread 3" [_thread_blocked, id=12316, stack(0x0000000988000000,0x0000000988100000)]
  0x00000124289f5dd0 JavaThread "Cache worker for checksums cache (C:\Users\ruyag\AndroidStudioProjects\ProjectApp\.gradle\8.7\checksums)" [_thread_blocked, id=12404, stack(0x0000000988100000,0x0000000988200000)]
  0x00000124289f9790 JavaThread "Cache worker for cache directory md-supplier (C:\Users\ruyag\.gradle\caches\8.7\md-supplier)" [_thread_blocked, id=7332, stack(0x0000000988200000,0x0000000988300000)]
  0x00000124289fafa0 JavaThread "Cache worker for cache directory md-rule (C:\Users\ruyag\.gradle\caches\8.7\md-rule)" [_thread_blocked, id=2180, stack(0x0000000988300000,0x0000000988400000)]
  0x00000124289f92c0 JavaThread "Cache worker for file content cache (C:\Users\ruyag\.gradle\caches\8.7\fileContent)" [_thread_blocked, id=8980, stack(0x0000000988400000,0x0000000988500000)]
  0x00000124289f8920 JavaThread "jar transforms Thread 4" [_thread_blocked, id=1384, stack(0x0000000988500000,0x0000000988600000)]
  0x00000124289fb940 JavaThread "jar transforms Thread 5" [_thread_blocked, id=2388, stack(0x0000000988600000,0x0000000988700000)]
  0x00000124289fa130 JavaThread "jar transforms Thread 6" [_thread_blocked, id=9716, stack(0x0000000988700000,0x0000000988800000)]
  0x00000124289fbe10 JavaThread "jar transforms Thread 7" [_thread_blocked, id=16236, stack(0x0000000988800000,0x0000000988900000)]
  0x00000124289fa600 JavaThread "jar transforms Thread 8" [_thread_blocked, id=3232, stack(0x0000000988900000,0x0000000988a00000)]
  0x000001242b0fdf90 JavaThread "C1 CompilerThread1" daemon [_thread_in_native, id=19256, stack(0x0000000988a00000,0x0000000988b00000)]
  0x00000124289f6c40 JavaThread "jar transforms Thread 9" [_thread_blocked, id=5540, stack(0x0000000988b00000,0x0000000988c00000)]
  0x00000124289fb470 JavaThread "jar transforms Thread 10" [_thread_blocked, id=22356, stack(0x0000000988c00000,0x0000000988d00000)]
  0x00000124289f7f80 JavaThread "jar transforms Thread 11" [_thread_blocked, id=14896, stack(0x0000000988d00000,0x0000000988e00000)]
  0x0000012428bd7220 JavaThread "C1 CompilerThread2" daemon [_thread_blocked, id=1568, stack(0x0000000988f00000,0x0000000989000000)]
  0x00000124289f62a0 JavaThread "Cache worker for Build Output Cleanup Cache (C:\Users\ruyag\AndroidStudioProjects\ProjectApp\.gradle\buildOutputCleanup)" [_thread_blocked, id=20600, stack(0x0000000989100000,0x0000000989200000)]
  0x00000124289fc2e0 JavaThread "jar transforms Thread 12" [_thread_blocked, id=21076, stack(0x0000000989200000,0x0000000989300000)]
  0x000001242b239690 JavaThread "C1 CompilerThread3" daemon [_thread_blocked, id=3920, stack(0x0000000989300000,0x0000000989400000)]
  0x00000124289f4f60 JavaThread "Unconstrained build operations" [_thread_blocked, id=17256, stack(0x0000000989400000,0x0000000989500000)]
  0x00000124289f5430 JavaThread "Unconstrained build operations Thread 2" [_thread_blocked, id=3668, stack(0x0000000989500000,0x0000000989600000)]
  0x00000124289f8df0 JavaThread "Unconstrained build operations Thread 3" [_thread_blocked, id=16788, stack(0x0000000989600000,0x0000000989700000)]
  0x00000124289faad0 JavaThread "Unconstrained build operations Thread 4" [_thread_blocked, id=9780, stack(0x0000000989700000,0x0000000989800000)]
  0x00000124289f5900 JavaThread "Unconstrained build operations Thread 5" [_thread_blocked, id=14624, stack(0x0000000989800000,0x0000000989900000)]
  0x00000124289f75e0 JavaThread "Unconstrained build operations Thread 6" [_thread_blocked, id=4040, stack(0x0000000989900000,0x0000000989a00000)]
  0x00000124289f7ab0 JavaThread "Unconstrained build operations Thread 7" [_thread_blocked, id=9416, stack(0x0000000989a00000,0x0000000989b00000)]
  0x00000124289f8450 JavaThread "Unconstrained build operations Thread 8" [_thread_blocked, id=15928, stack(0x0000000989b00000,0x0000000989c00000)]
  0x0000012429af9280 JavaThread "Unconstrained build operations Thread 9" [_thread_blocked, id=6928, stack(0x0000000989c00000,0x0000000989d00000)]
  0x0000012429afa0f0 JavaThread "Unconstrained build operations Thread 10" [_thread_blocked, id=16940, stack(0x0000000989d00000,0x0000000989e00000)]
  0x0000012429afe450 JavaThread "Unconstrained build operations Thread 11" [_thread_blocked, id=17276, stack(0x0000000989e00000,0x0000000989f00000)]
  0x0000012429affc60 JavaThread "Unconstrained build operations Thread 12" [_thread_blocked, id=20392, stack(0x0000000989f00000,0x000000098a000000)]
  0x0000012429afaf60 JavaThread "Unconstrained build operations Thread 13" [_thread_blocked, id=16304, stack(0x000000098a000000,0x000000098a100000)]
  0x0000012429af8db0 JavaThread "Unconstrained build operations Thread 14" [_thread_blocked, id=10764, stack(0x000000098a100000,0x000000098a200000)]
  0x0000012429afa5c0 JavaThread "Unconstrained build operations Thread 15" [_thread_blocked, id=13008, stack(0x000000098a200000,0x000000098a300000)]
  0x0000012429afbdd0 JavaThread "Unconstrained build operations Thread 16" [_thread_blocked, id=8696, stack(0x000000098a500000,0x000000098a600000)]
  0x0000012429af9c20 JavaThread "Unconstrained build operations Thread 17" [_thread_blocked, id=13500, stack(0x000000098a600000,0x000000098a700000)]
  0x0000012429afd5e0 JavaThread "Unconstrained build operations Thread 18" [_thread_blocked, id=19872, stack(0x000000098a700000,0x000000098a800000)]
  0x0000012429afdf80 JavaThread "Unconstrained build operations Thread 19" [_thread_blocked, id=19536, stack(0x000000098a800000,0x000000098a900000)]
  0x0000012429afc770 JavaThread "Unconstrained build operations Thread 20" [_thread_blocked, id=10924, stack(0x000000098a900000,0x000000098aa00000)]
  0x0000012429b00130 JavaThread "Unconstrained build operations Thread 21" [_thread_blocked, id=19036, stack(0x000000098aa00000,0x000000098ab00000)]
  0x0000012429af9750 JavaThread "Unconstrained build operations Thread 22" [_thread_blocked, id=19548, stack(0x000000098ab00000,0x000000098ac00000)]
  0x0000012429b00600 JavaThread "Unconstrained build operations Thread 23" [_thread_blocked, id=11808, stack(0x000000098ac00000,0x000000098ad00000)]
  0x0000012429afe920 JavaThread "Unconstrained build operations Thread 24" [_thread_blocked, id=4260, stack(0x000000098ad00000,0x000000098ae00000)]
  0x0000012429afdab0 JavaThread "Unconstrained build operations Thread 25" [_thread_blocked, id=18388, stack(0x000000098ae00000,0x000000098af00000)]
  0x0000012429afc2a0 JavaThread "Unconstrained build operations Thread 26" [_thread_blocked, id=5964, stack(0x000000098af00000,0x000000098b000000)]
  0x0000012429afaa90 JavaThread "Unconstrained build operations Thread 27" [_thread_blocked, id=5048, stack(0x000000098b000000,0x000000098b100000)]
  0x0000012429afb430 JavaThread "Unconstrained build operations Thread 28" [_thread_blocked, id=15632, stack(0x000000098b100000,0x000000098b200000)]
  0x0000012429afb900 JavaThread "Unconstrained build operations Thread 29" [_thread_blocked, id=8284, stack(0x000000098b200000,0x000000098b300000)]
  0x0000012429afcc40 JavaThread "Unconstrained build operations Thread 30" [_thread_blocked, id=10740, stack(0x000000098b300000,0x000000098b400000)]
  0x0000012429afedf0 JavaThread "jar transforms Thread 13" [_thread_blocked, id=13220, stack(0x000000098b400000,0x000000098b500000)]
  0x0000012429aff2c0 JavaThread "jar transforms Thread 14" [_thread_blocked, id=17068, stack(0x000000098b500000,0x000000098b600000)]
  0x0000012431371490 JavaThread "Memory manager" [_thread_blocked, id=16556, stack(0x000000098b600000,0x000000098b700000)]
  0x0000012431370620 JavaThread "jar transforms Thread 15" [_thread_blocked, id=15156, stack(0x000000098b700000,0x000000098b800000)]
  0x0000012431371e30 JavaThread "included builds" [_thread_blocked, id=21096, stack(0x000000098a400000,0x000000098a500000)]
  0x0000012431374e50 JavaThread "Execution worker" [_thread_blocked, id=12116, stack(0x000000098b800000,0x000000098b900000)]
  0x0000012431372300 JavaThread "Execution worker Thread 2" [_thread_blocked, id=18756, stack(0x000000098b900000,0x000000098ba00000)]
  0x00000124313727d0 JavaThread "Execution worker Thread 3" [_thread_blocked, id=14512, stack(0x000000098ba00000,0x000000098bb00000)]
  0x0000012431372ca0 JavaThread "Execution worker Thread 4" [_thread_blocked, id=11068, stack(0x000000098bb00000,0x000000098bc00000)]
  0x0000012431377e70 JavaThread "Execution worker Thread 5" [_thread_blocked, id=9360, stack(0x000000098bc00000,0x000000098bd00000)]
  0x0000012431375cc0 JavaThread "Execution worker Thread 6" [_thread_blocked, id=16924, stack(0x000000098bd00000,0x000000098be00000)]
  0x0000012431376b30 JavaThread "Execution worker Thread 7" [_thread_blocked, id=5972, stack(0x000000098be00000,0x000000098bf00000)]
  0x0000012431373170 JavaThread "Execution worker Thread 8" [_thread_blocked, id=17416, stack(0x000000098bf00000,0x000000098c000000)]
  0x00000124313779a0 JavaThread "Execution worker Thread 9" [_thread_blocked, id=15472, stack(0x000000098c000000,0x000000098c100000)]
  0x0000012431373640 JavaThread "Execution worker Thread 10" [_thread_blocked, id=21528, stack(0x000000098c100000,0x000000098c200000)]
  0x0000012431373b10 JavaThread "Execution worker Thread 11" [_thread_blocked, id=21788, stack(0x000000098c200000,0x000000098c300000)]
  0x0000012431377000 JavaThread "Execution worker Thread 12" [_thread_blocked, id=16612, stack(0x000000098c300000,0x000000098c400000)]
  0x0000012431376190 JavaThread "Execution worker Thread 13" [_thread_blocked, id=12344, stack(0x000000098c400000,0x000000098c500000)]
  0x0000012431376660 JavaThread "Execution worker Thread 14" [_thread_blocked, id=7040, stack(0x000000098c500000,0x000000098c600000)]
  0x0000012431370af0 JavaThread "Execution worker Thread 15" [_thread_blocked, id=19640, stack(0x000000098c600000,0x000000098c700000)]
  0x0000012431370fc0 JavaThread "Cache worker for execution history cache (C:\Users\ruyag\AndroidStudioProjects\ProjectApp\.gradle\8.7\executionHistory)" [_thread_blocked, id=21208, stack(0x000000098c700000,0x000000098c800000)]
=>0x000001242b238250 JavaThread "C2 CompilerThread1" daemon [_thread_in_native, id=9192, stack(0x000000098a300000,0x000000098a400000)]
  0x000001242b238760 JavaThread "C2 CompilerThread2" daemon [_thread_in_native, id=1904, stack(0x000000098c800000,0x000000098c900000)]

Other Threads:
  0x0000012427eb9430 VMThread "VM Thread" [stack: 0x0000000985200000,0x0000000985300000] [id=18440]
  0x0000012428980920 WatcherThread [stack: 0x0000000985e00000,0x0000000985f00000] [id=18712]
  0x00000124070aec40 GCTaskThread "GC Thread#0" [stack: 0x0000000984d00000,0x0000000984e00000] [id=8408]
  0x00000124298d3710 GCTaskThread "GC Thread#1" [stack: 0x0000000985f00000,0x0000000986000000] [id=15748]
  0x00000124292b16f0 GCTaskThread "GC Thread#2" [stack: 0x0000000986000000,0x0000000986100000] [id=2144]
  0x00000124295841e0 GCTaskThread "GC Thread#3" [stack: 0x0000000986100000,0x0000000986200000] [id=16068]
  0x00000124293bcfe0 GCTaskThread "GC Thread#4" [stack: 0x0000000986200000,0x0000000986300000] [id=21568]
  0x000001242a3ea100 GCTaskThread "GC Thread#5" [stack: 0x0000000986d00000,0x0000000986e00000] [id=19244]
  0x000001242a465210 GCTaskThread "GC Thread#6" [stack: 0x0000000986e00000,0x0000000986f00000] [id=10612]
  0x000001242a438020 GCTaskThread "GC Thread#7" [stack: 0x0000000986f00000,0x0000000987000000] [id=19196]
  0x0000012429a36430 GCTaskThread "GC Thread#8" [stack: 0x0000000987000000,0x0000000987100000] [id=4280]
  0x000001242a59fae0 GCTaskThread "GC Thread#9" [stack: 0x0000000987100000,0x0000000987200000] [id=7704]
  0x000001242a5a03a0 GCTaskThread "GC Thread#10" [stack: 0x0000000987200000,0x0000000987300000] [id=6836]
  0x000001242a5a0650 GCTaskThread "GC Thread#11" [stack: 0x0000000987300000,0x0000000987400000] [id=10680]
  0x000001242a4dd150 GCTaskThread "GC Thread#12" [stack: 0x0000000987400000,0x0000000987500000] [id=4188]
  0x00000124091b3c00 ConcurrentGCThread "G1 Main Marker" [stack: 0x0000000984e00000,0x0000000984f00000] [id=7660]
  0x00000124091b4610 ConcurrentGCThread "G1 Conc#0" [stack: 0x0000000984f00000,0x0000000985000000] [id=4764]
  0x000001242a4de170 ConcurrentGCThread "G1 Conc#1" [stack: 0x0000000987a00000,0x0000000987b00000] [id=14028]
  0x000001242a4de6d0 ConcurrentGCThread "G1 Conc#2" [stack: 0x0000000987b00000,0x0000000987c00000] [id=7652]
  0x0000012427d314c0 ConcurrentGCThread "G1 Refine#0" [stack: 0x0000000985000000,0x0000000985100000] [id=18552]
  0x0000012427d32ef0 ConcurrentGCThread "G1 Service" [stack: 0x0000000985100000,0x0000000985200000] [id=20268]

Threads with active compile tasks:
C2 CompilerThread0    42299 12619  s!   4       jdk.internal.loader.URLClassPath::getLoader (194 bytes)
C1 CompilerThread1    42300 12642       3       java.net.URLStreamHandler::parseURL (1201 bytes)
C2 CompilerThread1    42300 12610       4       java.util.HashMap::putVal (300 bytes)
C2 CompilerThread2    42300 12597       4       org.gradle.internal.reflect.MethodSet::add (50 bytes)

VM state: not at safepoint (normal execution)

VM Mutex/Monitor currently owned by a thread: None

Heap address: 0x0000000080000000, size: 2048 MB, Compressed Oops mode: 32-bit

CDS archive(s) mapped at: [0x0000000800000000-0x0000000800bd0000-0x0000000800bd0000), size 12386304, SharedBaseAddress: 0x0000000800000000, ArchiveRelocationMode: 0.
Compressed class space mapped at: 0x0000000800c00000-0x0000000840c00000, reserved size: 1073741824
Narrow klass base: 0x0000000800000000, Narrow klass shift: 0, Narrow klass range: 0x100000000

GC Precious Log:
 CPUs: 16 total, 16 available
 Memory: 6005M
 Large Page Support: Disabled
 NUMA Support: Disabled
 Compressed Oops: Enabled (32-bit)
 Heap Region Size: 1M
 Heap Min Capacity: 8M
 Heap Initial Capacity: 94M
 Heap Max Capacity: 2G
 Pre-touch: Disabled
 Parallel Workers: 13
 Concurrent Workers: 3
 Concurrent Refinement Workers: 13
 Periodic GC: Disabled

Heap:
 garbage-first heap   total 293888K, used 96749K [0x0000000080000000, 0x0000000100000000)
  region size 1024K, 11 young (11264K), 8 survivors (8192K)
 Metaspace       used 86546K, committed 87296K, reserved 1130496K
  class space    used 12085K, committed 12416K, reserved 1048576K

Heap Regions: E=young(eden), S=young(survivor), O=old, HS=humongous(starts), HC=humongous(continues), CS=collection set, F=free, OA=open archive, CA=closed archive, TAMS=top-at-mark-start (previous, next)
|   0|0x0000000080000000, 0x0000000080100000, 0x0000000080100000|100%|HS|  |TAMS 0x0000000080100000, 0x0000000080000000| Complete 
|   1|0x0000000080100000, 0x0000000080200000, 0x0000000080200000|100%|HC|  |TAMS 0x0000000080200000, 0x0000000080100000| Complete 
|   2|0x0000000080200000, 0x0000000080300000, 0x0000000080300000|100%|HC|  |TAMS 0x0000000080300000, 0x0000000080200000| Complete 
|   3|0x0000000080300000, 0x0000000080400000, 0x0000000080400000|100%|HC|  |TAMS 0x0000000080400000, 0x0000000080300000| Complete 
|   4|0x0000000080400000, 0x0000000080500000, 0x0000000080500000|100%| O|  |TAMS 0x0000000080500000, 0x0000000080400000| Untracked 
|   5|0x0000000080500000, 0x0000000080600000, 0x0000000080600000|100%|HS|  |TAMS 0x0000000080600000, 0x0000000080500000| Complete 
|   6|0x0000000080600000, 0x0000000080700000, 0x0000000080700000|100%| O|  |TAMS 0x0000000080700000, 0x0000000080600000| Untracked 
|   7|0x0000000080700000, 0x0000000080800000, 0x0000000080800000|100%| O|  |TAMS 0x0000000080800000, 0x0000000080700000| Untracked 
|   8|0x0000000080800000, 0x0000000080900000, 0x0000000080900000|100%| O|  |TAMS 0x0000000080900000, 0x0000000080800000| Untracked 
|   9|0x0000000080900000, 0x0000000080a00000, 0x0000000080a00000|100%| O|  |TAMS 0x0000000080a00000, 0x0000000080900000| Untracked 
|  10|0x0000000080a00000, 0x0000000080b00000, 0x0000000080b00000|100%| O|  |TAMS 0x0000000080b00000, 0x0000000080a00000| Untracked 
|  11|0x0000000080b00000, 0x0000000080c00000, 0x0000000080c00000|100%| O|  |TAMS 0x0000000080c00000, 0x0000000080b00000| Untracked 
|  12|0x0000000080c00000, 0x0000000080d00000, 0x0000000080d00000|100%| O|  |TAMS 0x0000000080d00000, 0x0000000080c00000| Untracked 
|  13|0x0000000080d00000, 0x0000000080e00000, 0x0000000080e00000|100%| O|  |TAMS 0x0000000080e00000, 0x0000000080d00000| Untracked 
|  14|0x0000000080e00000, 0x0000000080f00000, 0x0000000080f00000|100%| O|  |TAMS 0x0000000080f00000, 0x0000000080e00000| Untracked 
|  15|0x0000000080f00000, 0x0000000081000000, 0x0000000081000000|100%| O|  |TAMS 0x0000000081000000, 0x0000000080f00000| Untracked 
|  16|0x0000000081000000, 0x0000000081100000, 0x0000000081100000|100%| O|  |TAMS 0x0000000081100000, 0x0000000081000000| Untracked 
|  17|0x0000000081100000, 0x0000000081200000, 0x0000000081200000|100%| O|  |TAMS 0x0000000081200000, 0x0000000081100000| Untracked 
|  18|0x0000000081200000, 0x00000000812d6a00, 0x0000000081300000| 83%| O|  |TAMS 0x00000000812d6a00, 0x0000000081200000| Untracked 
|  19|0x0000000081300000, 0x0000000081400000, 0x0000000081400000|100%| O|  |TAMS 0x0000000081400000, 0x0000000081300000| Untracked 
|  20|0x0000000081400000, 0x0000000081500000, 0x0000000081500000|100%| O|  |TAMS 0x0000000081500000, 0x0000000081400000| Untracked 
|  21|0x0000000081500000, 0x0000000081600000, 0x0000000081600000|100%| O|  |TAMS 0x0000000081600000, 0x0000000081500000| Untracked 
|  22|0x0000000081600000, 0x0000000081700000, 0x0000000081700000|100%| O|  |TAMS 0x0000000081700000, 0x0000000081600000| Untracked 
|  23|0x0000000081700000, 0x0000000081800000, 0x0000000081800000|100%| O|  |TAMS 0x0000000081800000, 0x0000000081700000| Untracked 
|  24|0x0000000081800000, 0x0000000081900000, 0x0000000081900000|100%| O|  |TAMS 0x0000000081900000, 0x0000000081800000| Untracked 
|  25|0x0000000081900000, 0x0000000081a00000, 0x0000000081a00000|100%| O|  |TAMS 0x0000000081a00000, 0x0000000081900000| Untracked 
|  26|0x0000000081a00000, 0x0000000081b00000, 0x0000000081b00000|100%| O|  |TAMS 0x0000000081b00000, 0x0000000081a00000| Untracked 
|  27|0x0000000081b00000, 0x0000000081c00000, 0x0000000081c00000|100%| O|  |TAMS 0x0000000081c00000, 0x0000000081b00000| Untracked 
|  28|0x0000000081c00000, 0x0000000081d00000, 0x0000000081d00000|100%| O|  |TAMS 0x0000000081d00000, 0x0000000081c00000| Untracked 
|  29|0x0000000081d00000, 0x0000000081e00000, 0x0000000081e00000|100%| O|  |TAMS 0x0000000081e00000, 0x0000000081d00000| Untracked 
|  30|0x0000000081e00000, 0x0000000081f00000, 0x0000000081f00000|100%| O|  |TAMS 0x0000000081f00000, 0x0000000081e00000| Untracked 
|  31|0x0000000081f00000, 0x0000000082000000, 0x0000000082000000|100%| O|  |TAMS 0x0000000082000000, 0x0000000081f00000| Untracked 
|  32|0x0000000082000000, 0x0000000082100000, 0x0000000082100000|100%| O|  |TAMS 0x0000000082100000, 0x0000000082000000| Untracked 
|  33|0x0000000082100000, 0x0000000082200000, 0x0000000082200000|100%| O|  |TAMS 0x0000000082200000, 0x0000000082100000| Untracked 
|  34|0x0000000082200000, 0x0000000082300000, 0x0000000082300000|100%| O|  |TAMS 0x0000000082300000, 0x0000000082200000| Untracked 
|  35|0x0000000082300000, 0x0000000082400000, 0x0000000082400000|100%| O|  |TAMS 0x0000000082400000, 0x0000000082300000| Untracked 
|  36|0x0000000082400000, 0x0000000082500000, 0x0000000082500000|100%| O|  |TAMS 0x0000000082500000, 0x0000000082400000| Untracked 
|  37|0x0000000082500000, 0x0000000082600000, 0x0000000082600000|100%| O|  |TAMS 0x0000000082600000, 0x0000000082500000| Untracked 
|  38|0x0000000082600000, 0x0000000082700000, 0x0000000082700000|100%| O|  |TAMS 0x0000000082700000, 0x0000000082600000| Untracked 
|  39|0x0000000082700000, 0x0000000082800000, 0x0000000082800000|100%| O|  |TAMS 0x0000000082800000, 0x0000000082700000| Untracked 
|  40|0x0000000082800000, 0x0000000082900000, 0x0000000082900000|100%| O|  |TAMS 0x0000000082900000, 0x0000000082800000| Untracked 
|  41|0x0000000082900000, 0x0000000082a00000, 0x0000000082a00000|100%| O|  |TAMS 0x0000000082a00000, 0x0000000082900000| Untracked 
|  42|0x0000000082a00000, 0x0000000082b00000, 0x0000000082b00000|100%| O|  |TAMS 0x0000000082b00000, 0x0000000082a00000| Untracked 
|  43|0x0000000082b00000, 0x0000000082c00000, 0x0000000082c00000|100%| O|  |TAMS 0x0000000082c00000, 0x0000000082b00000| Untracked 
|  44|0x0000000082c00000, 0x0000000082d00000, 0x0000000082d00000|100%| O|  |TAMS 0x0000000082d00000, 0x0000000082c00000| Untracked 
|  45|0x0000000082d00000, 0x0000000082e00000, 0x0000000082e00000|100%| O|  |TAMS 0x0000000082e00000, 0x0000000082d00000| Untracked 
|  46|0x0000000082e00000, 0x0000000082f00000, 0x0000000082f00000|100%| O|  |TAMS 0x0000000082f00000, 0x0000000082e00000| Untracked 
|  47|0x0000000082f00000, 0x0000000083000000, 0x0000000083000000|100%| O|  |TAMS 0x0000000083000000, 0x0000000082f00000| Untracked 
|  48|0x0000000083000000, 0x0000000083100000, 0x0000000083100000|100%| O|  |TAMS 0x0000000083100000, 0x0000000083000000| Untracked 
|  49|0x0000000083100000, 0x0000000083200000, 0x0000000083200000|100%| O|  |TAMS 0x0000000083200000, 0x0000000083100000| Untracked 
|  50|0x0000000083200000, 0x0000000083300000, 0x0000000083300000|100%| O|  |TAMS 0x0000000083300000, 0x0000000083200000| Untracked 
|  51|0x0000000083300000, 0x0000000083400000, 0x0000000083400000|100%| O|  |TAMS 0x0000000083400000, 0x0000000083300000| Untracked 
|  52|0x0000000083400000, 0x0000000083500000, 0x0000000083500000|100%| O|  |TAMS 0x0000000083500000, 0x0000000083400000| Untracked 
|  53|0x0000000083500000, 0x0000000083600000, 0x0000000083600000|100%| O|  |TAMS 0x0000000083600000, 0x0000000083500000| Untracked 
|  54|0x0000000083600000, 0x0000000083700000, 0x0000000083700000|100%| O|  |TAMS 0x0000000083700000, 0x0000000083600000| Untracked 
|  55|0x0000000083700000, 0x0000000083800000, 0x0000000083800000|100%|HS|  |TAMS 0x0000000083700000, 0x0000000083700000| Complete 
|  56|0x0000000083800000, 0x0000000083900000, 0x0000000083900000|100%| O|  |TAMS 0x0000000083900000, 0x0000000083800000| Untracked 
|  57|0x0000000083900000, 0x0000000083900000, 0x0000000083a00000|  0%| F|  |TAMS 0x0000000083900000, 0x0000000083900000| Untracked 
|  58|0x0000000083a00000, 0x0000000083b00000, 0x0000000083b00000|100%|HS|  |TAMS 0x0000000083b00000, 0x0000000083a00000| Complete 
|  59|0x0000000083b00000, 0x0000000083c00000, 0x0000000083c00000|100%| O|  |TAMS 0x0000000083b00000, 0x0000000083b00000| Untracked 
|  60|0x0000000083c00000, 0x0000000083d00000, 0x0000000083d00000|100%|HS|  |TAMS 0x0000000083d00000, 0x0000000083c00000| Complete 
|  61|0x0000000083d00000, 0x0000000083e00000, 0x0000000083e00000|100%|HS|  |TAMS 0x0000000083e00000, 0x0000000083d00000| Complete 
|  62|0x0000000083e00000, 0x0000000083f00000, 0x0000000083f00000|100%|HS|  |TAMS 0x0000000083f00000, 0x0000000083e00000| Complete 
|  63|0x0000000083f00000, 0x0000000084000000, 0x0000000084000000|100%|HS|  |TAMS 0x0000000084000000, 0x0000000083f00000| Complete 
|  64|0x0000000084000000, 0x0000000084100000, 0x0000000084100000|100%| O|  |TAMS 0x0000000084100000, 0x0000000084000000| Untracked 
|  65|0x0000000084100000, 0x0000000084200000, 0x0000000084200000|100%| O|  |TAMS 0x0000000084200000, 0x0000000084100000| Untracked 
|  66|0x0000000084200000, 0x0000000084300000, 0x0000000084300000|100%| O|  |TAMS 0x0000000084300000, 0x0000000084200000| Untracked 
|  67|0x0000000084300000, 0x0000000084400000, 0x0000000084400000|100%| O|  |TAMS 0x0000000084400000, 0x0000000084300000| Untracked 
|  68|0x0000000084400000, 0x0000000084500000, 0x0000000084500000|100%| O|  |TAMS 0x0000000084500000, 0x0000000084400000| Untracked 
|  69|0x0000000084500000, 0x0000000084600000, 0x0000000084600000|100%| O|  |TAMS 0x0000000084600000, 0x0000000084500000| Untracked 
|  70|0x0000000084600000, 0x0000000084700000, 0x0000000084700000|100%| O|  |TAMS 0x0000000084700000, 0x0000000084600000| Untracked 
|  71|0x0000000084700000, 0x0000000084800000, 0x0000000084800000|100%| O|  |TAMS 0x0000000084800000, 0x0000000084700000| Untracked 
|  72|0x0000000084800000, 0x0000000084900000, 0x0000000084900000|100%| O|  |TAMS 0x0000000084900000, 0x0000000084800000| Untracked 
|  73|0x0000000084900000, 0x0000000084a00000, 0x0000000084a00000|100%| O|  |TAMS 0x0000000084a00000, 0x0000000084900000| Untracked 
|  74|0x0000000084a00000, 0x0000000084b00000, 0x0000000084b00000|100%| O|  |TAMS 0x0000000084b00000, 0x0000000084a00000| Untracked 
|  75|0x0000000084b00000, 0x0000000084bcd600, 0x0000000084c00000| 80%| O|  |TAMS 0x0000000084bcd600, 0x0000000084b00000| Untracked 
|  76|0x0000000084c00000, 0x0000000084d00000, 0x0000000084d00000|100%|HS|  |TAMS 0x0000000084d00000, 0x0000000084c00000| Complete 
|  77|0x0000000084d00000, 0x0000000084e00000, 0x0000000084e00000|100%| O|  |TAMS 0x0000000084e00000, 0x0000000084d00000| Untracked 
|  78|0x0000000084e00000, 0x0000000084f00000, 0x0000000084f00000|100%| O|  |TAMS 0x0000000084e00000, 0x0000000084e00000| Untracked 
|  79|0x0000000084f00000, 0x0000000085000000, 0x0000000085000000|100%| O|  |TAMS 0x0000000084f00000, 0x0000000084f00000| Untracked 
|  80|0x0000000085000000, 0x0000000085100000, 0x0000000085100000|100%| O|  |TAMS 0x0000000085000000, 0x0000000085000000| Untracked 
|  81|0x0000000085100000, 0x0000000085200000, 0x0000000085200000|100%| O|  |TAMS 0x0000000085100000, 0x0000000085100000| Untracked 
|  82|0x0000000085200000, 0x0000000085300000, 0x0000000085300000|100%| O|  |TAMS 0x0000000085200000, 0x0000000085200000| Untracked 
|  83|0x0000000085300000, 0x0000000085400000, 0x0000000085400000|100%| O|  |TAMS 0x0000000085300000, 0x0000000085300000| Untracked 
|  84|0x0000000085400000, 0x0000000085500000, 0x0000000085500000|100%| O|  |TAMS 0x0000000085400000, 0x0000000085400000| Untracked 
|  85|0x0000000085500000, 0x0000000085600000, 0x0000000085600000|100%| O|  |TAMS 0x0000000085500000, 0x0000000085500000| Untracked 
|  86|0x0000000085600000, 0x0000000085666e00, 0x0000000085700000| 40%| O|  |TAMS 0x0000000085600000, 0x0000000085600000| Untracked 
|  87|0x0000000085700000, 0x0000000085700000, 0x0000000085800000|  0%| F|  |TAMS 0x0000000085700000, 0x0000000085700000| Untracked 
|  88|0x0000000085800000, 0x0000000085800000, 0x0000000085900000|  0%| F|  |TAMS 0x0000000085800000, 0x0000000085800000| Untracked 
|  89|0x0000000085900000, 0x0000000085900000, 0x0000000085a00000|  0%| F|  |TAMS 0x0000000085900000, 0x0000000085900000| Untracked 
|  90|0x0000000085a00000, 0x0000000085a00000, 0x0000000085b00000|  0%| F|  |TAMS 0x0000000085a00000, 0x0000000085a00000| Untracked 
|  91|0x0000000085b00000, 0x0000000085b00000, 0x0000000085c00000|  0%| F|  |TAMS 0x0000000085b00000, 0x0000000085b00000| Untracked 
|  92|0x0000000085c00000, 0x0000000085c00000, 0x0000000085d00000|  0%| F|  |TAMS 0x0000000085c00000, 0x0000000085c00000| Untracked 
|  93|0x0000000085d00000, 0x0000000085d00000, 0x0000000085e00000|  0%| F|  |TAMS 0x0000000085d00000, 0x0000000085d00000| Untracked 
|  94|0x0000000085e00000, 0x0000000085e00000, 0x0000000085f00000|  0%| F|  |TAMS 0x0000000085e00000, 0x0000000085e00000| Untracked 
|  95|0x0000000085f00000, 0x0000000085f00000, 0x0000000086000000|  0%| F|  |TAMS 0x0000000085f00000, 0x0000000085f00000| Untracked 
|  96|0x0000000086000000, 0x0000000086000000, 0x0000000086100000|  0%| F|  |TAMS 0x0000000086000000, 0x0000000086000000| Untracked 
|  97|0x0000000086100000, 0x0000000086100000, 0x0000000086200000|  0%| F|  |TAMS 0x0000000086100000, 0x0000000086100000| Untracked 
|  98|0x0000000086200000, 0x0000000086200000, 0x0000000086300000|  0%| F|  |TAMS 0x0000000086200000, 0x0000000086200000| Untracked 
|  99|0x0000000086300000, 0x0000000086300000, 0x0000000086400000|  0%| F|  |TAMS 0x0000000086300000, 0x0000000086300000| Untracked 
| 100|0x0000000086400000, 0x0000000086400000, 0x0000000086500000|  0%| F|  |TAMS 0x0000000086400000, 0x0000000086400000| Untracked 
| 101|0x0000000086500000, 0x0000000086500000, 0x0000000086600000|  0%| F|  |TAMS 0x0000000086500000, 0x0000000086500000| Untracked 
| 102|0x0000000086600000, 0x0000000086600000, 0x0000000086700000|  0%| F|  |TAMS 0x0000000086600000, 0x0000000086600000| Untracked 
| 103|0x0000000086700000, 0x0000000086700000, 0x0000000086800000|  0%| F|  |TAMS 0x0000000086700000, 0x0000000086700000| Untracked 
| 104|0x0000000086800000, 0x0000000086800000, 0x0000000086900000|  0%| F|  |TAMS 0x0000000086800000, 0x0000000086800000| Untracked 
| 105|0x0000000086900000, 0x0000000086900000, 0x0000000086a00000|  0%| F|  |TAMS 0x0000000086900000, 0x0000000086900000| Untracked 
| 106|0x0000000086a00000, 0x0000000086a00000, 0x0000000086b00000|  0%| F|  |TAMS 0x0000000086a00000, 0x0000000086a00000| Untracked 
| 107|0x0000000086b00000, 0x0000000086b00000, 0x0000000086c00000|  0%| F|  |TAMS 0x0000000086b00000, 0x0000000086b00000| Untracked 
| 108|0x0000000086c00000, 0x0000000086c00000, 0x0000000086d00000|  0%| F|  |TAMS 0x0000000086c00000, 0x0000000086c00000| Untracked 
| 109|0x0000000086d00000, 0x0000000086d00000, 0x0000000086e00000|  0%| F|  |TAMS 0x0000000086d00000, 0x0000000086d00000| Untracked 
| 110|0x0000000086e00000, 0x0000000086e00000, 0x0000000086f00000|  0%| F|  |TAMS 0x0000000086e00000, 0x0000000086e00000| Untracked 
| 111|0x0000000086f00000, 0x0000000086f00000, 0x0000000087000000|  0%| F|  |TAMS 0x0000000086f00000, 0x0000000086f00000| Untracked 
| 112|0x0000000087000000, 0x0000000087000000, 0x0000000087100000|  0%| F|  |TAMS 0x0000000087000000, 0x0000000087000000| Untracked 
| 113|0x0000000087100000, 0x0000000087100000, 0x0000000087200000|  0%| F|  |TAMS 0x0000000087100000, 0x0000000087100000| Untracked 
| 114|0x0000000087200000, 0x0000000087200000, 0x0000000087300000|  0%| F|  |TAMS 0x0000000087200000, 0x0000000087200000| Untracked 
| 115|0x0000000087300000, 0x0000000087300000, 0x0000000087400000|  0%| F|  |TAMS 0x0000000087300000, 0x0000000087300000| Untracked 
| 116|0x0000000087400000, 0x0000000087400000, 0x0000000087500000|  0%| F|  |TAMS 0x0000000087400000, 0x0000000087400000| Untracked 
| 117|0x0000000087500000, 0x0000000087500000, 0x0000000087600000|  0%| F|  |TAMS 0x0000000087500000, 0x0000000087500000| Untracked 
| 118|0x0000000087600000, 0x0000000087600000, 0x0000000087700000|  0%| F|  |TAMS 0x0000000087600000, 0x0000000087600000| Untracked 
| 119|0x0000000087700000, 0x0000000087700000, 0x0000000087800000|  0%| F|  |TAMS 0x0000000087700000, 0x0000000087700000| Untracked 
| 120|0x0000000087800000, 0x0000000087800000, 0x0000000087900000|  0%| F|  |TAMS 0x0000000087800000, 0x0000000087800000| Untracked 
| 121|0x0000000087900000, 0x0000000087900000, 0x0000000087a00000|  0%| F|  |TAMS 0x0000000087900000, 0x0000000087900000| Untracked 
| 122|0x0000000087a00000, 0x0000000087a00000, 0x0000000087b00000|  0%| F|  |TAMS 0x0000000087a00000, 0x0000000087a00000| Untracked 
| 123|0x0000000087b00000, 0x0000000087b00000, 0x0000000087c00000|  0%| F|  |TAMS 0x0000000087b00000, 0x0000000087b00000| Untracked 
| 124|0x0000000087c00000, 0x0000000087c00000, 0x0000000087d00000|  0%| F|  |TAMS 0x0000000087c00000, 0x0000000087c00000| Untracked 
| 125|0x0000000087d00000, 0x0000000087d00000, 0x0000000087e00000|  0%| F|  |TAMS 0x0000000087d00000, 0x0000000087d00000| Untracked 
| 126|0x0000000087e00000, 0x0000000087e00000, 0x0000000087f00000|  0%| F|  |TAMS 0x0000000087e00000, 0x0000000087e00000| Untracked 
| 127|0x0000000087f00000, 0x0000000087f00000, 0x0000000088000000|  0%| F|  |TAMS 0x0000000087f00000, 0x0000000087f00000| Untracked 
| 128|0x0000000088000000, 0x0000000088000000, 0x0000000088100000|  0%| F|  |TAMS 0x0000000088000000, 0x0000000088000000| Untracked 
| 129|0x0000000088100000, 0x0000000088100000, 0x0000000088200000|  0%| F|  |TAMS 0x0000000088100000, 0x0000000088100000| Untracked 
| 130|0x0000000088200000, 0x0000000088200000, 0x0000000088300000|  0%| F|  |TAMS 0x0000000088200000, 0x0000000088200000| Untracked 
| 131|0x0000000088300000, 0x0000000088300000, 0x0000000088400000|  0%| F|  |TAMS 0x0000000088300000, 0x0000000088300000| Untracked 
| 132|0x0000000088400000, 0x0000000088400000, 0x0000000088500000|  0%| F|  |TAMS 0x0000000088400000, 0x0000000088400000| Untracked 
| 133|0x0000000088500000, 0x0000000088500000, 0x0000000088600000|  0%| F|  |TAMS 0x0000000088500000, 0x0000000088500000| Untracked 
| 134|0x0000000088600000, 0x0000000088600000, 0x0000000088700000|  0%| F|  |TAMS 0x0000000088600000, 0x0000000088600000| Untracked 
| 135|0x0000000088700000, 0x0000000088700000, 0x0000000088800000|  0%| F|  |TAMS 0x0000000088700000, 0x0000000088700000| Untracked 
| 136|0x0000000088800000, 0x0000000088800000, 0x0000000088900000|  0%| F|  |TAMS 0x0000000088800000, 0x0000000088800000| Untracked 
| 137|0x0000000088900000, 0x0000000088900000, 0x0000000088a00000|  0%| F|  |TAMS 0x0000000088900000, 0x0000000088900000| Untracked 
| 138|0x0000000088a00000, 0x0000000088a70868, 0x0000000088b00000| 43%| S|CS|TAMS 0x0000000088a00000, 0x0000000088a00000| Complete 
| 139|0x0000000088b00000, 0x0000000088c00000, 0x0000000088c00000|100%| S|CS|TAMS 0x0000000088b00000, 0x0000000088b00000| Complete 
| 140|0x0000000088c00000, 0x0000000088d00000, 0x0000000088d00000|100%| S|CS|TAMS 0x0000000088c00000, 0x0000000088c00000| Complete 
| 141|0x0000000088d00000, 0x0000000088e00000, 0x0000000088e00000|100%| S|CS|TAMS 0x0000000088d00000, 0x0000000088d00000| Complete 
| 142|0x0000000088e00000, 0x0000000088f00000, 0x0000000088f00000|100%| S|CS|TAMS 0x0000000088e00000, 0x0000000088e00000| Complete 
| 143|0x0000000088f00000, 0x0000000089000000, 0x0000000089000000|100%| S|CS|TAMS 0x0000000088f00000, 0x0000000088f00000| Complete 
| 144|0x0000000089000000, 0x0000000089100000, 0x0000000089100000|100%| S|CS|TAMS 0x0000000089000000, 0x0000000089000000| Complete 
| 145|0x0000000089100000, 0x0000000089200000, 0x0000000089200000|100%| S|CS|TAMS 0x0000000089100000, 0x0000000089100000| Complete 
| 146|0x0000000089200000, 0x0000000089200000, 0x0000000089300000|  0%| F|  |TAMS 0x0000000089200000, 0x0000000089200000| Untracked 
| 147|0x0000000089300000, 0x0000000089300000, 0x0000000089400000|  0%| F|  |TAMS 0x0000000089300000, 0x0000000089300000| Untracked 
| 148|0x0000000089400000, 0x0000000089400000, 0x0000000089500000|  0%| F|  |TAMS 0x0000000089400000, 0x0000000089400000| Untracked 
| 149|0x0000000089500000, 0x0000000089500000, 0x0000000089600000|  0%| F|  |TAMS 0x0000000089500000, 0x0000000089500000| Untracked 
| 150|0x0000000089600000, 0x0000000089600000, 0x0000000089700000|  0%| F|  |TAMS 0x0000000089600000, 0x0000000089600000| Untracked 
| 151|0x0000000089700000, 0x0000000089700000, 0x0000000089800000|  0%| F|  |TAMS 0x0000000089700000, 0x0000000089700000| Untracked 
| 152|0x0000000089800000, 0x0000000089800000, 0x0000000089900000|  0%| F|  |TAMS 0x0000000089800000, 0x0000000089800000| Untracked 
| 153|0x0000000089900000, 0x0000000089900000, 0x0000000089a00000|  0%| F|  |TAMS 0x0000000089900000, 0x0000000089900000| Untracked 
| 154|0x0000000089a00000, 0x0000000089a00000, 0x0000000089b00000|  0%| F|  |TAMS 0x0000000089a00000, 0x0000000089a00000| Untracked 
| 155|0x0000000089b00000, 0x0000000089b00000, 0x0000000089c00000|  0%| F|  |TAMS 0x0000000089b00000, 0x0000000089b00000| Untracked 
| 156|0x0000000089c00000, 0x0000000089c00000, 0x0000000089d00000|  0%| F|  |TAMS 0x0000000089c00000, 0x0000000089c00000| Untracked 
| 157|0x0000000089d00000, 0x0000000089d00000, 0x0000000089e00000|  0%| F|  |TAMS 0x0000000089d00000, 0x0000000089d00000| Untracked 
| 158|0x0000000089e00000, 0x0000000089e00000, 0x0000000089f00000|  0%| F|  |TAMS 0x0000000089e00000, 0x0000000089e00000| Untracked 
| 159|0x0000000089f00000, 0x0000000089f00000, 0x000000008a000000|  0%| F|  |TAMS 0x0000000089f00000, 0x0000000089f00000| Untracked 
| 160|0x000000008a000000, 0x000000008a000000, 0x000000008a100000|  0%| F|  |TAMS 0x000000008a000000, 0x000000008a000000| Untracked 
| 161|0x000000008a100000, 0x000000008a100000, 0x000000008a200000|  0%| F|  |TAMS 0x000000008a100000, 0x000000008a100000| Untracked 
| 162|0x000000008a200000, 0x000000008a200000, 0x000000008a300000|  0%| F|  |TAMS 0x000000008a200000, 0x000000008a200000| Untracked 
| 163|0x000000008a300000, 0x000000008a300000, 0x000000008a400000|  0%| F|  |TAMS 0x000000008a300000, 0x000000008a300000| Untracked 
| 164|0x000000008a400000, 0x000000008a400000, 0x000000008a500000|  0%| F|  |TAMS 0x000000008a400000, 0x000000008a400000| Untracked 
| 165|0x000000008a500000, 0x000000008a500000, 0x000000008a600000|  0%| F|  |TAMS 0x000000008a500000, 0x000000008a500000| Untracked 
| 166|0x000000008a600000, 0x000000008a600000, 0x000000008a700000|  0%| F|  |TAMS 0x000000008a600000, 0x000000008a600000| Untracked 
| 167|0x000000008a700000, 0x000000008a700000, 0x000000008a800000|  0%| F|  |TAMS 0x000000008a700000, 0x000000008a700000| Untracked 
| 168|0x000000008a800000, 0x000000008a800000, 0x000000008a900000|  0%| F|  |TAMS 0x000000008a800000, 0x000000008a800000| Untracked 
| 169|0x000000008a900000, 0x000000008a900000, 0x000000008aa00000|  0%| F|  |TAMS 0x000000008a900000, 0x000000008a900000| Untracked 
| 170|0x000000008aa00000, 0x000000008aa00000, 0x000000008ab00000|  0%| F|  |TAMS 0x000000008aa00000, 0x000000008aa00000| Untracked 
| 171|0x000000008ab00000, 0x000000008ab00000, 0x000000008ac00000|  0%| F|  |TAMS 0x000000008ab00000, 0x000000008ab00000| Untracked 
| 172|0x000000008ac00000, 0x000000008ac00000, 0x000000008ad00000|  0%| F|  |TAMS 0x000000008ac00000, 0x000000008ac00000| Untracked 
| 173|0x000000008ad00000, 0x000000008ad00000, 0x000000008ae00000|  0%| F|  |TAMS 0x000000008ad00000, 0x000000008ad00000| Untracked 
| 174|0x000000008ae00000, 0x000000008ae00000, 0x000000008af00000|  0%| F|  |TAMS 0x000000008ae00000, 0x000000008ae00000| Untracked 
| 175|0x000000008af00000, 0x000000008af00000, 0x000000008b000000|  0%| F|  |TAMS 0x000000008af00000, 0x000000008af00000| Untracked 
| 176|0x000000008b000000, 0x000000008b000000, 0x000000008b100000|  0%| F|  |TAMS 0x000000008b000000, 0x000000008b000000| Untracked 
| 177|0x000000008b100000, 0x000000008b100000, 0x000000008b200000|  0%| F|  |TAMS 0x000000008b100000, 0x000000008b100000| Untracked 
| 178|0x000000008b200000, 0x000000008b200000, 0x000000008b300000|  0%| F|  |TAMS 0x000000008b200000, 0x000000008b200000| Untracked 
| 179|0x000000008b300000, 0x000000008b300000, 0x000000008b400000|  0%| F|  |TAMS 0x000000008b300000, 0x000000008b300000| Untracked 
| 180|0x000000008b400000, 0x000000008b400000, 0x000000008b500000|  0%| F|  |TAMS 0x000000008b400000, 0x000000008b400000| Untracked 
| 181|0x000000008b500000, 0x000000008b500000, 0x000000008b600000|  0%| F|  |TAMS 0x000000008b500000, 0x000000008b500000| Untracked 
| 182|0x000000008b600000, 0x000000008b600000, 0x000000008b700000|  0%| F|  |TAMS 0x000000008b600000, 0x000000008b600000| Untracked 
| 183|0x000000008b700000, 0x000000008b700000, 0x000000008b800000|  0%| F|  |TAMS 0x000000008b700000, 0x000000008b700000| Untracked 
| 184|0x000000008b800000, 0x000000008b800000, 0x000000008b900000|  0%| F|  |TAMS 0x000000008b800000, 0x000000008b800000| Untracked 
| 185|0x000000008b900000, 0x000000008b900000, 0x000000008ba00000|  0%| F|  |TAMS 0x000000008b900000, 0x000000008b900000| Untracked 
| 186|0x000000008ba00000, 0x000000008ba00000, 0x000000008bb00000|  0%| F|  |TAMS 0x000000008ba00000, 0x000000008ba00000| Untracked 
| 187|0x000000008bb00000, 0x000000008bb00000, 0x000000008bc00000|  0%| F|  |TAMS 0x000000008bb00000, 0x000000008bb00000| Untracked 
| 188|0x000000008bc00000, 0x000000008bc00000, 0x000000008bd00000|  0%| F|  |TAMS 0x000000008bc00000, 0x000000008bc00000| Untracked 
| 189|0x000000008bd00000, 0x000000008bd00000, 0x000000008be00000|  0%| F|  |TAMS 0x000000008bd00000, 0x000000008bd00000| Untracked 
| 190|0x000000008be00000, 0x000000008be00000, 0x000000008bf00000|  0%| F|  |TAMS 0x000000008be00000, 0x000000008be00000| Untracked 
| 191|0x000000008bf00000, 0x000000008bf00000, 0x000000008c000000|  0%| F|  |TAMS 0x000000008bf00000, 0x000000008bf00000| Untracked 
| 192|0x000000008c000000, 0x000000008c000000, 0x000000008c100000|  0%| F|  |TAMS 0x000000008c000000, 0x000000008c000000| Untracked 
| 193|0x000000008c100000, 0x000000008c100000, 0x000000008c200000|  0%| F|  |TAMS 0x000000008c100000, 0x000000008c100000| Untracked 
| 194|0x000000008c200000, 0x000000008c200000, 0x000000008c300000|  0%| F|  |TAMS 0x000000008c200000, 0x000000008c200000| Untracked 
| 195|0x000000008c300000, 0x000000008c300000, 0x000000008c400000|  0%| F|  |TAMS 0x000000008c300000, 0x000000008c300000| Untracked 
| 196|0x000000008c400000, 0x000000008c400000, 0x000000008c500000|  0%| F|  |TAMS 0x000000008c400000, 0x000000008c400000| Untracked 
| 197|0x000000008c500000, 0x000000008c500000, 0x000000008c600000|  0%| F|  |TAMS 0x000000008c500000, 0x000000008c500000| Untracked 
| 198|0x000000008c600000, 0x000000008c600000, 0x000000008c700000|  0%| F|  |TAMS 0x000000008c600000, 0x000000008c600000| Untracked 
| 199|0x000000008c700000, 0x000000008c700000, 0x000000008c800000|  0%| F|  |TAMS 0x000000008c700000, 0x000000008c700000| Untracked 
| 200|0x000000008c800000, 0x000000008c800000, 0x000000008c900000|  0%| F|  |TAMS 0x000000008c800000, 0x000000008c800000| Untracked 
| 201|0x000000008c900000, 0x000000008c900000, 0x000000008ca00000|  0%| F|  |TAMS 0x000000008c900000, 0x000000008c900000| Untracked 
| 202|0x000000008ca00000, 0x000000008ca00000, 0x000000008cb00000|  0%| F|  |TAMS 0x000000008ca00000, 0x000000008ca00000| Untracked 
| 203|0x000000008cb00000, 0x000000008cb00000, 0x000000008cc00000|  0%| F|  |TAMS 0x000000008cb00000, 0x000000008cb00000| Untracked 
| 204|0x000000008cc00000, 0x000000008cc00000, 0x000000008cd00000|  0%| F|  |TAMS 0x000000008cc00000, 0x000000008cc00000| Untracked 
| 205|0x000000008cd00000, 0x000000008cd00000, 0x000000008ce00000|  0%| F|  |TAMS 0x000000008cd00000, 0x000000008cd00000| Untracked 
| 206|0x000000008ce00000, 0x000000008ce00000, 0x000000008cf00000|  0%| F|  |TAMS 0x000000008ce00000, 0x000000008ce00000| Untracked 
| 207|0x000000008cf00000, 0x000000008cf00000, 0x000000008d000000|  0%| F|  |TAMS 0x000000008cf00000, 0x000000008cf00000| Untracked 
| 208|0x000000008d000000, 0x000000008d000000, 0x000000008d100000|  0%| F|  |TAMS 0x000000008d000000, 0x000000008d000000| Untracked 
| 209|0x000000008d100000, 0x000000008d100000, 0x000000008d200000|  0%| F|  |TAMS 0x000000008d100000, 0x000000008d100000| Untracked 
| 210|0x000000008d200000, 0x000000008d200000, 0x000000008d300000|  0%| F|  |TAMS 0x000000008d200000, 0x000000008d200000| Untracked 
| 211|0x000000008d300000, 0x000000008d300000, 0x000000008d400000|  0%| F|  |TAMS 0x000000008d300000, 0x000000008d300000| Untracked 
| 212|0x000000008d400000, 0x000000008d400000, 0x000000008d500000|  0%| F|  |TAMS 0x000000008d400000, 0x000000008d400000| Untracked 
| 213|0x000000008d500000, 0x000000008d500000, 0x000000008d600000|  0%| F|  |TAMS 0x000000008d500000, 0x000000008d500000| Untracked 
| 214|0x000000008d600000, 0x000000008d600000, 0x000000008d700000|  0%| F|  |TAMS 0x000000008d600000, 0x000000008d600000| Untracked 
| 215|0x000000008d700000, 0x000000008d700000, 0x000000008d800000|  0%| F|  |TAMS 0x000000008d700000, 0x000000008d700000| Untracked 
| 216|0x000000008d800000, 0x000000008d800000, 0x000000008d900000|  0%| F|  |TAMS 0x000000008d800000, 0x000000008d800000| Untracked 
| 217|0x000000008d900000, 0x000000008d900000, 0x000000008da00000|  0%| F|  |TAMS 0x000000008d900000, 0x000000008d900000| Untracked 
| 218|0x000000008da00000, 0x000000008da00000, 0x000000008db00000|  0%| F|  |TAMS 0x000000008da00000, 0x000000008da00000| Untracked 
| 219|0x000000008db00000, 0x000000008db00000, 0x000000008dc00000|  0%| F|  |TAMS 0x000000008db00000, 0x000000008db00000| Untracked 
| 220|0x000000008dc00000, 0x000000008dc00000, 0x000000008dd00000|  0%| F|  |TAMS 0x000000008dc00000, 0x000000008dc00000| Untracked 
| 221|0x000000008dd00000, 0x000000008dd00000, 0x000000008de00000|  0%| F|  |TAMS 0x000000008dd00000, 0x000000008dd00000| Untracked 
| 222|0x000000008de00000, 0x000000008de00000, 0x000000008df00000|  0%| F|  |TAMS 0x000000008de00000, 0x000000008de00000| Untracked 
| 223|0x000000008df00000, 0x000000008df00000, 0x000000008e000000|  0%| F|  |TAMS 0x000000008df00000, 0x000000008df00000| Untracked 
| 224|0x000000008e000000, 0x000000008e000000, 0x000000008e100000|  0%| F|  |TAMS 0x000000008e000000, 0x000000008e000000| Untracked 
| 225|0x000000008e100000, 0x000000008e100000, 0x000000008e200000|  0%| F|  |TAMS 0x000000008e100000, 0x000000008e100000| Untracked 
| 226|0x000000008e200000, 0x000000008e200000, 0x000000008e300000|  0%| F|  |TAMS 0x000000008e200000, 0x000000008e200000| Untracked 
| 227|0x000000008e300000, 0x000000008e300000, 0x000000008e400000|  0%| F|  |TAMS 0x000000008e300000, 0x000000008e300000| Untracked 
| 228|0x000000008e400000, 0x000000008e400000, 0x000000008e500000|  0%| F|  |TAMS 0x000000008e400000, 0x000000008e400000| Untracked 
| 229|0x000000008e500000, 0x000000008e500000, 0x000000008e600000|  0%| F|  |TAMS 0x000000008e500000, 0x000000008e500000| Untracked 
| 230|0x000000008e600000, 0x000000008e600000, 0x000000008e700000|  0%| F|  |TAMS 0x000000008e600000, 0x000000008e600000| Untracked 
| 231|0x000000008e700000, 0x000000008e700000, 0x000000008e800000|  0%| F|  |TAMS 0x000000008e700000, 0x000000008e700000| Untracked 
| 232|0x000000008e800000, 0x000000008e800000, 0x000000008e900000|  0%| F|  |TAMS 0x000000008e800000, 0x000000008e800000| Untracked 
| 233|0x000000008e900000, 0x000000008e900000, 0x000000008ea00000|  0%| F|  |TAMS 0x000000008e900000, 0x000000008e900000| Untracked 
| 234|0x000000008ea00000, 0x000000008ea00000, 0x000000008eb00000|  0%| F|  |TAMS 0x000000008ea00000, 0x000000008ea00000| Untracked 
| 235|0x000000008eb00000, 0x000000008eb00000, 0x000000008ec00000|  0%| F|  |TAMS 0x000000008eb00000, 0x000000008eb00000| Untracked 
| 236|0x000000008ec00000, 0x000000008ec00000, 0x000000008ed00000|  0%| F|  |TAMS 0x000000008ec00000, 0x000000008ec00000| Untracked 
| 237|0x000000008ed00000, 0x000000008ed00000, 0x000000008ee00000|  0%| F|  |TAMS 0x000000008ed00000, 0x000000008ed00000| Untracked 
| 238|0x000000008ee00000, 0x000000008ee00000, 0x000000008ef00000|  0%| F|  |TAMS 0x000000008ee00000, 0x000000008ee00000| Untracked 
| 239|0x000000008ef00000, 0x000000008ef00000, 0x000000008f000000|  0%| F|  |TAMS 0x000000008ef00000, 0x000000008ef00000| Untracked 
| 240|0x000000008f000000, 0x000000008f000000, 0x000000008f100000|  0%| F|  |TAMS 0x000000008f000000, 0x000000008f000000| Untracked 
| 241|0x000000008f100000, 0x000000008f100000, 0x000000008f200000|  0%| F|  |TAMS 0x000000008f100000, 0x000000008f100000| Untracked 
| 242|0x000000008f200000, 0x000000008f200000, 0x000000008f300000|  0%| F|  |TAMS 0x000000008f200000, 0x000000008f200000| Untracked 
| 243|0x000000008f300000, 0x000000008f300000, 0x000000008f400000|  0%| F|  |TAMS 0x000000008f300000, 0x000000008f300000| Untracked 
| 244|0x000000008f400000, 0x000000008f400000, 0x000000008f500000|  0%| F|  |TAMS 0x000000008f400000, 0x000000008f400000| Untracked 
| 245|0x000000008f500000, 0x000000008f500000, 0x000000008f600000|  0%| F|  |TAMS 0x000000008f500000, 0x000000008f500000| Untracked 
| 246|0x000000008f600000, 0x000000008f600000, 0x000000008f700000|  0%| F|  |TAMS 0x000000008f600000, 0x000000008f600000| Untracked 
| 247|0x000000008f700000, 0x000000008f700000, 0x000000008f800000|  0%| F|  |TAMS 0x000000008f700000, 0x000000008f700000| Untracked 
| 248|0x000000008f800000, 0x000000008f800000, 0x000000008f900000|  0%| F|  |TAMS 0x000000008f800000, 0x000000008f800000| Untracked 
| 249|0x000000008f900000, 0x000000008f900000, 0x000000008fa00000|  0%| F|  |TAMS 0x000000008f900000, 0x000000008f900000| Untracked 
| 250|0x000000008fa00000, 0x000000008fa00000, 0x000000008fb00000|  0%| F|  |TAMS 0x000000008fa00000, 0x000000008fa00000| Untracked 
| 251|0x000000008fb00000, 0x000000008fb00000, 0x000000008fc00000|  0%| F|  |TAMS 0x000000008fb00000, 0x000000008fb00000| Untracked 
| 252|0x000000008fc00000, 0x000000008fc00000, 0x000000008fd00000|  0%| F|  |TAMS 0x000000008fc00000, 0x000000008fc00000| Untracked 
| 253|0x000000008fd00000, 0x000000008fd00000, 0x000000008fe00000|  0%| F|  |TAMS 0x000000008fd00000, 0x000000008fd00000| Untracked 
| 254|0x000000008fe00000, 0x000000008fe00000, 0x000000008ff00000|  0%| F|  |TAMS 0x000000008fe00000, 0x000000008fe00000| Untracked 
| 255|0x000000008ff00000, 0x000000008ff00000, 0x0000000090000000|  0%| F|  |TAMS 0x000000008ff00000, 0x000000008ff00000| Untracked 
| 256|0x0000000090000000, 0x0000000090000000, 0x0000000090100000|  0%| F|  |TAMS 0x0000000090000000, 0x0000000090000000| Untracked 
| 257|0x0000000090100000, 0x0000000090100000, 0x0000000090200000|  0%| F|  |TAMS 0x0000000090100000, 0x0000000090100000| Untracked 
| 258|0x0000000090200000, 0x0000000090200000, 0x0000000090300000|  0%| F|  |TAMS 0x0000000090200000, 0x0000000090200000| Untracked 
| 259|0x0000000090300000, 0x0000000090300000, 0x0000000090400000|  0%| F|  |TAMS 0x0000000090300000, 0x0000000090300000| Untracked 
| 260|0x0000000090400000, 0x0000000090400000, 0x0000000090500000|  0%| F|  |TAMS 0x0000000090400000, 0x0000000090400000| Untracked 
| 261|0x0000000090500000, 0x0000000090500000, 0x0000000090600000|  0%| F|  |TAMS 0x0000000090500000, 0x0000000090500000| Untracked 
| 262|0x0000000090600000, 0x0000000090600000, 0x0000000090700000|  0%| F|  |TAMS 0x0000000090600000, 0x0000000090600000| Untracked 
| 263|0x0000000090700000, 0x0000000090700000, 0x0000000090800000|  0%| F|  |TAMS 0x0000000090700000, 0x0000000090700000| Untracked 
| 264|0x0000000090800000, 0x0000000090800000, 0x0000000090900000|  0%| F|  |TAMS 0x0000000090800000, 0x0000000090800000| Untracked 
| 265|0x0000000090900000, 0x0000000090900000, 0x0000000090a00000|  0%| F|  |TAMS 0x0000000090900000, 0x0000000090900000| Untracked 
| 266|0x0000000090a00000, 0x0000000090a00000, 0x0000000090b00000|  0%| F|  |TAMS 0x0000000090a00000, 0x0000000090a00000| Untracked 
| 267|0x0000000090b00000, 0x0000000090b00000, 0x0000000090c00000|  0%| F|  |TAMS 0x0000000090b00000, 0x0000000090b00000| Untracked 
| 268|0x0000000090c00000, 0x0000000090c00000, 0x0000000090d00000|  0%| F|  |TAMS 0x0000000090c00000, 0x0000000090c00000| Untracked 
| 269|0x0000000090d00000, 0x0000000090d00000, 0x0000000090e00000|  0%| F|  |TAMS 0x0000000090d00000, 0x0000000090d00000| Untracked 
| 270|0x0000000090e00000, 0x0000000090e00000, 0x0000000090f00000|  0%| F|  |TAMS 0x0000000090e00000, 0x0000000090e00000| Untracked 
| 271|0x0000000090f00000, 0x0000000090f00000, 0x0000000091000000|  0%| F|  |TAMS 0x0000000090f00000, 0x0000000090f00000| Untracked 
| 272|0x0000000091000000, 0x0000000091000000, 0x0000000091100000|  0%| F|  |TAMS 0x0000000091000000, 0x0000000091000000| Untracked 
| 273|0x0000000091100000, 0x0000000091100000, 0x0000000091200000|  0%| F|  |TAMS 0x0000000091100000, 0x0000000091100000| Untracked 
| 274|0x0000000091200000, 0x0000000091200000, 0x0000000091300000|  0%| F|  |TAMS 0x0000000091200000, 0x0000000091200000| Untracked 
| 275|0x0000000091300000, 0x0000000091300000, 0x0000000091400000|  0%| F|  |TAMS 0x0000000091300000, 0x0000000091300000| Untracked 
| 276|0x0000000091400000, 0x0000000091400000, 0x0000000091500000|  0%| F|  |TAMS 0x0000000091400000, 0x0000000091400000| Untracked 
| 277|0x0000000091500000, 0x0000000091500000, 0x0000000091600000|  0%| F|  |TAMS 0x0000000091500000, 0x0000000091500000| Untracked 
| 278|0x0000000091600000, 0x0000000091600000, 0x0000000091700000|  0%| F|  |TAMS 0x0000000091600000, 0x0000000091600000| Untracked 
| 279|0x0000000091700000, 0x0000000091700000, 0x0000000091800000|  0%| F|  |TAMS 0x0000000091700000, 0x0000000091700000| Untracked 
| 280|0x0000000091800000, 0x0000000091800000, 0x0000000091900000|  0%| F|  |TAMS 0x0000000091800000, 0x0000000091800000| Untracked 
| 294|0x0000000092600000, 0x0000000092600000, 0x0000000092700000|  0%| F|  |TAMS 0x0000000092600000, 0x0000000092600000| Untracked 
| 295|0x0000000092700000, 0x0000000092700000, 0x0000000092800000|  0%| F|  |TAMS 0x0000000092700000, 0x0000000092700000| Untracked 
| 296|0x0000000092800000, 0x0000000092900000, 0x0000000092900000|100%| E|  |TAMS 0x0000000092800000, 0x0000000092800000| Complete 
| 297|0x0000000092900000, 0x0000000092a00000, 0x0000000092a00000|100%| E|CS|TAMS 0x0000000092900000, 0x0000000092900000| Complete 
| 298|0x0000000092a00000, 0x0000000092b00000, 0x0000000092b00000|100%| E|CS|TAMS 0x0000000092a00000, 0x0000000092a00000| Complete 
| 299|0x0000000092b00000, 0x0000000092c00000, 0x0000000092c00000|100%| E|CS|TAMS 0x0000000092b00000, 0x0000000092b00000| Complete 

Card table byte_map: [0x0000012420650000,0x0000012420a50000] _byte_map_base: 0x0000012420250000

Marking Bits (Prev, Next): (CMBitMap*) 0x00000124091a2b70, (CMBitMap*) 0x00000124091a2b30
 Prev Bits: [0x0000012422e50000, 0x0000012424e50000)
 Next Bits: [0x0000012420e50000, 0x0000012422e50000)

Polling page: 0x0000012408910000

Metaspace:

Usage:
  Non-class:     72.77 MB used.
      Class:     11.81 MB used.
       Both:     84.58 MB used.

Virtual space:
  Non-class space:       80.00 MB reserved,      73.12 MB ( 91%) committed,  10 nodes.
      Class space:        1.00 GB reserved,      12.12 MB (  1%) committed,  1 nodes.
             Both:        1.08 GB reserved,      85.25 MB (  8%) committed. 

Chunk freelists:
   Non-Class:  2.61 MB
       Class:  3.81 MB
        Both:  6.42 MB

MaxMetaspaceSize: unlimited
CompressedClassSpaceSize: 1.00 GB
Initial GC threshold: 21.00 MB
Current GC threshold: 112.62 MB
CDS: on
MetaspaceReclaimPolicy: balanced
 - commit_granule_bytes: 65536.
 - commit_granule_words: 8192.
 - virtual_space_node_default_size: 1048576.
 - enlarge_chunks_in_place: 1.
 - new_chunks_are_fully_committed: 0.
 - uncommit_free_chunks: 1.
 - use_allocation_guard: 0.
 - handle_deallocations: 1.


Internal statistics:

num_allocs_failed_limit: 6.
num_arena_births: 970.
num_arena_deaths: 24.
num_vsnodes_births: 11.
num_vsnodes_deaths: 0.
num_space_committed: 1365.
num_space_uncommitted: 0.
num_chunks_returned_to_freelist: 43.
num_chunks_taken_from_freelist: 4746.
num_chunk_merges: 10.
num_chunk_splits: 3058.
num_chunks_enlarged: 1989.
num_purges: 6.
num_inconsistent_stats: 0.

CodeHeap 'non-profiled nmethods': size=119168Kb used=7173Kb max_used=7173Kb free=111994Kb
 bounds [0x0000012418560000, 0x0000012418c70000, 0x000001241f9c0000]
CodeHeap 'profiled nmethods': size=119104Kb used=21513Kb max_used=21513Kb free=97590Kb
 bounds [0x00000124109c0000, 0x0000012411ed0000, 0x0000012417e10000]
CodeHeap 'non-nmethods': size=7488Kb used=4096Kb max_used=4151Kb free=3391Kb
 bounds [0x0000012417e10000, 0x0000012418230000, 0x0000012418560000]
 total_blobs=11980 nmethods=11037 adapters=852
 compilation: enabled
              stopped_count=0, restarted_count=0
 full_count=0

Compilation events (20 events):
Event: 42.196 Thread 0x0000012428bd7220 nmethod 12612 0x0000012411e9c510 code [0x0000012411e9c980, 0x0000012411e9e7e8]
Event: 42.209 Thread 0x0000012427ee5340 12613       3       java.io.StreamTokenizer::read (38 bytes)
Event: 42.209 Thread 0x000001242b239690 12614   !   3       java.io.BufferedReader::read (104 bytes)
Event: 42.210 Thread 0x0000012427ee5340 nmethod 12613 0x0000012411e9f590 code [0x0000012411e9f760, 0x0000012411e9fb68]
Event: 42.210 Thread 0x000001242b239690 nmethod 12614 0x0000012411e9fc90 code [0x0000012411e9fe80, 0x0000012411ea0458]
Event: 42.217 Thread 0x000001242b239690 12615       3       java.util.regex.Pattern$Slice::<init> (6 bytes)
Event: 42.217 Thread 0x000001242b239690 nmethod 12615 0x0000012411ea0790 code [0x0000012411ea0940, 0x0000012411ea0c38]
Event: 42.217 Thread 0x000001242b239690 12616       3       java.util.concurrent.ConcurrentHashMap$EntryIterator::next (5 bytes)
Event: 42.217 Thread 0x0000012427ee5340 12618       3       java.util.concurrent.ConcurrentHashMap$MapEntry::<init> (20 bytes)
Event: 42.217 Thread 0x0000012428bd7220 12617       3       java.util.concurrent.ConcurrentHashMap$EntryIterator::next (51 bytes)
Event: 42.218 Thread 0x000001242b239690 nmethod 12616 0x0000012411ea0d90 code [0x0000012411ea0f20, 0x0000012411ea1068]
Event: 42.218 Thread 0x0000012427ee5340 nmethod 12618 0x0000012411ea1110 code [0x0000012411ea12c0, 0x0000012411ea1538]
Event: 42.218 Thread 0x0000012428bd7220 nmethod 12617 0x0000012411ea1610 code [0x0000012411ea17e0, 0x0000012411ea1cf8]
Event: 42.219 Thread 0x0000012427ee3980 12619  s!   4       jdk.internal.loader.URLClassPath::getLoader (194 bytes)
Event: 42.231 Thread 0x0000012427ee5340 12621       3       sun.security.jca.ProviderList::getProvider (22 bytes)
Event: 42.231 Thread 0x0000012427ee5340 nmethod 12621 0x0000012411ea1e90 code [0x0000012411ea2040, 0x0000012411ea2228]
Event: 42.256 Thread 0x0000012428bd7220 12622   !   3       java.net.URL::<init> (543 bytes)
Event: 42.260 Thread 0x0000012428bd7220 nmethod 12622 0x0000012411ea2310 code [0x0000012411ea29a0, 0x0000012411ea64e8]
Event: 42.260 Thread 0x0000012428bd7220 12625       3       com.google.protobuf.UnknownFieldSet::getDefaultInstance (4 bytes)
Event: 42.260 Thread 0x0000012428bd7220 nmethod 12625 0x0000012411ea8690 code [0x0000012411ea8820, 0x0000012411ea8918]

GC Heap History (20 events):
Event: 35.215 GC heap before
{Heap before GC invocations=27 (full 0):
 garbage-first heap   total 141312K, used 85908K [0x0000000080000000, 0x0000000100000000)
  region size 1024K, 24 young (24576K), 3 survivors (3072K)
 Metaspace       used 57689K, committed 58304K, reserved 1105920K
  class space    used 7947K, committed 8256K, reserved 1048576K
}
Event: 35.218 GC heap after
{Heap after GC invocations=28 (full 0):
 garbage-first heap   total 141312K, used 70314K [0x0000000080000000, 0x0000000100000000)
  region size 1024K, 6 young (6144K), 6 survivors (6144K)
 Metaspace       used 57689K, committed 58304K, reserved 1105920K
  class space    used 7947K, committed 8256K, reserved 1048576K
}
Event: 36.188 GC heap before
{Heap before GC invocations=29 (full 0):
 garbage-first heap   total 141312K, used 106154K [0x0000000080000000, 0x0000000100000000)
  region size 1024K, 41 young (41984K), 6 survivors (6144K)
 Metaspace       used 60804K, committed 61440K, reserved 1105920K
  class space    used 8293K, committed 8576K, reserved 1048576K
}
Event: 36.190 GC heap after
{Heap after GC invocations=30 (full 0):
 garbage-first heap   total 141312K, used 71887K [0x0000000080000000, 0x0000000100000000)
  region size 1024K, 2 young (2048K), 2 survivors (2048K)
 Metaspace       used 60804K, committed 61440K, reserved 1105920K
  class space    used 8293K, committed 8576K, reserved 1048576K
}
Event: 36.248 GC heap before
{Heap before GC invocations=30 (full 0):
 garbage-first heap   total 141312K, used 74959K [0x0000000080000000, 0x0000000100000000)
  region size 1024K, 6 young (6144K), 2 survivors (2048K)
 Metaspace       used 61237K, committed 61888K, reserved 1105920K
  class space    used 8356K, committed 8640K, reserved 1048576K
}
Event: 36.250 GC heap after
{Heap after GC invocations=31 (full 0):
 garbage-first heap   total 141312K, used 71055K [0x0000000080000000, 0x0000000100000000)
  region size 1024K, 1 young (1024K), 1 survivors (1024K)
 Metaspace       used 61237K, committed 61888K, reserved 1105920K
  class space    used 8356K, committed 8640K, reserved 1048576K
}
Event: 36.867 GC heap before
{Heap before GC invocations=31 (full 0):
 garbage-first heap   total 141312K, used 105871K [0x0000000080000000, 0x0000000100000000)
  region size 1024K, 36 young (36864K), 1 survivors (1024K)
 Metaspace       used 64360K, committed 65024K, reserved 1105920K
  class space    used 8824K, committed 9152K, reserved 1048576K
}
Event: 36.870 GC heap after
{Heap after GC invocations=32 (full 0):
 garbage-first heap   total 141312K, used 72597K [0x0000000080000000, 0x0000000100000000)
  region size 1024K, 2 young (2048K), 2 survivors (2048K)
 Metaspace       used 64360K, committed 65024K, reserved 1105920K
  class space    used 8824K, committed 9152K, reserved 1048576K
}
Event: 37.269 GC heap before
{Heap before GC invocations=33 (full 0):
 garbage-first heap   total 153600K, used 116629K [0x0000000080000000, 0x0000000100000000)
  region size 1024K, 38 young (38912K), 2 survivors (2048K)
 Metaspace       used 65933K, committed 66624K, reserved 1114112K
  class space    used 9047K, committed 9408K, reserved 1048576K
}
Event: 37.273 GC heap after
{Heap after GC invocations=34 (full 0):
 garbage-first heap   total 153600K, used 79371K [0x0000000080000000, 0x0000000100000000)
  region size 1024K, 5 young (5120K), 5 survivors (5120K)
 Metaspace       used 65933K, committed 66624K, reserved 1114112K
  class space    used 9047K, committed 9408K, reserved 1048576K
}
Event: 37.303 GC heap before
{Heap before GC invocations=34 (full 0):
 garbage-first heap   total 153600K, used 81419K [0x0000000080000000, 0x0000000100000000)
  region size 1024K, 7 young (7168K), 5 survivors (5120K)
 Metaspace       used 66071K, committed 66752K, reserved 1114112K
  class space    used 9067K, committed 9408K, reserved 1048576K
}
Event: 37.306 GC heap after
{Heap after GC invocations=35 (full 0):
 garbage-first heap   total 153600K, used 79111K [0x0000000080000000, 0x0000000100000000)
  region size 1024K, 1 young (1024K), 1 survivors (1024K)
 Metaspace       used 66071K, committed 66752K, reserved 1114112K
  class space    used 9067K, committed 9408K, reserved 1048576K
}
Event: 37.863 GC heap before
{Heap before GC invocations=35 (full 0):
 garbage-first heap   total 153600K, used 119047K [0x0000000080000000, 0x0000000100000000)
  region size 1024K, 41 young (41984K), 1 survivors (1024K)
 Metaspace       used 68501K, committed 69184K, reserved 1114112K
  class space    used 9399K, committed 9728K, reserved 1048576K
}
Event: 37.867 GC heap after
{Heap after GC invocations=36 (full 0):
 garbage-first heap   total 307200K, used 81400K [0x0000000080000000, 0x0000000100000000)
  region size 1024K, 3 young (3072K), 3 survivors (3072K)
 Metaspace       used 68501K, committed 69184K, reserved 1114112K
  class space    used 9399K, committed 9728K, reserved 1048576K
}
Event: 39.937 GC heap before
{Heap before GC invocations=37 (full 0):
 garbage-first heap   total 293888K, used 224760K [0x0000000080000000, 0x0000000100000000)
  region size 1024K, 143 young (146432K), 3 survivors (3072K)
 Metaspace       used 76080K, committed 76800K, reserved 1122304K
  class space    used 10601K, committed 10944K, reserved 1048576K
}
Event: 39.942 GC heap after
{Heap after GC invocations=38 (full 0):
 garbage-first heap   total 293888K, used 87611K [0x0000000080000000, 0x0000000100000000)
  region size 1024K, 9 young (9216K), 9 survivors (9216K)
 Metaspace       used 76080K, committed 76800K, reserved 1122304K
  class space    used 10601K, committed 10944K, reserved 1048576K
}
Event: 40.014 GC heap before
{Heap before GC invocations=38 (full 0):
 garbage-first heap   total 293888K, used 91707K [0x0000000080000000, 0x0000000100000000)
  region size 1024K, 14 young (14336K), 9 survivors (9216K)
 Metaspace       used 76549K, committed 77248K, reserved 1122304K
  class space    used 10662K, committed 11008K, reserved 1048576K
}
Event: 40.019 GC heap after
{Heap after GC invocations=39 (full 0):
 garbage-first heap   total 293888K, used 87519K [0x0000000080000000, 0x0000000100000000)
  region size 1024K, 2 young (2048K), 2 survivors (2048K)
 Metaspace       used 76549K, committed 77248K, reserved 1122304K
  class space    used 10662K, committed 11008K, reserved 1048576K
}
Event: 42.248 GC heap before
{Heap before GC invocations=39 (full 0):
 garbage-first heap   total 293888K, used 230879K [0x0000000080000000, 0x0000000100000000)
  region size 1024K, 141 young (144384K), 2 survivors (2048K)
 Metaspace       used 86214K, committed 86976K, reserved 1130496K
  class space    used 12050K, committed 12416K, reserved 1048576K
}
Event: 42.253 GC heap after
{Heap after GC invocations=40 (full 0):
 garbage-first heap   total 293888K, used 94701K [0x0000000080000000, 0x0000000100000000)
  region size 1024K, 8 young (8192K), 8 survivors (8192K)
 Metaspace       used 86214K, committed 86976K, reserved 1130496K
  class space    used 12050K, committed 12416K, reserved 1048576K
}

Deoptimization events (20 events):
Event: 42.206 Thread 0x000001242a4205e0 DEOPT PACKING pc=0x000001241875d790 sp=0x00000009869f71b0
Event: 42.206 Thread 0x000001242a4205e0 DEOPT UNPACKING pc=0x0000012417e623a3 sp=0x00000009869f7020 mode 2
Event: 42.206 Thread 0x000001242a4205e0 Uncommon trap: trap_request=0xffffff45 fr.pc=0x0000012418635954 relative=0x0000000000000494
Event: 42.206 Thread 0x000001242a4205e0 Uncommon trap: reason=unstable_if action=reinterpret pc=0x0000012418635954 method=java.lang.StringLatin1.regionMatchesCI([BI[BII)Z @ 72 c2
Event: 42.206 Thread 0x000001242a4205e0 DEOPT PACKING pc=0x0000012418635954 sp=0x00000009869f7010
Event: 42.206 Thread 0x000001242a4205e0 DEOPT UNPACKING pc=0x0000012417e623a3 sp=0x00000009869f6f78 mode 2
Event: 42.210 Thread 0x000001242a4205e0 Uncommon trap: trap_request=0xffffff45 fr.pc=0x00000124188b8c24 relative=0x00000000000032a4
Event: 42.210 Thread 0x000001242a4205e0 Uncommon trap: reason=unstable_if action=reinterpret pc=0x00000124188b8c24 method=java.net.URL.toLowerCase(Ljava/lang/String;)Ljava/lang/String; @ 25 c2
Event: 42.210 Thread 0x000001242a4205e0 DEOPT PACKING pc=0x00000124188b8c24 sp=0x00000009869f7460
Event: 42.210 Thread 0x000001242a4205e0 DEOPT UNPACKING pc=0x0000012417e623a3 sp=0x00000009869f73c0 mode 2
Event: 42.213 Thread 0x000001242a4205e0 DEOPT PACKING pc=0x0000012410acdb84 sp=0x00000009869f73a0
Event: 42.213 Thread 0x000001242a4205e0 DEOPT UNPACKING pc=0x0000012417e62b43 sp=0x00000009869f6870 mode 0
Event: 42.216 Thread 0x000001242a4205e0 Uncommon trap: trap_request=0xffffff45 fr.pc=0x0000012418b519ec relative=0x000000000000024c
Event: 42.216 Thread 0x000001242a4205e0 Uncommon trap: reason=unstable_if action=reinterpret pc=0x0000012418b519ec method=java.net.URLStreamHandler.parseURL(Ljava/net/URL;Ljava/lang/String;II)V @ 155 c2
Event: 42.216 Thread 0x000001242a4205e0 DEOPT PACKING pc=0x0000012418b519ec sp=0x00000009869f7320
Event: 42.216 Thread 0x000001242a4205e0 DEOPT UNPACKING pc=0x0000012417e623a3 sp=0x00000009869f7318 mode 2
Event: 42.216 Thread 0x000001242a4205e0 Uncommon trap: trap_request=0xffffff45 fr.pc=0x0000012418928424 relative=0x0000000000000a64
Event: 42.216 Thread 0x000001242a4205e0 Uncommon trap: reason=unstable_if action=reinterpret pc=0x0000012418928424 method=sun.net.util.IPAddressUtil.scan(Ljava/lang/String;JJ[C)I @ 14 c2
Event: 42.216 Thread 0x000001242a4205e0 DEOPT PACKING pc=0x0000012418928424 sp=0x00000009869f7270
Event: 42.216 Thread 0x000001242a4205e0 DEOPT UNPACKING pc=0x0000012417e623a3 sp=0x00000009869f7130 mode 2

Classes unloaded (20 events):
Event: 18.527 Thread 0x0000012427eb9430 Unloading class 0x0000000800f4b000 'java/lang/invoke/LambdaForm$DMH+0x0000000800f4b000'
Event: 18.527 Thread 0x0000012427eb9430 Unloading class 0x0000000800f4a800 'java/lang/invoke/LambdaForm$DMH+0x0000000800f4a800'
Event: 18.527 Thread 0x0000012427eb9430 Unloading class 0x0000000800f4a000 'java/lang/invoke/LambdaForm$DMH+0x0000000800f4a000'
Event: 18.527 Thread 0x0000012427eb9430 Unloading class 0x0000000800f49c00 'java/lang/invoke/LambdaForm$DMH+0x0000000800f49c00'
Event: 18.527 Thread 0x0000012427eb9430 Unloading class 0x0000000800f49400 'java/lang/invoke/LambdaForm$DMH+0x0000000800f49400'
Event: 31.766 Thread 0x0000012427eb9430 Unloading class 0x0000000801232000 '_BuildScript_$_run_closure1$_closure2'
Event: 31.766 Thread 0x0000012427eb9430 Unloading class 0x0000000801231918 '_BuildScript_$_run_closure1'
Event: 31.766 Thread 0x0000012427eb9430 Unloading class 0x00000008012313e8 '_BuildScript_'
Event: 31.766 Thread 0x0000012427eb9430 Unloading class 0x0000000801231000 'ProtobufPatchPlugin$_apply_closure1$_closure2$_closure3$_closure4'
Event: 31.766 Thread 0x0000012427eb9430 Unloading class 0x0000000801230a98 'ProtobufPatchPlugin$_apply_closure1$_closure2$_closure3'
Event: 31.766 Thread 0x0000012427eb9430 Unloading class 0x00000008012306b0 'ProtobufPatchPlugin$_apply_closure1$_closure2'
Event: 31.766 Thread 0x0000012427eb9430 Unloading class 0x00000008012302c8 'ProtobufPatchPlugin$_apply_closure1'
Event: 31.766 Thread 0x0000012427eb9430 Unloading class 0x0000000801230000 'ProtobufPatchPlugin'
Event: 31.766 Thread 0x0000012427eb9430 Unloading class 0x00000008011943e8 '_BuildScript_$_run_closure1$_closure2'
Event: 31.766 Thread 0x0000012427eb9430 Unloading class 0x0000000801194000 '_BuildScript_$_run_closure1'
Event: 31.766 Thread 0x0000012427eb9430 Unloading class 0x000000080118c000 '_BuildScript_'
Event: 34.430 Thread 0x0000012427eb9430 Unloading class 0x0000000801238800 '_BuildScript_'
Event: 34.430 Thread 0x0000012427eb9430 Unloading class 0x0000000801235918 '_BuildScript_$_run_closure1$_closure2'
Event: 34.430 Thread 0x0000012427eb9430 Unloading class 0x0000000801235530 '_BuildScript_$_run_closure1'
Event: 34.430 Thread 0x0000012427eb9430 Unloading class 0x0000000801235000 '_BuildScript_'

Classes redefined (0 events):
No events

Internal exceptions (20 events):
Event: 40.604 Thread 0x000001242a42ea20 Exception <a 'java/lang/NoSuchMethodError'{0x000000008fcb2b98}: static Lorg/gradle/internal/build/event/types/DefaultTaskSuccessResult;.<clinit>()V> (0x000000008fcb2b98) 
thrown [s\open\src\hotspot\share\prims\jni.cpp, line 1107]
Event: 40.604 Thread 0x000001242a42ea20 Exception <a 'java/lang/NoSuchMethodError'{0x000000008fcb3e08}: static Lorg/gradle/internal/build/event/types/AbstractTaskResult;.<clinit>()V> (0x000000008fcb3e08) 
thrown [s\open\src\hotspot\share\prims\jni.cpp, line 1107]
Event: 40.614 Thread 0x000001242a4205e0 Exception <a 'java/lang/NoSuchMethodError'{0x00000000905fa548}: 'java.lang.Object java.lang.invoke.DirectMethodHandle$Holder.invokeStatic(java.lang.Object, int, java.lang.Object)'> (0x00000000905fa548) 
thrown [s\open\src\hotspot\share\interpreter\linkResolver.cpp, line 759]
Event: 41.195 Thread 0x000001242a4205e0 Implicit null exception at 0x0000012418bdd3d6 to 0x0000012418be3284
Event: 41.419 Thread 0x000001242a4205e0 Exception <a 'java/lang/NoClassDefFoundError'{0x000000008c8d4130}: org/jetbrains/kotlin/gradle/plugin/KotlinBasePluginWrapper> (0x000000008c8d4130) 
thrown [s\open\src\hotspot\share\oops\constantPool.cpp, line 835]
Event: 41.423 Thread 0x000001242a4205e0 Exception <a 'java/lang/NoClassDefFoundError'{0x000000008c8f2c30}: org/jetbrains/kotlin/gradle/plugin/KotlinBasePluginWrapper> (0x000000008c8f2c30) 
thrown [s\open\src\hotspot\share\oops\constantPool.cpp, line 835]
Event: 41.426 Thread 0x000001242a4205e0 Exception <a 'java/lang/NoClassDefFoundError'{0x000000008c7173f0}: org/jetbrains/kotlin/gradle/plugin/KotlinBasePluginWrapper> (0x000000008c7173f0) 
thrown [s\open\src\hotspot\share\oops\constantPool.cpp, line 835]
Event: 41.429 Thread 0x000001242a4205e0 Exception <a 'java/lang/NoClassDefFoundError'{0x000000008c737e18}: org/jetbrains/kotlin/gradle/plugin/KotlinBasePluginWrapper> (0x000000008c737e18) 
thrown [s\open\src\hotspot\share\oops\constantPool.cpp, line 835]
Event: 41.431 Thread 0x000001242a4205e0 Exception <a 'java/lang/NoClassDefFoundError'{0x000000008c755490}: org/jetbrains/kotlin/gradle/plugin/KotlinBasePluginWrapper> (0x000000008c755490) 
thrown [s\open\src\hotspot\share\oops\constantPool.cpp, line 835]
Event: 41.457 Thread 0x000001242a4205e0 Exception <a 'java/lang/NoClassDefFoundError'{0x000000008c58edd8}: org/jetbrains/kotlin/gradle/plugin/KotlinBasePluginWrapper> (0x000000008c58edd8) 
thrown [s\open\src\hotspot\share\oops\constantPool.cpp, line 835]
Event: 41.461 Thread 0x000001242a4205e0 Exception <a 'java/lang/NoClassDefFoundError'{0x000000008c5aefa8}: org/jetbrains/kotlin/gradle/plugin/KotlinBasePluginWrapper> (0x000000008c5aefa8) 
thrown [s\open\src\hotspot\share\oops\constantPool.cpp, line 835]
Event: 41.465 Thread 0x000001242a4205e0 Exception <a 'java/lang/NoClassDefFoundError'{0x000000008c5d34e0}: org/jetbrains/kotlin/gradle/plugin/KotlinBasePluginWrapper> (0x000000008c5d34e0) 
thrown [s\open\src\hotspot\share\oops\constantPool.cpp, line 835]
Event: 41.469 Thread 0x000001242a4205e0 Exception <a 'java/lang/NoClassDefFoundError'{0x000000008c5f52a0}: org/jetbrains/kotlin/gradle/plugin/KotlinBasePluginWrapper> (0x000000008c5f52a0) 
thrown [s\open\src\hotspot\share\oops\constantPool.cpp, line 835]
Event: 41.472 Thread 0x000001242a4205e0 Exception <a 'java/lang/NoClassDefFoundError'{0x000000008c43b970}: org/jetbrains/kotlin/gradle/plugin/KotlinBasePluginWrapper> (0x000000008c43b970) 
thrown [s\open\src\hotspot\share\oops\constantPool.cpp, line 835]
Event: 41.476 Thread 0x000001242a4205e0 Exception <a 'java/lang/NoClassDefFoundError'{0x000000008c45fe88}: org/jetbrains/kotlin/gradle/plugin/KotlinBasePluginWrapper> (0x000000008c45fe88) 
thrown [s\open\src\hotspot\share\oops\constantPool.cpp, line 835]
Event: 41.841 Thread 0x000001242a4205e0 Implicit null exception at 0x0000012418c3e510 to 0x0000012418c3e5d8
Event: 41.864 Thread 0x000001242a4205e0 Implicit null exception at 0x0000012418c4598a to 0x0000012418c45a6a
Event: 41.869 Thread 0x000001242a4205e0 Implicit null exception at 0x0000012418c46ac3 to 0x0000012418c46b77
Event: 41.891 Thread 0x000001242a4205e0 Implicit null exception at 0x0000012418c4804e to 0x0000012418c489c4
Event: 42.197 Thread 0x000001242a4205e0 Exception <a 'sun/nio/fs/WindowsException'{0x000000008932ba48}> (0x000000008932ba48) 
thrown [s\open\src\hotspot\share\prims\jni.cpp, line 516]

VM Operations (20 events):
Event: 40.592 Executing VM operation: HandshakeAllThreads
Event: 40.592 Executing VM operation: HandshakeAllThreads done
Event: 40.600 Executing VM operation: HandshakeAllThreads
Event: 40.600 Executing VM operation: HandshakeAllThreads done
Event: 40.855 Executing VM operation: HandshakeAllThreads
Event: 40.855 Executing VM operation: HandshakeAllThreads done
Event: 41.182 Executing VM operation: ICBufferFull
Event: 41.182 Executing VM operation: ICBufferFull done
Event: 41.308 Executing VM operation: HandshakeAllThreads
Event: 41.309 Executing VM operation: HandshakeAllThreads done
Event: 41.628 Executing VM operation: ICBufferFull
Event: 41.628 Executing VM operation: ICBufferFull done
Event: 42.201 Executing VM operation: HandshakeAllThreads
Event: 42.201 Executing VM operation: HandshakeAllThreads done
Event: 42.212 Executing VM operation: HandshakeAllThreads
Event: 42.212 Executing VM operation: HandshakeAllThreads done
Event: 42.215 Executing VM operation: HandshakeAllThreads
Event: 42.216 Executing VM operation: HandshakeAllThreads done
Event: 42.247 Executing VM operation: G1CollectForAllocation
Event: 42.253 Executing VM operation: G1CollectForAllocation done

Events (20 events):
Event: 42.207 loading class javax/crypto/CryptoPermission done
Event: 42.207 loading class javax/crypto/CryptoAllPermission done
Event: 42.207 loading class javax/crypto/CryptoAllPermissionCollection
Event: 42.207 loading class javax/crypto/CryptoAllPermissionCollection done
Event: 42.210 loading class java/net/URL$2
Event: 42.210 loading class java/net/URL$2 done
Event: 42.210 loading class java/net/URL$1
Event: 42.210 loading class java/net/URL$1 done
Event: 42.210 loading class java/net/spi/URLStreamHandlerProvider
Event: 42.211 loading class java/net/spi/URLStreamHandlerProvider done
Event: 42.213 loading class sun/net/www/protocol/http/Handler
Event: 42.214 loading class sun/net/www/protocol/http/Handler done
Event: 42.216 loading class javax/crypto/JceSecurity$IdentityWrapper
Event: 42.216 loading class javax/crypto/JceSecurity$IdentityWrapper done
Event: 42.216 loading class javax/crypto/JceSecurity$2
Event: 42.216 loading class javax/crypto/JceSecurity$2 done
Event: 42.216 loading class javax/crypto/ProviderVerifier
Event: 42.217 loading class javax/crypto/ProviderVerifier done
Event: 42.217 loading class javax/crypto/ProviderVerifier$1
Event: 42.217 loading class javax/crypto/ProviderVerifier$1 done


Dynamic libraries:
0x00007ff77fda0000 - 0x00007ff77fdb0000 	C:\Program Files\Java\jdk-17\bin\java.exe
0x00007ffb3f290000 - 0x00007ffb3f4a7000 	C:\WINDOWS\SYSTEM32\ntdll.dll
0x00007ffb3d8f0000 - 0x00007ffb3d9b4000 	C:\WINDOWS\System32\KERNEL32.DLL
0x00007ffb3c720000 - 0x00007ffb3cada000 	C:\WINDOWS\System32\KERNELBASE.dll
0x00007ffb3c560000 - 0x00007ffb3c671000 	C:\WINDOWS\System32\ucrtbase.dll
0x00007ffb1d790000 - 0x00007ffb1d7a8000 	C:\Program Files\Java\jdk-17\bin\jli.dll
0x00007ffb27b90000 - 0x00007ffb27bab000 	C:\Program Files\Java\jdk-17\bin\VCRUNTIME140.dll
0x00007ffb3d2c0000 - 0x00007ffb3d372000 	C:\WINDOWS\System32\ADVAPI32.dll
0x00007ffb3e620000 - 0x00007ffb3e6c7000 	C:\WINDOWS\System32\msvcrt.dll
0x00007ffb3ed40000 - 0x00007ffb3ede7000 	C:\WINDOWS\System32\sechost.dll
0x00007ffb3cba0000 - 0x00007ffb3cbc8000 	C:\WINDOWS\System32\bcrypt.dll
0x00007ffb3f130000 - 0x00007ffb3f244000 	C:\WINDOWS\System32\RPCRT4.dll
0x00007ffb3cf90000 - 0x00007ffb3d13e000 	C:\WINDOWS\System32\USER32.dll
0x00007ffb20630000 - 0x00007ffb208c2000 	C:\WINDOWS\WinSxS\amd64_microsoft.windows.common-controls_6595b64144ccf1df_6.0.22621.4541_none_2710d1c57384c085\COMCTL32.dll
0x00007ffb3eb50000 - 0x00007ffb3eb79000 	C:\WINDOWS\System32\GDI32.dll
0x00007ffb3cee0000 - 0x00007ffb3cf06000 	C:\WINDOWS\System32\win32u.dll
0x00007ffb3cdc0000 - 0x00007ffb3cedb000 	C:\WINDOWS\System32\gdi32full.dll
0x00007ffb34b10000 - 0x00007ffb34b1a000 	C:\WINDOWS\SYSTEM32\VERSION.dll
0x00007ffb3c680000 - 0x00007ffb3c71a000 	C:\WINDOWS\System32\msvcp_win.dll
0x00007ffb3e2a0000 - 0x00007ffb3e2d1000 	C:\WINDOWS\System32\IMM32.DLL
0x00007ffb31bf0000 - 0x00007ffb31bfc000 	C:\Program Files\Java\jdk-17\bin\vcruntime140_1.dll
0x00007ffadbed0000 - 0x00007ffadbf5e000 	C:\Program Files\Java\jdk-17\bin\msvcp140.dll
0x00007ffa96460000 - 0x00007ffa97037000 	C:\Program Files\Java\jdk-17\bin\server\jvm.dll
0x00007ffb3edf0000 - 0x00007ffb3edf8000 	C:\WINDOWS\System32\PSAPI.DLL
0x00007ffb39eb0000 - 0x00007ffb39ee4000 	C:\WINDOWS\SYSTEM32\WINMM.dll
0x00007ffb20950000 - 0x00007ffb20959000 	C:\WINDOWS\SYSTEM32\WSOCK32.dll
0x00007ffb3d140000 - 0x00007ffb3d1b1000 	C:\WINDOWS\System32\ws2_32.DLL
0x00007ffb3b5a0000 - 0x00007ffb3b5b8000 	C:\WINDOWS\SYSTEM32\kernel.appcore.dll
0x00007ffb31b40000 - 0x00007ffb31b4a000 	C:\Program Files\Java\jdk-17\bin\jimage.dll
0x00007ffb39c30000 - 0x00007ffb39e62000 	C:\WINDOWS\SYSTEM32\DBGHELP.DLL
0x00007ffb3d380000 - 0x00007ffb3d70f000 	C:\WINDOWS\System32\combase.dll
0x00007ffb3d810000 - 0x00007ffb3d8e7000 	C:\WINDOWS\System32\OLEAUT32.dll
0x00007ffb39e70000 - 0x00007ffb39ea2000 	C:\WINDOWS\SYSTEM32\dbgcore.DLL
0x00007ffb3cf10000 - 0x00007ffb3cf8b000 	C:\WINDOWS\System32\bcryptPrimitives.dll
0x00007ffb12250000 - 0x00007ffb1225e000 	C:\Program Files\Java\jdk-17\bin\instrument.dll
0x00007ffafdc90000 - 0x00007ffafdcb5000 	C:\Program Files\Java\jdk-17\bin\java.dll
0x00007ffadbdf0000 - 0x00007ffadbec7000 	C:\Program Files\Java\jdk-17\bin\jsvml.dll
0x00007ffb3d9c0000 - 0x00007ffb3e238000 	C:\WINDOWS\System32\SHELL32.dll
0x00007ffb3a4a0000 - 0x00007ffb3ada8000 	C:\WINDOWS\SYSTEM32\windows.storage.dll
0x00007ffb3a360000 - 0x00007ffb3a49f000 	C:\WINDOWS\SYSTEM32\wintypes.dll
0x00007ffb3d710000 - 0x00007ffb3d80a000 	C:\WINDOWS\System32\SHCORE.dll
0x00007ffb3ee20000 - 0x00007ffb3ee7e000 	C:\WINDOWS\System32\shlwapi.dll
0x00007ffb3c490000 - 0x00007ffb3c4bb000 	C:\WINDOWS\SYSTEM32\profapi.dll
0x00007ffb0bdb0000 - 0x00007ffb0bdc8000 	C:\Program Files\Java\jdk-17\bin\zip.dll
0x00007ffb0ae10000 - 0x00007ffb0ae29000 	C:\Program Files\Java\jdk-17\bin\net.dll
0x00007ffb37b90000 - 0x00007ffb37cc6000 	C:\WINDOWS\SYSTEM32\WINHTTP.dll
0x00007ffb3ba20000 - 0x00007ffb3ba89000 	C:\WINDOWS\system32\mswsock.dll
0x00007ffb05d30000 - 0x00007ffb05d46000 	C:\Program Files\Java\jdk-17\bin\nio.dll
0x00007ffb112e0000 - 0x00007ffb112f0000 	C:\Program Files\Java\jdk-17\bin\verify.dll
0x00007ffb00e20000 - 0x00007ffb00e47000 	C:\Users\ruyag\.gradle\native\c067742578af261105cb4f569cf0c3c89f3d7b1fecec35dd04571415982c5e48\windows-amd64\native-platform.dll
0x00007ffacf780000 - 0x00007ffacf8c4000 	C:\Users\ruyag\.gradle\native\38dada09dfb8b06ba9b0570ebf7e218e3eb74d4ef43ca46872605cf95ebc2f47\windows-amd64\native-platform-file-events.dll
0x00007ffb10ae0000 - 0x00007ffb10aea000 	C:\Program Files\Java\jdk-17\bin\management.dll
0x00007ffb0c680000 - 0x00007ffb0c68b000 	C:\Program Files\Java\jdk-17\bin\management_ext.dll
0x00007ffb3bc80000 - 0x00007ffb3bc9b000 	C:\WINDOWS\SYSTEM32\CRYPTSP.dll
0x00007ffb3b500000 - 0x00007ffb3b535000 	C:\WINDOWS\system32\rsaenh.dll
0x00007ffb3bb10000 - 0x00007ffb3bb38000 	C:\WINDOWS\SYSTEM32\USERENV.dll
0x00007ffb3bc70000 - 0x00007ffb3bc7c000 	C:\WINDOWS\SYSTEM32\CRYPTBASE.dll
0x00007ffb3b050000 - 0x00007ffb3b07d000 	C:\WINDOWS\SYSTEM32\IPHLPAPI.DLL
0x00007ffb3e2e0000 - 0x00007ffb3e2e9000 	C:\WINDOWS\System32\NSI.dll
0x00007ffb379d0000 - 0x00007ffb379e9000 	C:\WINDOWS\SYSTEM32\dhcpcsvc6.DLL
0x00007ffb378f0000 - 0x00007ffb3790f000 	C:\WINDOWS\SYSTEM32\dhcpcsvc.DLL
0x00007ffb3b0d0000 - 0x00007ffb3b1d2000 	C:\WINDOWS\SYSTEM32\DNSAPI.dll
0x00007ffb0b5a0000 - 0x00007ffb0b5ad000 	C:\Program Files\Java\jdk-17\bin\sunmscapi.dll
0x00007ffb3cbd0000 - 0x00007ffb3cd36000 	C:\WINDOWS\System32\CRYPT32.dll
0x00007ffb3be30000 - 0x00007ffb3be5d000 	C:\WINDOWS\SYSTEM32\ncrypt.dll
0x00007ffb3bdf0000 - 0x00007ffb3be27000 	C:\WINDOWS\SYSTEM32\NTASN1.dll
0x00007ffb21f30000 - 0x00007ffb21f38000 	C:\WINDOWS\system32\wshunix.dll
0x00007ffb3b6b0000 - 0x00007ffb3b6e4000 	C:\WINDOWS\SYSTEM32\ntmarta.dll

dbghelp: loaded successfully - version: 4.0.5 - missing functions: none
symbol engine: initialized successfully - sym options: 0x614 - pdb path: .;C:\Program Files\Java\jdk-17\bin;C:\WINDOWS\SYSTEM32;C:\WINDOWS\WinSxS\amd64_microsoft.windows.common-controls_6595b64144ccf1df_6.0.22621.4541_none_2710d1c57384c085;C:\Program Files\Java\jdk-17\bin\server;C:\Users\ruyag\.gradle\native\c067742578af261105cb4f569cf0c3c89f3d7b1fecec35dd04571415982c5e48\windows-amd64;C:\Users\ruyag\.gradle\native\38dada09dfb8b06ba9b0570ebf7e218e3eb74d4ef43ca46872605cf95ebc2f47\windows-amd64

VM Arguments:
jvm_args: --add-opens=java.base/java.util=ALL-UNNAMED --add-opens=java.base/java.lang=ALL-UNNAMED --add-opens=java.base/java.lang.invoke=ALL-UNNAMED --add-opens=java.prefs/java.util.prefs=ALL-UNNAMED --add-opens=java.base/java.nio.charset=ALL-UNNAMED --add-opens=java.base/java.net=ALL-UNNAMED --add-opens=java.base/java.util.concurrent.atomic=ALL-UNNAMED -Xmx2048m -Dfile.encoding=UTF-8 -Duser.country=TR -Duser.language=tr -Duser.variant -javaagent:C:\Users\ruyag\.gradle\wrapper\dists\gradle-8.7-bin\bhs2wmbdwecv87pi65oeuq5iu\gradle-8.7\lib\agents\gradle-instrumentation-agent-8.7.jar 
java_command: org.gradle.launcher.daemon.bootstrap.GradleDaemon 8.7
java_class_path (initial): C:\Users\ruyag\.gradle\wrapper\dists\gradle-8.7-bin\bhs2wmbdwecv87pi65oeuq5iu\gradle-8.7\lib\gradle-launcher-8.7.jar
Launcher Type: SUN_STANDARD

[Global flags]
     intx CICompilerCount                          = 12                                        {product} {ergonomic}
     uint ConcGCThreads                            = 3                                         {product} {ergonomic}
     uint G1ConcRefinementThreads                  = 13                                        {product} {ergonomic}
   size_t G1HeapRegionSize                         = 1048576                                   {product} {ergonomic}
    uintx GCDrainStackTargetSize                   = 64                                        {product} {ergonomic}
   size_t InitialHeapSize                          = 98566144                                  {product} {ergonomic}
   size_t MarkStackSize                            = 4194304                                   {product} {ergonomic}
   size_t MaxHeapSize                              = 2147483648                                {product} {command line}
   size_t MaxNewSize                               = 1287651328                                {product} {ergonomic}
   size_t MinHeapDeltaBytes                        = 1048576                                   {product} {ergonomic}
   size_t MinHeapSize                              = 8388608                                   {product} {ergonomic}
    uintx NonNMethodCodeHeapSize                   = 7602480                                {pd product} {ergonomic}
    uintx NonProfiledCodeHeapSize                  = 122027880                              {pd product} {ergonomic}
    uintx ProfiledCodeHeapSize                     = 122027880                              {pd product} {ergonomic}
    uintx ReservedCodeCacheSize                    = 251658240                              {pd product} {ergonomic}
     bool SegmentedCodeCache                       = true                                      {product} {ergonomic}
   size_t SoftMaxHeapSize                          = 2147483648                             {manageable} {ergonomic}
     bool UseCompressedClassPointers               = true                           {product lp64_product} {ergonomic}
     bool UseCompressedOops                        = true                           {product lp64_product} {ergonomic}
     bool UseG1GC                                  = true                                      {product} {ergonomic}
     bool UseLargePagesIndividualAllocation        = false                                  {pd product} {ergonomic}

Logging:
Log output configuration:
 #0: stdout all=warning uptime,level,tags
 #1: stderr all=off uptime,level,tags

Environment Variables:
PATH=C:\Program Files\Common Files\Oracle\Java\javapath;C:\Windows\system32;C:\Windows;C:\Windows\System32\Wbem;C:\Windows\System32\WindowsPowerShell\v1.0\;C:\Windows\System32\OpenSSH\;C:\Program Files\Java\jdk-17\bin;C:\WINDOWS\system32;C:\WINDOWS;C:\WINDOWS\System32\Wbem;C:\WINDOWS\System32\WindowsPowerShell\v1.0\;C:\WINDOWS\System32\OpenSSH\;C:\Program Files\dotnet\;C:\Program Files (x86)\Microsoft SQL Server\160\Tools\Binn\;C:\Program Files\Microsoft SQL Server\160\Tools\Binn\;C:\Program Files\Microsoft SQL Server\Client SDK\ODBC\170\Tools\Binn\;C:\Program Files\Microsoft SQL Server\160\DTS\Binn\;C:\Program Files (x86)\Microsoft SQL Server\160\DTS\Binn\;C:\Program Files\Azure Data Studio\bin;C:\flutter\bin;C:\src\flutter\bin;C:\Program Files\Git\cmd;C:\Program Files\nodejs\;C:\ProgramData\chocolatey\bin;C:\Kullanýcýlar\ruyag\AppData\Local\Programs\Python\Python3X;C:\Kullanýcýlar\ruyag\AppData\Local\Programs\Python\Python3X\scripts;C:\Users\ruyag\AppData\Local\Programs\Python\Python313\Scripts\;C:\Users\ruyag\AppData\Local\Programs\Python\Python313\;C:\Users\ruyag\AppData\Local\Programs\Python\Python312\Scripts\;C:\Users\ruyag\AppData\Local\Programs\Python\Python312\;C:\Users\ruyag\AppData\Local\Microsoft\WindowsApps;C:\Users\ruyag\AppData\Local\Programs\Microsoft VS Code\bin;C:\Users\ruyag\.dotnet\tools;C:\Program Files\Azure Data Studio\bin;C:\Users\ruyag\AppData\Roaming\npm
USERNAME=ruyag
OS=Windows_NT
PROCESSOR_IDENTIFIER=AMD64 Family 23 Model 104 Stepping 1, AuthenticAMD



---------------  S Y S T E M  ---------------

OS:
 Windows 11 , 64 bit Build 22621 (10.0.22621.4391)
OS uptime: 2 days 1:07 hours

CPU: total 16 (initial active 16) (16 cores per cpu, 2 threads per core) family 23 model 104 stepping 1 microcode 0x0, cx8, cmov, fxsr, ht, mmx, 3dnowpref, sse, sse2, sse3, ssse3, sse4a, sse4.1, sse4.2, popcnt, lzcnt, tsc, tscinvbit, avx, avx2, aes, clmul, bmi1, bmi2, adx, sha, fma, vzeroupper, clflush, clflushopt

Memory: 4k page, system-wide physical 6005M (533M free)
TotalPageFile size 24437M (AvailPageFile size 4M)
current process WorkingSet (physical memory assigned to process): 531M, peak: 531M
current process commit charge ("private bytes"): 622M, peak: 623M

vm_info: Java HotSpot(TM) 64-Bit Server VM (17.0.6+9-LTS-190) for windows-amd64 JRE (17.0.6+9-LTS-190), built on Dec  6 2022 15:53:54 by "mach5one" with MS VC++ 17.1 (VS2022)

END.
