#
# There is insufficient memory for the Java Runtime Environment to continue.
# Native memory allocation (mmap) failed to map 136314880 bytes for G1 virtual space
# Possible reasons:
#   The system is out of physical RAM or swap space
#   The process is running with CompressedOops enabled, and the Java Heap may be blocking the growth of the native heap
# Possible solutions:
#   Reduce memory load on the system
#   Increase physical memory or swap space
#   Check if swap backing store is full
#   Decrease Java heap size (-Xmx/-Xms)
#   Decrease number of Java threads
#   Decrease Java thread stack sizes (-Xss)
#   Set larger code cache with -XX:ReservedCodeCacheSize=
#   JVM is running with Unscaled Compressed Oops mode in which the Java heap is
#     placed in the first 4GB address space. The Java Heap base address is the
#     maximum limit for the native heap growth. Please use -XX:HeapBaseMinAddress
#     to set the Java Heap base and to place the Java Heap above 4GB virtual address.
# This output file may be truncated or incomplete.
#
#  Out of Memory Error (os_windows.cpp:3550), pid=12660, tid=6572
#
# JRE version: Java(TM) SE Runtime Environment (17.0.6+9) (build 17.0.6+9-LTS-190)
# Java VM: Java HotSpot(TM) 64-Bit Server VM (17.0.6+9-LTS-190, mixed mode, sharing, tiered, compressed oops, compressed class ptrs, g1 gc, windows-amd64)
# No core dump will be written. Minidumps are not enabled by default on client versions of Windows
#

---------------  S U M M A R Y ------------

Command Line: --add-opens=java.base/java.util=ALL-UNNAMED --add-opens=java.base/java.lang=ALL-UNNAMED --add-opens=java.base/java.lang.invoke=ALL-UNNAMED --add-opens=java.prefs/java.util.prefs=ALL-UNNAMED --add-opens=java.base/java.nio.charset=ALL-UNNAMED --add-opens=java.base/java.net=ALL-UNNAMED --add-opens=java.base/java.util.concurrent.atomic=ALL-UNNAMED -Xmx2048m -Dfile.encoding=UTF-8 -Duser.country=TR -Duser.language=tr -Duser.variant -javaagent:C:\Users\ruyag\.gradle\wrapper\dists\gradle-8.7-bin\bhs2wmbdwecv87pi65oeuq5iu\gradle-8.7\lib\agents\gradle-instrumentation-agent-8.7.jar org.gradle.launcher.daemon.bootstrap.GradleDaemon 8.7

Host: AMD Ryzen 7 5700U with Radeon Graphics         , 16 cores, 5G,  Windows 11 , 64 bit Build 22621 (10.0.22621.4391)
Time: Thu Jan  9 00:05:49 2025 Türkiye Standart Saati elapsed time: 25.205987 seconds (0d 0h 0m 25s)

---------------  T H R E A D  ---------------

Current thread (0x000001acc2a89020):  VMThread "VM Thread" [stack: 0x00000009ada00000,0x00000009adb00000] [id=6572]

Stack: [0x00000009ada00000,0x00000009adb00000]
Native frames: (J=compiled Java code, j=interpreted, Vv=VM code, C=native code)
V  [jvm.dll+0x6734ea]
V  [jvm.dll+0x7d18f4]
V  [jvm.dll+0x7d309e]
V  [jvm.dll+0x7d3703]
V  [jvm.dll+0x2433c5]
V  [jvm.dll+0x6703f9]
V  [jvm.dll+0x664d32]
V  [jvm.dll+0x300086]
V  [jvm.dll+0x307606]
V  [jvm.dll+0x356c1e]
V  [jvm.dll+0x356e4f]
V  [jvm.dll+0x2d72e8]
V  [jvm.dll+0x2d57e5]
V  [jvm.dll+0x2d4dec]
V  [jvm.dll+0x31837b]
V  [jvm.dll+0x7d7f0b]
V  [jvm.dll+0x7d8c44]
V  [jvm.dll+0x7d915d]
V  [jvm.dll+0x7d9534]
V  [jvm.dll+0x7d9600]
V  [jvm.dll+0x781a7a]
V  [jvm.dll+0x672375]
C  [ucrtbase.dll+0x29333]
C  [KERNEL32.DLL+0x1259d]
C  [ntdll.dll+0x5af38]

VM_Operation (0x00000009af1f2da0): G1CollectForAllocation, mode: safepoint, requested by thread 0x000001acc4f6bb40


---------------  P R O C E S S  ---------------

Threads class SMR info:
_java_thread_list=0x000001acc9d31810, length=80, elements={
0x000001aca3d254e0, 0x000001acc2a8f2d0, 0x000001acc2a90050, 0x000001acc2aa7eb0,
0x000001acc2aa8970, 0x000001acc2aab9e0, 0x000001acc2aae2b0, 0x000001acc2aaf6f0,
0x000001acc2ab5d80, 0x000001acc2aba690, 0x000001acc2a39310, 0x000001acc35e7980,
0x000001acc4683240, 0x000001acc4c7f3b0, 0x000001acc46054f0, 0x000001acc4c2eea0,
0x000001acc49bc900, 0x000001acc4cce9e0, 0x000001acc4f6bb40, 0x000001acc4f6b670,
0x000001acc4f6c010, 0x000001acc4f6c9b0, 0x000001acc4f6ce80, 0x000001acc4f6c4e0,
0x000001acc4f694c0, 0x000001acc4f69990, 0x000001acc4f69e60, 0x000001acc4f6a330,
0x000001acc4f6a800, 0x000001acc4f6acd0, 0x000001acc4f6b1a0, 0x000001acc3700cd0,
0x000001acc3702e80, 0x000001acc37029b0, 0x000001acc37024e0, 0x000001acc3702010,
0x000001acc3700800, 0x000001acc37011a0, 0x000001acc3703350, 0x000001acc3703820,
0x000001acc3703cf0, 0x000001acc59ac960, 0x000001acc59aac80, 0x000001acc59ad7d0,
0x000001acc59a72c0, 0x000001acc59a8ad0, 0x000001acc59ace30, 0x000001acc59a8fa0,
0x000001acc59a8130, 0x000001acc59a9470, 0x000001acc59abaf0, 0x000001acc59abfc0,
0x000001acc59aa2e0, 0x000001acc59a7790, 0x000001acc59adca0, 0x000001acc59a7c60,
0x000001acc59ab150, 0x000001acc59a9940, 0x000001acc59a6450, 0x000001acc59aa7b0,
0x000001acc59a9e10, 0x000001acc59a6df0, 0x000001acc59ab620, 0x000001acc59a6920,
0x000001acc59ac490, 0x000001acc59a8600, 0x000001acc59ad300, 0x000001acc5f56ce0,
0x000001acc5f571b0, 0x000001acc5f59d00, 0x000001acc5f55e70, 0x000001acc5f5b9e0,
0x000001acc5f559a0, 0x000001acc5f5a1d0, 0x000001acc5f57680, 0x000001acc5f56340,
0x000001acc5f54b30, 0x000001acc5f57b50, 0x000001acc5f5b040, 0x000001acc5f55000
}

Java Threads: ( => current thread )
  0x000001aca3d254e0 JavaThread "main" [_thread_blocked, id=19312, stack(0x00000009ad400000,0x00000009ad500000)]
  0x000001acc2a8f2d0 JavaThread "Reference Handler" daemon [_thread_blocked, id=6728, stack(0x00000009adb00000,0x00000009adc00000)]
  0x000001acc2a90050 JavaThread "Finalizer" daemon [_thread_blocked, id=14660, stack(0x00000009adc00000,0x00000009add00000)]
  0x000001acc2aa7eb0 JavaThread "Signal Dispatcher" daemon [_thread_blocked, id=6644, stack(0x00000009add00000,0x00000009ade00000)]
  0x000001acc2aa8970 JavaThread "Attach Listener" daemon [_thread_blocked, id=3652, stack(0x00000009ade00000,0x00000009adf00000)]
  0x000001acc2aab9e0 JavaThread "Service Thread" daemon [_thread_blocked, id=22468, stack(0x00000009adf00000,0x00000009ae000000)]
  0x000001acc2aae2b0 JavaThread "Monitor Deflation Thread" daemon [_thread_blocked, id=21708, stack(0x00000009ae000000,0x00000009ae100000)]
  0x000001acc2aaf6f0 JavaThread "C2 CompilerThread0" daemon [_thread_blocked, id=19740, stack(0x00000009ae100000,0x00000009ae200000)]
  0x000001acc2ab5d80 JavaThread "C1 CompilerThread0" daemon [_thread_blocked, id=17332, stack(0x00000009ae200000,0x00000009ae300000)]
  0x000001acc2aba690 JavaThread "Sweeper thread" daemon [_thread_blocked, id=3572, stack(0x00000009ae300000,0x00000009ae400000)]
  0x000001acc2a39310 JavaThread "Common-Cleaner" daemon [_thread_blocked, id=16908, stack(0x00000009ae400000,0x00000009ae500000)]
  0x000001acc35e7980 JavaThread "Notification Thread" daemon [_thread_blocked, id=14404, stack(0x00000009ae500000,0x00000009ae600000)]
  0x000001acc4683240 JavaThread "Daemon health stats" [_thread_blocked, id=3964, stack(0x00000009aeb00000,0x00000009aec00000)]
  0x000001acc4c7f3b0 JavaThread "Incoming local TCP Connector on port 49157" [_thread_in_native, id=20200, stack(0x00000009aec00000,0x00000009aed00000)]
  0x000001acc46054f0 JavaThread "Daemon periodic checks" [_thread_blocked, id=13944, stack(0x00000009aed00000,0x00000009aee00000)]
  0x000001acc4c2eea0 JavaThread "Daemon" [_thread_blocked, id=12284, stack(0x00000009aee00000,0x00000009aef00000)]
  0x000001acc49bc900 JavaThread "Handler for socket connection from /127.0.0.1:49157 to /127.0.0.1:49158" [_thread_in_native, id=5764, stack(0x00000009aef00000,0x00000009af000000)]
  0x000001acc4cce9e0 JavaThread "Cancel handler" [_thread_blocked, id=12796, stack(0x00000009af000000,0x00000009af100000)]
  0x000001acc4f6bb40 JavaThread "Daemon worker" [_thread_blocked, id=17236, stack(0x00000009af100000,0x00000009af200000)]
  0x000001acc4f6b670 JavaThread "Asynchronous log dispatcher for DefaultDaemonConnection: socket connection from /127.0.0.1:49157 to /127.0.0.1:49158" [_thread_blocked, id=9520, stack(0x00000009af200000,0x00000009af300000)]
  0x000001acc4f6c010 JavaThread "Stdin handler" [_thread_blocked, id=13464, stack(0x00000009af300000,0x00000009af400000)]
  0x000001acc4f6c9b0 JavaThread "Daemon client event forwarder" [_thread_blocked, id=20400, stack(0x00000009af400000,0x00000009af500000)]
  0x000001acc4f6ce80 JavaThread "Cache worker for journal cache (C:\Users\ruyag\.gradle\caches\journal-1)" [_thread_blocked, id=9896, stack(0x00000009afd00000,0x00000009afe00000)]
  0x000001acc4f6c4e0 JavaThread "File lock request listener" [_thread_in_native, id=14464, stack(0x00000009afe00000,0x00000009aff00000)]
  0x000001acc4f694c0 JavaThread "Cache worker for file hash cache (C:\Users\ruyag\.gradle\caches\8.7\fileHashes)" [_thread_blocked, id=2000, stack(0x00000009aff00000,0x00000009b0000000)]
  0x000001acc4f69990 JavaThread "Cache worker for file hash cache (C:\Users\ruyag\AndroidStudioProjects\ProjectApp\.gradle\8.7\fileHashes)" [_thread_blocked, id=18860, stack(0x00000009b0000000,0x00000009b0100000)]
  0x000001acc4f69e60 JavaThread "File watcher server" daemon [_thread_blocked, id=20864, stack(0x00000009b0300000,0x00000009b0400000)]
  0x000001acc4f6a330 JavaThread "File watcher consumer" daemon [_thread_blocked, id=3280, stack(0x00000009b0400000,0x00000009b0500000)]
  0x000001acc4f6a800 JavaThread "jar transforms" [_thread_blocked, id=8036, stack(0x00000009b0500000,0x00000009b0600000)]
  0x000001acc4f6acd0 JavaThread "jar transforms Thread 2" [_thread_blocked, id=5696, stack(0x00000009b0600000,0x00000009b0700000)]
  0x000001acc4f6b1a0 JavaThread "jar transforms Thread 3" [_thread_blocked, id=19520, stack(0x00000009b0700000,0x00000009b0800000)]
  0x000001acc3700cd0 JavaThread "File lock release action executor" [_thread_blocked, id=13864, stack(0x00000009b0800000,0x00000009b0900000)]
  0x000001acc3702e80 JavaThread "Cache worker for checksums cache (C:\Users\ruyag\AndroidStudioProjects\ProjectApp\.gradle\8.7\checksums)" [_thread_blocked, id=16952, stack(0x00000009b0900000,0x00000009b0a00000)]
  0x000001acc37029b0 JavaThread "Cache worker for cache directory md-supplier (C:\Users\ruyag\.gradle\caches\8.7\md-supplier)" [_thread_blocked, id=16528, stack(0x00000009b0a00000,0x00000009b0b00000)]
  0x000001acc37024e0 JavaThread "Cache worker for cache directory md-rule (C:\Users\ruyag\.gradle\caches\8.7\md-rule)" [_thread_blocked, id=10132, stack(0x00000009b0b00000,0x00000009b0c00000)]
  0x000001acc3702010 JavaThread "Cache worker for file content cache (C:\Users\ruyag\.gradle\caches\8.7\fileContent)" [_thread_blocked, id=21536, stack(0x00000009b0c00000,0x00000009b0d00000)]
  0x000001acc3700800 JavaThread "jar transforms Thread 4" [_thread_blocked, id=6808, stack(0x00000009b0d00000,0x00000009b0e00000)]
  0x000001acc37011a0 JavaThread "jar transforms Thread 5" [_thread_blocked, id=7520, stack(0x00000009b0e00000,0x00000009b0f00000)]
  0x000001acc3703350 JavaThread "jar transforms Thread 6" [_thread_blocked, id=1252, stack(0x00000009b0f00000,0x00000009b1000000)]
  0x000001acc3703820 JavaThread "jar transforms Thread 7" [_thread_blocked, id=14664, stack(0x00000009b1000000,0x00000009b1100000)]
  0x000001acc3703cf0 JavaThread "jar transforms Thread 8" [_thread_blocked, id=2740, stack(0x00000009b1100000,0x00000009b1200000)]
  0x000001acc59ac960 JavaThread "jar transforms Thread 9" [_thread_blocked, id=17512, stack(0x00000009b1200000,0x00000009b1300000)]
  0x000001acc59aac80 JavaThread "jar transforms Thread 10" [_thread_blocked, id=11880, stack(0x00000009b1300000,0x00000009b1400000)]
  0x000001acc59ad7d0 JavaThread "jar transforms Thread 11" [_thread_blocked, id=5180, stack(0x00000009b1400000,0x00000009b1500000)]
  0x000001acc59a72c0 JavaThread "Cache worker for Build Output Cleanup Cache (C:\Users\ruyag\AndroidStudioProjects\ProjectApp\.gradle\buildOutputCleanup)" [_thread_blocked, id=6640, stack(0x00000009b1500000,0x00000009b1600000)]
  0x000001acc59a8ad0 JavaThread "jar transforms Thread 12" [_thread_blocked, id=14204, stack(0x00000009b1600000,0x00000009b1700000)]
  0x000001acc59ace30 JavaThread "Unconstrained build operations" [_thread_blocked, id=17700, stack(0x00000009b1700000,0x00000009b1800000)]
  0x000001acc59a8fa0 JavaThread "Unconstrained build operations Thread 2" [_thread_blocked, id=11564, stack(0x00000009b1800000,0x00000009b1900000)]
  0x000001acc59a8130 JavaThread "Unconstrained build operations Thread 3" [_thread_blocked, id=20980, stack(0x00000009b1900000,0x00000009b1a00000)]
  0x000001acc59a9470 JavaThread "Unconstrained build operations Thread 4" [_thread_blocked, id=2748, stack(0x00000009b1a00000,0x00000009b1b00000)]
  0x000001acc59abaf0 JavaThread "Unconstrained build operations Thread 5" [_thread_blocked, id=2216, stack(0x00000009b1b00000,0x00000009b1c00000)]
  0x000001acc59abfc0 JavaThread "Unconstrained build operations Thread 6" [_thread_blocked, id=15216, stack(0x00000009b1c00000,0x00000009b1d00000)]
  0x000001acc59aa2e0 JavaThread "Unconstrained build operations Thread 7" [_thread_blocked, id=10668, stack(0x00000009b1d00000,0x00000009b1e00000)]
  0x000001acc59a7790 JavaThread "Unconstrained build operations Thread 8" [_thread_blocked, id=15856, stack(0x00000009b1e00000,0x00000009b1f00000)]
  0x000001acc59adca0 JavaThread "Unconstrained build operations Thread 9" [_thread_blocked, id=12692, stack(0x00000009b1f00000,0x00000009b2000000)]
  0x000001acc59a7c60 JavaThread "Unconstrained build operations Thread 10" [_thread_blocked, id=11412, stack(0x00000009b2000000,0x00000009b2100000)]
  0x000001acc59ab150 JavaThread "Unconstrained build operations Thread 11" [_thread_blocked, id=10616, stack(0x00000009b2100000,0x00000009b2200000)]
  0x000001acc59a9940 JavaThread "Unconstrained build operations Thread 12" [_thread_blocked, id=14168, stack(0x00000009b2200000,0x00000009b2300000)]
  0x000001acc59a6450 JavaThread "Unconstrained build operations Thread 13" [_thread_blocked, id=7340, stack(0x00000009b2300000,0x00000009b2400000)]
  0x000001acc59aa7b0 JavaThread "Unconstrained build operations Thread 14" [_thread_blocked, id=2324, stack(0x00000009b2400000,0x00000009b2500000)]
  0x000001acc59a9e10 JavaThread "Unconstrained build operations Thread 15" [_thread_blocked, id=8584, stack(0x00000009b2500000,0x00000009b2600000)]
  0x000001acc59a6df0 JavaThread "Unconstrained build operations Thread 16" [_thread_blocked, id=12008, stack(0x00000009b2600000,0x00000009b2700000)]
  0x000001acc59ab620 JavaThread "Unconstrained build operations Thread 17" [_thread_blocked, id=16844, stack(0x00000009b2700000,0x00000009b2800000)]
  0x000001acc59a6920 JavaThread "Unconstrained build operations Thread 18" [_thread_blocked, id=14084, stack(0x00000009b2800000,0x00000009b2900000)]
  0x000001acc59ac490 JavaThread "Unconstrained build operations Thread 19" [_thread_blocked, id=12848, stack(0x00000009b2900000,0x00000009b2a00000)]
  0x000001acc59a8600 JavaThread "Unconstrained build operations Thread 20" [_thread_blocked, id=17704, stack(0x00000009b2a00000,0x00000009b2b00000)]
  0x000001acc59ad300 JavaThread "Unconstrained build operations Thread 21" [_thread_blocked, id=10204, stack(0x00000009b2b00000,0x00000009b2c00000)]
  0x000001acc5f56ce0 JavaThread "Unconstrained build operations Thread 22" [_thread_blocked, id=3348, stack(0x00000009b2c00000,0x00000009b2d00000)]
  0x000001acc5f571b0 JavaThread "Unconstrained build operations Thread 23" [_thread_blocked, id=20104, stack(0x00000009b2d00000,0x00000009b2e00000)]
  0x000001acc5f59d00 JavaThread "Unconstrained build operations Thread 24" [_thread_blocked, id=15488, stack(0x00000009b2e00000,0x00000009b2f00000)]
  0x000001acc5f55e70 JavaThread "Unconstrained build operations Thread 25" [_thread_blocked, id=16228, stack(0x00000009b2f00000,0x00000009b3000000)]
  0x000001acc5f5b9e0 JavaThread "Unconstrained build operations Thread 26" [_thread_blocked, id=2436, stack(0x00000009b3000000,0x00000009b3100000)]
  0x000001acc5f559a0 JavaThread "Unconstrained build operations Thread 27" [_thread_blocked, id=12072, stack(0x00000009b3100000,0x00000009b3200000)]
  0x000001acc5f5a1d0 JavaThread "Unconstrained build operations Thread 28" [_thread_blocked, id=15372, stack(0x00000009b3200000,0x00000009b3300000)]
  0x000001acc5f57680 JavaThread "Unconstrained build operations Thread 29" [_thread_blocked, id=316, stack(0x00000009b3300000,0x00000009b3400000)]
  0x000001acc5f56340 JavaThread "Unconstrained build operations Thread 30" [_thread_blocked, id=6092, stack(0x00000009b3400000,0x00000009b3500000)]
  0x000001acc5f54b30 JavaThread "jar transforms Thread 13" [_thread_blocked, id=5332, stack(0x00000009b3500000,0x00000009b3600000)]
  0x000001acc5f57b50 JavaThread "jar transforms Thread 14" [_thread_blocked, id=19764, stack(0x00000009b3600000,0x00000009b3700000)]
  0x000001acc5f5b040 JavaThread "Memory manager" [_thread_blocked, id=6704, stack(0x00000009b3700000,0x00000009b3800000)]
  0x000001acc5f55000 JavaThread "jar transforms Thread 15" [_thread_blocked, id=14480, stack(0x00000009b3800000,0x00000009b3900000)]

Other Threads:
=>0x000001acc2a89020 VMThread "VM Thread" [stack: 0x00000009ada00000,0x00000009adb00000] [id=6572]
  0x000001acc3588d90 WatcherThread [stack: 0x00000009ae600000,0x00000009ae700000] [id=7640]
  0x000001aca3d843a0 GCTaskThread "GC Thread#0" [stack: 0x00000009ad500000,0x00000009ad600000] [id=17116]
  0x000001acc3d15b40 GCTaskThread "GC Thread#1" [stack: 0x00000009ae700000,0x00000009ae800000] [id=18172]
  0x000001acc4341d10 GCTaskThread "GC Thread#2" [stack: 0x00000009ae800000,0x00000009ae900000] [id=13096]
  0x000001acc4322010 GCTaskThread "GC Thread#3" [stack: 0x00000009ae900000,0x00000009aea00000] [id=15040]
  0x000001acc41b69f0 GCTaskThread "GC Thread#4" [stack: 0x00000009aea00000,0x00000009aeb00000] [id=1852]
  0x000001acc4e1bc80 GCTaskThread "GC Thread#5" [stack: 0x00000009af500000,0x00000009af600000] [id=19100]
  0x000001acc4f71740 GCTaskThread "GC Thread#6" [stack: 0x00000009af600000,0x00000009af700000] [id=9220]
  0x000001acc4f719f0 GCTaskThread "GC Thread#7" [stack: 0x00000009af700000,0x00000009af800000] [id=7360]
  0x000001acc503f5c0 GCTaskThread "GC Thread#8" [stack: 0x00000009af800000,0x00000009af900000] [id=10944]
  0x000001acc503f870 GCTaskThread "GC Thread#9" [stack: 0x00000009af900000,0x00000009afa00000] [id=11064]
  0x000001acc503fb20 GCTaskThread "GC Thread#10" [stack: 0x00000009afa00000,0x00000009afb00000] [id=8764]
  0x000001acc4ffb180 GCTaskThread "GC Thread#11" [stack: 0x00000009afb00000,0x00000009afc00000] [id=15760]
  0x000001acc4ffa160 GCTaskThread "GC Thread#12" [stack: 0x00000009afc00000,0x00000009afd00000] [id=16236]
  0x000001aca3d951f0 ConcurrentGCThread "G1 Main Marker" [stack: 0x00000009ad600000,0x00000009ad700000] [id=2388]
  0x000001aca3d95b10 ConcurrentGCThread "G1 Conc#0" [stack: 0x00000009ad700000,0x00000009ad800000] [id=340]
  0x000001acc4ffa6c0 ConcurrentGCThread "G1 Conc#1" [stack: 0x00000009b0100000,0x00000009b0200000] [id=16544]
  0x000001acc4ffa970 ConcurrentGCThread "G1 Conc#2" [stack: 0x00000009b0200000,0x00000009b0300000] [id=15072]
  0x000001aca3dee820 ConcurrentGCThread "G1 Refine#0" [stack: 0x00000009ad800000,0x00000009ad900000] [id=18132]
  0x000001acc2902330 ConcurrentGCThread "G1 Service" [stack: 0x00000009ad900000,0x00000009ada00000] [id=21624]

Threads with active compile tasks:
C2 CompilerThread0    25352 8579       4       org.gradle.internal.instantiation.generator.AbstractClassGenerator::inspectType (560 bytes)

VM state: at safepoint (normal execution)

VM Mutex/Monitor currently owned by a thread:  ([mutex/lock_event])
[0x000001aca3d20650] Threads_lock - owner thread: 0x000001acc2a89020
[0x000001aca3d20530] Heap_lock - owner thread: 0x000001acc4f6bb40

Heap address: 0x0000000080000000, size: 2048 MB, Compressed Oops mode: 32-bit

CDS archive(s) mapped at: [0x0000000800000000-0x0000000800bd0000-0x0000000800bd0000), size 12386304, SharedBaseAddress: 0x0000000800000000, ArchiveRelocationMode: 0.
Compressed class space mapped at: 0x0000000800c00000-0x0000000840c00000, reserved size: 1073741824
Narrow klass base: 0x0000000800000000, Narrow klass shift: 0, Narrow klass range: 0x100000000

GC Precious Log:
 CPUs: 16 total, 16 available
 Memory: 6005M
 Large Page Support: Disabled
 NUMA Support: Disabled
 Compressed Oops: Enabled (32-bit)
 Heap Region Size: 1M
 Heap Min Capacity: 8M
 Heap Initial Capacity: 94M
 Heap Max Capacity: 2G
 Pre-touch: Disabled
 Parallel Workers: 13
 Concurrent Workers: 3
 Concurrent Refinement Workers: 13
 Periodic GC: Disabled

Heap:
 garbage-first heap   total 133120K, used 74015K [0x0000000080000000, 0x0000000100000000)
  region size 1024K, 2 young (2048K), 2 survivors (2048K)
 Metaspace       used 64081K, committed 64768K, reserved 1105920K
  class space    used 8852K, committed 9152K, reserved 1048576K

Heap Regions: E=young(eden), S=young(survivor), O=old, HS=humongous(starts), HC=humongous(continues), CS=collection set, F=free, OA=open archive, CA=closed archive, TAMS=top-at-mark-start (previous, next)
|   0|0x0000000080000000, 0x0000000080100000, 0x0000000080100000|100%|HS|  |TAMS 0x0000000080100000, 0x0000000080000000| Complete 
|   1|0x0000000080100000, 0x0000000080200000, 0x0000000080200000|100%|HC|  |TAMS 0x0000000080200000, 0x0000000080100000| Complete 
|   2|0x0000000080200000, 0x0000000080300000, 0x0000000080300000|100%|HC|  |TAMS 0x0000000080300000, 0x0000000080200000| Complete 
|   3|0x0000000080300000, 0x0000000080400000, 0x0000000080400000|100%|HC|  |TAMS 0x0000000080400000, 0x0000000080300000| Complete 
|   4|0x0000000080400000, 0x0000000080500000, 0x0000000080500000|100%| O|  |TAMS 0x0000000080500000, 0x0000000080400000| Untracked 
|   5|0x0000000080500000, 0x0000000080600000, 0x0000000080600000|100%| O|  |TAMS 0x0000000080600000, 0x0000000080500000| Untracked 
|   6|0x0000000080600000, 0x0000000080700000, 0x0000000080700000|100%| O|  |TAMS 0x0000000080700000, 0x0000000080600000| Untracked 
|   7|0x0000000080700000, 0x0000000080800000, 0x0000000080800000|100%| O|  |TAMS 0x0000000080800000, 0x0000000080700000| Untracked 
|   8|0x0000000080800000, 0x0000000080900000, 0x0000000080900000|100%| O|  |TAMS 0x0000000080900000, 0x0000000080800000| Untracked 
|   9|0x0000000080900000, 0x0000000080a00000, 0x0000000080a00000|100%| O|  |TAMS 0x0000000080a00000, 0x0000000080900000| Untracked 
|  10|0x0000000080a00000, 0x0000000080b00000, 0x0000000080b00000|100%| O|  |TAMS 0x0000000080b00000, 0x0000000080a00000| Untracked 
|  11|0x0000000080b00000, 0x0000000080c00000, 0x0000000080c00000|100%| O|  |TAMS 0x0000000080c00000, 0x0000000080b00000| Untracked 
|  12|0x0000000080c00000, 0x0000000080d00000, 0x0000000080d00000|100%| O|  |TAMS 0x0000000080d00000, 0x0000000080c00000| Untracked 
|  13|0x0000000080d00000, 0x0000000080e00000, 0x0000000080e00000|100%| O|  |TAMS 0x0000000080e00000, 0x0000000080d00000| Untracked 
|  14|0x0000000080e00000, 0x0000000080f00000, 0x0000000080f00000|100%| O|  |TAMS 0x0000000080f00000, 0x0000000080e00000| Untracked 
|  15|0x0000000080f00000, 0x0000000081000000, 0x0000000081000000|100%| O|  |TAMS 0x0000000081000000, 0x0000000080f00000| Untracked 
|  16|0x0000000081000000, 0x0000000081100000, 0x0000000081100000|100%| O|  |TAMS 0x0000000081100000, 0x0000000081000000| Untracked 
|  17|0x0000000081100000, 0x0000000081200000, 0x0000000081200000|100%| O|  |TAMS 0x0000000081200000, 0x0000000081100000| Untracked 
|  18|0x0000000081200000, 0x0000000081300000, 0x0000000081300000|100%| O|  |TAMS 0x0000000081300000, 0x0000000081200000| Untracked 
|  19|0x0000000081300000, 0x0000000081400000, 0x0000000081400000|100%| O|  |TAMS 0x0000000081400000, 0x0000000081300000| Untracked 
|  20|0x0000000081400000, 0x0000000081500000, 0x0000000081500000|100%| O|  |TAMS 0x0000000081500000, 0x0000000081400000| Untracked 
|  21|0x0000000081500000, 0x0000000081600000, 0x0000000081600000|100%| O|  |TAMS 0x0000000081600000, 0x0000000081500000| Untracked 
|  22|0x0000000081600000, 0x0000000081700000, 0x0000000081700000|100%| O|  |TAMS 0x0000000081700000, 0x0000000081600000| Untracked 
|  23|0x0000000081700000, 0x0000000081800000, 0x0000000081800000|100%| O|  |TAMS 0x0000000081800000, 0x0000000081700000| Untracked 
|  24|0x0000000081800000, 0x0000000081900000, 0x0000000081900000|100%| O|  |TAMS 0x0000000081900000, 0x0000000081800000| Untracked 
|  25|0x0000000081900000, 0x0000000081a00000, 0x0000000081a00000|100%| O|  |TAMS 0x0000000081a00000, 0x0000000081900000| Untracked 
|  26|0x0000000081a00000, 0x0000000081b00000, 0x0000000081b00000|100%| O|  |TAMS 0x0000000081b00000, 0x0000000081a00000| Untracked 
|  27|0x0000000081b00000, 0x0000000081c00000, 0x0000000081c00000|100%| O|  |TAMS 0x0000000081c00000, 0x0000000081b00000| Untracked 
|  28|0x0000000081c00000, 0x0000000081d00000, 0x0000000081d00000|100%| O|  |TAMS 0x0000000081d00000, 0x0000000081c00000| Untracked 
|  29|0x0000000081d00000, 0x0000000081e00000, 0x0000000081e00000|100%| O|  |TAMS 0x0000000081e00000, 0x0000000081d00000| Untracked 
|  30|0x0000000081e00000, 0x0000000081f00000, 0x0000000081f00000|100%| O|  |TAMS 0x0000000081f00000, 0x0000000081e00000| Untracked 
|  31|0x0000000081f00000, 0x0000000082000000, 0x0000000082000000|100%|HS|  |TAMS 0x0000000082000000, 0x0000000081f00000| Complete 
|  32|0x0000000082000000, 0x0000000082100000, 0x0000000082100000|100%| O|  |TAMS 0x0000000082100000, 0x0000000082000000| Untracked 
|  33|0x0000000082100000, 0x0000000082200000, 0x0000000082200000|100%| O|  |TAMS 0x0000000082200000, 0x0000000082100000| Untracked 
|  34|0x0000000082200000, 0x0000000082300000, 0x0000000082300000|100%| O|  |TAMS 0x0000000082300000, 0x0000000082200000| Untracked 
|  35|0x0000000082300000, 0x0000000082400000, 0x0000000082400000|100%| O|  |TAMS 0x0000000082400000, 0x0000000082300000| Untracked 
|  36|0x0000000082400000, 0x0000000082500000, 0x0000000082500000|100%| O|  |TAMS 0x0000000082500000, 0x0000000082400000| Untracked 
|  37|0x0000000082500000, 0x0000000082600000, 0x0000000082600000|100%| O|  |TAMS 0x0000000082600000, 0x0000000082500000| Untracked 
|  38|0x0000000082600000, 0x0000000082700000, 0x0000000082700000|100%| O|  |TAMS 0x0000000082700000, 0x0000000082600000| Untracked 
|  39|0x0000000082700000, 0x0000000082800000, 0x0000000082800000|100%| O|  |TAMS 0x0000000082800000, 0x0000000082700000| Untracked 
|  40|0x0000000082800000, 0x0000000082900000, 0x0000000082900000|100%| O|  |TAMS 0x0000000082900000, 0x0000000082800000| Untracked 
|  41|0x0000000082900000, 0x0000000082a00000, 0x0000000082a00000|100%| O|  |TAMS 0x0000000082a00000, 0x0000000082900000| Untracked 
|  42|0x0000000082a00000, 0x0000000082b00000, 0x0000000082b00000|100%| O|  |TAMS 0x0000000082b00000, 0x0000000082a00000| Untracked 
|  43|0x0000000082b00000, 0x0000000082c00000, 0x0000000082c00000|100%| O|  |TAMS 0x0000000082c00000, 0x0000000082b00000| Untracked 
|  44|0x0000000082c00000, 0x0000000082d00000, 0x0000000082d00000|100%| O|  |TAMS 0x0000000082c00000, 0x0000000082c00000| Untracked 
|  45|0x0000000082d00000, 0x0000000082e00000, 0x0000000082e00000|100%| O|  |TAMS 0x0000000082e00000, 0x0000000082d00000| Untracked 
|  46|0x0000000082e00000, 0x0000000082f00000, 0x0000000082f00000|100%|HS|  |TAMS 0x0000000082f00000, 0x0000000082e00000| Complete 
|  47|0x0000000082f00000, 0x0000000083000000, 0x0000000083000000|100%|HS|  |TAMS 0x0000000083000000, 0x0000000082f00000| Complete 
|  48|0x0000000083000000, 0x0000000083100000, 0x0000000083100000|100%|HS|  |TAMS 0x0000000083100000, 0x0000000083000000| Complete 
|  49|0x0000000083100000, 0x0000000083200000, 0x0000000083200000|100%|HS|  |TAMS 0x0000000083200000, 0x0000000083100000| Complete 
|  50|0x0000000083200000, 0x0000000083300000, 0x0000000083300000|100%|HS|  |TAMS 0x0000000083300000, 0x0000000083200000| Complete 
|  51|0x0000000083300000, 0x0000000083400000, 0x0000000083400000|100%| O|  |TAMS 0x0000000083400000, 0x0000000083300000| Untracked 
|  52|0x0000000083400000, 0x0000000083500000, 0x0000000083500000|100%| O|  |TAMS 0x0000000083500000, 0x0000000083400000| Untracked 
|  53|0x0000000083500000, 0x0000000083500000, 0x0000000083600000|  0%| F|  |TAMS 0x0000000083500000, 0x0000000083500000| Untracked 
|  54|0x0000000083600000, 0x0000000083600000, 0x0000000083700000|  0%| F|  |TAMS 0x0000000083600000, 0x0000000083600000| Untracked 
|  55|0x0000000083700000, 0x0000000083800000, 0x0000000083800000|100%| O|  |TAMS 0x0000000083800000, 0x0000000083700000| Untracked 
|  56|0x0000000083800000, 0x0000000083900000, 0x0000000083900000|100%| O|  |TAMS 0x0000000083900000, 0x0000000083800000| Untracked 
|  57|0x0000000083900000, 0x0000000083a00000, 0x0000000083a00000|100%| O|  |TAMS 0x0000000083a00000, 0x0000000083900000| Untracked 
|  58|0x0000000083a00000, 0x0000000083b00000, 0x0000000083b00000|100%| O|  |TAMS 0x0000000083b00000, 0x0000000083a00000| Untracked 
|  59|0x0000000083b00000, 0x0000000083c00000, 0x0000000083c00000|100%| O|  |TAMS 0x0000000083c00000, 0x0000000083b00000| Untracked 
|  60|0x0000000083c00000, 0x0000000083d00000, 0x0000000083d00000|100%| O|  |TAMS 0x0000000083d00000, 0x0000000083c00000| Untracked 
|  61|0x0000000083d00000, 0x0000000083e00000, 0x0000000083e00000|100%| O|  |TAMS 0x0000000083e00000, 0x0000000083d00000| Untracked 
|  62|0x0000000083e00000, 0x0000000083f00000, 0x0000000083f00000|100%| O|  |TAMS 0x0000000083f00000, 0x0000000083e00000| Untracked 
|  63|0x0000000083f00000, 0x0000000084000000, 0x0000000084000000|100%| O|  |TAMS 0x0000000084000000, 0x0000000083f00000| Untracked 
|  64|0x0000000084000000, 0x0000000084100000, 0x0000000084100000|100%| O|  |TAMS 0x0000000084100000, 0x0000000084000000| Untracked 
|  65|0x0000000084100000, 0x0000000084200000, 0x0000000084200000|100%|HS|  |TAMS 0x0000000084200000, 0x0000000084100000| Complete 
|  66|0x0000000084200000, 0x0000000084300000, 0x0000000084300000|100%| O|  |TAMS 0x0000000084300000, 0x0000000084200000| Untracked 
|  67|0x0000000084300000, 0x0000000084400000, 0x0000000084400000|100%| O|  |TAMS 0x0000000084400000, 0x0000000084300000| Untracked 
|  68|0x0000000084400000, 0x0000000084500000, 0x0000000084500000|100%| O|  |TAMS 0x0000000084414800, 0x0000000084400000| Untracked 
|  69|0x0000000084500000, 0x0000000084600000, 0x0000000084600000|100%| O|  |TAMS 0x0000000084500000, 0x0000000084500000| Untracked 
|  70|0x0000000084600000, 0x0000000084700000, 0x0000000084700000|100%| O|  |TAMS 0x0000000084600000, 0x0000000084600000| Untracked 
|  71|0x0000000084700000, 0x0000000084800000, 0x0000000084800000|100%| O|  |TAMS 0x0000000084700000, 0x0000000084700000| Untracked 
|  72|0x0000000084800000, 0x00000000848b4200, 0x0000000084900000| 70%| O|  |TAMS 0x0000000084800000, 0x0000000084800000| Untracked 
|  73|0x0000000084900000, 0x0000000084900000, 0x0000000084a00000|  0%| F|  |TAMS 0x0000000084900000, 0x0000000084900000| Untracked 
|  74|0x0000000084a00000, 0x0000000084a00000, 0x0000000084b00000|  0%| F|  |TAMS 0x0000000084a00000, 0x0000000084a00000| Untracked 
|  75|0x0000000084b00000, 0x0000000084b00000, 0x0000000084c00000|  0%| F|  |TAMS 0x0000000084b00000, 0x0000000084b00000| Untracked 
|  76|0x0000000084c00000, 0x0000000084c00000, 0x0000000084d00000|  0%| F|  |TAMS 0x0000000084c00000, 0x0000000084c00000| Untracked 
|  77|0x0000000084d00000, 0x0000000084d00000, 0x0000000084e00000|  0%| F|  |TAMS 0x0000000084d00000, 0x0000000084d00000| Untracked 
|  78|0x0000000084e00000, 0x0000000084e00000, 0x0000000084f00000|  0%| F|  |TAMS 0x0000000084e00000, 0x0000000084e00000| Untracked 
|  79|0x0000000084f00000, 0x0000000084f00000, 0x0000000085000000|  0%| F|  |TAMS 0x0000000084f00000, 0x0000000084f00000| Untracked 
|  80|0x0000000085000000, 0x0000000085000000, 0x0000000085100000|  0%| F|  |TAMS 0x0000000085000000, 0x0000000085000000| Untracked 
|  81|0x0000000085100000, 0x0000000085100000, 0x0000000085200000|  0%| F|  |TAMS 0x0000000085100000, 0x0000000085100000| Untracked 
|  82|0x0000000085200000, 0x0000000085200000, 0x0000000085300000|  0%| F|  |TAMS 0x0000000085200000, 0x0000000085200000| Untracked 
|  83|0x0000000085300000, 0x0000000085300000, 0x0000000085400000|  0%| F|  |TAMS 0x0000000085300000, 0x0000000085300000| Untracked 
|  84|0x0000000085400000, 0x0000000085400000, 0x0000000085500000|  0%| F|  |TAMS 0x0000000085400000, 0x0000000085400000| Untracked 
|  85|0x0000000085500000, 0x0000000085500000, 0x0000000085600000|  0%| F|  |TAMS 0x0000000085500000, 0x0000000085500000| Untracked 
|  86|0x0000000085600000, 0x0000000085600000, 0x0000000085700000|  0%| F|  |TAMS 0x0000000085600000, 0x0000000085600000| Untracked 
|  87|0x0000000085700000, 0x0000000085700000, 0x0000000085800000|  0%| F|  |TAMS 0x0000000085700000, 0x0000000085700000| Untracked 
|  88|0x0000000085800000, 0x0000000085800000, 0x0000000085900000|  0%| F|  |TAMS 0x0000000085800000, 0x0000000085800000| Untracked 
|  89|0x0000000085900000, 0x0000000085900000, 0x0000000085a00000|  0%| F|  |TAMS 0x0000000085900000, 0x0000000085900000| Untracked 
|  90|0x0000000085a00000, 0x0000000085a00000, 0x0000000085b00000|  0%| F|  |TAMS 0x0000000085a00000, 0x0000000085a00000| Untracked 
|  91|0x0000000085b00000, 0x0000000085b00000, 0x0000000085c00000|  0%| F|  |TAMS 0x0000000085b00000, 0x0000000085b00000| Untracked 
|  92|0x0000000085c00000, 0x0000000085c00000, 0x0000000085d00000|  0%| F|  |TAMS 0x0000000085c00000, 0x0000000085c00000| Untracked 
|  93|0x0000000085d00000, 0x0000000085d93c90, 0x0000000085e00000| 57%| S|CS|TAMS 0x0000000085d00000, 0x0000000085d00000| Complete 
|  94|0x0000000085e00000, 0x0000000085f00000, 0x0000000085f00000|100%| S|CS|TAMS 0x0000000085e00000, 0x0000000085e00000| Complete 
|  95|0x0000000085f00000, 0x0000000085f00000, 0x0000000086000000|  0%| F|  |TAMS 0x0000000085f00000, 0x0000000085f00000| Untracked 
|  96|0x0000000086000000, 0x0000000086000000, 0x0000000086100000|  0%| F|  |TAMS 0x0000000086000000, 0x0000000086000000| Untracked 
|  97|0x0000000086100000, 0x0000000086100000, 0x0000000086200000|  0%| F|  |TAMS 0x0000000086100000, 0x0000000086100000| Untracked 
|  98|0x0000000086200000, 0x0000000086200000, 0x0000000086300000|  0%| F|  |TAMS 0x0000000086200000, 0x0000000086200000| Untracked 
|  99|0x0000000086300000, 0x0000000086300000, 0x0000000086400000|  0%| F|  |TAMS 0x0000000086300000, 0x0000000086300000| Untracked 
| 100|0x0000000086400000, 0x0000000086400000, 0x0000000086500000|  0%| F|  |TAMS 0x0000000086400000, 0x0000000086400000| Untracked 
| 101|0x0000000086500000, 0x0000000086500000, 0x0000000086600000|  0%| F|  |TAMS 0x0000000086500000, 0x0000000086500000| Untracked 
| 102|0x0000000086600000, 0x0000000086600000, 0x0000000086700000|  0%| F|  |TAMS 0x0000000086600000, 0x0000000086600000| Untracked 
| 103|0x0000000086700000, 0x0000000086700000, 0x0000000086800000|  0%| F|  |TAMS 0x0000000086700000, 0x0000000086700000| Untracked 
| 104|0x0000000086800000, 0x0000000086800000, 0x0000000086900000|  0%| F|  |TAMS 0x0000000086800000, 0x0000000086800000| Untracked 
| 105|0x0000000086900000, 0x0000000086900000, 0x0000000086a00000|  0%| F|  |TAMS 0x0000000086900000, 0x0000000086900000| Untracked 
| 106|0x0000000086a00000, 0x0000000086a00000, 0x0000000086b00000|  0%| F|  |TAMS 0x0000000086a00000, 0x0000000086a00000| Untracked 
| 107|0x0000000086b00000, 0x0000000086b00000, 0x0000000086c00000|  0%| F|  |TAMS 0x0000000086b00000, 0x0000000086b00000| Untracked 
| 108|0x0000000086c00000, 0x0000000086c00000, 0x0000000086d00000|  0%| F|  |TAMS 0x0000000086c00000, 0x0000000086c00000| Untracked 
| 109|0x0000000086d00000, 0x0000000086d00000, 0x0000000086e00000|  0%| F|  |TAMS 0x0000000086d00000, 0x0000000086d00000| Untracked 
| 110|0x0000000086e00000, 0x0000000086e00000, 0x0000000086f00000|  0%| F|  |TAMS 0x0000000086e00000, 0x0000000086e00000| Untracked 
| 111|0x0000000086f00000, 0x0000000086f00000, 0x0000000087000000|  0%| F|  |TAMS 0x0000000086f00000, 0x0000000086f00000| Untracked 
| 112|0x0000000087000000, 0x0000000087000000, 0x0000000087100000|  0%| F|  |TAMS 0x0000000087000000, 0x0000000087000000| Untracked 
| 113|0x0000000087100000, 0x0000000087100000, 0x0000000087200000|  0%| F|  |TAMS 0x0000000087100000, 0x0000000087100000| Untracked 
| 114|0x0000000087200000, 0x0000000087200000, 0x0000000087300000|  0%| F|  |TAMS 0x0000000087200000, 0x0000000087200000| Untracked 
| 115|0x0000000087300000, 0x0000000087300000, 0x0000000087400000|  0%| F|  |TAMS 0x0000000087300000, 0x0000000087300000| Untracked 
| 116|0x0000000087400000, 0x0000000087400000, 0x0000000087500000|  0%| F|  |TAMS 0x0000000087400000, 0x0000000087400000| Untracked 
| 117|0x0000000087500000, 0x0000000087500000, 0x0000000087600000|  0%| F|  |TAMS 0x0000000087500000, 0x0000000087500000| Untracked 
| 118|0x0000000087600000, 0x0000000087600000, 0x0000000087700000|  0%| F|  |TAMS 0x0000000087600000, 0x0000000087600000| Untracked 
| 119|0x0000000087700000, 0x0000000087700000, 0x0000000087800000|  0%| F|  |TAMS 0x0000000087700000, 0x0000000087700000| Untracked 
| 120|0x0000000087800000, 0x0000000087800000, 0x0000000087900000|  0%| F|  |TAMS 0x0000000087800000, 0x0000000087800000| Untracked 
| 121|0x0000000087900000, 0x0000000087900000, 0x0000000087a00000|  0%| F|  |TAMS 0x0000000087900000, 0x0000000087900000| Untracked 
| 122|0x0000000087a00000, 0x0000000087a00000, 0x0000000087b00000|  0%| F|  |TAMS 0x0000000087a00000, 0x0000000087a00000| Untracked 
| 123|0x0000000087b00000, 0x0000000087b00000, 0x0000000087c00000|  0%| F|  |TAMS 0x0000000087b00000, 0x0000000087b00000| Untracked 
| 124|0x0000000087c00000, 0x0000000087c00000, 0x0000000087d00000|  0%| F|  |TAMS 0x0000000087c00000, 0x0000000087c00000| Untracked 
| 125|0x0000000087d00000, 0x0000000087d00000, 0x0000000087e00000|  0%| F|  |TAMS 0x0000000087d00000, 0x0000000087d00000| Untracked 
| 126|0x0000000087e00000, 0x0000000087e00000, 0x0000000087f00000|  0%| F|  |TAMS 0x0000000087e00000, 0x0000000087e00000| Untracked 
| 127|0x0000000087f00000, 0x0000000087f00000, 0x0000000088000000|  0%| F|  |TAMS 0x0000000087f00000, 0x0000000087f00000| Untracked 
| 128|0x0000000088000000, 0x0000000088000000, 0x0000000088100000|  0%| F|  |TAMS 0x0000000088000000, 0x0000000088000000| Untracked 
| 129|0x0000000088100000, 0x0000000088100000, 0x0000000088200000|  0%| F|  |TAMS 0x0000000088100000, 0x0000000088100000| Untracked 

Card table byte_map: [0x000001acbb220000,0x000001acbb620000] _byte_map_base: 0x000001acbae20000

Marking Bits (Prev, Next): (CMBitMap*) 0x000001aca3d848c0, (CMBitMap*) 0x000001aca3d84900
 Prev Bits: [0x000001acbba20000, 0x000001acbda20000)
 Next Bits: [0x000001acbda20000, 0x000001acbfa20000)

Polling page: 0x000001aca34f0000

Metaspace:

Usage:
  Non-class:     53.93 MB used.
      Class:      8.65 MB used.
       Both:     62.58 MB used.

Virtual space:
  Non-class space:       56.00 MB reserved,      54.31 MB ( 97%) committed,  7 nodes.
      Class space:        1.00 GB reserved,       8.94 MB ( <1%) committed,  1 nodes.
             Both:        1.05 GB reserved,      63.25 MB (  6%) committed. 

Chunk freelists:
   Non-Class:  1.53 MB
       Class:  3.08 MB
        Both:  4.61 MB

MaxMetaspaceSize: unlimited
CompressedClassSpaceSize: 1.00 GB
Initial GC threshold: 21.00 MB
Current GC threshold: 101.38 MB
CDS: on
MetaspaceReclaimPolicy: balanced
 - commit_granule_bytes: 65536.
 - commit_granule_words: 8192.
 - virtual_space_node_default_size: 1048576.
 - enlarge_chunks_in_place: 1.
 - new_chunks_are_fully_committed: 0.
 - uncommit_free_chunks: 1.
 - use_allocation_guard: 0.
 - handle_deallocations: 1.


Internal statistics:

num_allocs_failed_limit: 6.
num_arena_births: 746.
num_arena_deaths: 0.
num_vsnodes_births: 8.
num_vsnodes_deaths: 0.
num_space_committed: 1012.
num_space_uncommitted: 0.
num_chunks_returned_to_freelist: 6.
num_chunks_taken_from_freelist: 3407.
num_chunk_merges: 6.
num_chunk_splits: 2214.
num_chunks_enlarged: 1440.
num_purges: 0.
num_inconsistent_stats: 0.

CodeHeap 'non-profiled nmethods': size=119168Kb used=4020Kb max_used=4020Kb free=115147Kb
 bounds [0x000001acb3140000, 0x000001acb3530000, 0x000001acba5a0000]
CodeHeap 'profiled nmethods': size=119104Kb used=14966Kb max_used=14966Kb free=104137Kb
 bounds [0x000001acab5a0000, 0x000001acac440000, 0x000001acb29f0000]
CodeHeap 'non-nmethods': size=7488Kb used=2351Kb max_used=2394Kb free=5136Kb
 bounds [0x000001acb29f0000, 0x000001acb2c60000, 0x000001acb3140000]
 total_blobs=8666 nmethods=7793 adapters=785
 compilation: enabled
              stopped_count=0, restarted_count=0
 full_count=0

Compilation events (20 events):
Event: 25.047 Thread 0x000001acc2ab5d80 8610       3       org.gradle.api.internal.DefaultCollectionCallbackActionDecorator::decorate (51 bytes)
Event: 25.048 Thread 0x000001acc2ab5d80 nmethod 8610 0x000001acac433f10 code [0x000001acac434140, 0x000001acac434c48]
Event: 25.048 Thread 0x000001acc2ab5d80 8611       3       org.gradle.api.internal.provider.DefaultValueSourceProviderFactory$ValueSourceProvider::calculateOwnValue (14 bytes)
Event: 25.048 Thread 0x000001acc2ab5d80 nmethod 8611 0x000001acac434f90 code [0x000001acac435180, 0x000001acac435628]
Event: 25.048 Thread 0x000001acc2ab5d80 8612   !   3       org.gradle.api.internal.provider.DefaultValueSourceProviderFactory$LazilyObtainedValue::obtain (145 bytes)
Event: 25.051 Thread 0x000001acc2ab5d80 nmethod 8612 0x000001acac435890 code [0x000001acac435c20, 0x000001acac437558]
Event: 25.051 Thread 0x000001acc2ab5d80 8616       3       org.gradle.api.internal.artifacts.configurations.DefaultConfiguration::notifyChildren (40 bytes)
Event: 25.051 Thread 0x000001acc2ab5d80 nmethod 8616 0x000001acac438210 code [0x000001acac438400, 0x000001acac4389f8]
Event: 25.051 Thread 0x000001acc2ab5d80 8613       3       org.gradle.api.internal.artifacts.configurations.DefaultConfiguration::validateMutation (16 bytes)
Event: 25.051 Thread 0x000001acc2ab5d80 nmethod 8613 0x000001acac438b90 code [0x000001acac438d40, 0x000001acac438fb8]
Event: 25.051 Thread 0x000001acc2ab5d80 8614       3       org.gradle.api.internal.artifacts.configurations.DefaultConfiguration::preventIllegalMutation (141 bytes)
Event: 25.052 Thread 0x000001acc2ab5d80 nmethod 8614 0x000001acac439090 code [0x000001acac439540, 0x000001acac43bfc8]
Event: 25.052 Thread 0x000001acc2ab5d80 8615       3       org.gradle.api.internal.artifacts.configurations.DefaultConfiguration::markAsModified (22 bytes)
Event: 25.052 Thread 0x000001acc2ab5d80 nmethod 8615 0x000001acac43cb90 code [0x000001acac43cd40, 0x000001acac43cf38]
Event: 25.052 Thread 0x000001acc2ab5d80 8618       1       org.gradle.internal.action.DefaultConfigurableRules::getConfigurableRules (5 bytes)
Event: 25.052 Thread 0x000001acc2ab5d80 nmethod 8618 0x000001acb352d010 code [0x000001acb352d1a0, 0x000001acb352d278]
Event: 25.052 Thread 0x000001acc2ab5d80 8617       3       org.gradle.internal.event.BroadcastDispatch$SingletonDispatch::<init> (17 bytes)
Event: 25.053 Thread 0x000001acc2ab5d80 nmethod 8617 0x000001acac43d010 code [0x000001acac43d1c0, 0x000001acac43d558]
Event: 25.053 Thread 0x000001acc2ab5d80 8619       3       org.gradle.internal.Actions::doNothing (4 bytes)
Event: 25.053 Thread 0x000001acc2ab5d80 nmethod 8619 0x000001acac43d690 code [0x000001acac43d820, 0x000001acac43d918]

GC Heap History (20 events):
Event: 20.995 GC heap after
{Heap after GC invocations=19 (full 0):
 garbage-first heap   total 98304K, used 60245K [0x0000000080000000, 0x0000000100000000)
  region size 1024K, 1 young (1024K), 1 survivors (1024K)
 Metaspace       used 51187K, committed 51776K, reserved 1097728K
  class space    used 7119K, committed 7424K, reserved 1048576K
}
Event: 21.341 GC heap before
{Heap before GC invocations=19 (full 0):
 garbage-first heap   total 98304K, used 77653K [0x0000000080000000, 0x0000000100000000)
  region size 1024K, 19 young (19456K), 1 survivors (1024K)
 Metaspace       used 52725K, committed 53376K, reserved 1097728K
  class space    used 7306K, committed 7616K, reserved 1048576K
}
Event: 21.343 GC heap after
{Heap after GC invocations=20 (full 0):
 garbage-first heap   total 98304K, used 60659K [0x0000000080000000, 0x0000000100000000)
  region size 1024K, 1 young (1024K), 1 survivors (1024K)
 Metaspace       used 52725K, committed 53376K, reserved 1097728K
  class space    used 7306K, committed 7616K, reserved 1048576K
}
Event: 21.612 GC heap before
{Heap before GC invocations=21 (full 0):
 garbage-first heap   total 106496K, used 79091K [0x0000000080000000, 0x0000000100000000)
  region size 1024K, 20 young (20480K), 1 survivors (1024K)
 Metaspace       used 54638K, committed 55232K, reserved 1097728K
  class space    used 7509K, committed 7808K, reserved 1048576K
}
Event: 21.614 GC heap after
{Heap after GC invocations=22 (full 0):
 garbage-first heap   total 106496K, used 60998K [0x0000000080000000, 0x0000000100000000)
  region size 1024K, 1 young (1024K), 1 survivors (1024K)
 Metaspace       used 54638K, committed 55232K, reserved 1097728K
  class space    used 7509K, committed 7808K, reserved 1048576K
}
Event: 21.702 GC heap before
{Heap before GC invocations=22 (full 0):
 garbage-first heap   total 106496K, used 65094K [0x0000000080000000, 0x0000000100000000)
  region size 1024K, 5 young (5120K), 1 survivors (1024K)
 Metaspace       used 54987K, committed 55616K, reserved 1097728K
  class space    used 7563K, committed 7872K, reserved 1048576K
}
Event: 21.704 GC heap after
{Heap after GC invocations=23 (full 0):
 garbage-first heap   total 128000K, used 60664K [0x0000000080000000, 0x0000000100000000)
  region size 1024K, 1 young (1024K), 1 survivors (1024K)
 Metaspace       used 54987K, committed 55616K, reserved 1097728K
  class space    used 7563K, committed 7872K, reserved 1048576K
}
Event: 22.333 GC heap before
{Heap before GC invocations=23 (full 0):
 garbage-first heap   total 128000K, used 89336K [0x0000000080000000, 0x0000000100000000)
  region size 1024K, 30 young (30720K), 1 survivors (1024K)
 Metaspace       used 57488K, committed 58176K, reserved 1105920K
  class space    used 7947K, committed 8256K, reserved 1048576K
}
Event: 22.336 GC heap after
{Heap after GC invocations=24 (full 0):
 garbage-first heap   total 128000K, used 62117K [0x0000000080000000, 0x0000000100000000)
  region size 1024K, 2 young (2048K), 2 survivors (2048K)
 Metaspace       used 57488K, committed 58176K, reserved 1105920K
  class space    used 7947K, committed 8256K, reserved 1048576K
}
Event: 23.035 GC heap before
{Heap before GC invocations=25 (full 0):
 garbage-first heap   total 133120K, used 109221K [0x0000000080000000, 0x0000000100000000)
  region size 1024K, 41 young (41984K), 2 survivors (2048K)
 Metaspace       used 59249K, committed 59904K, reserved 1105920K
  class space    used 8192K, committed 8512K, reserved 1048576K
}
Event: 23.039 GC heap after
{Heap after GC invocations=26 (full 0):
 garbage-first heap   total 133120K, used 69172K [0x0000000080000000, 0x0000000100000000)
  region size 1024K, 6 young (6144K), 6 survivors (6144K)
 Metaspace       used 59249K, committed 59904K, reserved 1105920K
  class space    used 8192K, committed 8512K, reserved 1048576K
}
Event: 23.051 GC heap before
{Heap before GC invocations=26 (full 0):
 garbage-first heap   total 133120K, used 70196K [0x0000000080000000, 0x0000000100000000)
  region size 1024K, 7 young (7168K), 6 survivors (6144K)
 Metaspace       used 59305K, committed 59968K, reserved 1105920K
  class space    used 8198K, committed 8512K, reserved 1048576K
}
Event: 23.055 GC heap after
{Heap after GC invocations=27 (full 0):
 garbage-first heap   total 133120K, used 69452K [0x0000000080000000, 0x0000000100000000)
  region size 1024K, 1 young (1024K), 1 survivors (1024K)
 Metaspace       used 59305K, committed 59968K, reserved 1105920K
  class space    used 8198K, committed 8512K, reserved 1048576K
}
Event: 24.133 GC heap before
{Heap before GC invocations=27 (full 0):
 garbage-first heap   total 133120K, used 105292K [0x0000000080000000, 0x0000000100000000)
  region size 1024K, 36 young (36864K), 1 survivors (1024K)
 Metaspace       used 61564K, committed 62272K, reserved 1105920K
  class space    used 8495K, committed 8832K, reserved 1048576K
}
Event: 24.137 GC heap after
{Heap after GC invocations=28 (full 0):
 garbage-first heap   total 133120K, used 71214K [0x0000000080000000, 0x0000000100000000)
  region size 1024K, 3 young (3072K), 3 survivors (3072K)
 Metaspace       used 61564K, committed 62272K, reserved 1105920K
  class space    used 8495K, committed 8832K, reserved 1048576K
}
Event: 24.393 GC heap before
{Heap before GC invocations=29 (full 0):
 garbage-first heap   total 133120K, used 107054K [0x0000000080000000, 0x0000000100000000)
  region size 1024K, 38 young (38912K), 3 survivors (3072K)
 Metaspace       used 61751K, committed 62400K, reserved 1105920K
  class space    used 8528K, committed 8832K, reserved 1048576K
}
Event: 24.396 GC heap after
{Heap after GC invocations=30 (full 0):
 garbage-first heap   total 133120K, used 73904K [0x0000000080000000, 0x0000000100000000)
  region size 1024K, 5 young (5120K), 5 survivors (5120K)
 Metaspace       used 61751K, committed 62400K, reserved 1105920K
  class space    used 8528K, committed 8832K, reserved 1048576K
}
Event: 24.420 GC heap before
{Heap before GC invocations=30 (full 0):
 garbage-first heap   total 133120K, used 74928K [0x0000000080000000, 0x0000000100000000)
  region size 1024K, 6 young (6144K), 5 survivors (5120K)
 Metaspace       used 61770K, committed 62400K, reserved 1105920K
  class space    used 8531K, committed 8832K, reserved 1048576K
}
Event: 24.424 GC heap after
{Heap after GC invocations=31 (full 0):
 garbage-first heap   total 133120K, used 73250K [0x0000000080000000, 0x0000000100000000)
  region size 1024K, 1 young (1024K), 1 survivors (1024K)
 Metaspace       used 61770K, committed 62400K, reserved 1105920K
  class space    used 8531K, committed 8832K, reserved 1048576K
}
Event: 25.143 GC heap before
{Heap before GC invocations=31 (full 0):
 garbage-first heap   total 133120K, used 108066K [0x0000000080000000, 0x0000000100000000)
  region size 1024K, 35 young (35840K), 1 survivors (1024K)
 Metaspace       used 64081K, committed 64768K, reserved 1105920K
  class space    used 8852K, committed 9152K, reserved 1048576K
}

Deoptimization events (20 events):
Event: 24.092 Thread 0x000001acc4f694c0 DEOPT PACKING pc=0x000001acac0362b8 sp=0x00000009afffe110
Event: 24.092 Thread 0x000001acc4f694c0 DEOPT UNPACKING pc=0x000001acb2a42b43 sp=0x00000009afffd5d0 mode 0
Event: 24.282 Thread 0x000001acc4f6bb40 Uncommon trap: trap_request=0xffffff45 fr.pc=0x000001acb34b7364 relative=0x0000000000000b44
Event: 24.282 Thread 0x000001acc4f6bb40 Uncommon trap: reason=unstable_if action=reinterpret pc=0x000001acb34b7364 method=java.util.jar.JarFile.getVersionedEntry(Ljava/lang/String;Ljava/util/jar/JarEntry;)Ljava/util/jar/JarEntry; @ 57 c2
Event: 24.282 Thread 0x000001acc4f6bb40 DEOPT PACKING pc=0x000001acb34b7364 sp=0x00000009af1f4f90
Event: 24.282 Thread 0x000001acc4f6bb40 DEOPT UNPACKING pc=0x000001acb2a423a3 sp=0x00000009af1f4ee0 mode 2
Event: 24.338 Thread 0x000001acc4f6bb40 Uncommon trap: trap_request=0xffffff45 fr.pc=0x000001acb343b1b0 relative=0x00000000000011b0
Event: 24.338 Thread 0x000001acc4f6bb40 Uncommon trap: reason=unstable_if action=reinterpret pc=0x000001acb343b1b0 method=org.codehaus.groovy.runtime.metaclass.MetaMethodIndex.isOverridden(Lgroovy/lang/MetaMethod;Lgroovy/lang/MetaMethod;)Z @ 52 c2
Event: 24.338 Thread 0x000001acc4f6bb40 DEOPT PACKING pc=0x000001acb343b1b0 sp=0x00000009af1f3c80
Event: 24.338 Thread 0x000001acc4f6bb40 DEOPT UNPACKING pc=0x000001acb2a423a3 sp=0x00000009af1f3bd8 mode 2
Event: 24.743 Thread 0x000001acc4f6bb40 DEOPT PACKING pc=0x000001acac1d5a15 sp=0x00000009af1f7f40
Event: 24.743 Thread 0x000001acc4f6bb40 DEOPT UNPACKING pc=0x000001acb2a42b43 sp=0x00000009af1f74e0 mode 0
Event: 25.044 Thread 0x000001acc4f6bb40 Uncommon trap: trap_request=0xffffffc6 fr.pc=0x000001acb3254528 relative=0x0000000000001208
Event: 25.044 Thread 0x000001acc4f6bb40 Uncommon trap: reason=bimorphic_or_optimized_type_check action=maybe_recompile pc=0x000001acb3254528 method=java.util.HashMap.computeIfAbsent(Ljava/lang/Object;Ljava/util/function/Function;)Ljava/lang/Object; @ 142 c2
Event: 25.044 Thread 0x000001acc4f6bb40 DEOPT PACKING pc=0x000001acb3254528 sp=0x00000009af1f89d0
Event: 25.044 Thread 0x000001acc4f6bb40 DEOPT UNPACKING pc=0x000001acb2a423a3 sp=0x00000009af1f8998 mode 2
Event: 25.048 Thread 0x000001acc4f6bb40 Uncommon trap: trap_request=0xffffffc6 fr.pc=0x000001acb3254528 relative=0x0000000000001208
Event: 25.048 Thread 0x000001acc4f6bb40 Uncommon trap: reason=bimorphic_or_optimized_type_check action=maybe_recompile pc=0x000001acb3254528 method=java.util.HashMap.computeIfAbsent(Ljava/lang/Object;Ljava/util/function/Function;)Ljava/lang/Object; @ 142 c2
Event: 25.048 Thread 0x000001acc4f6bb40 DEOPT PACKING pc=0x000001acb3254528 sp=0x00000009af1f89d0
Event: 25.048 Thread 0x000001acc4f6bb40 DEOPT UNPACKING pc=0x000001acb2a423a3 sp=0x00000009af1f8998 mode 2

Classes unloaded (0 events):
No events

Classes redefined (0 events):
No events

Internal exceptions (20 events):
Event: 24.391 Thread 0x000001acc4f6bb40 Exception <a 'java/lang/ClassNotFoundException'{0x0000000085fe4a78}: com/android/build/gradle/internal/CompileOptions$AgpDecoratedBeanInfo> (0x0000000085fe4a78) 
thrown [s\open\src\hotspot\share\classfile\systemDictionary.cpp, line 256]
Event: 24.392 Thread 0x000001acc4f6bb40 Exception <a 'java/lang/ClassNotFoundException'{0x0000000085ff8248}: com/android/build/gradle/internal/CompileOptionsBeanInfo> (0x0000000085ff8248) 
thrown [s\open\src\hotspot\share\classfile\systemDictionary.cpp, line 256]
Event: 24.397 Thread 0x000001acc4f6bb40 Exception <a 'java/lang/ClassNotFoundException'{0x000000008810c720}: com/android/build/gradle/internal/CompileOptionsCustomizer> (0x000000008810c720) 
thrown [s\open\src\hotspot\share\classfile\systemDictionary.cpp, line 256]
Event: 24.398 Thread 0x000001acc4f6bb40 Exception <a 'java/lang/ClassNotFoundException'{0x000000008812bfa0}: com/android/build/gradle/internal/CompileOptions$AgpDecoratedCustomizer> (0x000000008812bfa0) 
thrown [s\open\src\hotspot\share\classfile\systemDictionary.cpp, line 256]
Event: 24.399 Thread 0x000001acc4f6bb40 Exception <a 'java/lang/ClassNotFoundException'{0x0000000088142da8}: com/android/build/gradle/internal/CompileOptions$AgpDecorated_DecoratedCustomizer> (0x0000000088142da8) 
thrown [s\open\src\hotspot\share\classfile\systemDictionary.cpp, line 256]
Event: 24.403 Thread 0x000001acc4f6bb40 Exception <a 'java/lang/ClassNotFoundException'{0x00000000881ca248}: com/android/build/gradle/internal/dsl/SigningConfig$AgpDecorated_DecoratedBeanInfo> (0x00000000881ca248) 
thrown [s\open\src\hotspot\share\classfile\systemDictionary.cpp, line 256]
Event: 24.403 Thread 0x000001acc4f6bb40 Exception <a 'java/lang/ClassNotFoundException'{0x00000000881df380}: com/android/build/gradle/internal/dsl/SigningConfig$AgpDecoratedBeanInfo> (0x00000000881df380) 
thrown [s\open\src\hotspot\share\classfile\systemDictionary.cpp, line 256]
Event: 24.403 Thread 0x000001acc4f6bb40 Exception <a 'java/lang/ClassNotFoundException'{0x00000000881f4e50}: com/android/build/gradle/internal/dsl/SigningConfigBeanInfo> (0x00000000881f4e50) 
thrown [s\open\src\hotspot\share\classfile\systemDictionary.cpp, line 256]
Event: 24.424 Thread 0x000001acc4f6bb40 Exception <a 'java/lang/ClassNotFoundException'{0x000000008810bf20}: com/android/builder/signing/DefaultSigningConfigBeanInfo> (0x000000008810bf20) 
thrown [s\open\src\hotspot\share\classfile\systemDictionary.cpp, line 256]
Event: 24.425 Thread 0x000001acc4f6bb40 Exception <a 'java/lang/ClassNotFoundException'{0x00000000881210e8}: com/android/builder/signing/DefaultSigningConfigCustomizer> (0x00000000881210e8) 
thrown [s\open\src\hotspot\share\classfile\systemDictionary.cpp, line 256]
Event: 24.426 Thread 0x000001acc4f6bb40 Exception <a 'java/lang/ClassNotFoundException'{0x000000008814d930}: com/android/build/gradle/internal/dsl/SigningConfigCustomizer> (0x000000008814d930) 
thrown [s\open\src\hotspot\share\classfile\systemDictionary.cpp, line 256]
Event: 24.427 Thread 0x000001acc4f6bb40 Exception <a 'java/lang/ClassNotFoundException'{0x0000000088169a98}: com/android/build/gradle/internal/dsl/SigningConfig$AgpDecoratedCustomizer> (0x0000000088169a98) 
thrown [s\open\src\hotspot\share\classfile\systemDictionary.cpp, line 256]
Event: 24.429 Thread 0x000001acc4f6bb40 Exception <a 'java/lang/ClassNotFoundException'{0x00000000881a1fe0}: com/android/build/gradle/internal/dsl/SigningConfig$AgpDecorated_DecoratedCustomizer> (0x00000000881a1fe0) 
thrown [s\open\src\hotspot\share\classfile\systemDictionary.cpp, line 256]
Event: 24.431 Thread 0x000001acc4f6bb40 Exception <a 'java/lang/ClassNotFoundException'{0x0000000087f0d088}: build_auh47khsajzfszjdk2u39k9as$_run_closure1$_closure6BeanInfo> (0x0000000087f0d088) 
thrown [s\open\src\hotspot\share\classfile\systemDictionary.cpp, line 256]
Event: 24.432 Thread 0x000001acc4f6bb40 Exception <a 'java/lang/ClassNotFoundException'{0x0000000087f1af18}: build_auh47khsajzfszjdk2u39k9as$_run_closure1$_closure6Customizer> (0x0000000087f1af18) 
thrown [s\open\src\hotspot\share\classfile\systemDictionary.cpp, line 256]
Event: 24.678 Thread 0x000001acc4f6bb40 Exception <a 'java/lang/NoClassDefFoundError'{0x000000008752de78}: org/jetbrains/kotlin/gradle/plugin/KotlinBasePluginWrapper> (0x000000008752de78) 
thrown [s\open\src\hotspot\share\classfile\systemDictionary.cpp, line 245]
Event: 24.813 Thread 0x000001acc4f6bb40 Exception <a 'java/lang/NoClassDefFoundError'{0x0000000086861fc0}: org/jetbrains/kotlin/gradle/plugin/KotlinBasePluginWrapper> (0x0000000086861fc0) 
thrown [s\open\src\hotspot\share\oops\constantPool.cpp, line 835]
Event: 24.840 Thread 0x000001acc4f6bb40 Exception <a 'java/lang/NoClassDefFoundError'{0x00000000865889d0}: org/jetbrains/kotlin/gradle/plugin/KotlinBasePluginWrapper> (0x00000000865889d0) 
thrown [s\open\src\hotspot\share\oops\constantPool.cpp, line 835]
Event: 25.046 Thread 0x000001acc4f6bb40 Exception <a 'java/lang/NoClassDefFoundError'{0x0000000086080218}: org/jetbrains/kotlin/gradle/plugin/KotlinBasePluginWrapper> (0x0000000086080218) 
thrown [s\open\src\hotspot\share\oops\constantPool.cpp, line 835]
Event: 25.051 Thread 0x000001acc4f6bb40 Exception <a 'java/lang/NoClassDefFoundError'{0x00000000860a5b80}: org/jetbrains/kotlin/gradle/plugin/KotlinBasePluginWrapper> (0x00000000860a5b80) 
thrown [s\open\src\hotspot\share\oops\constantPool.cpp, line 835]

VM Operations (20 events):
Event: 22.395 Executing VM operation: G1Concurrent done
Event: 23.016 Executing VM operation: G1CollectForAllocation
Event: 23.039 Executing VM operation: G1CollectForAllocation done
Event: 23.051 Executing VM operation: G1CollectForAllocation
Event: 23.055 Executing VM operation: G1CollectForAllocation done
Event: 24.063 Executing VM operation: Cleanup
Event: 24.064 Executing VM operation: Cleanup done
Event: 24.133 Executing VM operation: G1CollectForAllocation
Event: 24.137 Executing VM operation: G1CollectForAllocation done
Event: 24.166 Executing VM operation: G1Concurrent
Event: 24.170 Executing VM operation: G1Concurrent done
Event: 24.184 Executing VM operation: G1Concurrent
Event: 24.184 Executing VM operation: G1Concurrent done
Event: 24.393 Executing VM operation: G1CollectForAllocation
Event: 24.396 Executing VM operation: G1CollectForAllocation done
Event: 24.404 Executing VM operation: G1CollectForAllocation
Event: 24.424 Executing VM operation: G1CollectForAllocation done
Event: 24.906 Executing VM operation: HandshakeAllThreads
Event: 24.907 Executing VM operation: HandshakeAllThreads done
Event: 25.143 Executing VM operation: G1CollectForAllocation

Events (20 events):
Event: 22.315 loading class java/security/interfaces/DSAPrivateKey done
Event: 22.315 loading class java/security/interfaces/DSAParams
Event: 22.315 loading class java/security/interfaces/DSAParams done
Event: 22.315 loading class java/security/spec/DSAParameterSpec
Event: 22.316 loading class java/security/spec/DSAParameterSpec done
Event: 22.316 loading class java/math/SignedMutableBigInteger
Event: 22.316 loading class java/math/SignedMutableBigInteger done
Event: 22.615 loading class sun/misc/SharedSecrets
Event: 22.615 loading class sun/misc/SharedSecrets done
Event: 23.242 loading class java/security/KeyStore
Event: 23.243 loading class java/security/KeyStore done
Event: 23.243 loading class java/security/KeyStore$1
Event: 23.244 loading class java/security/KeyStore$1 done
Event: 23.516 loading class javax/xml/stream/XMLStreamException
Event: 23.519 loading class javax/xml/stream/XMLStreamException done
Event: 23.571 loading class sun/reflect/annotation/AnnotationInvocationHandler$1
Event: 23.572 loading class sun/reflect/annotation/AnnotationInvocationHandler$1 done
Event: 24.111 Thread 0x000001acc5f55000 Thread added: 0x000001acc5f55000
Event: 24.269 loading class java/beans/IntrospectionException
Event: 24.271 loading class java/beans/IntrospectionException done


Dynamic libraries:
0x00007ff665e90000 - 0x00007ff665ea0000 	C:\Program Files\Java\jdk-17\bin\java.exe
0x00007ffb3f290000 - 0x00007ffb3f4a7000 	C:\WINDOWS\SYSTEM32\ntdll.dll
0x00007ffb3d8f0000 - 0x00007ffb3d9b4000 	C:\WINDOWS\System32\KERNEL32.DLL
0x00007ffb3c720000 - 0x00007ffb3cada000 	C:\WINDOWS\System32\KERNELBASE.dll
0x00007ffb3c560000 - 0x00007ffb3c671000 	C:\WINDOWS\System32\ucrtbase.dll
0x00007ffb15df0000 - 0x00007ffb15e08000 	C:\Program Files\Java\jdk-17\bin\jli.dll
0x00007ffb3d2c0000 - 0x00007ffb3d372000 	C:\WINDOWS\System32\ADVAPI32.dll
0x00007ffb3e620000 - 0x00007ffb3e6c7000 	C:\WINDOWS\System32\msvcrt.dll
0x00007ffb3ed40000 - 0x00007ffb3ede7000 	C:\WINDOWS\System32\sechost.dll
0x00007ffb174d0000 - 0x00007ffb174eb000 	C:\Program Files\Java\jdk-17\bin\VCRUNTIME140.dll
0x00007ffb3cba0000 - 0x00007ffb3cbc8000 	C:\WINDOWS\System32\bcrypt.dll
0x00007ffb3f130000 - 0x00007ffb3f244000 	C:\WINDOWS\System32\RPCRT4.dll
0x00007ffb3cf90000 - 0x00007ffb3d13e000 	C:\WINDOWS\System32\USER32.dll
0x00007ffb3cee0000 - 0x00007ffb3cf06000 	C:\WINDOWS\System32\win32u.dll
0x00007ffb20630000 - 0x00007ffb208c2000 	C:\WINDOWS\WinSxS\amd64_microsoft.windows.common-controls_6595b64144ccf1df_6.0.22621.4541_none_2710d1c57384c085\COMCTL32.dll
0x00007ffb3eb50000 - 0x00007ffb3eb79000 	C:\WINDOWS\System32\GDI32.dll
0x00007ffb3cdc0000 - 0x00007ffb3cedb000 	C:\WINDOWS\System32\gdi32full.dll
0x00007ffb3c680000 - 0x00007ffb3c71a000 	C:\WINDOWS\System32\msvcp_win.dll
0x00007ffb34b10000 - 0x00007ffb34b1a000 	C:\WINDOWS\SYSTEM32\VERSION.dll
0x00007ffb3e2a0000 - 0x00007ffb3e2d1000 	C:\WINDOWS\System32\IMM32.DLL
0x00007ffb1a2a0000 - 0x00007ffb1a2ac000 	C:\Program Files\Java\jdk-17\bin\vcruntime140_1.dll
0x00007ffb0bf20000 - 0x00007ffb0bfae000 	C:\Program Files\Java\jdk-17\bin\msvcp140.dll
0x00007ffad7fb0000 - 0x00007ffad8b87000 	C:\Program Files\Java\jdk-17\bin\server\jvm.dll
0x00007ffb3edf0000 - 0x00007ffb3edf8000 	C:\WINDOWS\System32\PSAPI.DLL
0x00007ffb20950000 - 0x00007ffb20959000 	C:\WINDOWS\SYSTEM32\WSOCK32.dll
0x00007ffb39eb0000 - 0x00007ffb39ee4000 	C:\WINDOWS\SYSTEM32\WINMM.dll
0x00007ffb3d140000 - 0x00007ffb3d1b1000 	C:\WINDOWS\System32\WS2_32.dll
0x00007ffb3b5a0000 - 0x00007ffb3b5b8000 	C:\WINDOWS\SYSTEM32\kernel.appcore.dll
0x00007ffb174c0000 - 0x00007ffb174ca000 	C:\Program Files\Java\jdk-17\bin\jimage.dll
0x00007ffb39c30000 - 0x00007ffb39e62000 	C:\WINDOWS\SYSTEM32\DBGHELP.DLL
0x00007ffb3d380000 - 0x00007ffb3d70f000 	C:\WINDOWS\System32\combase.dll
0x00007ffb3d810000 - 0x00007ffb3d8e7000 	C:\WINDOWS\System32\OLEAUT32.dll
0x00007ffb39e70000 - 0x00007ffb39ea2000 	C:\WINDOWS\SYSTEM32\dbgcore.DLL
0x00007ffb3cf10000 - 0x00007ffb3cf8b000 	C:\WINDOWS\System32\bcryptPrimitives.dll
0x00007ffb17120000 - 0x00007ffb1712e000 	C:\Program Files\Java\jdk-17\bin\instrument.dll
0x00007ffb144f0000 - 0x00007ffb14515000 	C:\Program Files\Java\jdk-17\bin\java.dll
0x00007ffb0be40000 - 0x00007ffb0bf17000 	C:\Program Files\Java\jdk-17\bin\jsvml.dll
0x00007ffb3d9c0000 - 0x00007ffb3e238000 	C:\WINDOWS\System32\SHELL32.dll
0x00007ffb3a4a0000 - 0x00007ffb3ada8000 	C:\WINDOWS\SYSTEM32\windows.storage.dll
0x00007ffb3a360000 - 0x00007ffb3a49f000 	C:\WINDOWS\SYSTEM32\wintypes.dll
0x00007ffb3d710000 - 0x00007ffb3d80a000 	C:\WINDOWS\System32\SHCORE.dll
0x00007ffb3ee20000 - 0x00007ffb3ee7e000 	C:\WINDOWS\System32\shlwapi.dll
0x00007ffb3c490000 - 0x00007ffb3c4bb000 	C:\WINDOWS\SYSTEM32\profapi.dll
0x00007ffb15250000 - 0x00007ffb15268000 	C:\Program Files\Java\jdk-17\bin\zip.dll
0x00007ffb15210000 - 0x00007ffb15229000 	C:\Program Files\Java\jdk-17\bin\net.dll
0x00007ffb37b90000 - 0x00007ffb37cc6000 	C:\WINDOWS\SYSTEM32\WINHTTP.dll
0x00007ffb3ba20000 - 0x00007ffb3ba89000 	C:\WINDOWS\system32\mswsock.dll
0x00007ffb13c00000 - 0x00007ffb13c16000 	C:\Program Files\Java\jdk-17\bin\nio.dll
0x00007ffb16340000 - 0x00007ffb16350000 	C:\Program Files\Java\jdk-17\bin\verify.dll
0x00007ffb00e20000 - 0x00007ffb00e47000 	C:\Users\ruyag\.gradle\native\c067742578af261105cb4f569cf0c3c89f3d7b1fecec35dd04571415982c5e48\windows-amd64\native-platform.dll
0x00007ffacf780000 - 0x00007ffacf8c4000 	C:\Users\ruyag\.gradle\native\38dada09dfb8b06ba9b0570ebf7e218e3eb74d4ef43ca46872605cf95ebc2f47\windows-amd64\native-platform-file-events.dll
0x00007ffb160b0000 - 0x00007ffb160ba000 	C:\Program Files\Java\jdk-17\bin\management.dll
0x00007ffb144e0000 - 0x00007ffb144eb000 	C:\Program Files\Java\jdk-17\bin\management_ext.dll
0x00007ffb3bc80000 - 0x00007ffb3bc9b000 	C:\WINDOWS\SYSTEM32\CRYPTSP.dll
0x00007ffb3b500000 - 0x00007ffb3b535000 	C:\WINDOWS\system32\rsaenh.dll
0x00007ffb3bb10000 - 0x00007ffb3bb38000 	C:\WINDOWS\SYSTEM32\USERENV.dll
0x00007ffb3bc70000 - 0x00007ffb3bc7c000 	C:\WINDOWS\SYSTEM32\CRYPTBASE.dll
0x00007ffb3b050000 - 0x00007ffb3b07d000 	C:\WINDOWS\SYSTEM32\IPHLPAPI.DLL
0x00007ffb3e2e0000 - 0x00007ffb3e2e9000 	C:\WINDOWS\System32\NSI.dll
0x00007ffb379d0000 - 0x00007ffb379e9000 	C:\WINDOWS\SYSTEM32\dhcpcsvc6.DLL
0x00007ffb378f0000 - 0x00007ffb3790f000 	C:\WINDOWS\SYSTEM32\dhcpcsvc.DLL
0x00007ffb3b0d0000 - 0x00007ffb3b1d2000 	C:\WINDOWS\SYSTEM32\DNSAPI.dll
0x00007ffb13790000 - 0x00007ffb1379d000 	C:\Program Files\Java\jdk-17\bin\sunmscapi.dll
0x00007ffb3cbd0000 - 0x00007ffb3cd36000 	C:\WINDOWS\System32\CRYPT32.dll
0x00007ffb3be30000 - 0x00007ffb3be5d000 	C:\WINDOWS\SYSTEM32\ncrypt.dll
0x00007ffb3bdf0000 - 0x00007ffb3be27000 	C:\WINDOWS\SYSTEM32\NTASN1.dll
0x00007ffb21f30000 - 0x00007ffb21f38000 	C:\WINDOWS\system32\wshunix.dll

dbghelp: loaded successfully - version: 4.0.5 - missing functions: none
symbol engine: initialized successfully - sym options: 0x614 - pdb path: .;C:\Program Files\Java\jdk-17\bin;C:\WINDOWS\SYSTEM32;C:\WINDOWS\WinSxS\amd64_microsoft.windows.common-controls_6595b64144ccf1df_6.0.22621.4541_none_2710d1c57384c085;C:\Program Files\Java\jdk-17\bin\server;C:\Users\ruyag\.gradle\native\c067742578af261105cb4f569cf0c3c89f3d7b1fecec35dd04571415982c5e48\windows-amd64;C:\Users\ruyag\.gradle\native\38dada09dfb8b06ba9b0570ebf7e218e3eb74d4ef43ca46872605cf95ebc2f47\windows-amd64

VM Arguments:
jvm_args: --add-opens=java.base/java.util=ALL-UNNAMED --add-opens=java.base/java.lang=ALL-UNNAMED --add-opens=java.base/java.lang.invoke=ALL-UNNAMED --add-opens=java.prefs/java.util.prefs=ALL-UNNAMED --add-opens=java.base/java.nio.charset=ALL-UNNAMED --add-opens=java.base/java.net=ALL-UNNAMED --add-opens=java.base/java.util.concurrent.atomic=ALL-UNNAMED -Xmx2048m -Dfile.encoding=UTF-8 -Duser.country=TR -Duser.language=tr -Duser.variant -javaagent:C:\Users\ruyag\.gradle\wrapper\dists\gradle-8.7-bin\bhs2wmbdwecv87pi65oeuq5iu\gradle-8.7\lib\agents\gradle-instrumentation-agent-8.7.jar 
java_command: org.gradle.launcher.daemon.bootstrap.GradleDaemon 8.7
java_class_path (initial): C:\Users\ruyag\.gradle\wrapper\dists\gradle-8.7-bin\bhs2wmbdwecv87pi65oeuq5iu\gradle-8.7\lib\gradle-launcher-8.7.jar
Launcher Type: SUN_STANDARD

[Global flags]
     intx CICompilerCount                          = 12                                        {product} {ergonomic}
     uint ConcGCThreads                            = 3                                         {product} {ergonomic}
     uint G1ConcRefinementThreads                  = 13                                        {product} {ergonomic}
   size_t G1HeapRegionSize                         = 1048576                                   {product} {ergonomic}
    uintx GCDrainStackTargetSize                   = 64                                        {product} {ergonomic}
   size_t InitialHeapSize                          = 98566144                                  {product} {ergonomic}
   size_t MarkStackSize                            = 4194304                                   {product} {ergonomic}
   size_t MaxHeapSize                              = 2147483648                                {product} {command line}
   size_t MaxNewSize                               = 1287651328                                {product} {ergonomic}
   size_t MinHeapDeltaBytes                        = 1048576                                   {product} {ergonomic}
   size_t MinHeapSize                              = 8388608                                   {product} {ergonomic}
    uintx NonNMethodCodeHeapSize                   = 7602480                                {pd product} {ergonomic}
    uintx NonProfiledCodeHeapSize                  = 122027880                              {pd product} {ergonomic}
    uintx ProfiledCodeHeapSize                     = 122027880                              {pd product} {ergonomic}
    uintx ReservedCodeCacheSize                    = 251658240                              {pd product} {ergonomic}
     bool SegmentedCodeCache                       = true                                      {product} {ergonomic}
   size_t SoftMaxHeapSize                          = 2147483648                             {manageable} {ergonomic}
     bool UseCompressedClassPointers               = true                           {product lp64_product} {ergonomic}
     bool UseCompressedOops                        = true                           {product lp64_product} {ergonomic}
     bool UseG1GC                                  = true                                      {product} {ergonomic}
     bool UseLargePagesIndividualAllocation        = false                                  {pd product} {ergonomic}

Logging:
Log output configuration:
 #0: stdout all=warning uptime,level,tags
 #1: stderr all=off uptime,level,tags

Environment Variables:
PATH=C:\Program Files\Common Files\Oracle\Java\javapath;C:\Windows\system32;C:\Windows;C:\Windows\System32\Wbem;C:\Windows\System32\WindowsPowerShell\v1.0\;C:\Windows\System32\OpenSSH\;C:\Program Files\Java\jdk-17\bin;C:\WINDOWS\system32;C:\WINDOWS;C:\WINDOWS\System32\Wbem;C:\WINDOWS\System32\WindowsPowerShell\v1.0\;C:\WINDOWS\System32\OpenSSH\;C:\Program Files\dotnet\;C:\Program Files (x86)\Microsoft SQL Server\160\Tools\Binn\;C:\Program Files\Microsoft SQL Server\160\Tools\Binn\;C:\Program Files\Microsoft SQL Server\Client SDK\ODBC\170\Tools\Binn\;C:\Program Files\Microsoft SQL Server\160\DTS\Binn\;C:\Program Files (x86)\Microsoft SQL Server\160\DTS\Binn\;C:\Program Files\Azure Data Studio\bin;C:\flutter\bin;C:\src\flutter\bin;C:\Program Files\Git\cmd;C:\Program Files\nodejs\;C:\ProgramData\chocolatey\bin;C:\Kullanýcýlar\ruyag\AppData\Local\Programs\Python\Python3X;C:\Kullanýcýlar\ruyag\AppData\Local\Programs\Python\Python3X\scripts;C:\Users\ruyag\AppData\Local\Programs\Python\Python313\Scripts\;C:\Users\ruyag\AppData\Local\Programs\Python\Python313\;C:\Users\ruyag\AppData\Local\Programs\Python\Python312\Scripts\;C:\Users\ruyag\AppData\Local\Programs\Python\Python312\;C:\Users\ruyag\AppData\Local\Microsoft\WindowsApps;C:\Users\ruyag\AppData\Local\Programs\Microsoft VS Code\bin;C:\Users\ruyag\.dotnet\tools;C:\Program Files\Azure Data Studio\bin;C:\Users\ruyag\AppData\Roaming\npm
USERNAME=ruyag
OS=Windows_NT
PROCESSOR_IDENTIFIER=AMD64 Family 23 Model 104 Stepping 1, AuthenticAMD



---------------  S Y S T E M  ---------------

OS:
 Windows 11 , 64 bit Build 22621 (10.0.22621.4391)
OS uptime: 2 days 1:36 hours

CPU: total 16 (initial active 16) (16 cores per cpu, 2 threads per core) family 23 model 104 stepping 1 microcode 0x0, cx8, cmov, fxsr, ht, mmx, 3dnowpref, sse, sse2, sse3, ssse3, sse4a, sse4.1, sse4.2, popcnt, lzcnt, tsc, tscinvbit, avx, avx2, aes, clmul, bmi1, bmi2, adx, sha, fma, vzeroupper, clflush, clflushopt

Memory: 4k page, system-wide physical 6005M (430M free)
TotalPageFile size 24437M (AvailPageFile size 107M)
current process WorkingSet (physical memory assigned to process): 242M, peak: 255M
current process commit charge ("private bytes"): 387M, peak: 521M

vm_info: Java HotSpot(TM) 64-Bit Server VM (17.0.6+9-LTS-190) for windows-amd64 JRE (17.0.6+9-LTS-190), built on Dec  6 2022 15:53:54 by "mach5one" with MS VC++ 17.1 (VS2022)

END.
