#
# There is insufficient memory for the Java Runtime Environment to continue.
# Native memory allocation (malloc) failed to allocate 1915856 bytes for Chunk::new
# Possible reasons:
#   The system is out of physical RAM or swap space
#   The process is running with CompressedOops enabled, and the Java Heap may be blocking the growth of the native heap
# Possible solutions:
#   Reduce memory load on the system
#   Increase physical memory or swap space
#   Check if swap backing store is full
#   Decrease Java heap size (-Xmx/-Xms)
#   Decrease number of Java threads
#   Decrease Java thread stack sizes (-Xss)
#   Set larger code cache with -XX:ReservedCodeCacheSize=
#   JVM is running with Unscaled Compressed Oops mode in which the Java heap is
#     placed in the first 4GB address space. The Java Heap base address is the
#     maximum limit for the native heap growth. Please use -XX:HeapBaseMinAddress
#     to set the Java Heap base and to place the Java Heap above 4GB virtual address.
# This output file may be truncated or incomplete.
#
#  Out of Memory Error (arena.cpp:189), pid=2068, tid=19964
#
# JRE version: Java(TM) SE Runtime Environment (17.0.6+9) (build 17.0.6+9-LTS-190)
# Java VM: Java HotSpot(TM) 64-Bit Server VM (17.0.6+9-LTS-190, mixed mode, sharing, tiered, compressed oops, compressed class ptrs, g1 gc, windows-amd64)
# No core dump will be written. Minidumps are not enabled by default on client versions of Windows
#

---------------  S U M M A R Y ------------

Command Line: --add-opens=java.base/java.util=ALL-UNNAMED --add-opens=java.base/java.lang=ALL-UNNAMED --add-opens=java.base/java.lang.invoke=ALL-UNNAMED --add-opens=java.prefs/java.util.prefs=ALL-UNNAMED --add-opens=java.base/java.nio.charset=ALL-UNNAMED --add-opens=java.base/java.net=ALL-UNNAMED --add-opens=java.base/java.util.concurrent.atomic=ALL-UNNAMED -Xmx2048m -Dfile.encoding=UTF-8 -Duser.country=TR -Duser.language=tr -Duser.variant -javaagent:C:\Users\ruyag\.gradle\wrapper\dists\gradle-8.7-bin\bhs2wmbdwecv87pi65oeuq5iu\gradle-8.7\lib\agents\gradle-instrumentation-agent-8.7.jar org.gradle.launcher.daemon.bootstrap.GradleDaemon 8.7

Host: AMD Ryzen 7 5700U with Radeon Graphics         , 16 cores, 5G,  Windows 11 , 64 bit Build 22621 (10.0.22621.4391)
Time: Wed Jan  8 23:38:11 2025 Türkiye Standart Saati elapsed time: 104.621408 seconds (0d 0h 1m 44s)

---------------  T H R E A D  ---------------

Current thread (0x000002b566efebe0):  JavaThread "C2 CompilerThread0" daemon [_thread_in_native, id=19964, stack(0x000000d990400000,0x000000d990500000)]


Current CompileTask:
C2: 104622 13437       4       org.gradle.internal.instantiation.generator.AbstractClassGenerator::inspectType (560 bytes)

Stack: [0x000000d990400000,0x000000d990500000]
Native frames: (J=compiled Java code, j=interpreted, Vv=VM code, C=native code)
V  [jvm.dll+0x6734ea]
V  [jvm.dll+0x7d18f4]
V  [jvm.dll+0x7d309e]
V  [jvm.dll+0x7d3703]
V  [jvm.dll+0x2433c5]
V  [jvm.dll+0xaa46b]
V  [jvm.dll+0xaaa0c]
V  [jvm.dll+0x35eadf]
V  [jvm.dll+0x329401]
V  [jvm.dll+0x32889a]
V  [jvm.dll+0x215ddf]
V  [jvm.dll+0x215211]
V  [jvm.dll+0x1a1730]
V  [jvm.dll+0x224b6e]
V  [jvm.dll+0x222f15]
V  [jvm.dll+0x78753c]
V  [jvm.dll+0x781a7a]
V  [jvm.dll+0x672375]
C  [ucrtbase.dll+0x29333]
C  [KERNEL32.DLL+0x1259d]
C  [ntdll.dll+0x5af38]


---------------  P R O C E S S  ---------------

Threads class SMR info:
_java_thread_list=0x000002b569f9d810, length=81, elements={
0x000002b548165d80, 0x000002b566edf010, 0x000002b566edfe80, 0x000002b566ef7f20,
0x000002b566ef8ad0, 0x000002b566efb490, 0x000002b566efde50, 0x000002b566efebe0,
0x000002b566f02b80, 0x000002b566f0d590, 0x000002b566e88b10, 0x000002b567ac7720,
0x000002b56a242c80, 0x000002b569ef9a10, 0x000002b56947af20, 0x000002b568c3ddf0,
0x000002b569cab840, 0x000002b568a57780, 0x000002b568a55f70, 0x000002b568a57c50,
0x000002b568a58f90, 0x000002b568a56440, 0x000002b56a48ebb0, 0x000002b56a48c060,
0x000002b56a48b6c0, 0x000002b56a48fa20, 0x000002b56a48d3a0, 0x000002b56a48ced0,
0x000002b5697994e0, 0x000002b56979c500, 0x000002b5697999b0, 0x000002b56979d840,
0x000002b56ce20400, 0x000002b56ce21740, 0x000002b56ce23420, 0x000002b56ce1f0c0,
0x000002b56ce22a80, 0x000002b56ce1fa60, 0x000002b56ce20da0, 0x000002b56ce1f590,
0x000002b56ce238f0, 0x000002b56ce1c0a0, 0x000002b56ce21c10, 0x000002b56ce1e720,
0x000002b56ce1ebf0, 0x000002b56ce208d0, 0x000002b56ce22f50, 0x000002b56ce1d8b0,
0x000002b56ce225b0, 0x000002b56ce1c570, 0x000002b56ce1d3e0, 0x000002b56ce1dd80,
0x000002b56ce1e250, 0x000002b56979a350, 0x000002b56979c030, 0x000002b56979b1c0,
0x000002b56979eb80, 0x000002b569799e80, 0x000002b56979b690, 0x000002b5697a0390,
0x000002b56979f050, 0x000002b56979acf0, 0x000002b56979e1e0, 0x000002b569798b40,
0x000002b56979f9f0, 0x000002b56979c9d0, 0x000002b56979f520, 0x000002b56979fec0,
0x000002b569799010, 0x000002b56a4899e0, 0x000002b56a48c530, 0x000002b56a48dd40,
0x000002b56a48a380, 0x000002b56a48e210, 0x000002b56a48ca00, 0x000002b56a48e6e0,
0x000002b56a48f080, 0x000002b56a48fef0, 0x000002b56a4886a0, 0x000002b56a488b70,
0x000002b56a48a850
}

Java Threads: ( => current thread )
  0x000002b548165d80 JavaThread "main" [_thread_blocked, id=14980, stack(0x000000d98f700000,0x000000d98f800000)]
  0x000002b566edf010 JavaThread "Reference Handler" daemon [_thread_blocked, id=11036, stack(0x000000d98fe00000,0x000000d98ff00000)]
  0x000002b566edfe80 JavaThread "Finalizer" daemon [_thread_blocked, id=11996, stack(0x000000d98ff00000,0x000000d990000000)]
  0x000002b566ef7f20 JavaThread "Signal Dispatcher" daemon [_thread_blocked, id=5892, stack(0x000000d990000000,0x000000d990100000)]
  0x000002b566ef8ad0 JavaThread "Attach Listener" daemon [_thread_blocked, id=12108, stack(0x000000d990100000,0x000000d990200000)]
  0x000002b566efb490 JavaThread "Service Thread" daemon [_thread_blocked, id=6336, stack(0x000000d990200000,0x000000d990300000)]
  0x000002b566efde50 JavaThread "Monitor Deflation Thread" daemon [_thread_blocked, id=11620, stack(0x000000d990300000,0x000000d990400000)]
=>0x000002b566efebe0 JavaThread "C2 CompilerThread0" daemon [_thread_in_native, id=19964, stack(0x000000d990400000,0x000000d990500000)]
  0x000002b566f02b80 JavaThread "C1 CompilerThread0" daemon [_thread_blocked, id=6616, stack(0x000000d990500000,0x000000d990600000)]
  0x000002b566f0d590 JavaThread "Sweeper thread" daemon [_thread_blocked, id=13680, stack(0x000000d990600000,0x000000d990700000)]
  0x000002b566e88b10 JavaThread "Common-Cleaner" daemon [_thread_blocked, id=20632, stack(0x000000d990700000,0x000000d990800000)]
  0x000002b567ac7720 JavaThread "Notification Thread" daemon [_thread_blocked, id=13692, stack(0x000000d990c00000,0x000000d990d00000)]
  0x000002b56a242c80 JavaThread "Daemon health stats" [_thread_blocked, id=6232, stack(0x000000d991300000,0x000000d991400000)]
  0x000002b569ef9a10 JavaThread "Incoming local TCP Connector on port 51788" [_thread_in_native, id=4208, stack(0x000000d991200000,0x000000d991300000)]
  0x000002b56947af20 JavaThread "Daemon periodic checks" [_thread_blocked, id=8484, stack(0x000000d991400000,0x000000d991500000)]
  0x000002b568c3ddf0 JavaThread "Daemon" [_thread_blocked, id=6880, stack(0x000000d991500000,0x000000d991600000)]
  0x000002b569cab840 JavaThread "Daemon worker" [_thread_in_Java, id=3856, stack(0x000000d991800000,0x000000d991900000)]
  0x000002b568a57780 JavaThread "Cache worker for journal cache (C:\Users\ruyag\.gradle\caches\journal-1)" [_thread_blocked, id=10772, stack(0x000000d992400000,0x000000d992500000)]
  0x000002b568a55f70 JavaThread "File lock request listener" [_thread_in_native, id=2532, stack(0x000000d992500000,0x000000d992600000)]
  0x000002b568a57c50 JavaThread "Cache worker for file hash cache (C:\Users\ruyag\.gradle\caches\8.7\fileHashes)" [_thread_blocked, id=19576, stack(0x000000d990b00000,0x000000d990c00000)]
  0x000002b568a58f90 JavaThread "File watcher server" daemon [_thread_in_native, id=5416, stack(0x000000d992900000,0x000000d992a00000)]
  0x000002b568a56440 JavaThread "File watcher consumer" daemon [_thread_blocked, id=15628, stack(0x000000d992c00000,0x000000d992d00000)]
  0x000002b56a48ebb0 JavaThread "Cache worker for file content cache (C:\Users\ruyag\.gradle\caches\8.7\fileContent)" [_thread_blocked, id=20440, stack(0x000000d993000000,0x000000d993100000)]
  0x000002b56a48c060 JavaThread "jar transforms" [_thread_blocked, id=4088, stack(0x000000d992700000,0x000000d992800000)]
  0x000002b56a48b6c0 JavaThread "jar transforms Thread 2" [_thread_blocked, id=10884, stack(0x000000d993100000,0x000000d993200000)]
  0x000002b56a48fa20 JavaThread "jar transforms Thread 3" [_thread_blocked, id=6928, stack(0x000000d993200000,0x000000d993300000)]
  0x000002b56a48d3a0 JavaThread "jar transforms Thread 4" [_thread_blocked, id=16304, stack(0x000000d993300000,0x000000d993400000)]
  0x000002b56a48ced0 JavaThread "jar transforms Thread 5" [_thread_blocked, id=18808, stack(0x000000d993500000,0x000000d993600000)]
  0x000002b5697994e0 JavaThread "jar transforms Thread 6" [_thread_blocked, id=12224, stack(0x000000d995400000,0x000000d995500000)]
  0x000002b56979c500 JavaThread "jar transforms Thread 7" [_thread_blocked, id=14676, stack(0x000000d995500000,0x000000d995600000)]
  0x000002b5697999b0 JavaThread "Memory manager" [_thread_blocked, id=14420, stack(0x000000d995600000,0x000000d995700000)]
  0x000002b56979d840 JavaThread "jar transforms Thread 8" [_thread_blocked, id=14168, stack(0x000000d995700000,0x000000d995800000)]
  0x000002b56ce20400 JavaThread "Handler for socket connection from /127.0.0.1:51788 to /127.0.0.1:51797" [_thread_in_native, id=1904, stack(0x000000d990800000,0x000000d990900000)]
  0x000002b56ce21740 JavaThread "Cancel handler" [_thread_blocked, id=6940, stack(0x000000d990900000,0x000000d990a00000)]
  0x000002b56ce23420 JavaThread "Asynchronous log dispatcher for DefaultDaemonConnection: socket connection from /127.0.0.1:51788 to /127.0.0.1:51797" [_thread_blocked, id=13176, stack(0x000000d990a00000,0x000000d990b00000)]
  0x000002b56ce1f0c0 JavaThread "Daemon client event forwarder" [_thread_blocked, id=10872, stack(0x000000d991700000,0x000000d991800000)]
  0x000002b56ce22a80 JavaThread "Cache worker for file hash cache (C:\Users\ruyag\AndroidStudioProjects\ProjectApp\.gradle\8.7\fileHashes)" [_thread_blocked, id=15904, stack(0x000000d991a00000,0x000000d991b00000)]
  0x000002b56ce1fa60 JavaThread "jar transforms Thread 9" [_thread_blocked, id=8360, stack(0x000000d991b00000,0x000000d991c00000)]
  0x000002b56ce20da0 JavaThread "jar transforms Thread 10" [_thread_blocked, id=19248, stack(0x000000d992800000,0x000000d992900000)]
  0x000002b56ce1f590 JavaThread "jar transforms Thread 11" [_thread_blocked, id=11152, stack(0x000000d992d00000,0x000000d992e00000)]
  0x000002b56ce238f0 JavaThread "Cache worker for checksums cache (C:\Users\ruyag\AndroidStudioProjects\ProjectApp\.gradle\8.7\checksums)" [_thread_blocked, id=13320, stack(0x000000d992e00000,0x000000d992f00000)]
  0x000002b56ce1c0a0 JavaThread "Cache worker for cache directory md-supplier (C:\Users\ruyag\.gradle\caches\8.7\md-supplier)" [_thread_blocked, id=20564, stack(0x000000d993600000,0x000000d993700000)]
  0x000002b56ce21c10 JavaThread "Cache worker for cache directory md-rule (C:\Users\ruyag\.gradle\caches\8.7\md-rule)" [_thread_blocked, id=11276, stack(0x000000d993700000,0x000000d993800000)]
  0x000002b56ce1e720 JavaThread "jar transforms Thread 12" [_thread_blocked, id=11376, stack(0x000000d993800000,0x000000d993900000)]
  0x000002b56ce1ebf0 JavaThread "jar transforms Thread 13" [_thread_blocked, id=22084, stack(0x000000d993900000,0x000000d993a00000)]
  0x000002b56ce208d0 JavaThread "jar transforms Thread 14" [_thread_blocked, id=2160, stack(0x000000d993a00000,0x000000d993b00000)]
  0x000002b56ce22f50 JavaThread "jar transforms Thread 15" [_thread_blocked, id=21056, stack(0x000000d993b00000,0x000000d993c00000)]
  0x000002b56ce1d8b0 JavaThread "jar transforms Thread 16" [_thread_blocked, id=17784, stack(0x000000d993c00000,0x000000d993d00000)]
  0x000002b56ce225b0 JavaThread "Cache worker for Build Output Cleanup Cache (C:\Users\ruyag\AndroidStudioProjects\ProjectApp\.gradle\buildOutputCleanup)" [_thread_blocked, id=16092, stack(0x000000d993d00000,0x000000d993e00000)]
  0x000002b56ce1c570 JavaThread "Unconstrained build operations" [_thread_blocked, id=21076, stack(0x000000d993e00000,0x000000d993f00000)]
  0x000002b56ce1d3e0 JavaThread "Unconstrained build operations Thread 2" [_thread_blocked, id=8556, stack(0x000000d993f00000,0x000000d994000000)]
  0x000002b56ce1dd80 JavaThread "Unconstrained build operations Thread 3" [_thread_blocked, id=17160, stack(0x000000d994000000,0x000000d994100000)]
  0x000002b56ce1e250 JavaThread "Unconstrained build operations Thread 4" [_thread_blocked, id=12388, stack(0x000000d994100000,0x000000d994200000)]
  0x000002b56979a350 JavaThread "Unconstrained build operations Thread 5" [_thread_blocked, id=21820, stack(0x000000d994200000,0x000000d994300000)]
  0x000002b56979c030 JavaThread "Unconstrained build operations Thread 6" [_thread_blocked, id=14736, stack(0x000000d994300000,0x000000d994400000)]
  0x000002b56979b1c0 JavaThread "Unconstrained build operations Thread 7" [_thread_blocked, id=908, stack(0x000000d994400000,0x000000d994500000)]
  0x000002b56979eb80 JavaThread "Unconstrained build operations Thread 8" [_thread_blocked, id=5456, stack(0x000000d994500000,0x000000d994600000)]
  0x000002b569799e80 JavaThread "Unconstrained build operations Thread 9" [_thread_blocked, id=3240, stack(0x000000d994600000,0x000000d994700000)]
  0x000002b56979b690 JavaThread "Unconstrained build operations Thread 10" [_thread_blocked, id=21988, stack(0x000000d994700000,0x000000d994800000)]
  0x000002b5697a0390 JavaThread "Unconstrained build operations Thread 11" [_thread_blocked, id=11116, stack(0x000000d994800000,0x000000d994900000)]
  0x000002b56979f050 JavaThread "Unconstrained build operations Thread 12" [_thread_blocked, id=9148, stack(0x000000d994900000,0x000000d994a00000)]
  0x000002b56979acf0 JavaThread "Unconstrained build operations Thread 13" [_thread_blocked, id=22524, stack(0x000000d994a00000,0x000000d994b00000)]
  0x000002b56979e1e0 JavaThread "Unconstrained build operations Thread 14" [_thread_blocked, id=21804, stack(0x000000d994b00000,0x000000d994c00000)]
  0x000002b569798b40 JavaThread "Unconstrained build operations Thread 15" [_thread_blocked, id=6888, stack(0x000000d994c00000,0x000000d994d00000)]
  0x000002b56979f9f0 JavaThread "included builds" [_thread_blocked, id=18748, stack(0x000000d98f400000,0x000000d98f500000)]
  0x000002b56979c9d0 JavaThread "Execution worker" [_thread_blocked, id=1952, stack(0x000000d98f500000,0x000000d98f600000)]
  0x000002b56979f520 JavaThread "Execution worker Thread 2" [_thread_blocked, id=22140, stack(0x000000d98f600000,0x000000d98f700000)]
  0x000002b56979fec0 JavaThread "Execution worker Thread 3" [_thread_blocked, id=5736, stack(0x000000d994d00000,0x000000d994e00000)]
  0x000002b569799010 JavaThread "Execution worker Thread 4" [_thread_blocked, id=20584, stack(0x000000d994e00000,0x000000d994f00000)]
  0x000002b56a4899e0 JavaThread "Execution worker Thread 5" [_thread_blocked, id=17548, stack(0x000000d994f00000,0x000000d995000000)]
  0x000002b56a48c530 JavaThread "Execution worker Thread 6" [_thread_blocked, id=14608, stack(0x000000d995000000,0x000000d995100000)]
  0x000002b56a48dd40 JavaThread "Execution worker Thread 7" [_thread_blocked, id=11808, stack(0x000000d995100000,0x000000d995200000)]
  0x000002b56a48a380 JavaThread "Execution worker Thread 8" [_thread_blocked, id=22148, stack(0x000000d995200000,0x000000d995300000)]
  0x000002b56a48e210 JavaThread "Execution worker Thread 9" [_thread_blocked, id=12956, stack(0x000000d995300000,0x000000d995400000)]
  0x000002b56a48ca00 JavaThread "Execution worker Thread 10" [_thread_blocked, id=16556, stack(0x000000d995800000,0x000000d995900000)]
  0x000002b56a48e6e0 JavaThread "Execution worker Thread 11" [_thread_blocked, id=10520, stack(0x000000d995900000,0x000000d995a00000)]
  0x000002b56a48f080 JavaThread "Execution worker Thread 12" [_thread_blocked, id=10140, stack(0x000000d995a00000,0x000000d995b00000)]
  0x000002b56a48fef0 JavaThread "Execution worker Thread 13" [_thread_blocked, id=8564, stack(0x000000d995b00000,0x000000d995c00000)]
  0x000002b56a4886a0 JavaThread "Execution worker Thread 14" [_thread_blocked, id=3908, stack(0x000000d995c00000,0x000000d995d00000)]
  0x000002b56a488b70 JavaThread "Execution worker Thread 15" [_thread_blocked, id=5056, stack(0x000000d995d00000,0x000000d995e00000)]
  0x000002b56a48a850 JavaThread "Cache worker for execution history cache (C:\Users\ruyag\AndroidStudioProjects\ProjectApp\.gradle\8.7\executionHistory)" [_thread_blocked, id=10536, stack(0x000000d995e00000,0x000000d995f00000)]

Other Threads:
  0x000002b566edb420 VMThread "VM Thread" [stack: 0x000000d98fd00000,0x000000d98fe00000] [id=21800]
  0x000002b5482103c0 WatcherThread [stack: 0x000000d990d00000,0x000000d990e00000] [id=19728]
  0x000002b5481c2a00 GCTaskThread "GC Thread#0" [stack: 0x000000d98f800000,0x000000d98f900000] [id=8584]
  0x000002b568a2f2a0 GCTaskThread "GC Thread#1" [stack: 0x000000d990f00000,0x000000d991000000] [id=11000]
  0x000002b568a627e0 GCTaskThread "GC Thread#2" [stack: 0x000000d991000000,0x000000d991100000] [id=20880]
  0x000002b5689131f0 GCTaskThread "GC Thread#3" [stack: 0x000000d991100000,0x000000d991200000] [id=19388]
  0x000002b568799160 GCTaskThread "GC Thread#4" [stack: 0x000000d990e00000,0x000000d990f00000] [id=7636]
  0x000002b569790840 GCTaskThread "GC Thread#5" [stack: 0x000000d991c00000,0x000000d991d00000] [id=22480]
  0x000002b569f68dd0 GCTaskThread "GC Thread#6" [stack: 0x000000d991d00000,0x000000d991e00000] [id=22232]
  0x000002b568e77180 GCTaskThread "GC Thread#7" [stack: 0x000000d991e00000,0x000000d991f00000] [id=15900]
  0x000002b569bbc830 GCTaskThread "GC Thread#8" [stack: 0x000000d991f00000,0x000000d992000000] [id=15868]
  0x000002b569ba3460 GCTaskThread "GC Thread#9" [stack: 0x000000d992000000,0x000000d992100000] [id=9884]
  0x000002b5691eb550 GCTaskThread "GC Thread#10" [stack: 0x000000d992100000,0x000000d992200000] [id=19760]
  0x000002b5691ead40 GCTaskThread "GC Thread#11" [stack: 0x000000d992200000,0x000000d992300000] [id=14480]
  0x000002b5691ea7e0 GCTaskThread "GC Thread#12" [stack: 0x000000d992300000,0x000000d992400000] [id=5284]
  0x000002b5481d3940 ConcurrentGCThread "G1 Main Marker" [stack: 0x000000d98f900000,0x000000d98fa00000] [id=8164]
  0x000002b5481d4350 ConcurrentGCThread "G1 Conc#0" [stack: 0x000000d98fa00000,0x000000d98fb00000] [id=21884]
  0x000002b56a57fe30 ConcurrentGCThread "G1 Conc#1" [stack: 0x000000d992a00000,0x000000d992b00000] [id=20948]
  0x000002b56a5808f0 ConcurrentGCThread "G1 Conc#2" [stack: 0x000000d992b00000,0x000000d992c00000] [id=4140]
  0x000002b54822e9f0 ConcurrentGCThread "G1 Refine#0" [stack: 0x000000d98fb00000,0x000000d98fc00000] [id=17192]
  0x000002b566d56a40 ConcurrentGCThread "G1 Service" [stack: 0x000000d98fc00000,0x000000d98fd00000] [id=8148]

Threads with active compile tasks:
C2 CompilerThread0   104904 13437       4       org.gradle.internal.instantiation.generator.AbstractClassGenerator::inspectType (560 bytes)

VM state: not at safepoint (normal execution)

VM Mutex/Monitor currently owned by a thread: None

Heap address: 0x0000000080000000, size: 2048 MB, Compressed Oops mode: 32-bit

CDS archive(s) mapped at: [0x0000000800000000-0x0000000800bd0000-0x0000000800bd0000), size 12386304, SharedBaseAddress: 0x0000000800000000, ArchiveRelocationMode: 0.
Compressed class space mapped at: 0x0000000800c00000-0x0000000840c00000, reserved size: 1073741824
Narrow klass base: 0x0000000800000000, Narrow klass shift: 0, Narrow klass range: 0x100000000

GC Precious Log:
 CPUs: 16 total, 16 available
 Memory: 6005M
 Large Page Support: Disabled
 NUMA Support: Disabled
 Compressed Oops: Enabled (32-bit)
 Heap Region Size: 1M
 Heap Min Capacity: 8M
 Heap Initial Capacity: 94M
 Heap Max Capacity: 2G
 Pre-touch: Disabled
 Parallel Workers: 13
 Concurrent Workers: 3
 Concurrent Refinement Workers: 13
 Periodic GC: Disabled

Heap:
 garbage-first heap   total 286720K, used 114086K [0x0000000080000000, 0x0000000100000000)
  region size 1024K, 25 young (25600K), 6 survivors (6144K)
 Metaspace       used 84623K, committed 85440K, reserved 1130496K
  class space    used 11895K, committed 12288K, reserved 1048576K

Heap Regions: E=young(eden), S=young(survivor), O=old, HS=humongous(starts), HC=humongous(continues), CS=collection set, F=free, OA=open archive, CA=closed archive, TAMS=top-at-mark-start (previous, next)
|   0|0x0000000080000000, 0x0000000080100000, 0x0000000080100000|100%|HS|  |TAMS 0x0000000080100000, 0x0000000080000000| Complete 
|   1|0x0000000080100000, 0x0000000080200000, 0x0000000080200000|100%|HC|  |TAMS 0x0000000080200000, 0x0000000080100000| Complete 
|   2|0x0000000080200000, 0x0000000080300000, 0x0000000080300000|100%|HC|  |TAMS 0x0000000080300000, 0x0000000080200000| Complete 
|   3|0x0000000080300000, 0x0000000080400000, 0x0000000080400000|100%|HC|  |TAMS 0x0000000080400000, 0x0000000080300000| Complete 
|   4|0x0000000080400000, 0x0000000080500000, 0x0000000080500000|100%| O|  |TAMS 0x0000000080500000, 0x0000000080400000| Untracked 
|   5|0x0000000080500000, 0x0000000080600000, 0x0000000080600000|100%| O|  |TAMS 0x0000000080600000, 0x0000000080500000| Untracked 
|   6|0x0000000080600000, 0x0000000080700000, 0x0000000080700000|100%| O|  |TAMS 0x0000000080700000, 0x0000000080600000| Untracked 
|   7|0x0000000080700000, 0x0000000080800000, 0x0000000080800000|100%| O|  |TAMS 0x0000000080800000, 0x0000000080700000| Untracked 
|   8|0x0000000080800000, 0x0000000080900000, 0x0000000080900000|100%| O|  |TAMS 0x0000000080900000, 0x0000000080800000| Untracked 
|   9|0x0000000080900000, 0x0000000080a00000, 0x0000000080a00000|100%| O|  |TAMS 0x0000000080a00000, 0x0000000080900000| Untracked 
|  10|0x0000000080a00000, 0x0000000080b00000, 0x0000000080b00000|100%| O|  |TAMS 0x0000000080b00000, 0x0000000080a00000| Untracked 
|  11|0x0000000080b00000, 0x0000000080c00000, 0x0000000080c00000|100%| O|  |TAMS 0x0000000080c00000, 0x0000000080b00000| Untracked 
|  12|0x0000000080c00000, 0x0000000080d00000, 0x0000000080d00000|100%| O|  |TAMS 0x0000000080d00000, 0x0000000080c00000| Untracked 
|  13|0x0000000080d00000, 0x0000000080e00000, 0x0000000080e00000|100%| O|  |TAMS 0x0000000080e00000, 0x0000000080d00000| Untracked 
|  14|0x0000000080e00000, 0x0000000080f00000, 0x0000000080f00000|100%| O|  |TAMS 0x0000000080f00000, 0x0000000080e00000| Untracked 
|  15|0x0000000080f00000, 0x0000000081000000, 0x0000000081000000|100%| O|  |TAMS 0x0000000081000000, 0x0000000080f00000| Untracked 
|  16|0x0000000081000000, 0x0000000081100000, 0x0000000081100000|100%| O|  |TAMS 0x0000000081100000, 0x0000000081000000| Untracked 
|  17|0x0000000081100000, 0x0000000081200000, 0x0000000081200000|100%| O|  |TAMS 0x0000000081200000, 0x0000000081100000| Untracked 
|  18|0x0000000081200000, 0x0000000081300000, 0x0000000081300000|100%| O|  |TAMS 0x0000000081300000, 0x0000000081200000| Untracked 
|  19|0x0000000081300000, 0x0000000081400000, 0x0000000081400000|100%| O|  |TAMS 0x0000000081400000, 0x0000000081300000| Untracked 
|  20|0x0000000081400000, 0x0000000081500000, 0x0000000081500000|100%| O|  |TAMS 0x0000000081500000, 0x0000000081400000| Untracked 
|  21|0x0000000081500000, 0x0000000081600000, 0x0000000081600000|100%| O|  |TAMS 0x0000000081600000, 0x0000000081500000| Untracked 
|  22|0x0000000081600000, 0x0000000081700000, 0x0000000081700000|100%| O|  |TAMS 0x0000000081700000, 0x0000000081600000| Untracked 
|  23|0x0000000081700000, 0x0000000081800000, 0x0000000081800000|100%| O|  |TAMS 0x0000000081800000, 0x0000000081700000| Untracked 
|  24|0x0000000081800000, 0x0000000081900000, 0x0000000081900000|100%| O|  |TAMS 0x0000000081900000, 0x0000000081800000| Untracked 
|  25|0x0000000081900000, 0x0000000081a00000, 0x0000000081a00000|100%| O|  |TAMS 0x0000000081a00000, 0x0000000081900000| Untracked 
|  26|0x0000000081a00000, 0x0000000081b00000, 0x0000000081b00000|100%| O|  |TAMS 0x0000000081b00000, 0x0000000081a00000| Untracked 
|  27|0x0000000081b00000, 0x0000000081c00000, 0x0000000081c00000|100%| O|  |TAMS 0x0000000081c00000, 0x0000000081b00000| Untracked 
|  28|0x0000000081c00000, 0x0000000081d00000, 0x0000000081d00000|100%| O|  |TAMS 0x0000000081d00000, 0x0000000081c00000| Untracked 
|  29|0x0000000081d00000, 0x0000000081e00000, 0x0000000081e00000|100%| O|  |TAMS 0x0000000081e00000, 0x0000000081d00000| Untracked 
|  30|0x0000000081e00000, 0x0000000081f00000, 0x0000000081f00000|100%| O|  |TAMS 0x0000000081f00000, 0x0000000081e00000| Untracked 
|  31|0x0000000081f00000, 0x0000000082000000, 0x0000000082000000|100%| O|  |TAMS 0x0000000082000000, 0x0000000081f00000| Untracked 
|  32|0x0000000082000000, 0x0000000082100000, 0x0000000082100000|100%| O|  |TAMS 0x0000000082100000, 0x0000000082000000| Untracked 
|  33|0x0000000082100000, 0x0000000082200000, 0x0000000082200000|100%| O|  |TAMS 0x0000000082200000, 0x0000000082100000| Untracked 
|  34|0x0000000082200000, 0x0000000082300000, 0x0000000082300000|100%| O|  |TAMS 0x0000000082300000, 0x0000000082200000| Untracked 
|  35|0x0000000082300000, 0x0000000082400000, 0x0000000082400000|100%| O|  |TAMS 0x0000000082400000, 0x0000000082300000| Untracked 
|  36|0x0000000082400000, 0x0000000082500000, 0x0000000082500000|100%| O|  |TAMS 0x0000000082500000, 0x0000000082400000| Untracked 
|  37|0x0000000082500000, 0x0000000082600000, 0x0000000082600000|100%| O|  |TAMS 0x0000000082600000, 0x0000000082500000| Untracked 
|  38|0x0000000082600000, 0x0000000082700000, 0x0000000082700000|100%| O|  |TAMS 0x0000000082700000, 0x0000000082600000| Untracked 
|  39|0x0000000082700000, 0x0000000082800000, 0x0000000082800000|100%| O|  |TAMS 0x0000000082800000, 0x0000000082700000| Untracked 
|  40|0x0000000082800000, 0x0000000082900000, 0x0000000082900000|100%| O|  |TAMS 0x0000000082800000, 0x0000000082800000| Untracked 
|  41|0x0000000082900000, 0x0000000082a00000, 0x0000000082a00000|100%| O|  |TAMS 0x0000000082a00000, 0x0000000082900000| Untracked 
|  42|0x0000000082a00000, 0x0000000082b00000, 0x0000000082b00000|100%| O|  |TAMS 0x0000000082b00000, 0x0000000082a00000| Untracked 
|  43|0x0000000082b00000, 0x0000000082c00000, 0x0000000082c00000|100%| O|  |TAMS 0x0000000082c00000, 0x0000000082b00000| Untracked 
|  44|0x0000000082c00000, 0x0000000082d00000, 0x0000000082d00000|100%| O|  |TAMS 0x0000000082d00000, 0x0000000082c00000| Untracked 
|  45|0x0000000082d00000, 0x0000000082e00000, 0x0000000082e00000|100%| O|  |TAMS 0x0000000082e00000, 0x0000000082d00000| Untracked 
|  46|0x0000000082e00000, 0x0000000082f00000, 0x0000000082f00000|100%| O|  |TAMS 0x0000000082f00000, 0x0000000082e00000| Untracked 
|  47|0x0000000082f00000, 0x0000000083000000, 0x0000000083000000|100%| O|  |TAMS 0x0000000083000000, 0x0000000082f00000| Untracked 
|  48|0x0000000083000000, 0x0000000083100000, 0x0000000083100000|100%| O|  |TAMS 0x0000000083000000, 0x0000000083000000| Untracked 
|  49|0x0000000083100000, 0x0000000083200000, 0x0000000083200000|100%| O|  |TAMS 0x0000000083200000, 0x0000000083100000| Untracked 
|  50|0x0000000083200000, 0x0000000083300000, 0x0000000083300000|100%|HS|  |TAMS 0x0000000083300000, 0x0000000083200000| Complete 
|  51|0x0000000083300000, 0x0000000083400000, 0x0000000083400000|100%|HS|  |TAMS 0x0000000083400000, 0x0000000083300000| Complete 
|  52|0x0000000083400000, 0x0000000083500000, 0x0000000083500000|100%|HS|  |TAMS 0x0000000083500000, 0x0000000083400000| Complete 
|  53|0x0000000083500000, 0x0000000083600000, 0x0000000083600000|100%| O|  |TAMS 0x0000000083600000, 0x0000000083500000| Untracked 
|  54|0x0000000083600000, 0x0000000083700000, 0x0000000083700000|100%|HS|  |TAMS 0x0000000083700000, 0x0000000083600000| Complete 
|  55|0x0000000083700000, 0x0000000083800000, 0x0000000083800000|100%|HS|  |TAMS 0x0000000083800000, 0x0000000083700000| Complete 
|  56|0x0000000083800000, 0x0000000083900000, 0x0000000083900000|100%| O|  |TAMS 0x0000000083900000, 0x0000000083800000| Untracked 
|  57|0x0000000083900000, 0x0000000083a00000, 0x0000000083a00000|100%| O|  |TAMS 0x0000000083a00000, 0x0000000083900000| Untracked 
|  58|0x0000000083a00000, 0x0000000083b00000, 0x0000000083b00000|100%| O|  |TAMS 0x0000000083b00000, 0x0000000083a00000| Untracked 
|  59|0x0000000083b00000, 0x0000000083c00000, 0x0000000083c00000|100%| O|  |TAMS 0x0000000083c00000, 0x0000000083b00000| Untracked 
|  60|0x0000000083c00000, 0x0000000083d00000, 0x0000000083d00000|100%|HS|  |TAMS 0x0000000083d00000, 0x0000000083c00000| Complete 
|  61|0x0000000083d00000, 0x0000000083e00000, 0x0000000083e00000|100%| O|  |TAMS 0x0000000083e00000, 0x0000000083d00000| Untracked 
|  62|0x0000000083e00000, 0x0000000083f00000, 0x0000000083f00000|100%|HS|  |TAMS 0x0000000083f00000, 0x0000000083e00000| Complete 
|  63|0x0000000083f00000, 0x0000000084000000, 0x0000000084000000|100%| O|  |TAMS 0x0000000084000000, 0x0000000083f00000| Untracked 
|  64|0x0000000084000000, 0x0000000084100000, 0x0000000084100000|100%| O|  |TAMS 0x0000000084100000, 0x0000000084000000| Untracked 
|  65|0x0000000084100000, 0x0000000084200000, 0x0000000084200000|100%| O|  |TAMS 0x0000000084200000, 0x0000000084100000| Untracked 
|  66|0x0000000084200000, 0x0000000084300000, 0x0000000084300000|100%| O|  |TAMS 0x0000000084300000, 0x0000000084200000| Untracked 
|  67|0x0000000084300000, 0x0000000084400000, 0x0000000084400000|100%| O|  |TAMS 0x0000000084400000, 0x0000000084300000| Untracked 
|  68|0x0000000084400000, 0x0000000084500000, 0x0000000084500000|100%| O|  |TAMS 0x0000000084500000, 0x0000000084400000| Untracked 
|  69|0x0000000084500000, 0x0000000084600000, 0x0000000084600000|100%| O|  |TAMS 0x0000000084600000, 0x0000000084500000| Untracked 
|  70|0x0000000084600000, 0x0000000084700000, 0x0000000084700000|100%| O|  |TAMS 0x0000000084700000, 0x0000000084600000| Untracked 
|  71|0x0000000084700000, 0x0000000084800000, 0x0000000084800000|100%| O|  |TAMS 0x0000000084800000, 0x0000000084700000| Untracked 
|  72|0x0000000084800000, 0x0000000084900000, 0x0000000084900000|100%| O|  |TAMS 0x0000000084900000, 0x0000000084800000| Untracked 
|  73|0x0000000084900000, 0x0000000084a00000, 0x0000000084a00000|100%| O|  |TAMS 0x0000000084a00000, 0x0000000084900000| Untracked 
|  74|0x0000000084a00000, 0x0000000084b00000, 0x0000000084b00000|100%| O|  |TAMS 0x0000000084b00000, 0x0000000084a00000| Untracked 
|  75|0x0000000084b00000, 0x0000000084c00000, 0x0000000084c00000|100%| O|  |TAMS 0x0000000084be3200, 0x0000000084b00000| Untracked 
|  76|0x0000000084c00000, 0x0000000084d00000, 0x0000000084d00000|100%| O|  |TAMS 0x0000000084c00000, 0x0000000084c00000| Untracked 
|  77|0x0000000084d00000, 0x0000000084e00000, 0x0000000084e00000|100%| O|  |TAMS 0x0000000084d00000, 0x0000000084d00000| Untracked 
|  78|0x0000000084e00000, 0x0000000084f00000, 0x0000000084f00000|100%| O|  |TAMS 0x0000000084e00000, 0x0000000084e00000| Untracked 
|  79|0x0000000084f00000, 0x0000000085000000, 0x0000000085000000|100%| O|  |TAMS 0x0000000084f00000, 0x0000000084f00000| Untracked 
|  80|0x0000000085000000, 0x0000000085100000, 0x0000000085100000|100%| O|  |TAMS 0x0000000085000000, 0x0000000085000000| Untracked 
|  81|0x0000000085100000, 0x0000000085200000, 0x0000000085200000|100%| O|  |TAMS 0x0000000085100000, 0x0000000085100000| Untracked 
|  82|0x0000000085200000, 0x0000000085300000, 0x0000000085300000|100%| O|  |TAMS 0x0000000085200000, 0x0000000085200000| Untracked 
|  83|0x0000000085300000, 0x0000000085400000, 0x0000000085400000|100%| O|  |TAMS 0x0000000085300000, 0x0000000085300000| Untracked 
|  84|0x0000000085400000, 0x0000000085500000, 0x0000000085500000|100%| O|  |TAMS 0x0000000085400000, 0x0000000085400000| Untracked 
|  85|0x0000000085500000, 0x0000000085600000, 0x0000000085600000|100%| O|  |TAMS 0x0000000085500000, 0x0000000085500000| Untracked 
|  86|0x0000000085600000, 0x0000000085700000, 0x0000000085700000|100%| O|  |TAMS 0x0000000085600000, 0x0000000085600000| Untracked 
|  87|0x0000000085700000, 0x000000008571f800, 0x0000000085800000| 12%| O|  |TAMS 0x0000000085700000, 0x0000000085700000| Untracked 
|  88|0x0000000085800000, 0x0000000085900000, 0x0000000085900000|100%|HS|  |TAMS 0x0000000085800000, 0x0000000085800000| Complete 
|  89|0x0000000085900000, 0x0000000085900000, 0x0000000085a00000|  0%| F|  |TAMS 0x0000000085900000, 0x0000000085900000| Untracked 
|  90|0x0000000085a00000, 0x0000000085a00000, 0x0000000085b00000|  0%| F|  |TAMS 0x0000000085a00000, 0x0000000085a00000| Untracked 
|  91|0x0000000085b00000, 0x0000000085b00000, 0x0000000085c00000|  0%| F|  |TAMS 0x0000000085b00000, 0x0000000085b00000| Untracked 
|  92|0x0000000085c00000, 0x0000000085c00000, 0x0000000085d00000|  0%| F|  |TAMS 0x0000000085c00000, 0x0000000085c00000| Untracked 
|  93|0x0000000085d00000, 0x0000000085d00000, 0x0000000085e00000|  0%| F|  |TAMS 0x0000000085d00000, 0x0000000085d00000| Untracked 
|  94|0x0000000085e00000, 0x0000000085e00000, 0x0000000085f00000|  0%| F|  |TAMS 0x0000000085e00000, 0x0000000085e00000| Untracked 
|  95|0x0000000085f00000, 0x0000000085f00000, 0x0000000086000000|  0%| F|  |TAMS 0x0000000085f00000, 0x0000000085f00000| Untracked 
|  96|0x0000000086000000, 0x0000000086000000, 0x0000000086100000|  0%| F|  |TAMS 0x0000000086000000, 0x0000000086000000| Untracked 
|  97|0x0000000086100000, 0x0000000086100000, 0x0000000086200000|  0%| F|  |TAMS 0x0000000086100000, 0x0000000086100000| Untracked 
|  98|0x0000000086200000, 0x0000000086200000, 0x0000000086300000|  0%| F|  |TAMS 0x0000000086200000, 0x0000000086200000| Untracked 
|  99|0x0000000086300000, 0x0000000086300000, 0x0000000086400000|  0%| F|  |TAMS 0x0000000086300000, 0x0000000086300000| Untracked 
| 100|0x0000000086400000, 0x0000000086400000, 0x0000000086500000|  0%| F|  |TAMS 0x0000000086400000, 0x0000000086400000| Untracked 
| 101|0x0000000086500000, 0x0000000086500000, 0x0000000086600000|  0%| F|  |TAMS 0x0000000086500000, 0x0000000086500000| Untracked 
| 102|0x0000000086600000, 0x0000000086600000, 0x0000000086700000|  0%| F|  |TAMS 0x0000000086600000, 0x0000000086600000| Untracked 
| 103|0x0000000086700000, 0x0000000086700000, 0x0000000086800000|  0%| F|  |TAMS 0x0000000086700000, 0x0000000086700000| Untracked 
| 104|0x0000000086800000, 0x0000000086800000, 0x0000000086900000|  0%| F|  |TAMS 0x0000000086800000, 0x0000000086800000| Untracked 
| 105|0x0000000086900000, 0x0000000086900000, 0x0000000086a00000|  0%| F|  |TAMS 0x0000000086900000, 0x0000000086900000| Untracked 
| 106|0x0000000086a00000, 0x0000000086a00000, 0x0000000086b00000|  0%| F|  |TAMS 0x0000000086a00000, 0x0000000086a00000| Untracked 
| 107|0x0000000086b00000, 0x0000000086b00000, 0x0000000086c00000|  0%| F|  |TAMS 0x0000000086b00000, 0x0000000086b00000| Untracked 
| 108|0x0000000086c00000, 0x0000000086c00000, 0x0000000086d00000|  0%| F|  |TAMS 0x0000000086c00000, 0x0000000086c00000| Untracked 
| 109|0x0000000086d00000, 0x0000000086d00000, 0x0000000086e00000|  0%| F|  |TAMS 0x0000000086d00000, 0x0000000086d00000| Untracked 
| 110|0x0000000086e00000, 0x0000000086e00000, 0x0000000086f00000|  0%| F|  |TAMS 0x0000000086e00000, 0x0000000086e00000| Untracked 
| 111|0x0000000086f00000, 0x0000000086f00000, 0x0000000087000000|  0%| F|  |TAMS 0x0000000086f00000, 0x0000000086f00000| Untracked 
| 112|0x0000000087000000, 0x0000000087000000, 0x0000000087100000|  0%| F|  |TAMS 0x0000000087000000, 0x0000000087000000| Untracked 
| 113|0x0000000087100000, 0x0000000087100000, 0x0000000087200000|  0%| F|  |TAMS 0x0000000087100000, 0x0000000087100000| Untracked 
| 114|0x0000000087200000, 0x0000000087200000, 0x0000000087300000|  0%| F|  |TAMS 0x0000000087200000, 0x0000000087200000| Untracked 
| 115|0x0000000087300000, 0x0000000087300000, 0x0000000087400000|  0%| F|  |TAMS 0x0000000087300000, 0x0000000087300000| Untracked 
| 116|0x0000000087400000, 0x0000000087400000, 0x0000000087500000|  0%| F|  |TAMS 0x0000000087400000, 0x0000000087400000| Untracked 
| 117|0x0000000087500000, 0x0000000087500000, 0x0000000087600000|  0%| F|  |TAMS 0x0000000087500000, 0x0000000087500000| Untracked 
| 118|0x0000000087600000, 0x0000000087600000, 0x0000000087700000|  0%| F|  |TAMS 0x0000000087600000, 0x0000000087600000| Untracked 
| 119|0x0000000087700000, 0x0000000087700000, 0x0000000087800000|  0%| F|  |TAMS 0x0000000087700000, 0x0000000087700000| Untracked 
| 120|0x0000000087800000, 0x0000000087800000, 0x0000000087900000|  0%| F|  |TAMS 0x0000000087800000, 0x0000000087800000| Untracked 
| 121|0x0000000087900000, 0x0000000087900000, 0x0000000087a00000|  0%| F|  |TAMS 0x0000000087900000, 0x0000000087900000| Untracked 
| 122|0x0000000087a00000, 0x0000000087a00000, 0x0000000087b00000|  0%| F|  |TAMS 0x0000000087a00000, 0x0000000087a00000| Untracked 
| 123|0x0000000087b00000, 0x0000000087b00000, 0x0000000087c00000|  0%| F|  |TAMS 0x0000000087b00000, 0x0000000087b00000| Untracked 
| 124|0x0000000087c00000, 0x0000000087c00000, 0x0000000087d00000|  0%| F|  |TAMS 0x0000000087c00000, 0x0000000087c00000| Untracked 
| 125|0x0000000087d00000, 0x0000000087d00000, 0x0000000087e00000|  0%| F|  |TAMS 0x0000000087d00000, 0x0000000087d00000| Untracked 
| 126|0x0000000087e00000, 0x0000000087e00000, 0x0000000087f00000|  0%| F|  |TAMS 0x0000000087e00000, 0x0000000087e00000| Untracked 
| 127|0x0000000087f00000, 0x0000000087f00000, 0x0000000088000000|  0%| F|  |TAMS 0x0000000087f00000, 0x0000000087f00000| Untracked 
| 128|0x0000000088000000, 0x0000000088000000, 0x0000000088100000|  0%| F|  |TAMS 0x0000000088000000, 0x0000000088000000| Untracked 
| 129|0x0000000088100000, 0x0000000088100000, 0x0000000088200000|  0%| F|  |TAMS 0x0000000088100000, 0x0000000088100000| Untracked 
| 130|0x0000000088200000, 0x0000000088200000, 0x0000000088300000|  0%| F|  |TAMS 0x0000000088200000, 0x0000000088200000| Untracked 
| 131|0x0000000088300000, 0x0000000088300000, 0x0000000088400000|  0%| F|  |TAMS 0x0000000088300000, 0x0000000088300000| Untracked 
| 132|0x0000000088400000, 0x0000000088400000, 0x0000000088500000|  0%| F|  |TAMS 0x0000000088400000, 0x0000000088400000| Untracked 
| 133|0x0000000088500000, 0x0000000088500000, 0x0000000088600000|  0%| F|  |TAMS 0x0000000088500000, 0x0000000088500000| Untracked 
| 134|0x0000000088600000, 0x0000000088600000, 0x0000000088700000|  0%| F|  |TAMS 0x0000000088600000, 0x0000000088600000| Untracked 
| 135|0x0000000088700000, 0x0000000088700000, 0x0000000088800000|  0%| F|  |TAMS 0x0000000088700000, 0x0000000088700000| Untracked 
| 136|0x0000000088800000, 0x0000000088800000, 0x0000000088900000|  0%| F|  |TAMS 0x0000000088800000, 0x0000000088800000| Untracked 
| 137|0x0000000088900000, 0x0000000088900000, 0x0000000088a00000|  0%| F|  |TAMS 0x0000000088900000, 0x0000000088900000| Untracked 
| 138|0x0000000088a00000, 0x0000000088a00000, 0x0000000088b00000|  0%| F|  |TAMS 0x0000000088a00000, 0x0000000088a00000| Untracked 
| 139|0x0000000088b00000, 0x0000000088b00000, 0x0000000088c00000|  0%| F|  |TAMS 0x0000000088b00000, 0x0000000088b00000| Untracked 
| 140|0x0000000088c00000, 0x0000000088c00000, 0x0000000088d00000|  0%| F|  |TAMS 0x0000000088c00000, 0x0000000088c00000| Untracked 
| 141|0x0000000088d00000, 0x0000000088d00000, 0x0000000088e00000|  0%| F|  |TAMS 0x0000000088d00000, 0x0000000088d00000| Untracked 
| 142|0x0000000088e00000, 0x0000000088e00000, 0x0000000088f00000|  0%| F|  |TAMS 0x0000000088e00000, 0x0000000088e00000| Untracked 
| 143|0x0000000088f00000, 0x0000000088f00000, 0x0000000089000000|  0%| F|  |TAMS 0x0000000088f00000, 0x0000000088f00000| Untracked 
| 144|0x0000000089000000, 0x0000000089000000, 0x0000000089100000|  0%| F|  |TAMS 0x0000000089000000, 0x0000000089000000| Untracked 
| 145|0x0000000089100000, 0x0000000089100000, 0x0000000089200000|  0%| F|  |TAMS 0x0000000089100000, 0x0000000089100000| Untracked 
| 146|0x0000000089200000, 0x0000000089200000, 0x0000000089300000|  0%| F|  |TAMS 0x0000000089200000, 0x0000000089200000| Untracked 
| 147|0x0000000089300000, 0x0000000089300000, 0x0000000089400000|  0%| F|  |TAMS 0x0000000089300000, 0x0000000089300000| Untracked 
| 148|0x0000000089400000, 0x0000000089400000, 0x0000000089500000|  0%| F|  |TAMS 0x0000000089400000, 0x0000000089400000| Untracked 
| 149|0x0000000089500000, 0x0000000089500000, 0x0000000089600000|  0%| F|  |TAMS 0x0000000089500000, 0x0000000089500000| Untracked 
| 150|0x0000000089600000, 0x0000000089600000, 0x0000000089700000|  0%| F|  |TAMS 0x0000000089600000, 0x0000000089600000| Untracked 
| 151|0x0000000089700000, 0x0000000089700000, 0x0000000089800000|  0%| F|  |TAMS 0x0000000089700000, 0x0000000089700000| Untracked 
| 152|0x0000000089800000, 0x0000000089800000, 0x0000000089900000|  0%| F|  |TAMS 0x0000000089800000, 0x0000000089800000| Untracked 
| 153|0x0000000089900000, 0x0000000089900000, 0x0000000089a00000|  0%| F|  |TAMS 0x0000000089900000, 0x0000000089900000| Untracked 
| 154|0x0000000089a00000, 0x0000000089a00000, 0x0000000089b00000|  0%| F|  |TAMS 0x0000000089a00000, 0x0000000089a00000| Untracked 
| 155|0x0000000089b00000, 0x0000000089b00000, 0x0000000089c00000|  0%| F|  |TAMS 0x0000000089b00000, 0x0000000089b00000| Untracked 
| 156|0x0000000089c00000, 0x0000000089c00000, 0x0000000089d00000|  0%| F|  |TAMS 0x0000000089c00000, 0x0000000089c00000| Untracked 
| 157|0x0000000089d00000, 0x0000000089d00000, 0x0000000089e00000|  0%| F|  |TAMS 0x0000000089d00000, 0x0000000089d00000| Untracked 
| 158|0x0000000089e00000, 0x0000000089e00000, 0x0000000089f00000|  0%| F|  |TAMS 0x0000000089e00000, 0x0000000089e00000| Untracked 
| 159|0x0000000089f00000, 0x0000000089f00000, 0x000000008a000000|  0%| F|  |TAMS 0x0000000089f00000, 0x0000000089f00000| Untracked 
| 160|0x000000008a000000, 0x000000008a000000, 0x000000008a100000|  0%| F|  |TAMS 0x000000008a000000, 0x000000008a000000| Untracked 
| 161|0x000000008a100000, 0x000000008a100000, 0x000000008a200000|  0%| F|  |TAMS 0x000000008a100000, 0x000000008a100000| Untracked 
| 162|0x000000008a200000, 0x000000008a200000, 0x000000008a300000|  0%| F|  |TAMS 0x000000008a200000, 0x000000008a200000| Untracked 
| 163|0x000000008a300000, 0x000000008a300000, 0x000000008a400000|  0%| F|  |TAMS 0x000000008a300000, 0x000000008a300000| Untracked 
| 164|0x000000008a400000, 0x000000008a400000, 0x000000008a500000|  0%| F|  |TAMS 0x000000008a400000, 0x000000008a400000| Untracked 
| 165|0x000000008a500000, 0x000000008a500000, 0x000000008a600000|  0%| F|  |TAMS 0x000000008a500000, 0x000000008a500000| Untracked 
| 166|0x000000008a600000, 0x000000008a600000, 0x000000008a700000|  0%| F|  |TAMS 0x000000008a600000, 0x000000008a600000| Untracked 
| 167|0x000000008a700000, 0x000000008a700000, 0x000000008a800000|  0%| F|  |TAMS 0x000000008a700000, 0x000000008a700000| Untracked 
| 168|0x000000008a800000, 0x000000008a800000, 0x000000008a900000|  0%| F|  |TAMS 0x000000008a800000, 0x000000008a800000| Untracked 
| 169|0x000000008a900000, 0x000000008a900000, 0x000000008aa00000|  0%| F|  |TAMS 0x000000008a900000, 0x000000008a900000| Untracked 
| 170|0x000000008aa00000, 0x000000008aa00000, 0x000000008ab00000|  0%| F|  |TAMS 0x000000008aa00000, 0x000000008aa00000| Untracked 
| 171|0x000000008ab00000, 0x000000008ab00000, 0x000000008ac00000|  0%| F|  |TAMS 0x000000008ab00000, 0x000000008ab00000| Untracked 
| 172|0x000000008ac00000, 0x000000008ac00000, 0x000000008ad00000|  0%| F|  |TAMS 0x000000008ac00000, 0x000000008ac00000| Untracked 
| 173|0x000000008ad00000, 0x000000008ad00000, 0x000000008ae00000|  0%| F|  |TAMS 0x000000008ad00000, 0x000000008ad00000| Untracked 
| 174|0x000000008ae00000, 0x000000008ae00000, 0x000000008af00000|  0%| F|  |TAMS 0x000000008ae00000, 0x000000008ae00000| Untracked 
| 175|0x000000008af00000, 0x000000008af00000, 0x000000008b000000|  0%| F|  |TAMS 0x000000008af00000, 0x000000008af00000| Untracked 
| 176|0x000000008b000000, 0x000000008b000000, 0x000000008b100000|  0%| F|  |TAMS 0x000000008b000000, 0x000000008b000000| Untracked 
| 177|0x000000008b100000, 0x000000008b100000, 0x000000008b200000|  0%| F|  |TAMS 0x000000008b100000, 0x000000008b100000| Untracked 
| 178|0x000000008b200000, 0x000000008b200000, 0x000000008b300000|  0%| F|  |TAMS 0x000000008b200000, 0x000000008b200000| Untracked 
| 179|0x000000008b300000, 0x000000008b300000, 0x000000008b400000|  0%| F|  |TAMS 0x000000008b300000, 0x000000008b300000| Untracked 
| 180|0x000000008b400000, 0x000000008b400000, 0x000000008b500000|  0%| F|  |TAMS 0x000000008b400000, 0x000000008b400000| Untracked 
| 181|0x000000008b500000, 0x000000008b500000, 0x000000008b600000|  0%| F|  |TAMS 0x000000008b500000, 0x000000008b500000| Untracked 
| 182|0x000000008b600000, 0x000000008b600000, 0x000000008b700000|  0%| F|  |TAMS 0x000000008b600000, 0x000000008b600000| Untracked 
| 183|0x000000008b700000, 0x000000008b700000, 0x000000008b800000|  0%| F|  |TAMS 0x000000008b700000, 0x000000008b700000| Untracked 
| 184|0x000000008b800000, 0x000000008b800000, 0x000000008b900000|  0%| F|  |TAMS 0x000000008b800000, 0x000000008b800000| Untracked 
| 185|0x000000008b900000, 0x000000008b900000, 0x000000008ba00000|  0%| F|  |TAMS 0x000000008b900000, 0x000000008b900000| Untracked 
| 186|0x000000008ba00000, 0x000000008ba00000, 0x000000008bb00000|  0%| F|  |TAMS 0x000000008ba00000, 0x000000008ba00000| Untracked 
| 187|0x000000008bb00000, 0x000000008bb00000, 0x000000008bc00000|  0%| F|  |TAMS 0x000000008bb00000, 0x000000008bb00000| Untracked 
| 188|0x000000008bc00000, 0x000000008bc00000, 0x000000008bd00000|  0%| F|  |TAMS 0x000000008bc00000, 0x000000008bc00000| Untracked 
| 189|0x000000008bd00000, 0x000000008bd00000, 0x000000008be00000|  0%| F|  |TAMS 0x000000008bd00000, 0x000000008bd00000| Untracked 
| 190|0x000000008be00000, 0x000000008be00000, 0x000000008bf00000|  0%| F|  |TAMS 0x000000008be00000, 0x000000008be00000| Untracked 
| 191|0x000000008bf00000, 0x000000008bf00000, 0x000000008c000000|  0%| F|  |TAMS 0x000000008bf00000, 0x000000008bf00000| Untracked 
| 192|0x000000008c000000, 0x000000008c000000, 0x000000008c100000|  0%| F|  |TAMS 0x000000008c000000, 0x000000008c000000| Untracked 
| 193|0x000000008c100000, 0x000000008c100000, 0x000000008c200000|  0%| F|  |TAMS 0x000000008c100000, 0x000000008c100000| Untracked 
| 194|0x000000008c200000, 0x000000008c200000, 0x000000008c300000|  0%| F|  |TAMS 0x000000008c200000, 0x000000008c200000| Untracked 
| 195|0x000000008c300000, 0x000000008c300000, 0x000000008c400000|  0%| F|  |TAMS 0x000000008c300000, 0x000000008c300000| Untracked 
| 196|0x000000008c400000, 0x000000008c400000, 0x000000008c500000|  0%| F|  |TAMS 0x000000008c400000, 0x000000008c400000| Untracked 
| 197|0x000000008c500000, 0x000000008c500000, 0x000000008c600000|  0%| F|  |TAMS 0x000000008c500000, 0x000000008c500000| Untracked 
| 198|0x000000008c600000, 0x000000008c600000, 0x000000008c700000|  0%| F|  |TAMS 0x000000008c600000, 0x000000008c600000| Untracked 
| 199|0x000000008c700000, 0x000000008c700000, 0x000000008c800000|  0%| F|  |TAMS 0x000000008c700000, 0x000000008c700000| Untracked 
| 200|0x000000008c800000, 0x000000008c800000, 0x000000008c900000|  0%| F|  |TAMS 0x000000008c800000, 0x000000008c800000| Untracked 
| 201|0x000000008c900000, 0x000000008c900000, 0x000000008ca00000|  0%| F|  |TAMS 0x000000008c900000, 0x000000008c900000| Untracked 
| 202|0x000000008ca00000, 0x000000008ca00000, 0x000000008cb00000|  0%| F|  |TAMS 0x000000008ca00000, 0x000000008ca00000| Untracked 
| 203|0x000000008cb00000, 0x000000008cb00000, 0x000000008cc00000|  0%| F|  |TAMS 0x000000008cb00000, 0x000000008cb00000| Untracked 
| 204|0x000000008cc00000, 0x000000008cc00000, 0x000000008cd00000|  0%| F|  |TAMS 0x000000008cc00000, 0x000000008cc00000| Untracked 
| 205|0x000000008cd00000, 0x000000008cd00000, 0x000000008ce00000|  0%| F|  |TAMS 0x000000008cd00000, 0x000000008cd00000| Untracked 
| 206|0x000000008ce00000, 0x000000008ce00000, 0x000000008cf00000|  0%| F|  |TAMS 0x000000008ce00000, 0x000000008ce00000| Untracked 
| 207|0x000000008cf00000, 0x000000008cf00000, 0x000000008d000000|  0%| F|  |TAMS 0x000000008cf00000, 0x000000008cf00000| Untracked 
| 208|0x000000008d000000, 0x000000008d000000, 0x000000008d100000|  0%| F|  |TAMS 0x000000008d000000, 0x000000008d000000| Untracked 
| 209|0x000000008d100000, 0x000000008d100000, 0x000000008d200000|  0%| F|  |TAMS 0x000000008d100000, 0x000000008d100000| Untracked 
| 210|0x000000008d200000, 0x000000008d200000, 0x000000008d300000|  0%| F|  |TAMS 0x000000008d200000, 0x000000008d200000| Untracked 
| 211|0x000000008d300000, 0x000000008d300000, 0x000000008d400000|  0%| F|  |TAMS 0x000000008d300000, 0x000000008d300000| Untracked 
| 212|0x000000008d400000, 0x000000008d400000, 0x000000008d500000|  0%| F|  |TAMS 0x000000008d400000, 0x000000008d400000| Untracked 
| 213|0x000000008d500000, 0x000000008d500000, 0x000000008d600000|  0%| F|  |TAMS 0x000000008d500000, 0x000000008d500000| Untracked 
| 214|0x000000008d600000, 0x000000008d600000, 0x000000008d700000|  0%| F|  |TAMS 0x000000008d600000, 0x000000008d600000| Untracked 
| 215|0x000000008d700000, 0x000000008d700000, 0x000000008d800000|  0%| F|  |TAMS 0x000000008d700000, 0x000000008d700000| Untracked 
| 216|0x000000008d800000, 0x000000008d800000, 0x000000008d900000|  0%| F|  |TAMS 0x000000008d800000, 0x000000008d800000| Untracked 
| 217|0x000000008d900000, 0x000000008d900000, 0x000000008da00000|  0%| F|  |TAMS 0x000000008d900000, 0x000000008d900000| Untracked 
| 218|0x000000008da00000, 0x000000008da00000, 0x000000008db00000|  0%| F|  |TAMS 0x000000008da00000, 0x000000008da00000| Untracked 
| 219|0x000000008db00000, 0x000000008db00000, 0x000000008dc00000|  0%| F|  |TAMS 0x000000008db00000, 0x000000008db00000| Untracked 
| 220|0x000000008dc00000, 0x000000008dc00000, 0x000000008dd00000|  0%| F|  |TAMS 0x000000008dc00000, 0x000000008dc00000| Untracked 
| 221|0x000000008dd00000, 0x000000008dd00000, 0x000000008de00000|  0%| F|  |TAMS 0x000000008dd00000, 0x000000008dd00000| Untracked 
| 222|0x000000008de00000, 0x000000008de00000, 0x000000008df00000|  0%| F|  |TAMS 0x000000008de00000, 0x000000008de00000| Untracked 
| 223|0x000000008df00000, 0x000000008df00000, 0x000000008e000000|  0%| F|  |TAMS 0x000000008df00000, 0x000000008df00000| Untracked 
| 224|0x000000008e000000, 0x000000008e000000, 0x000000008e100000|  0%| F|  |TAMS 0x000000008e000000, 0x000000008e000000| Untracked 
| 225|0x000000008e100000, 0x000000008e100000, 0x000000008e200000|  0%| F|  |TAMS 0x000000008e100000, 0x000000008e100000| Untracked 
| 226|0x000000008e200000, 0x000000008e200000, 0x000000008e300000|  0%| F|  |TAMS 0x000000008e200000, 0x000000008e200000| Untracked 
| 227|0x000000008e300000, 0x000000008e34a370, 0x000000008e400000| 28%| S|CS|TAMS 0x000000008e300000, 0x000000008e300000| Complete 
| 228|0x000000008e400000, 0x000000008e500000, 0x000000008e500000|100%| S|CS|TAMS 0x000000008e400000, 0x000000008e400000| Complete 
| 229|0x000000008e500000, 0x000000008e600000, 0x000000008e600000|100%| S|CS|TAMS 0x000000008e500000, 0x000000008e500000| Complete 
| 230|0x000000008e600000, 0x000000008e700000, 0x000000008e700000|100%| S|CS|TAMS 0x000000008e600000, 0x000000008e600000| Complete 
| 231|0x000000008e700000, 0x000000008e800000, 0x000000008e800000|100%| S|CS|TAMS 0x000000008e700000, 0x000000008e700000| Complete 
| 232|0x000000008e800000, 0x000000008e900000, 0x000000008e900000|100%| S|CS|TAMS 0x000000008e800000, 0x000000008e800000| Complete 
| 233|0x000000008e900000, 0x000000008e900000, 0x000000008ea00000|  0%| F|  |TAMS 0x000000008e900000, 0x000000008e900000| Untracked 
| 234|0x000000008ea00000, 0x000000008ea00000, 0x000000008eb00000|  0%| F|  |TAMS 0x000000008ea00000, 0x000000008ea00000| Untracked 
| 235|0x000000008eb00000, 0x000000008eb00000, 0x000000008ec00000|  0%| F|  |TAMS 0x000000008eb00000, 0x000000008eb00000| Untracked 
| 236|0x000000008ec00000, 0x000000008ec00000, 0x000000008ed00000|  0%| F|  |TAMS 0x000000008ec00000, 0x000000008ec00000| Untracked 
| 237|0x000000008ed00000, 0x000000008ed00000, 0x000000008ee00000|  0%| F|  |TAMS 0x000000008ed00000, 0x000000008ed00000| Untracked 
| 238|0x000000008ee00000, 0x000000008ee00000, 0x000000008ef00000|  0%| F|  |TAMS 0x000000008ee00000, 0x000000008ee00000| Untracked 
| 239|0x000000008ef00000, 0x000000008ef00000, 0x000000008f000000|  0%| F|  |TAMS 0x000000008ef00000, 0x000000008ef00000| Untracked 
| 240|0x000000008f000000, 0x000000008f000000, 0x000000008f100000|  0%| F|  |TAMS 0x000000008f000000, 0x000000008f000000| Untracked 
| 241|0x000000008f100000, 0x000000008f100000, 0x000000008f200000|  0%| F|  |TAMS 0x000000008f100000, 0x000000008f100000| Untracked 
| 242|0x000000008f200000, 0x000000008f200000, 0x000000008f300000|  0%| F|  |TAMS 0x000000008f200000, 0x000000008f200000| Untracked 
| 243|0x000000008f300000, 0x000000008f300000, 0x000000008f400000|  0%| F|  |TAMS 0x000000008f300000, 0x000000008f300000| Untracked 
| 244|0x000000008f400000, 0x000000008f400000, 0x000000008f500000|  0%| F|  |TAMS 0x000000008f400000, 0x000000008f400000| Untracked 
| 245|0x000000008f500000, 0x000000008f500000, 0x000000008f600000|  0%| F|  |TAMS 0x000000008f500000, 0x000000008f500000| Untracked 
| 246|0x000000008f600000, 0x000000008f600000, 0x000000008f700000|  0%| F|  |TAMS 0x000000008f600000, 0x000000008f600000| Untracked 
| 247|0x000000008f700000, 0x000000008f700000, 0x000000008f800000|  0%| F|  |TAMS 0x000000008f700000, 0x000000008f700000| Untracked 
| 248|0x000000008f800000, 0x000000008f800000, 0x000000008f900000|  0%| F|  |TAMS 0x000000008f800000, 0x000000008f800000| Untracked 
| 249|0x000000008f900000, 0x000000008f900000, 0x000000008fa00000|  0%| F|  |TAMS 0x000000008f900000, 0x000000008f900000| Untracked 
| 250|0x000000008fa00000, 0x000000008fa00000, 0x000000008fb00000|  0%| F|  |TAMS 0x000000008fa00000, 0x000000008fa00000| Untracked 
| 251|0x000000008fb00000, 0x000000008fb00000, 0x000000008fc00000|  0%| F|  |TAMS 0x000000008fb00000, 0x000000008fb00000| Untracked 
| 252|0x000000008fc00000, 0x000000008fc00000, 0x000000008fd00000|  0%| F|  |TAMS 0x000000008fc00000, 0x000000008fc00000| Untracked 
| 253|0x000000008fd00000, 0x000000008fd00000, 0x000000008fe00000|  0%| F|  |TAMS 0x000000008fd00000, 0x000000008fd00000| Untracked 
| 254|0x000000008fe00000, 0x000000008fe00000, 0x000000008ff00000|  0%| F|  |TAMS 0x000000008fe00000, 0x000000008fe00000| Untracked 
| 255|0x000000008ff00000, 0x000000008ff00000, 0x0000000090000000|  0%| F|  |TAMS 0x000000008ff00000, 0x000000008ff00000| Untracked 
| 256|0x0000000090000000, 0x0000000090000000, 0x0000000090100000|  0%| F|  |TAMS 0x0000000090000000, 0x0000000090000000| Untracked 
| 257|0x0000000090100000, 0x0000000090100000, 0x0000000090200000|  0%| F|  |TAMS 0x0000000090100000, 0x0000000090100000| Untracked 
| 258|0x0000000090200000, 0x0000000090200000, 0x0000000090300000|  0%| F|  |TAMS 0x0000000090200000, 0x0000000090200000| Untracked 
| 259|0x0000000090300000, 0x0000000090300000, 0x0000000090400000|  0%| F|  |TAMS 0x0000000090300000, 0x0000000090300000| Untracked 
| 260|0x0000000090400000, 0x0000000090400000, 0x0000000090500000|  0%| F|  |TAMS 0x0000000090400000, 0x0000000090400000| Untracked 
| 261|0x0000000090500000, 0x0000000090600000, 0x0000000090600000|100%| E|  |TAMS 0x0000000090500000, 0x0000000090500000| Complete 
| 262|0x0000000090600000, 0x0000000090700000, 0x0000000090700000|100%| E|CS|TAMS 0x0000000090600000, 0x0000000090600000| Complete 
| 263|0x0000000090700000, 0x0000000090800000, 0x0000000090800000|100%| E|CS|TAMS 0x0000000090700000, 0x0000000090700000| Complete 
| 264|0x0000000090800000, 0x0000000090900000, 0x0000000090900000|100%| E|CS|TAMS 0x0000000090800000, 0x0000000090800000| Complete 
| 265|0x0000000090900000, 0x0000000090a00000, 0x0000000090a00000|100%| E|CS|TAMS 0x0000000090900000, 0x0000000090900000| Complete 
| 266|0x0000000090a00000, 0x0000000090b00000, 0x0000000090b00000|100%| E|CS|TAMS 0x0000000090a00000, 0x0000000090a00000| Complete 
| 267|0x0000000090b00000, 0x0000000090c00000, 0x0000000090c00000|100%| E|CS|TAMS 0x0000000090b00000, 0x0000000090b00000| Complete 
| 268|0x0000000090c00000, 0x0000000090d00000, 0x0000000090d00000|100%| E|CS|TAMS 0x0000000090c00000, 0x0000000090c00000| Complete 
| 269|0x0000000090d00000, 0x0000000090e00000, 0x0000000090e00000|100%| E|CS|TAMS 0x0000000090d00000, 0x0000000090d00000| Complete 
| 270|0x0000000090e00000, 0x0000000090f00000, 0x0000000090f00000|100%| E|CS|TAMS 0x0000000090e00000, 0x0000000090e00000| Complete 
| 271|0x0000000090f00000, 0x0000000091000000, 0x0000000091000000|100%| E|CS|TAMS 0x0000000090f00000, 0x0000000090f00000| Complete 
| 272|0x0000000091000000, 0x0000000091100000, 0x0000000091100000|100%| E|CS|TAMS 0x0000000091000000, 0x0000000091000000| Complete 
| 273|0x0000000091100000, 0x0000000091200000, 0x0000000091200000|100%| E|CS|TAMS 0x0000000091100000, 0x0000000091100000| Complete 
| 274|0x0000000091200000, 0x0000000091300000, 0x0000000091300000|100%| E|CS|TAMS 0x0000000091200000, 0x0000000091200000| Complete 
| 275|0x0000000091300000, 0x0000000091400000, 0x0000000091400000|100%| E|CS|TAMS 0x0000000091300000, 0x0000000091300000| Complete 
| 276|0x0000000091400000, 0x0000000091500000, 0x0000000091500000|100%| E|CS|TAMS 0x0000000091400000, 0x0000000091400000| Complete 
| 277|0x0000000091500000, 0x0000000091600000, 0x0000000091600000|100%| E|CS|TAMS 0x0000000091500000, 0x0000000091500000| Complete 
| 278|0x0000000091600000, 0x0000000091700000, 0x0000000091700000|100%| E|CS|TAMS 0x0000000091600000, 0x0000000091600000| Complete 
| 279|0x0000000091700000, 0x0000000091800000, 0x0000000091800000|100%| E|CS|TAMS 0x0000000091700000, 0x0000000091700000| Complete 

Card table byte_map: [0x000002b55f680000,0x000002b55fa80000] _byte_map_base: 0x000002b55f280000

Marking Bits (Prev, Next): (CMBitMap*) 0x000002b5481c3010, (CMBitMap*) 0x000002b5481c3050
 Prev Bits: [0x000002b55fe80000, 0x000002b561e80000)
 Next Bits: [0x000002b561e80000, 0x000002b563e80000)

Polling page: 0x000002b547930000

Metaspace:

Usage:
  Non-class:     71.04 MB used.
      Class:     11.62 MB used.
       Both:     82.65 MB used.

Virtual space:
  Non-class space:       80.00 MB reserved,      71.50 MB ( 89%) committed,  10 nodes.
      Class space:        1.00 GB reserved,      12.00 MB (  1%) committed,  1 nodes.
             Both:        1.08 GB reserved,      83.50 MB (  8%) committed. 

Chunk freelists:
   Non-Class:  3.61 MB
       Class:  39.00 KB
        Both:  3.65 MB

MaxMetaspaceSize: unlimited
CompressedClassSpaceSize: 1.00 GB
Initial GC threshold: 21.00 MB
Current GC threshold: 126.88 MB
CDS: on
MetaspaceReclaimPolicy: balanced
 - commit_granule_bytes: 65536.
 - commit_granule_words: 8192.
 - virtual_space_node_default_size: 1048576.
 - enlarge_chunks_in_place: 1.
 - new_chunks_are_fully_committed: 0.
 - uncommit_free_chunks: 1.
 - use_allocation_guard: 0.
 - handle_deallocations: 1.


Internal statistics:

num_allocs_failed_limit: 6.
num_arena_births: 1104.
num_arena_deaths: 2.
num_vsnodes_births: 11.
num_vsnodes_deaths: 0.
num_space_committed: 1336.
num_space_uncommitted: 0.
num_chunks_returned_to_freelist: 12.
num_chunks_taken_from_freelist: 4849.
num_chunk_merges: 6.
num_chunk_splits: 3092.
num_chunks_enlarged: 1949.
num_purges: 2.
num_inconsistent_stats: 0.

CodeHeap 'non-profiled nmethods': size=119168Kb used=6125Kb max_used=6125Kb free=113042Kb
 bounds [0x000002b557580000, 0x000002b557b80000, 0x000002b55e9e0000]
CodeHeap 'profiled nmethods': size=119104Kb used=20587Kb max_used=20587Kb free=98516Kb
 bounds [0x000002b54f9e0000, 0x000002b550e00000, 0x000002b556e30000]
CodeHeap 'non-nmethods': size=7488Kb used=2404Kb max_used=4121Kb free=5083Kb
 bounds [0x000002b556e30000, 0x000002b557250000, 0x000002b557580000]
 total_blobs=12445 nmethods=11507 adapters=850
 compilation: enabled
              stopped_count=0, restarted_count=0
 full_count=0

Compilation events (20 events):
Event: 103.889 Thread 0x000002b566f02b80 13440       3       com.android.build.gradle.internal.services.BaseServicesImpl::getBuildServiceRegistry (8 bytes)
Event: 103.890 Thread 0x000002b566f02b80 nmethod 13440 0x000002b550df1890 code [0x000002b550df1a20, 0x000002b550df1b58]
Event: 103.920 Thread 0x000002b566f02b80 13441       3       java.util.concurrent.ThreadPoolExecutor$Worker::unlock (7 bytes)
Event: 103.922 Thread 0x000002b566efebe0 nmethod 13408 0x000002b557b78d90 code [0x000002b557b78fc0, 0x000002b557b7a5c8]
Event: 103.922 Thread 0x000002b566efebe0 13437       4       org.gradle.internal.instantiation.generator.AbstractClassGenerator::inspectType (560 bytes)
Event: 103.958 Thread 0x000002b566f02b80 nmethod 13441 0x000002b550df1c10 code [0x000002b550df1dc0, 0x000002b550df2028]
Event: 103.958 Thread 0x000002b566f02b80 13442       3       org.gradle.api.DefaultTask::getProject (5 bytes)
Event: 103.960 Thread 0x000002b566f02b80 nmethod 13442 0x000002b550df2110 code [0x000002b550df2340, 0x000002b550df2ba8]
Event: 103.960 Thread 0x000002b566f02b80 13443       3       org.gradle.api.internal.AbstractTask::getProject (15 bytes)
Event: 103.961 Thread 0x000002b566f02b80 nmethod 13443 0x000002b550df2f10 code [0x000002b550df3120, 0x000002b550df3908]
Event: 103.961 Thread 0x000002b566f02b80 13444       3       org.gradle.configurationcache.AbstractTaskProjectAccessChecker::notifyProjectAccess (31 bytes)
Event: 103.962 Thread 0x000002b566f02b80 nmethod 13444 0x000002b550df3c10 code [0x000002b550df3f00, 0x000002b550df4e88]
Event: 104.212 Thread 0x000002b566f02b80 13447       3       java.lang.invoke.InvokerBytecodeGenerator::<init> (12 bytes)
Event: 104.213 Thread 0x000002b566f02b80 nmethod 13447 0x000002b550df5410 code [0x000002b550df55c0, 0x000002b550df5758]
Event: 104.213 Thread 0x000002b566f02b80 13448       3       java.lang.invoke.InvokerBytecodeGenerator::generateCustomizedCodeBytes (44 bytes)
Event: 104.214 Thread 0x000002b566f02b80 nmethod 13448 0x000002b550df5890 code [0x000002b550df5aa0, 0x000002b550df5ed8]
Event: 104.335 Thread 0x000002b566f02b80 13449   !   3       org.gradle.util.internal.GUtil::uncheckedCall (13 bytes)
Event: 104.336 Thread 0x000002b566f02b80 nmethod 13449 0x000002b550df6110 code [0x000002b550df62c0, 0x000002b550df6538]
Event: 104.341 Thread 0x000002b566f02b80 13450       3       java.util.HashMap$TreeNode::rotateLeft (91 bytes)
Event: 104.343 Thread 0x000002b566f02b80 nmethod 13450 0x000002b550df6690 code [0x000002b550df6860, 0x000002b550df6d58]

GC Heap History (20 events):
Event: 17.486 GC heap before
{Heap before GC invocations=52 (full 0):
 garbage-first heap   total 135168K, used 80165K [0x0000000080000000, 0x0000000100000000)
  region size 1024K, 6 young (6144K), 3 survivors (3072K)
 Metaspace       used 71187K, committed 71808K, reserved 1114112K
  class space    used 9817K, committed 10112K, reserved 1048576K
}
Event: 17.489 GC heap after
{Heap after GC invocations=53 (full 0):
 garbage-first heap   total 135168K, used 77114K [0x0000000080000000, 0x0000000100000000)
  region size 1024K, 1 young (1024K), 1 survivors (1024K)
 Metaspace       used 71187K, committed 71808K, reserved 1114112K
  class space    used 9817K, committed 10112K, reserved 1048576K
}
Event: 18.399 GC heap before
{Heap before GC invocations=53 (full 0):
 garbage-first heap   total 135168K, used 109882K [0x0000000080000000, 0x0000000100000000)
  region size 1024K, 33 young (33792K), 1 survivors (1024K)
 Metaspace       used 73420K, committed 74048K, reserved 1114112K
  class space    used 10265K, committed 10560K, reserved 1048576K
}
Event: 18.402 GC heap after
{Heap after GC invocations=54 (full 0):
 garbage-first heap   total 135168K, used 78074K [0x0000000080000000, 0x0000000100000000)
  region size 1024K, 2 young (2048K), 2 survivors (2048K)
 Metaspace       used 73420K, committed 74048K, reserved 1114112K
  class space    used 10265K, committed 10560K, reserved 1048576K
}
Event: 19.159 GC heap before
{Heap before GC invocations=55 (full 0):
 garbage-first heap   total 137216K, used 110842K [0x0000000080000000, 0x0000000100000000)
  region size 1024K, 34 young (34816K), 2 survivors (2048K)
 Metaspace       used 75777K, committed 76416K, reserved 1122304K
  class space    used 10588K, committed 10880K, reserved 1048576K
}
Event: 19.163 GC heap after
{Heap after GC invocations=56 (full 0):
 garbage-first heap   total 137216K, used 79756K [0x0000000080000000, 0x0000000100000000)
  region size 1024K, 3 young (3072K), 3 survivors (3072K)
 Metaspace       used 75777K, committed 76416K, reserved 1122304K
  class space    used 10588K, committed 10880K, reserved 1048576K
}
Event: 39.308 GC heap before
{Heap before GC invocations=56 (full 0):
 garbage-first heap   total 137216K, used 113548K [0x0000000080000000, 0x0000000100000000)
  region size 1024K, 37 young (37888K), 3 survivors (3072K)
 Metaspace       used 77217K, committed 77952K, reserved 1122304K
  class space    used 10812K, committed 11136K, reserved 1048576K
}
Event: 39.789 GC heap after
{Heap after GC invocations=57 (full 0):
 garbage-first heap   total 137216K, used 84263K [0x0000000080000000, 0x0000000100000000)
  region size 1024K, 5 young (5120K), 5 survivors (5120K)
 Metaspace       used 77217K, committed 77952K, reserved 1122304K
  class space    used 10812K, committed 11136K, reserved 1048576K
}
Event: 47.629 GC heap before
{Heap before GC invocations=58 (full 0):
 garbage-first heap   total 143360K, used 101671K [0x0000000080000000, 0x0000000100000000)
  region size 1024K, 22 young (22528K), 5 survivors (5120K)
 Metaspace       used 77717K, committed 78464K, reserved 1122304K
  class space    used 10865K, committed 11200K, reserved 1048576K
}
Event: 48.182 GC heap after
{Heap after GC invocations=59 (full 0):
 garbage-first heap   total 143360K, used 87068K [0x0000000080000000, 0x0000000100000000)
  region size 1024K, 3 young (3072K), 3 survivors (3072K)
 Metaspace       used 77717K, committed 78464K, reserved 1122304K
  class space    used 10865K, committed 11200K, reserved 1048576K
}
Event: 49.090 GC heap before
{Heap before GC invocations=59 (full 0):
 garbage-first heap   total 143360K, used 90140K [0x0000000080000000, 0x0000000100000000)
  region size 1024K, 7 young (7168K), 3 survivors (3072K)
 Metaspace       used 77729K, committed 78464K, reserved 1122304K
  class space    used 10866K, committed 11200K, reserved 1048576K
}
Event: 49.156 GC heap after
{Heap after GC invocations=60 (full 0):
 garbage-first heap   total 286720K, used 87197K [0x0000000080000000, 0x0000000100000000)
  region size 1024K, 1 young (1024K), 1 survivors (1024K)
 Metaspace       used 77729K, committed 78464K, reserved 1122304K
  class space    used 10866K, committed 11200K, reserved 1048576K
}
Event: 57.271 GC heap before
{Heap before GC invocations=60 (full 0):
 garbage-first heap   total 286720K, used 100509K [0x0000000080000000, 0x0000000100000000)
  region size 1024K, 14 young (14336K), 1 survivors (1024K)
 Metaspace       used 78182K, committed 78912K, reserved 1122304K
  class space    used 10921K, committed 11264K, reserved 1048576K
}
Event: 57.285 GC heap after
{Heap after GC invocations=61 (full 0):
 garbage-first heap   total 286720K, used 89088K [0x0000000080000000, 0x0000000100000000)
  region size 1024K, 2 young (2048K), 2 survivors (2048K)
 Metaspace       used 78182K, committed 78912K, reserved 1122304K
  class space    used 10921K, committed 11264K, reserved 1048576K
}
Event: 64.822 GC heap before
{Heap before GC invocations=61 (full 0):
 garbage-first heap   total 286720K, used 101376K [0x0000000080000000, 0x0000000100000000)
  region size 1024K, 14 young (14336K), 2 survivors (2048K)
 Metaspace       used 79229K, committed 80064K, reserved 1122304K
  class space    used 11086K, committed 11456K, reserved 1048576K
}
Event: 64.851 GC heap after
{Heap after GC invocations=62 (full 0):
 garbage-first heap   total 286720K, used 90480K [0x0000000080000000, 0x0000000100000000)
  region size 1024K, 2 young (2048K), 2 survivors (2048K)
 Metaspace       used 79229K, committed 80064K, reserved 1122304K
  class space    used 11086K, committed 11456K, reserved 1048576K
}
Event: 85.160 GC heap before
{Heap before GC invocations=62 (full 0):
 garbage-first heap   total 286720K, used 119152K [0x0000000080000000, 0x0000000100000000)
  region size 1024K, 29 young (29696K), 2 survivors (2048K)
 Metaspace       used 81254K, committed 82048K, reserved 1122304K
  class space    used 11409K, committed 11776K, reserved 1048576K
}
Event: 85.175 GC heap after
{Heap after GC invocations=63 (full 0):
 garbage-first heap   total 286720K, used 92946K [0x0000000080000000, 0x0000000100000000)
  region size 1024K, 3 young (3072K), 3 survivors (3072K)
 Metaspace       used 81254K, committed 82048K, reserved 1122304K
  class space    used 11409K, committed 11776K, reserved 1048576K
}
Event: 102.975 GC heap before
{Heap before GC invocations=63 (full 0):
 garbage-first heap   total 286720K, used 138002K [0x0000000080000000, 0x0000000100000000)
  region size 1024K, 47 young (48128K), 3 survivors (3072K)
 Metaspace       used 83591K, committed 84416K, reserved 1122304K
  class space    used 11724K, committed 12096K, reserved 1048576K
}
Event: 103.007 GC heap after
{Heap after GC invocations=64 (full 0):
 garbage-first heap   total 286720K, used 95654K [0x0000000080000000, 0x0000000100000000)
  region size 1024K, 6 young (6144K), 6 survivors (6144K)
 Metaspace       used 83591K, committed 84416K, reserved 1122304K
  class space    used 11724K, committed 12096K, reserved 1048576K
}

Deoptimization events (20 events):
Event: 102.865 Thread 0x000002b569cab840 DEOPT PACKING pc=0x000002b550d8769e sp=0x000000d9918f9d50
Event: 102.865 Thread 0x000002b569cab840 DEOPT UNPACKING pc=0x000002b556e82b43 sp=0x000000d9918f92f0 mode 0
Event: 103.043 Thread 0x000002b569cab840 DEOPT PACKING pc=0x000002b550d87ba5 sp=0x000000d9918f9d50
Event: 103.043 Thread 0x000002b569cab840 DEOPT UNPACKING pc=0x000002b556e82b43 sp=0x000000d9918f92f0 mode 0
Event: 103.101 Thread 0x000002b569cab840 Uncommon trap: trap_request=0xffffffbe fr.pc=0x000002b557b4a140 relative=0x0000000000001aa0
Event: 103.102 Thread 0x000002b569cab840 Uncommon trap: reason=profile_predicate action=maybe_recompile pc=0x000002b557b4a140 method=org.gradle.api.internal.attributes.DefaultImmutableAttributesFactory.doConcatIsolatable(Lorg/gradle/api/internal/attributes/ImmutableAttributes;Lorg/gradle/api/att
Event: 103.102 Thread 0x000002b569cab840 DEOPT PACKING pc=0x000002b557b4a140 sp=0x000000d9918f97c0
Event: 103.102 Thread 0x000002b569cab840 DEOPT UNPACKING pc=0x000002b556e823a3 sp=0x000000d9918f9778 mode 2
Event: 103.102 Thread 0x000002b569cab840 Uncommon trap: trap_request=0xffffffbe fr.pc=0x000002b557b4a140 relative=0x0000000000001aa0
Event: 103.102 Thread 0x000002b569cab840 Uncommon trap: reason=profile_predicate action=maybe_recompile pc=0x000002b557b4a140 method=org.gradle.api.internal.attributes.DefaultImmutableAttributesFactory.doConcatIsolatable(Lorg/gradle/api/internal/attributes/ImmutableAttributes;Lorg/gradle/api/att
Event: 103.102 Thread 0x000002b569cab840 DEOPT PACKING pc=0x000002b557b4a140 sp=0x000000d9918f9730
Event: 103.104 Thread 0x000002b569cab840 DEOPT UNPACKING pc=0x000002b556e823a3 sp=0x000000d9918f96e8 mode 2
Event: 103.711 Thread 0x000002b569cab840 DEOPT PACKING pc=0x000002b54fc0d4c4 sp=0x000000d9918fa5e0
Event: 103.711 Thread 0x000002b569cab840 DEOPT UNPACKING pc=0x000002b556e82b43 sp=0x000000d9918f9b00 mode 0
Event: 103.772 Thread 0x000002b569cab840 DEOPT PACKING pc=0x000002b550d87ba5 sp=0x000000d9918f9d50
Event: 103.772 Thread 0x000002b569cab840 DEOPT UNPACKING pc=0x000002b556e82b43 sp=0x000000d9918f92f0 mode 0
Event: 103.881 Thread 0x000002b569cab840 DEOPT PACKING pc=0x000002b550d87795 sp=0x000000d9918f9d50
Event: 103.881 Thread 0x000002b569cab840 DEOPT UNPACKING pc=0x000002b556e82b43 sp=0x000000d9918f92f0 mode 0
Event: 104.108 Thread 0x000002b569cab840 DEOPT PACKING pc=0x000002b550d876c4 sp=0x000000d9918f9020
Event: 104.108 Thread 0x000002b569cab840 DEOPT UNPACKING pc=0x000002b556e82b43 sp=0x000000d9918f85c0 mode 0

Classes unloaded (5 events):
Event: 9.779 Thread 0x000002b566edb420 Unloading class 0x000000080115c000 '_BuildScript_$_run_closure1$_closure2'
Event: 9.779 Thread 0x000002b566edb420 Unloading class 0x0000000801154a98 '_BuildScript_$_run_closure1'
Event: 9.779 Thread 0x000002b566edb420 Unloading class 0x0000000801154568 '_BuildScript_'
Event: 9.779 Thread 0x000002b566edb420 Unloading class 0x00000008011542b0 'GradleAnnotationProcessorPatchPlugin$AnnotationProcessorModelBuilder'
Event: 9.779 Thread 0x000002b566edb420 Unloading class 0x0000000801154000 'GradleAnnotationProcessorPatchPlugin'

Classes redefined (0 events):
No events

Internal exceptions (20 events):
Event: 58.162 Thread 0x000002b569cab840 Implicit null exception at 0x000002b557a36945 to 0x000002b557a37b08
Event: 61.597 Thread 0x000002b56ce1f0c0 Exception <a 'java/lang/NoSuchMethodError'{0x0000000090d60670}: static Lorg/gradle/tooling/internal/provider/PhasedBuildActionResult;.<clinit>()V> (0x0000000090d60670) 
thrown [s\open\src\hotspot\share\prims\jni.cpp, line 1107]
Event: 61.628 Thread 0x000002b56ce1f0c0 Exception <a 'java/lang/NoSuchMethodError'{0x0000000090d96cf8}: static Lorg/gradle/tooling/internal/provider/serialization/SerializedPayload;.<clinit>()V> (0x0000000090d96cf8) 
thrown [s\open\src\hotspot\share\prims\jni.cpp, line 1107]
Event: 70.571 Thread 0x000002b56ce1f0c0 Exception <a 'java/lang/NoSuchMethodError'{0x00000000912d2778}: static Lorg/gradle/internal/build/event/types/DefaultTaskStartedProgressEvent;.<clinit>()V> (0x00000000912d2778) 
thrown [s\open\src\hotspot\share\prims\jni.cpp, line 1107]
Event: 70.574 Thread 0x000002b56ce1f0c0 Exception <a 'java/lang/NoSuchMethodError'{0x00000000912dc8b0}: static Lorg/gradle/internal/build/event/types/DefaultTaskDescriptor;.<clinit>()V> (0x00000000912dc8b0) 
thrown [s\open\src\hotspot\share\prims\jni.cpp, line 1107]
Event: 70.935 Thread 0x000002b56ce1f0c0 Exception <a 'java/lang/NoSuchMethodError'{0x00000000911089a8}: static Lorg/gradle/internal/build/event/types/DefaultTaskFinishedProgressEvent;.<clinit>()V> (0x00000000911089a8) 
thrown [s\open\src\hotspot\share\prims\jni.cpp, line 1107]
Event: 71.067 Thread 0x000002b56ce1f0c0 Exception <a 'java/lang/NoSuchMethodError'{0x00000000911259c0}: static Lorg/gradle/internal/build/event/types/DefaultTaskSuccessResult;.<clinit>()V> (0x00000000911259c0) 
thrown [s\open\src\hotspot\share\prims\jni.cpp, line 1107]
Event: 71.068 Thread 0x000002b56ce1f0c0 Exception <a 'java/lang/NoSuchMethodError'{0x0000000091126c30}: static Lorg/gradle/internal/build/event/types/AbstractTaskResult;.<clinit>()V> (0x0000000091126c30) 
thrown [s\open\src\hotspot\share\prims\jni.cpp, line 1107]
Event: 71.648 Thread 0x000002b569cab840 Exception <a 'java/lang/NoSuchMethodError'{0x000000009113ee40}: 'java.lang.Object java.lang.invoke.DirectMethodHandle$Holder.invokeStatic(java.lang.Object, int, java.lang.Object)'> (0x000000009113ee40) 
thrown [s\open\src\hotspot\share\interpreter\linkResolver.cpp, line 759]
Event: 90.644 Thread 0x000002b569cab840 Exception <a 'java/lang/NoClassDefFoundError'{0x000000008f5f6608}: org/jetbrains/kotlin/gradle/plugin/KotlinBasePluginWrapper> (0x000000008f5f6608) 
thrown [s\open\src\hotspot\share\oops\constantPool.cpp, line 835]
Event: 91.589 Thread 0x000002b569cab840 Exception <a 'java/lang/NoClassDefFoundError'{0x000000008f4155a8}: org/jetbrains/kotlin/gradle/plugin/KotlinBasePluginWrapper> (0x000000008f4155a8) 
thrown [s\open\src\hotspot\share\oops\constantPool.cpp, line 835]
Event: 91.866 Thread 0x000002b569cab840 Exception <a 'java/lang/NoClassDefFoundError'{0x000000008f432e38}: org/jetbrains/kotlin/gradle/plugin/KotlinBasePluginWrapper> (0x000000008f432e38) 
thrown [s\open\src\hotspot\share\oops\constantPool.cpp, line 835]
Event: 91.886 Thread 0x000002b569cab840 Exception <a 'java/lang/NoClassDefFoundError'{0x000000008f453860}: org/jetbrains/kotlin/gradle/plugin/KotlinBasePluginWrapper> (0x000000008f453860) 
thrown [s\open\src\hotspot\share\oops\constantPool.cpp, line 835]
Event: 91.894 Thread 0x000002b569cab840 Exception <a 'java/lang/NoClassDefFoundError'{0x000000008f470ed8}: org/jetbrains/kotlin/gradle/plugin/KotlinBasePluginWrapper> (0x000000008f470ed8) 
thrown [s\open\src\hotspot\share\oops\constantPool.cpp, line 835]
Event: 97.988 Thread 0x000002b569cab840 Exception <a 'java/lang/NoClassDefFoundError'{0x000000008f2d4868}: org/jetbrains/kotlin/gradle/plugin/KotlinBasePluginWrapper> (0x000000008f2d4868) 
thrown [s\open\src\hotspot\share\oops\constantPool.cpp, line 835]
Event: 99.148 Thread 0x000002b569cab840 Exception <a 'java/lang/NoClassDefFoundError'{0x000000008f2f4a20}: org/jetbrains/kotlin/gradle/plugin/KotlinBasePluginWrapper> (0x000000008f2f4a20) 
thrown [s\open\src\hotspot\share\oops\constantPool.cpp, line 835]
Event: 101.177 Thread 0x000002b569cab840 Exception <a 'java/lang/NoClassDefFoundError'{0x000000008f125bb8}: org/jetbrains/kotlin/gradle/plugin/KotlinBasePluginWrapper> (0x000000008f125bb8) 
thrown [s\open\src\hotspot\share\oops\constantPool.cpp, line 835]
Event: 101.537 Thread 0x000002b569cab840 Exception <a 'java/lang/NoClassDefFoundError'{0x000000008f147978}: org/jetbrains/kotlin/gradle/plugin/KotlinBasePluginWrapper> (0x000000008f147978) 
thrown [s\open\src\hotspot\share\oops\constantPool.cpp, line 835]
Event: 101.806 Thread 0x000002b569cab840 Exception <a 'java/lang/NoClassDefFoundError'{0x000000008f16e800}: org/jetbrains/kotlin/gradle/plugin/KotlinBasePluginWrapper> (0x000000008f16e800) 
thrown [s\open\src\hotspot\share\oops\constantPool.cpp, line 835]
Event: 102.089 Thread 0x000002b569cab840 Exception <a 'java/lang/NoClassDefFoundError'{0x000000008f1c8650}: org/jetbrains/kotlin/gradle/plugin/KotlinBasePluginWrapper> (0x000000008f1c8650) 
thrown [s\open\src\hotspot\share\oops\constantPool.cpp, line 835]

VM Operations (20 events):
Event: 92.610 Executing VM operation: Cleanup
Event: 92.908 Executing VM operation: Cleanup done
Event: 95.029 Executing VM operation: Cleanup
Event: 95.046 Executing VM operation: Cleanup done
Event: 97.380 Executing VM operation: Cleanup
Event: 97.438 Executing VM operation: Cleanup done
Event: 98.556 Executing VM operation: Cleanup
Event: 98.564 Executing VM operation: Cleanup done
Event: 99.674 Executing VM operation: Cleanup
Event: 99.692 Executing VM operation: Cleanup done
Event: 101.766 Executing VM operation: Cleanup
Event: 101.784 Executing VM operation: Cleanup done
Event: 102.796 Executing VM operation: Cleanup
Event: 102.819 Executing VM operation: Cleanup done
Event: 102.970 Executing VM operation: G1CollectForAllocation
Event: 103.009 Executing VM operation: G1CollectForAllocation done
Event: 103.327 Executing VM operation: HandshakeAllThreads
Event: 103.328 Executing VM operation: HandshakeAllThreads done
Event: 104.346 Executing VM operation: Cleanup
Event: 104.348 Executing VM operation: Cleanup done

Events (20 events):
Event: 76.350 Thread 0x000002b566f0d590 flushing nmethod 0x000002b550297e10
Event: 76.631 Thread 0x000002b566f0d590 flushing nmethod 0x000002b5505c0a90
Event: 76.631 Thread 0x000002b566f0d590 flushing nmethod 0x000002b5505c1990
Event: 76.631 Thread 0x000002b566f0d590 flushing nmethod 0x000002b5505c1d10
Event: 76.633 Thread 0x000002b566f0d590 flushing nmethod 0x000002b5505f3210
Event: 76.658 Thread 0x000002b566f0d590 flushing nmethod 0x000002b550c18f10
Event: 80.523 Thread 0x000002b56ce21270 Thread exited: 0x000002b56ce21270
Event: 86.921 loading class jdk/internal/access/foreign/MemorySegmentProxy
Event: 86.924 loading class jdk/internal/access/foreign/MemorySegmentProxy done
Event: 87.258 loading class java/io/NotSerializableException
Event: 87.260 loading class java/io/NotSerializableException done
Event: 88.943 Thread 0x000002b56ce1cf10 Thread exited: 0x000002b56ce1cf10
Event: 89.880 loading class java/lang/management/OperatingSystemMXBean
Event: 89.885 loading class java/lang/management/OperatingSystemMXBean done
Event: 89.891 loading class com/sun/management/internal/OperatingSystemImpl
Event: 89.897 loading class com/sun/management/OperatingSystemMXBean
Event: 89.903 loading class com/sun/management/OperatingSystemMXBean done
Event: 89.903 loading class sun/management/BaseOperatingSystemImpl
Event: 89.948 loading class sun/management/BaseOperatingSystemImpl done
Event: 89.951 loading class com/sun/management/internal/OperatingSystemImpl done


Dynamic libraries:
0x00007ff77fda0000 - 0x00007ff77fdb0000 	C:\Program Files\Java\jdk-17\bin\java.exe
0x00007ffb3f290000 - 0x00007ffb3f4a7000 	C:\WINDOWS\SYSTEM32\ntdll.dll
0x00007ffb3d8f0000 - 0x00007ffb3d9b4000 	C:\WINDOWS\System32\KERNEL32.DLL
0x00007ffb3c720000 - 0x00007ffb3cada000 	C:\WINDOWS\System32\KERNELBASE.dll
0x00007ffb3c560000 - 0x00007ffb3c671000 	C:\WINDOWS\System32\ucrtbase.dll
0x00007ffb1d790000 - 0x00007ffb1d7a8000 	C:\Program Files\Java\jdk-17\bin\jli.dll
0x00007ffb0ae10000 - 0x00007ffb0ae2b000 	C:\Program Files\Java\jdk-17\bin\VCRUNTIME140.dll
0x00007ffb3d2c0000 - 0x00007ffb3d372000 	C:\WINDOWS\System32\ADVAPI32.dll
0x00007ffb3e620000 - 0x00007ffb3e6c7000 	C:\WINDOWS\System32\msvcrt.dll
0x00007ffb3ed40000 - 0x00007ffb3ede7000 	C:\WINDOWS\System32\sechost.dll
0x00007ffb3cba0000 - 0x00007ffb3cbc8000 	C:\WINDOWS\System32\bcrypt.dll
0x00007ffb3f130000 - 0x00007ffb3f244000 	C:\WINDOWS\System32\RPCRT4.dll
0x00007ffb3cf90000 - 0x00007ffb3d13e000 	C:\WINDOWS\System32\USER32.dll
0x00007ffb3cee0000 - 0x00007ffb3cf06000 	C:\WINDOWS\System32\win32u.dll
0x00007ffb20630000 - 0x00007ffb208c2000 	C:\WINDOWS\WinSxS\amd64_microsoft.windows.common-controls_6595b64144ccf1df_6.0.22621.4541_none_2710d1c57384c085\COMCTL32.dll
0x00007ffb3eb50000 - 0x00007ffb3eb79000 	C:\WINDOWS\System32\GDI32.dll
0x00007ffb3cdc0000 - 0x00007ffb3cedb000 	C:\WINDOWS\System32\gdi32full.dll
0x00007ffb3c680000 - 0x00007ffb3c71a000 	C:\WINDOWS\System32\msvcp_win.dll
0x00007ffb34b10000 - 0x00007ffb34b1a000 	C:\WINDOWS\SYSTEM32\VERSION.dll
0x00007ffb3e2a0000 - 0x00007ffb3e2d1000 	C:\WINDOWS\System32\IMM32.DLL
0x00007ffb31bf0000 - 0x00007ffb31bfc000 	C:\Program Files\Java\jdk-17\bin\vcruntime140_1.dll
0x00007ffadbed0000 - 0x00007ffadbf5e000 	C:\Program Files\Java\jdk-17\bin\msvcp140.dll
0x00007ffa96460000 - 0x00007ffa97037000 	C:\Program Files\Java\jdk-17\bin\server\jvm.dll
0x00007ffb3edf0000 - 0x00007ffb3edf8000 	C:\WINDOWS\System32\PSAPI.DLL
0x00007ffb20950000 - 0x00007ffb20959000 	C:\WINDOWS\SYSTEM32\WSOCK32.dll
0x00007ffb39eb0000 - 0x00007ffb39ee4000 	C:\WINDOWS\SYSTEM32\WINMM.dll
0x00007ffb3d140000 - 0x00007ffb3d1b1000 	C:\WINDOWS\System32\WS2_32.dll
0x00007ffb3b5a0000 - 0x00007ffb3b5b8000 	C:\WINDOWS\SYSTEM32\kernel.appcore.dll
0x00007ffb31b40000 - 0x00007ffb31b4a000 	C:\Program Files\Java\jdk-17\bin\jimage.dll
0x00007ffb39c30000 - 0x00007ffb39e62000 	C:\WINDOWS\SYSTEM32\DBGHELP.DLL
0x00007ffb3d380000 - 0x00007ffb3d70f000 	C:\WINDOWS\System32\combase.dll
0x00007ffb3d810000 - 0x00007ffb3d8e7000 	C:\WINDOWS\System32\OLEAUT32.dll
0x00007ffb39e70000 - 0x00007ffb39ea2000 	C:\WINDOWS\SYSTEM32\dbgcore.DLL
0x00007ffb3cf10000 - 0x00007ffb3cf8b000 	C:\WINDOWS\System32\bcryptPrimitives.dll
0x00007ffb27ba0000 - 0x00007ffb27bae000 	C:\Program Files\Java\jdk-17\bin\instrument.dll
0x00007ffb0bf80000 - 0x00007ffb0bfa5000 	C:\Program Files\Java\jdk-17\bin\java.dll
0x00007ffb0bea0000 - 0x00007ffb0bf77000 	C:\Program Files\Java\jdk-17\bin\jsvml.dll
0x00007ffb3d9c0000 - 0x00007ffb3e238000 	C:\WINDOWS\System32\SHELL32.dll
0x00007ffb3a4a0000 - 0x00007ffb3ada8000 	C:\WINDOWS\SYSTEM32\windows.storage.dll
0x00007ffb3a360000 - 0x00007ffb3a49f000 	C:\WINDOWS\SYSTEM32\wintypes.dll
0x00007ffb3d710000 - 0x00007ffb3d80a000 	C:\WINDOWS\System32\SHCORE.dll
0x00007ffb3ee20000 - 0x00007ffb3ee7e000 	C:\WINDOWS\System32\shlwapi.dll
0x00007ffb3c490000 - 0x00007ffb3c4bb000 	C:\WINDOWS\SYSTEM32\profapi.dll
0x00007ffb0be80000 - 0x00007ffb0be98000 	C:\Program Files\Java\jdk-17\bin\zip.dll
0x00007ffb0bdd0000 - 0x00007ffb0bde9000 	C:\Program Files\Java\jdk-17\bin\net.dll
0x00007ffb37b90000 - 0x00007ffb37cc6000 	C:\WINDOWS\SYSTEM32\WINHTTP.dll
0x00007ffb3ba20000 - 0x00007ffb3ba89000 	C:\WINDOWS\system32\mswsock.dll
0x00007ffb0bdb0000 - 0x00007ffb0bdc6000 	C:\Program Files\Java\jdk-17\bin\nio.dll
0x00007ffb27b90000 - 0x00007ffb27ba0000 	C:\Program Files\Java\jdk-17\bin\verify.dll
0x00007ffb00e20000 - 0x00007ffb00e47000 	C:\Users\ruyag\.gradle\native\c067742578af261105cb4f569cf0c3c89f3d7b1fecec35dd04571415982c5e48\windows-amd64\native-platform.dll
0x00007ffacf780000 - 0x00007ffacf8c4000 	C:\Users\ruyag\.gradle\native\38dada09dfb8b06ba9b0570ebf7e218e3eb74d4ef43ca46872605cf95ebc2f47\windows-amd64\native-platform-file-events.dll
0x00007ffb12250000 - 0x00007ffb1225a000 	C:\Program Files\Java\jdk-17\bin\management.dll
0x00007ffb112e0000 - 0x00007ffb112eb000 	C:\Program Files\Java\jdk-17\bin\management_ext.dll
0x00007ffb3bc80000 - 0x00007ffb3bc9b000 	C:\WINDOWS\SYSTEM32\CRYPTSP.dll
0x00007ffb3b500000 - 0x00007ffb3b535000 	C:\WINDOWS\system32\rsaenh.dll
0x00007ffb3bb10000 - 0x00007ffb3bb38000 	C:\WINDOWS\SYSTEM32\USERENV.dll
0x00007ffb3bc70000 - 0x00007ffb3bc7c000 	C:\WINDOWS\SYSTEM32\CRYPTBASE.dll
0x00007ffb3b050000 - 0x00007ffb3b07d000 	C:\WINDOWS\SYSTEM32\IPHLPAPI.DLL
0x00007ffb3e2e0000 - 0x00007ffb3e2e9000 	C:\WINDOWS\System32\NSI.dll
0x00007ffb379d0000 - 0x00007ffb379e9000 	C:\WINDOWS\SYSTEM32\dhcpcsvc6.DLL
0x00007ffb378f0000 - 0x00007ffb3790f000 	C:\WINDOWS\SYSTEM32\dhcpcsvc.DLL
0x00007ffb3b0d0000 - 0x00007ffb3b1d2000 	C:\WINDOWS\SYSTEM32\DNSAPI.dll
0x00007ffb10ae0000 - 0x00007ffb10aed000 	C:\Program Files\Java\jdk-17\bin\sunmscapi.dll
0x00007ffb3cbd0000 - 0x00007ffb3cd36000 	C:\WINDOWS\System32\CRYPT32.dll
0x00007ffb3be30000 - 0x00007ffb3be5d000 	C:\WINDOWS\SYSTEM32\ncrypt.dll
0x00007ffb3bdf0000 - 0x00007ffb3be27000 	C:\WINDOWS\SYSTEM32\NTASN1.dll
0x00007ffb21f30000 - 0x00007ffb21f38000 	C:\WINDOWS\system32\wshunix.dll

dbghelp: loaded successfully - version: 4.0.5 - missing functions: none
symbol engine: initialized successfully - sym options: 0x614 - pdb path: .;C:\Program Files\Java\jdk-17\bin;C:\WINDOWS\SYSTEM32;C:\WINDOWS\WinSxS\amd64_microsoft.windows.common-controls_6595b64144ccf1df_6.0.22621.4541_none_2710d1c57384c085;C:\Program Files\Java\jdk-17\bin\server;C:\Users\ruyag\.gradle\native\c067742578af261105cb4f569cf0c3c89f3d7b1fecec35dd04571415982c5e48\windows-amd64;C:\Users\ruyag\.gradle\native\38dada09dfb8b06ba9b0570ebf7e218e3eb74d4ef43ca46872605cf95ebc2f47\windows-amd64

VM Arguments:
jvm_args: --add-opens=java.base/java.util=ALL-UNNAMED --add-opens=java.base/java.lang=ALL-UNNAMED --add-opens=java.base/java.lang.invoke=ALL-UNNAMED --add-opens=java.prefs/java.util.prefs=ALL-UNNAMED --add-opens=java.base/java.nio.charset=ALL-UNNAMED --add-opens=java.base/java.net=ALL-UNNAMED --add-opens=java.base/java.util.concurrent.atomic=ALL-UNNAMED -Xmx2048m -Dfile.encoding=UTF-8 -Duser.country=TR -Duser.language=tr -Duser.variant -javaagent:C:\Users\ruyag\.gradle\wrapper\dists\gradle-8.7-bin\bhs2wmbdwecv87pi65oeuq5iu\gradle-8.7\lib\agents\gradle-instrumentation-agent-8.7.jar 
java_command: org.gradle.launcher.daemon.bootstrap.GradleDaemon 8.7
java_class_path (initial): C:\Users\ruyag\.gradle\wrapper\dists\gradle-8.7-bin\bhs2wmbdwecv87pi65oeuq5iu\gradle-8.7\lib\gradle-launcher-8.7.jar
Launcher Type: SUN_STANDARD

[Global flags]
     intx CICompilerCount                          = 12                                        {product} {ergonomic}
     uint ConcGCThreads                            = 3                                         {product} {ergonomic}
     uint G1ConcRefinementThreads                  = 13                                        {product} {ergonomic}
   size_t G1HeapRegionSize                         = 1048576                                   {product} {ergonomic}
    uintx GCDrainStackTargetSize                   = 64                                        {product} {ergonomic}
   size_t InitialHeapSize                          = 98566144                                  {product} {ergonomic}
   size_t MarkStackSize                            = 4194304                                   {product} {ergonomic}
   size_t MaxHeapSize                              = 2147483648                                {product} {command line}
   size_t MaxNewSize                               = 1287651328                                {product} {ergonomic}
   size_t MinHeapDeltaBytes                        = 1048576                                   {product} {ergonomic}
   size_t MinHeapSize                              = 8388608                                   {product} {ergonomic}
    uintx NonNMethodCodeHeapSize                   = 7602480                                {pd product} {ergonomic}
    uintx NonProfiledCodeHeapSize                  = 122027880                              {pd product} {ergonomic}
    uintx ProfiledCodeHeapSize                     = 122027880                              {pd product} {ergonomic}
    uintx ReservedCodeCacheSize                    = 251658240                              {pd product} {ergonomic}
     bool SegmentedCodeCache                       = true                                      {product} {ergonomic}
   size_t SoftMaxHeapSize                          = 2147483648                             {manageable} {ergonomic}
     bool UseCompressedClassPointers               = true                           {product lp64_product} {ergonomic}
     bool UseCompressedOops                        = true                           {product lp64_product} {ergonomic}
     bool UseG1GC                                  = true                                      {product} {ergonomic}
     bool UseLargePagesIndividualAllocation        = false                                  {pd product} {ergonomic}

Logging:
Log output configuration:
 #0: stdout all=warning uptime,level,tags
 #1: stderr all=off uptime,level,tags

Environment Variables:
PATH=C:\Program Files\Common Files\Oracle\Java\javapath;C:\Windows\system32;C:\Windows;C:\Windows\System32\Wbem;C:\Windows\System32\WindowsPowerShell\v1.0\;C:\Windows\System32\OpenSSH\;C:\Program Files\Java\jdk-17\bin;C:\WINDOWS\system32;C:\WINDOWS;C:\WINDOWS\System32\Wbem;C:\WINDOWS\System32\WindowsPowerShell\v1.0\;C:\WINDOWS\System32\OpenSSH\;C:\Program Files\dotnet\;C:\Program Files (x86)\Microsoft SQL Server\160\Tools\Binn\;C:\Program Files\Microsoft SQL Server\160\Tools\Binn\;C:\Program Files\Microsoft SQL Server\Client SDK\ODBC\170\Tools\Binn\;C:\Program Files\Microsoft SQL Server\160\DTS\Binn\;C:\Program Files (x86)\Microsoft SQL Server\160\DTS\Binn\;C:\Program Files\Azure Data Studio\bin;C:\flutter\bin;C:\src\flutter\bin;C:\Program Files\Git\cmd;C:\Program Files\nodejs\;C:\ProgramData\chocolatey\bin;C:\Kullanýcýlar\ruyag\AppData\Local\Programs\Python\Python3X;C:\Kullanýcýlar\ruyag\AppData\Local\Programs\Python\Python3X\scripts;C:\Users\ruyag\AppData\Local\Programs\Python\Python313\Scripts\;C:\Users\ruyag\AppData\Local\Programs\Python\Python313\;C:\Users\ruyag\AppData\Local\Programs\Python\Python312\Scripts\;C:\Users\ruyag\AppData\Local\Programs\Python\Python312\;C:\Users\ruyag\AppData\Local\Microsoft\WindowsApps;C:\Users\ruyag\AppData\Local\Programs\Microsoft VS Code\bin;C:\Users\ruyag\.dotnet\tools;C:\Program Files\Azure Data Studio\bin;C:\Users\ruyag\AppData\Roaming\npm
USERNAME=ruyag
OS=Windows_NT
PROCESSOR_IDENTIFIER=AMD64 Family 23 Model 104 Stepping 1, AuthenticAMD



---------------  S Y S T E M  ---------------

OS:
 Windows 11 , 64 bit Build 22621 (10.0.22621.4391)
OS uptime: 2 days 1:08 hours

CPU: total 16 (initial active 16) (16 cores per cpu, 2 threads per core) family 23 model 104 stepping 1 microcode 0x0, cx8, cmov, fxsr, ht, mmx, 3dnowpref, sse, sse2, sse3, ssse3, sse4a, sse4.1, sse4.2, popcnt, lzcnt, tsc, tscinvbit, avx, avx2, aes, clmul, bmi1, bmi2, adx, sha, fma, vzeroupper, clflush, clflushopt

Memory: 4k page, system-wide physical 6005M (4M free)
TotalPageFile size 24437M (AvailPageFile size 16M)
current process WorkingSet (physical memory assigned to process): 52M, peak: 302M
current process commit charge ("private bytes"): 576M, peak: 578M

vm_info: Java HotSpot(TM) 64-Bit Server VM (17.0.6+9-LTS-190) for windows-amd64 JRE (17.0.6+9-LTS-190), built on Dec  6 2022 15:53:54 by "mach5one" with MS VC++ 17.1 (VS2022)

END.
